Clearnesse Corbank Courtwall Ironshore Marbleiron Morwald Ironriver Oakmere Foxhaven Newby Foxvale Valhaven Eriwall Dellwyn Violetley Freyview Woodice Buttermead Butterbush Courtcastle Westvale Morwall Goldwyvern Esterfall Oldmoor Clearnesse
25
Clearnesse Clearnesse
Corbank Corbank
Courtwall Courtwall
Ironshore Ironshore
Marbleiron Marbleiron
Morwald Morwald
Ironriver Ironriver
Oakmere Oakmere
Foxhaven Foxhaven
Newby Newby
Foxvale Foxvale
Valhaven Valhaven
Eriwall Eriwall
Dellwyn Dellwyn
Violetley Violetley
Freyview Freyview
Woodice Woodice
Buttermead Buttermead
Butterbush Butterbush
Courtcastle Courtcastle
Westvale Westvale
Morwall Morwall
Goldwyvern Goldwyvern
Esterfall Esterfall
Oldmoor Oldmoor