Shoreburn Newmill Brightmere Violetley Brightrock Summermage Newby Woodice Stoneglass Wooddell Morwall Violetfay Wildemarsh Mallowbridge Bluelake Redlake Morwald Orbarrow Silverwitch Eastcastle Buttermead Starryhill Ostwynne Fairsage Rosegate Courtwall Orfort Courtedge Oakmere Courtcastle Greyice Icenesse Dellwyn Flowerfield Bluewyn Valhaven Esterash Southwheat Corbank Snowsage Silverbarrow Windbridge Rosemill Northwynne Greenshore Fogland Eriwall Goldcrest Bushgate Westerlight Verthedge Westvale Ironshore Coldville Butterway Silverlea Clearnesse Fieldedge Bluedell Bluedale Blackbush Irondeer Erilyn Springfox Mallowness Foxvale Highmont Westmill Marbleiron Foxhaven Northriver Newley Mistshore Southpine Butterhill Oldmoor Janholt Applecastle Flowermill Stonefair Greensummer Strongfall Snowshore Deephedge Seamoor Wellbank Freymere Freyview Ironriver Lochmage Wellmage Fairice Butterbush Goldwyvern Lightmere Wolflea Clearland Esterfall Mallowway Redwell Shoreburn
100
Shoreburn Shoreburn
Newmill Newmill
Brightmere Brightmere
Violetley Violetley
Brightrock Brightrock
Summermage Summermage
Newby Newby
Woodice Woodice
Stoneglass Stoneglass
Wooddell Wooddell
Morwall Morwall
Violetfay Violetfay
Wildemarsh Wildemarsh
Mallowbridge Mallowbridge
Bluelake Bluelake
Redlake Redlake
Morwald Morwald
Orbarrow Orbarrow
Silverwitch Silverwitch
Eastcastle Eastcastle
Buttermead Buttermead
Starryhill Starryhill
Ostwynne Ostwynne
Fairsage Fairsage
Rosegate Rosegate
Courtwall Courtwall
Orfort Orfort
Courtedge Courtedge
Oakmere Oakmere
Courtcastle Courtcastle
Greyice Greyice
Icenesse Icenesse
Dellwyn Dellwyn
Flowerfield Flowerfield
Bluewyn Bluewyn
Valhaven Valhaven
Esterash Esterash
Southwheat Southwheat
Corbank Corbank
Snowsage Snowsage
Silverbarrow Silverbarrow
Windbridge Windbridge
Rosemill Rosemill
Northwynne Northwynne
Greenshore Greenshore
Fogland Fogland
Eriwall Eriwall
Goldcrest Goldcrest
Bushgate Bushgate
Westerlight Westerlight
Verthedge Verthedge
Westvale Westvale
Ironshore Ironshore
Coldville Coldville
Butterway Butterway
Silverlea Silverlea
Clearnesse Clearnesse
Fieldedge Fieldedge
Bluedell Bluedell
Bluedale Bluedale
Blackbush Blackbush
Irondeer Irondeer
Erilyn Erilyn
Springfox Springfox
Mallowness Mallowness
Foxvale Foxvale
Highmont Highmont
Westmill Westmill
Marbleiron Marbleiron
Foxhaven Foxhaven
Northriver Northriver
Newley Newley
Mistshore Mistshore
Southpine Southpine
Butterhill Butterhill
Oldmoor Oldmoor
Janholt Janholt
Applecastle Applecastle
Flowermill Flowermill
Stonefair Stonefair
Greensummer Greensummer
Strongfall Strongfall
Snowshore Snowshore
Deephedge Deephedge
Seamoor Seamoor
Wellbank Wellbank
Freymere Freymere
Freyview Freyview
Ironriver Ironriver
Lochmage Lochmage
Wellmage Wellmage
Fairice Fairice
Butterbush Butterbush
Goldwyvern Goldwyvern
Lightmere Lightmere
Wolflea Wolflea
Clearland Clearland
Esterfall Esterfall
Mallowway Mallowway
Redwell Redwell