Brightmere Wildemarsh Irondeer Clearnesse Lightmere Buttermead Rosemill Southwheat Wellmage Eriwall Eastcastle Westvale Snowshore Stoneglass Freyview Ironshore Dellwyn Lochmage Esterash Violetley Courtwall Morwald Erilyn Greenshore Ironriver Westerlight Shoreburn Bluedell Butterbush Esterfall Stonefair Courtcastle Morwall Foxhaven Newley Bushgate Corbank Oakmere Foxvale Fairsage Wolflea Greyice Valhaven Newby Marbleiron Oldmoor Woodice Westmill Clearland Goldwyvern Brightmere
50
Brightmere Brightmere
Wildemarsh Wildemarsh
Irondeer Irondeer
Clearnesse Clearnesse
Lightmere Lightmere
Buttermead Buttermead
Rosemill Rosemill
Southwheat Southwheat
Wellmage Wellmage
Eriwall Eriwall
Eastcastle Eastcastle
Westvale Westvale
Snowshore Snowshore
Stoneglass Stoneglass
Freyview Freyview
Ironshore Ironshore
Dellwyn Dellwyn
Lochmage Lochmage
Esterash Esterash
Violetley Violetley
Courtwall Courtwall
Morwald Morwald
Erilyn Erilyn
Greenshore Greenshore
Ironriver Ironriver
Westerlight Westerlight
Shoreburn Shoreburn
Bluedell Bluedell
Butterbush Butterbush
Esterfall Esterfall
Stonefair Stonefair
Courtcastle Courtcastle
Morwall Morwall
Foxhaven Foxhaven
Newley Newley
Bushgate Bushgate
Corbank Corbank
Oakmere Oakmere
Foxvale Foxvale
Fairsage Fairsage
Wolflea Wolflea
Greyice Greyice
Valhaven Valhaven
Newby Newby
Marbleiron Marbleiron
Oldmoor Oldmoor
Woodice Woodice
Westmill Westmill
Clearland Clearland
Goldwyvern Goldwyvern