129 137 124 92 71 62 156 62 156 88 146 113 127 74 160 108 11 95 68 95 185 65 123 103 192 121 170 121 92 179 188 86 180 145 32 118 10 100 3 90 71 92 179 35 179 188 86 180 82 107 197 115 197 200 170 101 21 182 21 101 170 99 129
31
137 16
124 124
92 13
71 163 64
62 85 109 184
156 49
88 1 88 31 61
127 127
160 160
11 70
68 172
65 193 4 37 196 154 157
103 103
192 175
121 121
170 136 73 58
179 76
145 145
32 142 169 106 178 181 187
118 166 22 118
10 10 28
100 100
3 40
90 130 7 25 91 46
35 133 55
82 82
197 139 94 34
115 115
101 97 52 148
21 67 79 19 151 43 112
182 190