FacultyClub Koshland Blackwell SEAsianLibrary FSM ChildCenter JuliaMorgan Wellman JuliaMorgan Haas Warren HearstFountain BioscienceLibrary LatinAmerican Unit3 Lewis SEAsianLibrary InsectaryGreenhouse StudentUnion Manville TAAP Parking StowPlaza Senior MemorialStadium Pimentel BusinessLibrary Barker MemorialStadium McLaughlin TheGlade NewspapersLibrary Sproul FacultyClub SutardjaDai MLK Koshland Hildebrand EllsworthParking AnthropologyLibrary Parking UCBExtension Hilgard InnovationStudio Cory Unit1 Senior MemorialStadium NewspapersLibrary Chou VisitorCenter AnthropologyLibrary MelvinLaboratory KoretVisitorCenter OptometryLibrary NewspapersLibrary Chou WooHonFai Bechtel SatherGate SpringerGateway WomensFacultyClub Blackwell Stanley MartinezCommons SummerSession FoxCottage PublicAffairs Tan CesarChavez Warren InsectaryGreenhouse Unit3 EastGate ArtHistoryLibrary SpringerGateway Birge LeConte WomensFacultyClub BerkeleyLawLibrary OldArtGallery Cleary Kroeber FacultyClub
55
FacultyClub FacultyClub Morrison EarthquakeLibrary
Koshland Koshland
SEAsianLibrary FoundersRock SEAsianLibrary EngineeringLibrary
FSM Durant
ChildCenter Soda CareerCenter Wheeler
Wellman Wellman IdaHouse EnergyBuilding
Warren Warren
HearstFountain VLSB HearstFountain
BioscienceLibrary BioscienceLibrary Jacobs
LatinAmerican LatinAmerican BerkeleyWayWest
Unit3 Unit3
StudentUnion StudentUnion LawrenceofScience
Manville Manville
TAAP TAAP EarthLibrary
Parking EthnicLibrary
StowPlaza StowPlaza
Senior Senior
Pimentel Pimentel HearstGym
BusinessLibrary NorthGate
Barker PacificFilmArchive
McLaughlin PhysicsLibrary Evans EastAsianLibrary HealthServices
NewspapersLibrary NewspapersLibrary HearstFieldAnnex
Sproul Sproul BanwayBuilding
SutardjaDai Library SutardjaDai FPF BancroftLibrary
MLK MLK
Hildebrand Hildebrand Mulford
EllsworthParking MathLibrary
AnthropologyLibrary AnthropologyLibrary
UCBExtension HearstGreekTheatre
Hilgard Hilgard
InnovationStudio UpperHearstParking MediaCenter
Cory DonnerLaboratory
Chou AquaticCenter
VisitorCenter McCone
MelvinLaboratory MelvinLaboratory Investigative
KoretVisitorCenter Underhill Etcheverry SproulPlaza
OptometryLibrary OptometryLibrary
WooHonFai BrainImagingCenter SocialLibrary WooHonFai
Bechtel Bechtel Bowles
SatherGate MSRI LawSchool
SpringerGateway IRLE SpringerGateway Campbell
Stanley Stanley
MartinezCommons MartinezCommons Cheit
SummerSession MaxwellField Latimer
FoxCottage FoxCottage Davis InternationalHouse
PublicAffairs SimpsonCenter
Tan AndersenAuditorium VisualCenter
CesarChavez UniversityHouse CesarChavez
EastGate AlumniHouse
ArtHistoryLibrary Boalt ArtHistoryLibrary Durham
Birge Birge Stephens OBrien
LeConte LeConte
BerkeleyLawLibrary BerkeleyLawLibrary CITRIS
Cleary BancroftDance Giauque
Kroeber Spieker