FacultyClub Investigative Library BancroftLibrary Morrison StowPlaza HearstFieldAnnex HearstFountain HearstFieldAnnex AnthropologyLibrary Birge FPF OBrien EarthLibrary Latimer Evans OBrien Spieker InternationalHouse HearstGym EnergyBuilding Durant BancroftDance McCone Davis Manville BerkeleyWayWest Unit3 FacultyClub Cheit FacultyClub Warren Latimer NewspapersLibrary Bechtel Durant IdaHouse ArtHistoryLibrary MLK BancroftDance FPF Morrison AndersenAuditorium OptometryLibrary MartinezCommons UniversityHouse Koshland BioscienceLibrary DonnerLaboratory Hilgard MaxwellField Birge SproulPlaza SutardjaDai HealthServices FacultyClub
39
FacultyClub FacultyClub IRLE EarthquakeLibrary
Investigative Investigative
Library Library
Morrison Morrison Stephens
StowPlaza StowPlaza
HearstFieldAnnex Sproul
HearstFountain CareerCenter
AnthropologyLibrary AnthropologyLibrary
Birge Birge
FPF FPF
OBrien OBrien
EarthLibrary EarthLibrary StudentUnion
Latimer Mulford
Spieker Spieker
InternationalHouse InternationalHouse
HearstGym HearstGym
EnergyBuilding EnergyBuilding
BancroftDance BancroftDance
Manville Manville
BerkeleyWayWest Pimentel Jacobs
Unit3 Unit3
Cheit Wheeler Cheit
Warren Warren PacificFilmArchive
NewspapersLibrary NewspapersLibrary LawrenceofScience
Bechtel BrainImagingCenter
IdaHouse MediaCenter
ArtHistoryLibrary ArtHistoryLibrary
MLK Etcheverry CITRIS
AndersenAuditorium AndersenAuditorium
OptometryLibrary OptometryLibrary
MartinezCommons MartinezCommons
UniversityHouse UniversityHouse
Koshland Koshland MelvinLaboratory
BioscienceLibrary BioscienceLibrary
DonnerLaboratory SpringerGateway DonnerLaboratory
Hilgard Hilgard
SproulPlaza SproulPlaza
SutardjaDai SutardjaDai
HealthServices Durham