0 87 103 41 94 198 26 4 3 122 16 80 140 144 42 93 25 31 117 168 102 17 18 119 8 89 41 162 99 154 35 7 45 106 96 120 112 73 79 154 33 78 19 181 75 85 47 40 5 174 172 188 50 66 0
51
0 169
87 87
103 139 103
41 83
94 173 94
198 97 199
26 26 13 133
4 197
3 3 123 131
122 145 51
16 124
80 80 44 158 135
140 114 140
144 175
42 32 105 42
93 178 49 93
25 25
117 117 134
168 168
102 65 102
17 17 55
18 18 67 149
119 195 132 119 143
8 8 171 180
89 177 15
162 64 162 167
99 99
154 154
35 153 74 35
7 90 141
45 46
106 106
96 96 91
120 120
112 112 148 88 155 60
73 73 71
79 48
33 33 170
78 69
19 56 19
181 181
75 82 75 191
85 92 85 38
47 47
40 77
5 113 52
174 136 174
172 172
188 161 188
50 76
66 58