1 188 79 110 35 57 78 149 107 87 27 87 107 13 69 161 159 4 177 15 2 32 87 107 128 112 80 88 44 59 33 59 44 40 45 127 31 66 13 125 81 4 177 9 71 39 93 61 38 61 2 15 177 167 101 166 52 94 164 118 50 17 161 159 31 150 31 134 172 62 92 18 176 90 66 94 164 2 89 48 141 30 69 172 62 92 97 24 97 13 66 43 137 139 77 49 14 22 14 110 14 159 187 61 131 61 2 164 94 120 94 52 136 153 157 111 28 84 151 95 42 13 41 16 129 60 157 153 61 104 23 13 41 16 21 152 62 92 18 114 26 130 75 130 26 1
74
1 7
79 76 79
35 35
57 57
78 3 78
149 74 99
87 87
27 27 8
13 5 13
69 69
161 58 19
4 25 4
15 15
2 2
32 32
112 67
80 20 70 80
88 34 88
44 44
59 59
33 33 29 85
40 40
45 45
31 31
66 66
81 81
9 9
71 71
39 39
93 93
61 61
38 38
167 83
101 101
166 98 46
52 82 52
94 11 94
164 86
50 50
17 17
150 36
62 62
92 92
18 18 100
176 96
90 90
89 89
48 48
30 30
97 97
24 37 24
43 43
77 77
49 49
14 14
22 22 63
187 47
131 56
120 51 12
136 68
157 10
111 91
28 28
84 84
95 53 6 55 95
42 42 64
41 41 72
16 16
60 60
104 73
23 23
21 21
26 26
75 65 75 54