159 109 180 193 180 109 127 137 85 54 200 46 142 129 86 129 74 129 142 141 36 66 10 171 69 138 25 45 72 7 117 189 8 167 15 129 78 96 56 156 52 6 164 20 41 129 142 46 192 130 107 134 107 189 117 7 72 45 25 101 137 76 184 165 65 98 32 189 92 189 32 141 36 17 133 173 27 166 121 63 13 175 29 88 131 44 107 130 64 177 111 177 64 156 81 28 9 31 124 117 48 117 124 31 114 175 29 50 108 75 108 38 108 50 29 88 160 79 32 189 59 100 181 23 194 23 149 140 14 97 126 97 14 56 156 64 156 56 93 154 93 56 14 140 77 159 109 127 137 101 147 157 71 139 100 59 189 92 114 31 156 81 30 81 164 81 156 56 96 162 96 56 14 140 77 159 109 127 61 127 142 129 15 167 8 189 92 158 102 158 92 189 32 141 36 17 133 173 27 166 121 63 57 95 22 159
77
109 109
180 180 122
193 193 53 24
127 146
137 137
85 85
200 200
46 46
86 86
74 185 74
36 36
10 10
69 155
138 138
45 45
72 72
7 7
8 178
167 167
15 15
96 96
156 156
52 52
6 6
164 43
20 87
41 41
192 192
107 107
134 134 120
101 132 101
76 76
165 165
65 65 26
98 98
32 32
92 116
17 17
133 133
27 169 145
121 121
63 63
13 106 13
88 88
44 60
64 64
177 174
111 34 111 128
28 28
31 31
48 51 148 47 48
114 114 35
75 37
38 38
79 3 79
59 59
100 100 199
181 181
194 21
149 4
140 140
14 14
97 97
126 172 126
93 93
154 2 154
77 77 190
147 40
157 157
71 71
139 139
30 11
162 191
61 61
158 99 158
102 82 123 102
22 22