Home141 Home154 Home29 Home64 Home150 Home36 Home150 Home76 Home158 Home14 Home93 Home89 Home93 Home14 Home158 Home73 Home28 Home104 Home21 Home52 Home66 Home91 Home115 Home120 Home25 Home174 Home78 Home122 Home143 Home149 Home20 Home31 Home67 Home100 Home170 Home101 Home84 Home158 Home29 Home37 Home121 Home26 Home179 Home162 Home157 Home92 Home43 Home111 Home34 Home174 Home86 Home5 Home78 Home144 Home42 Home7 Home36 Home103 Home156 Home121 Home63 Home5 Home78 Home144 Home159 Home131 Home16 Home112 Home23 Home115 Home91 Home66 Home52 Home8 Home35 Home28 Home73 Home161 Home97 Home2 Home134 Home62 Home127 Home24 Home151 Home121 Home26 Home82 Home145 Home83 Home70 Home79 Home165 Home170 Home101 Home4 Home49 Home4 Home101 Home94 Home166 Home94 Home101 Home84 Home101 Home170 Home100 Home48 Home160 Home30 Home96 Home21 Home52 Home66 Home128 Home154 Home32 Home133 Home150 Home10 Home11 Home88 Home149 Home20 Home28 Home35 Home28 Home104 Home123 Home164 Home53 Home44 Home38 Home65 Home141
66
Home141 Home15
Home154 Home154
Home64 Home64
Home36 Home36
Home76 Home105 Home76
Home89 Home89 Home3 Home60 Home55
Home73 Home106 Home114
Home66 Home66
Home91 Home91
Home120 Home120 Home69
Home25 Home25 Home74
Home122 Home122
Home143 Home143
Home149 Home149
Home20 Home20 Home126
Home31 Home50 Home172 Home31
Home67 Home67
Home100 Home100
Home170 Home170
Home101 Home87 Home135
Home84 Home13
Home37 Home37
Home121 Home81 Home75
Home26 Home26
Home157 Home157
Home92 Home92
Home43 Home43
Home111 Home111
Home34 Home176 Home34 Home173
Home86 Home86
Home5 Home124 Home5
Home144 Home144
Home7 Home7
Home103 Home103
Home156 Home156
Home63 Home63
Home131 Home131
Home16 Home16
Home112 Home112
Home35 Home35
Home161 Home161
Home97 Home97
Home2 Home132
Home134 Home134
Home62 Home152 Home62
Home127 Home127
Home151 Home167
Home82 Home177 Home82
Home145 Home171
Home83 Home83 Home27
Home79 Home110
Home165 Home165
Home4 Home4
Home49 Home136 Home47
Home166 Home45
Home48 Home48
Home30 Home51 Home147
Home96 Home96
Home128 Home128
Home32 Home32 Home125
Home10 Home1
Home11 Home11
Home88 Home88
Home164 Home164
Home53 Home53
Home44 Home44