Home46 Home48 Home84 Home2 Home84 Home40 Home68 Home39 Home41 Home71 Home78 Home51 Home55 Home30 Home13 Home15 Home82 Home48 Home46 Home48 Home64 Home24 Home14 Home38 Home31 Home32 Home88 Home49 Home46
18
Home48 Home48
Home84 Home69
Home40 Home40
Home68 Home68
Home39 Home42 Home39
Home41 Home41
Home71 Home71
Home78 Home11
Home55 Home60 Home55
Home30 Home5 Home30
Home13 Home13
Home15 Home57
Home82 Home82 Home80
Home24 Home27
Home14 Home62
Home31 Home31
Home88 Home33 Home12 Home85
Home49 Home66 Home9 Home45 Home49 Home83 Home28 Home63