K AL AI M F CK CQ GC CH BG AL D Q AH AG H E A CF O AR AM AF CD CE AN W CV AM AS BM BW BJ BV CI R AX AC CC G AQ J T DP BA AE BT S BQ DJ AB BN BI A FP AN AD DE BL CR CB AO BK FT BZ X BB CT BR BL AV FE N AY CS V CO AA CN EK CP CJ I Z BS AW BF AK P AI C CG CO BU BP GA BH CM L BO N BC AG AJ C BB EC AZ BQ CL BX AU U M AP Y CA B BD EW AT CU BY DD AO BE K
100
K K
AL AL
AI AI
M M
F F
CK CK
CQ CQ
CH CH
BG BG
D D
Q Q
AH AH
AG AG
H H
E E
A A
CF CF
O O
AR AR
AM AM
AF AF
CD CD
CE CE
AN AN
W W
CV CV
AS AS
BM BM
BW BW
BJ BJ
BV BV
CI CI
R R
AX AX
AC AC
CC CC
G G
AQ AQ
J J
T T
BA BA
AE AE
BT BT
S S
BQ BQ
AB AB
BN BN
BI BI
AD AD
BL BL
CR CR
CB CB
AO AO
BK BK
BZ BZ
X X
BB BB
CT CT
BR BR
AV AV
N N
AY AY
CS CS
V V
CO CO
AA AA
CN CN
CP CP
CJ CJ
I I
Z Z
BS BS
AW AW
BF BF
AK AK
P P
C C
CG CG
BU BU
BP BP
BH BH
CM CM
L L
BO BO
BC BC
AJ AJ
AZ AZ
CL CL
BX BX
AU AU
U U
AP AP
Y Y
CA CA
B B
BD BD
AT AT
CU CU
BY BY
BE BE