lllIl1I 11IIII1 IllII1I IlIIIIl llIIII1 I111I1I II11l1l 1111I11 l1lll11 11lII11 lll1111 l1lll11 l1Ill11 Ill11II IlI1II1 11I1llI 1l11lII 1I1IIIl lIIl11l lll1I1l 1I1lllI 11Il1l1 l1IllI1 I11I111 l1IllI1 lll1111 l1IllI1 l1IIl1l 1I1l1Il 11111lI lI1l111 1ll1ll1 I1Ill1I 1ll1ll1 lIlllIl 1lIl11I lll1111 l1IllI1 11Il1l1 11IIII1 lllIl1I
25
11IIII1 11IIII1
IllII1I I1llll1 IIl1l1I
llIIII1 llIIII1 I11I11l
I111I1I I111I1I
II11l1l lIIlII1 II11l1l lIl111I
1111I11 111lI1I llI1lII l1l11l1
l1lll11 l1lll11
11lII11 1l1lIlI
l1Ill11 l1Ill11
Ill11II Ill11II
IlI1II1 IlI1II1 lI11III Ill1I11 IIlIllI Il1Il1I III111I
1l11lII 1l11lII
1I1IIIl III1llI
lIIl11l lIIl11l II1Il1I 1I1I1l1
lll1I1l lIllIll lll1I1l
1I1lllI 1I1lllI
l1IllI1 l1IllI1 IlI1Il1 1llI111 I1ll1II
I11I111 I11I111 ll111ll
l1IIl1l l1IIl1l
1I1l1Il 1I1l1Il
11111lI I11111l 11111lI
lI1l111 1IlIl1I l1lllll lI1l111 1I11Ill
I1Ill1I I1llII1 lII111l
lIlllIl 11lI11I
1lIl11I 1lIl11I l1I111I 1I1I1lI