50 63 50 132 50 70 50 65 50 119 50 3 50 16 50 109 50 145 50 39 50 199 50 167 50 21 50 149 50 37 50 192 50 93 50 90 50 15 50 79 50 137 50 106 50 178 50 2 50 152 50 73 50 163 50 87 50 11 50 94 50 45 50 6 50 22 50 100 50 34 50 64 50 171 50 12 50 75 50 105 50 97 50 173 50
43
50 0 129 128 4 133 134 7 136 9 10 138 139 13 14 142 18 147 148 156 162 36 164 38 40 41 169 170 172 47 49 179 180 181 182 56 57 185 186 187 61 197 71 76 81 83 86 92 96 102 107 108 111 113 115 120 126 127
63 99
132 25
70 110
65 198
119 157
3 29
16 117
109 84 62
145 177
39 1
199 143
167 78
21 31
149 82
37 80
192 118
93 89
90 123
15 51
79 69
137 124
106 53
178 141
2 23
152 27
73 153
163 146
87 77
11 176
94 125
45 55
6 161
22 101
100 195
34 112
64 30
171 144
12 85
75 54
105 44
97 88
173 121