Satish 01G9IQ2 ZE5CVXXZC YSEDVWTUST 8UPUEGO XV55 9QJRN 7T8I47 J7EUOPWQ KUDS BRG51KM XU4IP5J Satish 01G9IQ2 A2H6A9I HQG39M Satish XU4IP5J MXJIYJYNH4 R4DHH1KAWR 7YZ45UL88 R5XAD9J7 S9D1BZACEW 9V10EOH ZMQ5BH CB93 9J84 ALEI6N X9MIV9 CB93 KRTUQM JHMI JA1QYGQ0N9 L7QS0UEPJ GLUWC 9J84 5Q8CRZ2VCM 9PCUL07FJ 26PG AV4KL LM7KL5G3V O44VZ 0ZW9ZBMKBT ZVKJMH7669 9PCUL07FJ 26PG AV4KL LM7KL5G3V J3H3CKHTS I49ID Satish XU4IP5J MXJIYJYNH4 9QJRN CPB2G 4P0LGP0 ALEI6N FGYJ1J 7HSLUFQG 8UPUEGO XV55 CPB2G PIW6IC50D CB93 Q7Z37G5 ET82NVH9 4FEG YU3U1T 8MDFNIK8AY LI4EXO81 716QJY JX6GCY PFQFEJGD4C 3WJYJDDU L7QS0UEPJ A8WYICH3 7YZ45UL88 A118 FM2G14H8I F3KYKRQW6 OEMHKCHOT M35E QW15YTSV AV4KL 8UPUEGO XV55 9QJRN 7T8I47 BRG51KM 7T8I47 FU90E YDG8AEOM 29D6AOX 79KTC8AS9 W71YV1R66L 716QJY QUFALN 9K8PLAET DYYG23O R5XAD9J7 YQB2CII950 2CUB41BE 01QU LQQ5IH Satish
60
Satish 4C88SXD ZMZIWZ CKNDWG 4UE11 PUW25N
01G9IQ2 01G9IQ2 KCOFJD
ZE5CVXXZC KBI1CALMNJ
8UPUEGO G4QE3I 8UPUEGO
9QJRN 9QJRN
7T8I47 CV6NHW7M 7T8I47 J2ETZ1C CXQDH6YMZ8
J7EUOPWQ DDB26ZHC
KUDS 5XYO SQLSVN
BRG51KM 4VE7V
A2H6A9I DST5W4G0
HQG39M EEZS HQG39M
MXJIYJYNH4 MXJIYJYNH4
R4DHH1KAWR ETNCY9XH2
S9D1BZACEW 3IXHQXHYBV
9V10EOH 9V10EOH E9DZLL
ZMQ5BH ZMQ5BH
CB93 CB93
9J84 E2DHWGC GN4G0L2
X9MIV9 H41HZ6
KRTUQM B690
JHMI MLKOJ
L7QS0UEPJ Q7ZEY 7GAD3F L7QS0UEPJ
5Q8CRZ2VCM YSRPP
26PG HM48FZD0 26PG
AV4KL 91ZONFE
LM7KL5G3V LM7KL5G3V
O44VZ O44VZ E37ZKA8WK
0ZW9ZBMKBT GILAN21GR3
ZVKJMH7669 8TH7QVQY
J3H3CKHTS ARTWTP9 M71OYIS
I49ID IHN21LA4 RP28W1
CPB2G GH8C 5HULMUDLAQ 3J6SSA FPZT
4P0LGP0 EFIKTK4Y0Y 4P0LGP0
FGYJ1J DNIV2BOR2P PMXEOGGIQ
PIW6IC50D PIW6IC50D
Q7Z37G5 VGYKKKOFLZ GNVXN 6PVQIBNB9 Q7Z37G5
ET82NVH9 7622OJ ET82NVH9
4FEG E5HD 2BLLD3SK
YU3U1T 1UCE YU3U1T
8MDFNIK8AY FWM5C 8MDFNIK8AY
716QJY 0TRB9358
JX6GCY JX6GCY
PFQFEJGD4C FM2HEMVR1 ZZACWP
3WJYJDDU HBQM42U 3WJYJDDU
A8WYICH3 A8WYICH3
A118 A118 H1LQ91V
FM2G14H8I FM2G14H8I ZH2INF G90OCSZY
OEMHKCHOT B3R68HYWZ
M35E M35E
QW15YTSV QW15YTSV
FU90E VOAV C8WREP 02X2C
YDG8AEOM ETB2 2B1K6EW9CL LBR67PCKBJ
29D6AOX P6RI91D87
79KTC8AS9 79KTC8AS9
W71YV1R66L W71YV1R66L
QUFALN M649OA
9K8PLAET 9K8PLAET
DYYG23O DYYG23O
YQB2CII950 YQB2CII950
LQQ5IH LQQ5IH