Satish ENMF ZRYV5F 1BZLEM OXWYDF OK29GJ BBFYA9B Z6H98 JTT8198QPE PTWCQ ENMF 92R432 1BZLEM BVNZ 9XFF WZ1MC3189 1ILZRYDHY 351R VPQ3SCZD KRM4B DXGEHOF ZY9VPYMXA PTWCQ ENMF Satish
18
ENMF PYD9SISJI
ZRYV5F ZRYV5F
1BZLEM VFRT26 1BZLEM
OXWYDF NSBI OXWYDF
OK29GJ PTL1QU UVP4WIKK
BBFYA9B BBFYA9B
Z6H98 ER2YSPML1C Z6H98
JTT8198QPE 4INC2D8SDN
PTWCQ PTWCQ
92R432 92R432
BVNZ FS1RWBVR7 399VM5PU6
9XFF 9XFF
WZ1MC3189 WZ1MC3189 KSHB2KG
351R ICTGXV
VPQ3SCZD YXBMACC
KRM4B KRM4B
DXGEHOF R6VBAVZ0B
ZY9VPYMXA ZY9VPYMXA PZMGYZL