Satish 4VB5RO1 974GXG05E HNB0AV IEYK8 K936 SUC1CH EG23K KEV198T80A 59E13RE QU5Y0N2LQ VNCFO Y06D ODSGN281 Y06D 07XQDCJI IEOT36K 5HGKBK PQ09CSX MOAM AETBJC 1PUOCTGWF Z7O3VM2U04 07XQDCJI VNYZ5QVO77 UQKXJVX 7CRTCJA FPB1OLF3 EHS8A JNTKTNY5D0 OJ27JN021 0NE1H72XF AO31B76 PL0UHK FI29YX QHH48VD7JJ Satish
28
4VB5RO1 M6CD1Y
IEYK8 IQXEPH9QO 5N65HLXKU IEYK8 B0H9VDIK
K936 S657MFMG K936
SUC1CH RX6VI 19LN SUC1CH
EG23K EG23K QL51A0KUT
KEV198T80A 6HNG
59E13RE JSSS9HX U0LMCHUU 59E13RE
QU5Y0N2LQ QU5Y0N2LQ
VNCFO VNCFO
Y06D R2POU4T
ODSGN281 XGYWBMTWT ODSGN281 QEAJAFMPY V7T5SI
07XQDCJI 07XQDCJI
IEOT36K 0I7Y F3YJ V4R09
5HGKBK QJ0LM8 5HGKBK
PQ09CSX PQ09CSX CXLQGGJ746
MOAM N26J6EU
AETBJC WQM0D4 AETBJC
VNYZ5QVO77 VNYZ5QVO77
UQKXJVX 2FB0FS3KWX
7CRTCJA 7CRTCJA
FPB1OLF3 ITHI7K6W1B FPB1OLF3
EHS8A QAL7Z5UN EHS8A
JNTKTNY5D0 O2N6HBZK8
OJ27JN021 OJ27JN021
AO31B76 SKLZM AO31B76
PL0UHK F1G8HC PL0UHK
FI29YX JOBN3N 6WSDW
QHH48VD7JJ QHH48VD7JJ