129 83 92 19 174 24 168 183 47 116 131 168 24 5 43 26 91 181 155 20 125 103 12 108 114 78 60 93 28 69 10 31 10 69 28 54 43 175 3 13 151 60 78 181 8 162 135 79 115 18 66 25 59 78 18 101 80 161 77 161 9 40 93 177 190 90 7 18 158 81 80 89 129
46
83 130 36
92 92
19 137 197
174 174
183 183
47 58 62
116 44
5 5 87 33
43 178 21 39
26 128 26
91 2 91
181 150
155 155 17 49 53
20 191 76 96 97 63
125 125
103 103
108 108
114 114
60 163
93 126
28 160 15
69 14
10 110
31 55
54 16 188
175 175
3 11 4
13 50 13
151 151
8 8 171 48 121 123 57
162 189
135 145 0 82
79 152 61
18 180
66 66 100 184 122 107 109 142
25 25 196
59 192 194 99 98 195 6 105 29 51 85 23 56 59 156 157 95
101 84 101
161 161
9 9
40 88 40
177 65 177
190 64 190
158 158
81 81
89 89