845LWU7Kg6167HQY a 48783322I5q9PFVPT SmI7f D ElUTL J 672Pt4Ytw8LW 3i80K09a pbE3R4QsB76l TU76UjE52906 4 0CwgepgS85xC4gx y B4mQOl023dn1 5Ll49ySSWT043CtCd2 NQ3vX6W6H74aK53np WH0fnPg64 UH4Lf7FAuZoT4lv2 YKpC4gQmPKaU311w9eOT O41Muu 3i80K09a pbE3R4QsB76l r geUO1h r 5CCl0n2r5512 B4mQOl023dn1 y Uyj5raM7C9SGCHQGUC 96Ta5ZXc8I5gnTIcF8 1 42U0k6JhTQxPvUw8 u3Qv MY3aL96Y 2qgWbB40Ya16 xaM1q4jQi3efYb0 77yN7eHZwfF99R2 TBk5Pt5vt5SInt HDLHc5Kdk N8191M9E9v HDLHc5Kdk 0CwgepgS85xC4gx KKUFV29x8iO 8GpC 1P8KX WMY0xVk9j8T6Ly fgM12T 6RiHvQ4xTN5 9vq8gscs7dz1 eDv5MBdo MVvh 11l6P71DgEau1baEX4 77yN7eHZwfF99R2 J ElUTL D3zC NGDVzC A27tk2Y00r8N9l dw6Yuyls1ZilP493g91O 96Ta5ZXc8I5gnTIcF8 i7lmV5iDIgl5f 845LWU7Kg6167HQY
37
845LWU7Kg6167HQY 845LWU7Kg6167HQY
a O58T
48783322I5q9PFVPT 48783322I5q9PFVPT
SmI7f H6pXAnE0KypnExX SmI7f
D D
ElUTL 122gt ElUTL
J X6SrYf57mSUQQ28C 7L
672Pt4Ytw8LW 672Pt4Ytw8LW
pbE3R4QsB76l YLKBD54k
TU76UjE52906 TU76UjE52906
4 4l4aqvNKB KpBvy 4
y y
B4mQOl023dn1 B4mQOl023dn1
NQ3vX6W6H74aK53np NQ3vX6W6H74aK53np
YKpC4gQmPKaU311w9eOT YKpC4gQmPKaU311w9eOT
O41Muu O41Muu
r 3k 3 r ICQxh0Q58799CUd2
geUO1h 8M2OK8Px58 geUO1h
5CCl0n2r5512 5CCl0n2r5512
1 5
42U0k6JhTQxPvUw8 42U0k6JhTQxPvUw8
u3Qv u3Qv EnhLq7BgTj8IN3Z2m
MY3aL96Y MY3aL96Y
2qgWbB40Ya16 2qgWbB40Ya16
xaM1q4jQi3efYb0 xaM1q4jQi3efYb0
TBk5Pt5vt5SInt TBk5Pt5vt5SInt
HDLHc5Kdk SL88w66v7
N8191M9E9v 9
KKUFV29x8iO KKUFV29x8iO ftk2
WMY0xVk9j8T6Ly eqYzN7b19UgNo1K
fgM12T fgM12T
6RiHvQ4xTN5 6RiHvQ4xTN5
eDv5MBdo 5Qkzz260R7 eDv5MBdo
MVvh DUiYDuR9yYFD5 MVvh
11l6P71DgEau1baEX4 11l6P71DgEau1baEX4
A27tk2Y00r8N9l ZT3
dw6Yuyls1ZilP493g91O 95E0752p51t