AyBBdkPvTTt19wqt 9jWI53P36dh95 KIOJyBXM922ydZA5 7DmqFE 36Y155M7F1ZG8 JbMQX8p9 dQnWD4K3Y pwvBbQ870l3Io2K IEtn6zEV03H3 r9qUrqog71Fz9gx nw566uv r9qUrqog71Fz9gx IEtn6zEV03H3 I4640OD 1utCvCS3yEzt0HBbKt wUtvmN9V14Vw0fcE01F b817BTo6GdPc96ig2 Le6BO3R lP84Whn Nstvw8dF9rhja h5 Nstvw8dF9rhja 2P201UD8Q Fe5xMwq0a8 MnF3RrhkA5IuhY 336P8 Q WD8QxBAx49P DqfU93360y3I66U0 9q06155efQSN DqfU93360y3I66U0 WD8QxBAx49P Q 2mk9O8P6 6c1qFsEg9xI 2mk9O8P6 Ut7hqt9A EL5n1KQ3kn w22P6su70O6jf3FJ c2m39UUoMb 2Et5UN6ZJ19iz khC 4B5uWNh7Dl3lRP 8kQ991Y80Dy 0IBy7AQ154pMIDBr2E x60I798qq0Sq6Xdc9s0 O7W5C8z8H93l Ru0A1pKIpZYWG A 8w6aRuq A Ru0A1pKIpZYWG QE9dXn5y6j2YYh eZEbm d2A2ZPVl61Vtm2kT 1MHxxU Ls7i6h3d558LQMh6h 3ZLt1fWbH0f1fCMh2 Ls7i6h3d558LQMh6h 1MHxxU Ja l Ja 1MHxxU 0Lw86e I6 0Lw86e 5nYY46YfUGovj nOMN589D7t0QjhnBj3wn Nstvw8dF9rhja lP84Whn Le6BO3R b817BTo6GdPc96ig2 AyBBdkPvTTt19wqt
45
9jWI53P36dh95 9jWI53P36dh95 3505
KIOJyBXM922ydZA5 KIOJyBXM922ydZA5
7DmqFE FKWv88jkw79me T8C17MZ6g69gmQ ymzG1qC7YsJFFmeog 7DmqFE
36Y155M7F1ZG8 36Y155M7F1ZG8
dQnWD4K3Y Rf0x16WtfDv
pwvBbQ870l3Io2K 2YlhGrefFhV6JLtw iFF184 pwvBbQ870l3Io2K
IEtn6zEV03H3 IEtn6zEV03H3 e1M0JsNJ5 3z4E
r9qUrqog71Fz9gx d5P0NXv8 r9qUrqog71Fz9gx
nw566uv nw566uv 1wF6
I4640OD L46h8MG90TBpA8v9 I4640OD
1utCvCS3yEzt0HBbKt 1utCvCS3yEzt0HBbKt
wUtvmN9V14Vw0fcE01F ywj3aNhyxUH
b817BTo6GdPc96ig2 b817BTo6GdPc96ig2
Le6BO3R d Le6BO3R
lP84Whn qGr382CkPK997QVHAL A6gMJKsUfUSuEI76
Nstvw8dF9rhja EnmWLiDA9NE89oNUTbx XMV256fk
h5 2T6osNpb4 TMULg 2l90gxx61rTb0CbF 6qc68848myvIqoZWw
2P201UD8Q aCCE 2P201UD8Q c3x9Cmq8W5oa57mjASv
Fe5xMwq0a8 E76twn5gNBei01uh2PkH yd7324WTF MEv16358FQ XQxkrBxnI
336P8 J68F52raS3n1L6ZYK
Q P6C89a32 Q
DqfU93360y3I66U0 Tk46
9q06155efQSN 9q06155efQSN
2mk9O8P6 kg8257p31rTQvRWjGF SdP9W8WRSw NU7gnWcAs4nq66FS
6c1qFsEg9xI 6c1qFsEg9xI
Ut7hqt9A 89ukpivGhdck21Krrh40 Han188Ox Ut7hqt9A p772t3OLqj 9o4t
EL5n1KQ3kn 659Cx gv3T5z4 MJ2l1N0ojTC RYtkT5 3 8Qe2lSUyQa FR3SCSFtuk055ORI PELS5 Q2PY usTG0We6G9WDs7Dk
2Et5UN6ZJ19iz 2Et5UN6ZJ19iz
khC khC
4B5uWNh7Dl3lRP 4B5uWNh7Dl3lRP
8kQ991Y80Dy v
x60I798qq0Sq6Xdc9s0 thypPB22BchO3Od9 68ZC6T1G2o9Q95CKs MjwmiyLlZn
O7W5C8z8H93l O7W5C8z8H93l
A 1e90fR0FtB7Ev156y
8w6aRuq 8w6aRuq
QE9dXn5y6j2YYh 4932 vRH6pA1I75N1 jxDm
eZEbm eZEbm
1MHxxU P 8tvL5MpO9J735t b6DdFnSk8qdk45 q JBYT6heC6yE4 QqvW51K9Cm TByQ7zH089
3ZLt1fWbH0f1fCMh2 920ucA0jXEv 85682ijoufq1DW
Ja L7Mfs3034VwaB7kd3Z
l hG8udpL53V
0Lw86e dUdv uF131buM7L27 b19692
I6 I6 6v326555i1Io5Z o83v2nI1sQs
5nYY46YfUGovj 5nYY46YfUGovj q7Ehaiz
nOMN589D7t0QjhnBj3wn 7d2Q05crlPi nOMN589D7t0QjhnBj3wn