0 140 53 140 0 90 79 4 171 121 49 40 100 134 100 35 124 163 34 125 77 139 12 153 73 89 138 160 94 148 71 67 8 149 7 105 51 6 58 68 85 75 164 77 118 68 85 149 82 149 8 149 7 33 17 33 2 65 61 65 102 53 128 53 57 53 140 0 137 0 123 0 112 191 71 161 41 28 72 33 2 158 40 184 35 100 168 126 60 140 143 154 199 154 143 32 99 82 18 42 145 42 51 96 112 50 9 107 55 107 22 46 158 2 158 109 158 40 100 40 158 2 33 7 76 34 125 175 125 87 84 24 173 97 84 130 55 107 81 174 93 124 166 113 90 0
64
0 0 86 59 43 62
53 20 53
90 90
79 79
4 4
49 49
40 40
134 44
35 35
34 34
77 77
12 3 12
153 66
73 73
89 89 26 23
94 94
71 71
67 67
8 8
7 7
105 19
51 51 30 47
6 6
58 58
68 68
85 85
75 75 11
82 82
33 33 74
17 17 21 5 92 13
2 2 36 78 56 27
65 65
61 70 29 61 14
128 45
57 16 1 57
137 52 37
123 15
41 41
28 28
72 72 83
184 69
60 60
199 39
32 32 25
99 99
18 18
42 48 42 10
145 95
96 96
50 50
9 64 9 80
55 55 63
22 22
46 46
109 31
76 76
175 91
87 87
84 84
24 98 54 24
173 88
97 97
81 81
93 93 38