loc0 loc71 loc13 loc8 loc5 loc6 loc99 loc94 loc51 loc94 loc72 loc93 loc26 loc95 loc60 loc62 loc4 loc74 loc58 loc75 loc22 loc34 loc29 loc70 loc98 loc75 loc96 loc40 loc47 loc25 loc81 loc4 loc62 loc4 loc67 loc4 loc81 loc25 loc47 loc43 loc76 loc83 loc48 loc33 loc86 loc68 loc39 loc23 loc0
29
loc13 loc28 loc79
loc8 loc8 loc88
loc6 loc61 loc6
loc99 loc99
loc94 loc21
loc51 loc51
loc72 loc72
loc93 loc93
loc26 loc26
loc95 loc20
loc62 loc16 loc90 loc62
loc4 loc42
loc74 loc24
loc75 loc75
loc34 loc34
loc29 loc29
loc40 loc40
loc47 loc7
loc25 loc25
loc81 loc81
loc67 loc65
loc43 loc49 loc35 loc45
loc83 loc54
loc48 loc48
loc33 loc33
loc86 loc69 loc86
loc68 loc52
loc39 loc91 loc31 loc39
loc23 loc84 loc23