loc0 loc25 loc183 loc25 loc42 loc103 loc158 loc69 loc169 loc69 loc158 loc58 loc192 loc60 loc94 loc197 loc170 loc66 loc168 loc11 loc134 loc96 loc111 loc44 loc172 loc30 loc29 loc130 loc141 loc150 loc109 loc159 loc114 loc33 loc76 loc62 loc82 loc172 loc44 loc100 loc88 loc28 loc61 loc186 loc72 loc159 loc126 loc155 loc165 loc20 loc95 loc27 loc131 loc198 loc157 loc112 loc87 loc145 loc65 loc55 loc65 loc92 loc143 loc122 loc53 loc78 loc53 loc160 loc45 loc137 loc136 loc7 loc32 loc138 loc118 loc159 loc109 loc189 loc32 loc138 loc118 loc135 loc179 loc173 loc179 loc135 loc120 loc188 loc183 loc25 loc42 loc46 loc49 loc158 loc58 loc158 loc49 loc52 loc111 loc96 loc134 loc11 loc198 loc169 loc163 loc169 loc198 loc157 loc62 loc84 loc141 loc150 loc197 loc94 loc60 loc192 loc50 loc169 loc156 loc64 loc191 loc161 loc36 loc76 loc33 loc75 loc77 loc198 loc131 loc95 loc181 loc110 loc34 loc66 loc39 loc191 loc64 loc9 loc41 loc2 loc162 loc107 loc187 loc55 loc65 loc15 loc129 loc185 loc58 loc0
66
loc25 loc25
loc183 loc183
loc42 loc42
loc69 loc69
loc192 loc192
loc60 loc105
loc94 loc89 loc116
loc197 loc197
loc170 loc17
loc66 loc66 loc31
loc168 loc168 loc93
loc11 loc11
loc134 loc134
loc96 loc96
loc172 loc172
loc130 loc130
loc150 loc150
loc109 loc177 loc109
loc159 loc47
loc76 loc182
loc82 loc82
loc100 loc100
loc28 loc28
loc186 loc186 loc83
loc165 loc184 loc164 loc165
loc20 loc20
loc27 loc27
loc131 loc131
loc198 loc198
loc157 loc157
loc112 loc112
loc145 loc113
loc65 loc67
loc92 loc92
loc122 loc122
loc53 loc54
loc78 loc78
loc160 loc160 loc106
loc45 loc45
loc136 loc167
loc32 loc32 loc10 loc14
loc138 loc138
loc118 loc118
loc179 loc179
loc173 loc85
loc120 loc8 loc120
loc188 loc188
loc46 loc144 loc37 loc46
loc49 loc49
loc52 loc52
loc163 loc97
loc84 loc84
loc50 loc196
loc156 loc156
loc191 loc191
loc36 loc36
loc75 loc75
loc181 loc147
loc34 loc57
loc39 loc39
loc41 loc41 loc119
loc162 loc162
loc187 loc187
loc15 loc15
loc129 loc129
loc185 loc185