74 123 109 161 139 63 66 122 56 76 33 83 125 83 139 161 139 63 57 194 136 171 165 175 155 190 51 199 121 6 89 76 56 80 56 122 56 150 92 134 100 73 152 47 127 193 51 199 102 98 53 131 166 14 59 65 102 188 35 188 88 113 28 186 45 13 121 195 86 57 24 64 165 175 155 28 113 198 100 97 100 73 146 8 115 148 105 117 39 150 17 64 73 125 116 138 34 151 34 141 8 146 73 100 72 110 18 1 77 51 193 4 193 51 190 155 175 170 172 5 48 132 173 100 73 125 103 147 34 94 20 161 139 83 33 76 154 18 1 47 25 23 25 47 198 113 28 58 43 58 28 186 127 193 127 32 153 52 34 138 139 63 170 65 101 65 8 123 74
75
123 81 123
109 109
161 161 11 140 99
139 139
63 174 63
66 66 50
122 143
56 56
76 114 76 31 112
33 108
83 83
125 157 125
136 136
171 171
165 165
155 155
190 190
51 51
199 133 54 199
121 111
89 89
80 80
134 134
100 100
73 73
152 152 16
47 47
127 127
193 193
98 98
53 178 53
14 118 14
59 59
65 91
35 60
88 88
113 113
28 130
45 45
13 192
86 86 128
24 167
64 90
198 198
97 97
146 146
8 42 142
115 115
105 105
39 39
17 17
116 116 120
138 138
151 135
141 129 61
72 72
18 18
77 77
4 179 4
172 12
5 5
132 132
173 173
103 103
147 95
94 163 94
20 184 20 96
154 154
25 107 44
23 23
58 58
43 158
32 27 32
52 52
101 200