MASA01 MASA07 MASA08 MASA09 MASA10 MASA11 MASB02 MASB03 MASB06 MASB07 MASB08 MASB09 MASB10 MASB11 MASC07 MASC08 MASC09 MASC10 MASC11 MBSA01 MBSA07 MBSA08 MBSA09 MBSA10 MBSA11 MBSB02 MBSB03 MBSB06 MBSB07 MBSB08 MBSB09 MBSB10 MBSB11 MBSC07 MBSB11 MBSB10 MBSB09 MBSB08 MBSB07 MBSA11 MBSA10 MBSA09 MBSA08 MBSA07 MBSA01 MASC11 MASC10 MASC09 MASC08 MASC07 MASB11 MASB10 MASB09 MASB08 MASB07 MASA11 MASA10 MASA09 MASA08 MASA07 MASA01
28
MASA07 MASA02 MASA04 MASA05
MASA08 MASA08
MASA09 MASA09
MASA10 MASA10
MASA11 MASA11 MASA12
MASB02 MASB02
MASB03 MASB04 MASB05
MASB08 MASB08
MASB09 MASB09
MASB10 MASB10
MASB11 MASB11 MASB12
MASC07 MASC02 MASC04 MASC05
MASC08 MASC08
MASC09 MASC09
MASC10 MASC10
MASC11 MASC11 MASC12
MBSA07 MBSA02 MBSA04 MBSA05
MBSA08 MBSA08
MBSA09 MBSA09
MBSA10 MBSA10
MBSA11 MBSA11 MBSA12
MBSB02 MBSB02
MBSB03 MBSB04 MBSB05
MBSB08 MBSB08
MBSB09 MBSB09
MBSB10 MBSB10
MBSB11 MBSB11 MBSB12
MBSC07 MBSC02 MBSC04 MBSC05 MBSC08 MBSC09 MBSC10 MBSC11 MBSC12