112 69 46 134 78 23 112 13 133 58 19 56 184 23 112 118 112 113 133 58 57 138 150 114 19 68 88 76 12 90 51 32 178 49 43 198 184 148 27 164 156 192 175 186 197 86 121 172 112
36
112 0 35 102 166 8 73 104 40 109 117 151 123 28 95
69 69 147 20
46 70 158
134 160
78 34 78 181 183
23 146 84 23
13 60 13 94 143
133 83
58 58 59
19 44 21 182
56 56 42
184 184
118 96 118
138 138
150 144 165 119
114 114 75
68 163 68
88 41 99 187 6
76 154
12 72 171
90 124
51 9 170 105 17 54 188 157
49 152 49 107 174
43 194
198 24 131
148 11
27 53 27 29 126 127
164 81 52 71
156 80 162 64 14
192 85
175 36 190
186 130
197 33
86 168 129
121 66 169 149 136 121 120
172 172 97