Soda loc22 loc43 loc26 loc67 loc90 loc45 loc32 loc45 loc49 loc45 loc66 loc45 loc90 loc67 loc26 loc43 loc22 loc24 loc64 loc8 loc83 loc64 loc18 loc7 loc22 loc43 loc26 loc67 loc33 loc50 loc21 loc24 loc6 loc44 loc6 loc72 loc63 loc86 loc96 loc53 loc29 loc95 loc29 loc53 loc92 loc12 loc63 loc60 loc87 loc4 loc46 loc3 Soda
24
loc43 loc19 loc43
loc26 loc26
loc67 loc67
loc90 loc90
loc45 loc81 loc93 loc45
loc32 loc32 loc48
loc49 loc73 loc20 loc49
loc66 loc97 loc66 loc36
loc8 loc17 loc38 loc8 loc41 loc31
loc83 loc83 loc91 loc68
loc18 loc18
loc33 loc33 loc71
loc21 loc21
loc44 loc40 loc89 loc44 loc39
loc72 loc72
loc86 loc10 loc99 loc86
loc96 loc96
loc53 loc53 loc55
loc29 loc29
loc95 loc28 loc13 loc95
loc92 loc92
loc12 loc23 loc12 loc61 loc30
loc60 loc79
loc87 loc57