Soda loc3 loc179 loc18 loc160 loc43 loc27 loc21 loc27 loc43 loc82 loc129 loc17 loc129 loc168 loc43 loc27 loc169 loc111 loc147 loc55 loc176 loc164 loc47 loc87 loc192 loc170 loc196 loc170 loc192 loc87 loc47 loc164 loc165 loc95 loc10 loc27 loc43 loc82 loc186 loc92 loc75 loc72 loc57 loc92 loc5 loc82 loc43 loc27 loc41 loc188 loc41 loc150 loc96 loc164 loc47 loc87 loc47 loc164 loc144 loc127 loc27 loc43 loc82 loc179 loc3 Soda loc106 Soda loc3 loc179 loc5 loc82 loc43 loc50 loc43 loc104 loc163 loc104 loc151 loc124 loc63 loc5 loc82 loc43 loc27 loc180 loc141 loc102 loc169 loc27 loc43 loc82 loc179 loc53 loc179 loc5 loc82 loc43 loc27 loc10 loc176 loc95 loc10 loc27 loc43 loc82 loc129 loc17 loc23 loc74 loc13 loc34 loc84 loc34 loc13 loc74 loc23 loc17 loc129 loc168 loc43 loc27 loc169 loc111 loc128 loc111 loc169 loc27 loc43 loc82 loc129 loc17 loc23 loc74 loc13 loc34 loc88 loc34 loc13 loc74 loc23 loc17 loc129 loc195 loc65 loc43 loc27 loc41 loc77 loc173 loc77 loc27 loc43 loc82 loc129 loc17 loc23 loc74 loc13 loc34 loc32 loc34 loc13 loc74 loc23 loc17 loc129 loc168 loc43 loc27 loc10 loc176 loc164 loc47 loc87 loc192 loc170 loc196 loc113 loc196 loc51 loc196 loc170 loc192 loc87 loc47 loc164 loc115 loc99 loc115 loc165 loc95 loc193 loc111 loc31 loc111 loc169 loc27 loc43 loc82 loc43 loc27 loc10 loc147 loc38 loc111 loc31 loc111 loc30 loc39 loc198 loc28 loc166 loc109 loc166 loc198 loc24 loc31 loc111 loc187 loc150 loc41 loc141 loc102 loc37 loc181 loc79 loc15 loc114 loc111 loc11 loc111 loc101 loc60 loc68 loc60 loc101 loc89 loc10 loc180 loc27 loc43 loc82 loc179 loc3 Soda
59
Soda Soda
loc3 loc80 loc64 loc3 loc199
loc18 loc90
loc21 loc8
loc82 loc82
loc17 loc17 loc94
loc111 loc111
loc147 loc147 loc131
loc55 loc194 loc35 loc55
loc192 loc192
loc170 loc170
loc196 loc185 loc61
loc165 loc100 loc165
loc95 loc95
loc10 loc10
loc186 loc45
loc75 loc40 loc137 loc75 loc20
loc72 loc72
loc57 loc57 loc59 loc157
loc41 loc41
loc188 loc26 loc188
loc127 loc183
loc106 loc156 loc145 loc36 loc6 loc106 loc172
loc50 loc50 loc83
loc163 loc42 loc163 loc171 loc154
loc151 loc151
loc180 loc180
loc141 loc141
loc53 loc25 loc58 loc140 loc53
loc23 loc23
loc74 loc74
loc13 loc13
loc34 loc34 loc138 loc118
loc84 loc97 loc84 loc167
loc128 loc128
loc88 loc88 loc121 loc14
loc65 loc65
loc77 loc77
loc173 loc146 loc107 loc173
loc32 loc32 loc189
loc113 loc142 loc7
loc51 loc51 loc155 loc103
loc99 loc9
loc193 loc193
loc38 loc38 loc122
loc30 loc136 loc30
loc39 loc39
loc28 loc28
loc109 loc109
loc24 loc24
loc187 loc22
loc37 loc37
loc181 loc181
loc79 loc79
loc15 loc15
loc114 loc114
loc11 loc11
loc101 loc101
loc68 loc126