0 54 53 132 95 192 81 140 62 22 122 56 45 196 18 32 18 158 100 31 104 3 104 31 87 24 16 93 187 97 34 145 135 5 65 123 45 196 82 52 82 196 155 48 37 139 86 106 13 104 31 80 173 35 38 8 131 199 53 151 53 54 41 122 56 99 113 16 157 144 157 6 3 90 116 117 34 8 98 8 131 80 173 77 32 18 95 192 114 29 114 102 111 102 46 36 58 103 100 92 60 92 177 72 133 4 74 171 74 4 133 72 48 49 48 155 196 18 188 121 14 125 174 53 174 125 17 110 17 125 12 125 174 59 7 195 7 59 174 125 28 20 137 80 84 169 66 5 65 123 45 56 122 64 40 124 140 93 16 113 30 176 30 113 1 95 192 7 59 51 89 167 188 87 24 16 93 63 88 90 3 104 31 80 131 80 173 24 94 186 94 24 91 24 16 113 1 117 116 90 88 152 120 93 16 24 87 79 160 189 54 0
84
0 2
54 54
53 53
132 43
95 95
81 81
62 83 68 62
22 22
56 56
45 45
18 18
32 32
100 73 100 61
31 31
3 3
87 87
24 24
16 16
93 93
97 97
34 34
5 5
65 65
82 82
52 52
48 48
37 37 47
86 86
106 50
13 13
80 80 71
35 35 78
38 38
8 8
151 55
41 41 19
99 99
113 15
157 69
144 27
6 25 21 6
90 90
117 23
98 9 98
77 77
114 76
29 29 39
111 75 70
46 46
36 36
58 58
92 92
60 60
177 33
72 72
4 4
74 74
171 44
49 49
14 14
17 17
110 26
12 10 12
59 59
7 7
195 57
28 28
20 20
84 84
66 66
64 64 11
40 40
30 30
176 42
1 1
51 51
89 89
63 63
88 88
94 94
186 85
91 91 67
120 96
79 79