48 73 171 163 173 62 16 98 16 62 173 163 72 163 173 35 81 148 81 77 19 121 196 141 199 141 196 121 40 16 40 121 196 141 2 23 39 85 92 126 94 126 92 177 107 45 151 121 120 159 195 159 120 121 19 121 133 37 99 15 137 143 125 174 73 66 191 96 29 36 147 38 147 38 161 38 117 189 162 123 114 77 164 58 173 61 154 110 172 91 12 143 155 199 138 78 113 182 94 180 156 52 193 194 157 114 123 162 8 84 47 55 83 168 109 6 106 170 3 65 5 51 180 104 178 177 158 42 25 171 163 173 145 118 15 50 34 165 13 165 38 161 10 115 154 7 78 119 97 173 163 171 73 66 107 45 151 121 196 141 129 141 196 121 120 159 195 179 174 179 195 27 95 176 40 121 19 77 124 56 128 39 185 78 7 175 7 78 185 168 83 168 20 48
81
48 48
73 73
171 171
163 163
173 88
16 16
98 98 67 101 103
72 186 108
35 35
148 148 21 79
19 19
196 196
141 141
199 199
40 40
2 2
23 23
39 39
85 85
126 9 126
177 177
107 107 87
151 151
120 120
133 133
137 137
143 167 143
125 125
66 66 74
191 191
29 152 29
36 36
147 147 181 135
38 38
117 117
123 123
164 164
58 58
61 197
154 154 53
110 110
155 155
138 138
78 78
113 113 69
182 182
180 180
156 156
52 52
193 193
194 194
157 157
84 84 60
55 55
83 64
168 46
109 109
6 11
170 170
3 3
5 5
104 149
158 158
42 42
25 25 90
145 145
118 118
34 34
165 165
13 93
10 10
115 115
7 7
119 119
129 136 129
179 179
176 176
56 56
185 185 190
175 175
20 20