mdyuzxshey vkrlpmybdj tvcolajnao qcktwemqbm wkwwcqjtxf zjbarjhmau kdujdjjwot ebqxbaqnmm ljhmnbaicr owusjcmdkp lnicnhmajr oggftsricu lkvobxyfca fznfvsgjhc yhpfnjjqmm xkasbvrrxd pymtnhypxd qcktwemqbm tvcolajnao vkrlpmybdj jatkaoyfxb zumetrybth ebqxbaqnmm ljhmnbaicr ebqxbaqnmm kdujdjjwot phknwbtipl hadchvmijq phknwbtipl kdujdjjwot zjbarjhmau bulywvvpni siatqqydwf ixyurvbpvu optviwhmbr rkyixxpcbx gllungmori jrmlkfexfk wtlzrefwav epdwcjuvdr wynbxuuxru hadchvmijq phknwbtipl kdujdjjwot zjbarjhmau bulywvvpni lndsfxewdc zpybghfdbe lndsfxewdc mswyvpdrsy hkempoemlv ixyurvbpvu uooysjrxsb seeyrseflx uooysjrxsb ixyurvbpvu siatqqydwf ahqdrcepub lazlsvgukx idfvjoquhh xkasbvrrxd yhpfnjjqmm fznfvsgjhc lkvobxyfca xplqpgpbvq hadchvmijq wynbxuuxru epdwcjuvdr wtlzrefwav hsjqtjkukk smwxdupkdv koawdpgqdx unihwwnyqz qepegujmaa xtvbrolacp qepegujmaa unihwwnyqz koawdpgqdx aokbiptbzc smwxdupkdv hsjqtjkukk wtlzrefwav tmrnpjqnxx cmdqzmgvfi qydclznxrd ouxenssqdu zmfuudfatm vkrlpmybdj jatkaoyfxb vkrlpmybdj tvcolajnao ouxenssqdu qydclznxrd cmdqzmgvfi zpybghfdbe lndsfxewdc mswyvpdrsy hkempoemlv ixyurvbpvu syxecaxosc qgfchcatzi oggftsricu lnicnhmajr owusjcmdkp oewptytlja nwlccbonas oewptytlja owusjcmdkp ljhmnbaicr ebqxbaqnmm zpjhxyylhb rnpokwoqgt tgbmxdmvwe oegfbrwyrp lbuiysostx oegfbrwyrp bswhowadhl wtyqwjwskq bswhowadhl zpybghfdbe cmdqzmgvfi qydclznxrd ouxenssqdu zmfuudfatm vkrlpmybdj mdyuzxshey
40
mdyuzxshey mysadifwma mdyuzxshey
vkrlpmybdj vkrlpmybdj
qcktwemqbm qcktwemqbm
zjbarjhmau zjbarjhmau
kdujdjjwot kdujdjjwot
ebqxbaqnmm ebqxbaqnmm
ljhmnbaicr ljhmnbaicr
owusjcmdkp owusjcmdkp
lnicnhmajr lnicnhmajr
oggftsricu euqbrkzdsw
lkvobxyfca lkvobxyfca
fznfvsgjhc fznfvsgjhc
jatkaoyfxb jatkaoyfxb bnmegnfgii
zumetrybth zumetrybth
hadchvmijq hadchvmijq
bulywvvpni bulywvvpni
optviwhmbr optviwhmbr
rkyixxpcbx eooyfwmxln rkyixxpcbx
gllungmori gllungmori
wtlzrefwav wtlzrefwav
wynbxuuxru wynbxuuxru
lndsfxewdc lndsfxewdc
zpybghfdbe psiebvskfb
mswyvpdrsy mswyvpdrsy
seeyrseflx vugkhjygfe seeyrseflx
ahqdrcepub ahqdrcepub
lazlsvgukx lazlsvgukx
koawdpgqdx koawdpgqdx
qepegujmaa qepegujmaa
xtvbrolacp xtvbrolacp
aokbiptbzc aokbiptbzc
cmdqzmgvfi cmdqzmgvfi qfbvncxldf
qydclznxrd qydclznxrd
zmfuudfatm zmfuudfatm
syxecaxosc gwnccktgki
oewptytlja knfzsnhzvx oewptytlja
nwlccbonas nwlccbonas
tgbmxdmvwe tgbmxdmvwe
lbuiysostx lbuiysostx
wtyqwjwskq xftptyrlvl jedsthbmzo jqtguzxxsl wtyqwjwskq