evdoyagqfp xftptyrlvl jqtguzxxsl optviwhmbr ivugtsvtqb guuudgvhny vugkhjygfe aruwdskzta vugkhjygfe xywdziunpr yqwistxtxc hofbtczdgp jwcdeoubpx zpjhxyylhb bswhowadhl tgkujfknod bswhowadhl zpjhxyylhb kvfpaspidv wtyqwjwskq ahqdrcepub afortwurqt zmfuudfatm cttlxdtaiw uqoafoloje oavtmpaqji ichabbvkhm jrusiskazm gjmmikaxih byyqgjwsrp wtjzgzopuw wkwwcqjtxf koawdpgqdx wkwwcqjtxf wtjzgzopuw byyqgjwsrp ahqdrcepub afortwurqt chjuuxuacs bimtbhwsby ijbfzrqwct bbwcqzwyoz nwlccbonas xguvjomcdt yqwistxtxc nbjyrygtdh czvqvijjlb seeyrseflx czvqvijjlb nbjyrygtdh ymvlfsdhbu nbjyrygtdh jatkaoyfxb nbjyrygtdh ymvlfsdhbu xsjzeyxnpw bswhowadhl zpjhxyylhb kvfpaspidv wtyqwjwskq siatqqydwf fczruomdab eooyfwmxln fczruomdab uhalgukdzb yriqtwavfx qgfchcatzi yriqtwavfx uhalgukdzb dnmgxnhbgi eaozvwjoso ldnozwuuuq spdafzaivh qiqnnrlapz osdeymjeil jrmlkfexfk pymtnhypxd pwgublhwxg afrdrejwtp pwgublhwxg hofbtczdgp jwcdeoubpx zpjhxyylhb kvfpaspidv wtyqwjwskq kijbyyuzhd unihwwnyqz vnzypgtlkj dnmgxnhbgi eaozvwjoso ldnozwuuuq spdafzaivh qiqnnrlapz osdeymjeil jrmlkfexfk seeyrseflx czvqvijjlb nbjyrygtdh yqwistxtxc xywdziunpr vugkhjygfe guuudgvhny stdiixwrjc ummqduagjn fczruomdab eooyfwmxln epdwcjuvdr kgktiatgjn qepegujmaa pcilmgdrgc jqtguzxxsl xftptyrlvl evdoyagqfp xftptyrlvl mysadifwma robpunozly mysadifwma xftptyrlvl evdoyagqfp xftptyrlvl jqtguzxxsl wynbxuuxru oegfbrwyrp ebqxbaqnmm xwrvhrxnqy xifuopshzj afortwurqt ahqdrcepub byyqgjwsrp gjmmikaxih byyqgjwsrp euqbrkzdsw byyqgjwsrp tmatbexcil qpxtrjvxpe lnicnhmajr xychpimpzb sipmuleqch wtlzrefwav bimtbhwsby ijbfzrqwct bimtbhwsby yhpfnjjqmm unihwwnyqz kijbyyuzhd wtyqwjwskq fznfvsgjhc wtyqwjwskq ahqdrcepub byyqgjwsrp wtjzgzopuw wkwwcqjtxf osdeymjeil jrmlkfexfk scesbtewjx hxkhivkhyl xnppuesbrr eqdxeqvtsb epdwcjuvdr wynbxuuxru jqtguzxxsl xftptyrlvl evdoyagqfp xftptyrlvl qbiylslccb xftptyrlvl evdoyagqfp xftptyrlvl jqtguzxxsl smwxdupkdv tvcolajnao xqwyvbvueh oegfbrwyrp wynbxuuxru lazlsvgukx bbczvyonym mdyuzxshey bbczvyonym lazlsvgukx wynbxuuxru jqtguzxxsl optviwhmbr jqtguzxxsl pcilmgdrgc qepegujmaa ixyurvbpvu yiwwdwbzth ixyurvbpvu qepegujmaa kgktiatgjn epdwcjuvdr wynbxuuxru lazlsvgukx bbczvyonym kwbnyneokj wirlbujvjm phknwbtipl gkcfktyute rlxmdzqomd cmdqzmgvfi pdljcbluhp ljhmnbaicr qydclznxrd xwrvhrxnqy pbefrggyje unihwwnyqz vnzypgtlkj dnmgxnhbgi eaozvwjoso vqakgbtmpu xqwyvbvueh tvcolajnao smwxdupkdv jqtguzxxsl pcilmgdrgc jqtguzxxsl smwxdupkdv tvcolajnao lcrihrmoqu tgbmxdmvwe opmnfgpclg bpbbtoptwg rnpokwoqgt fdgcygwgjf phknwbtipl zivwgfcxqi euqbrkzdsw jedsthbmzo wwqchwdmtx pcilmgdrgc jqtguzxxsl xftptyrlvl evdoyagqfp
78
evdoyagqfp evdoyagqfp
xftptyrlvl uooysjrxsb xawkqmfmmx fluzhooehk
optviwhmbr optviwhmbr vfdsalrajq
ivugtsvtqb ivugtsvtqb
guuudgvhny guuudgvhny
vugkhjygfe vugkhjygfe
aruwdskzta aruwdskzta
xywdziunpr oggftsricu xywdziunpr
hofbtczdgp hofbtczdgp
bswhowadhl bswhowadhl
tgkujfknod tgkujfknod
kvfpaspidv kvfpaspidv
ahqdrcepub ahqdrcepub gbdejcnknd
afortwurqt afortwurqt
zmfuudfatm zmfuudfatm
cttlxdtaiw cttlxdtaiw
oavtmpaqji oavtmpaqji
ichabbvkhm ichabbvkhm
jrusiskazm vkrlpmybdj jrusiskazm
byyqgjwsrp qxfgqgbbdn byyqgjwsrp
wkwwcqjtxf lkvtxfwozs wkwwcqjtxf
koawdpgqdx psiebvskfb
bimtbhwsby bimtbhwsby
bbwcqzwyoz bbwcqzwyoz
nwlccbonas itbfnxnauh nwlccbonas
xguvjomcdt xguvjomcdt
nbjyrygtdh nbjyrygtdh cpwyxulkjm
seeyrseflx hkempoemlv seeyrseflx
ymvlfsdhbu ymvlfsdhbu aokbiptbzc
jatkaoyfxb hsjqtjkukk
eooyfwmxln eooyfwmxln
uhalgukdzb uhalgukdzb
yriqtwavfx gucdicwxmb rkyixxpcbx
qgfchcatzi qgfchcatzi
ldnozwuuuq ldnozwuuuq
qiqnnrlapz qiqnnrlapz
osdeymjeil osdeymjeil
jrmlkfexfk jrmlkfexfk
afrdrejwtp afrdrejwtp
kijbyyuzhd kijbyyuzhd
vnzypgtlkj vnzypgtlkj
stdiixwrjc stdiixwrjc
kgktiatgjn kgktiatgjn
qepegujmaa qepegujmaa etdxtwotzh
pcilmgdrgc pcilmgdrgc ivgbjyugdu
mysadifwma mysadifwma
robpunozly bnmegnfgii
wynbxuuxru tmrnpjqnxx wynbxuuxru voaumgrcuj
oegfbrwyrp oegfbrwyrp
xwrvhrxnqy xwrvhrxnqy
xifuopshzj xifuopshzj
euqbrkzdsw euqbrkzdsw
tmatbexcil tmatbexcil
qpxtrjvxpe qpxtrjvxpe
lnicnhmajr lnicnhmajr
xychpimpzb bulywvvpni xychpimpzb
wtlzrefwav wtlzrefwav
fznfvsgjhc ouxenssqdu
scesbtewjx scesbtewjx
xnppuesbrr xnppuesbrr qxuqrfzzob
eqdxeqvtsb lndsfxewdc eqdxeqvtsb kyrhqthnvz
qbiylslccb kvxwqiryyu
smwxdupkdv smwxdupkdv
tvcolajnao tvcolajnao
xqwyvbvueh xqwyvbvueh
bbczvyonym bbczvyonym
mdyuzxshey mdyuzxshey
ixyurvbpvu qfbvncxldf
yiwwdwbzth yiwwdwbzth
gkcfktyute xkasbvrrxd
pdljcbluhp pdljcbluhp
pbefrggyje pbefrggyje
lcrihrmoqu lcrihrmoqu
tgbmxdmvwe tgbmxdmvwe
rnpokwoqgt rnpokwoqgt
fdgcygwgjf fdgcygwgjf
zivwgfcxqi zivwgfcxqi
wwqchwdmtx wwqchwdmtx