0 46 58 100 58 41 122 41 11 57 136 57 12 138 12 21 78 44 104 44 40 134 40 54 41 112 41 10 114 10 47 57 53 31 118 31 90 45 83 25 124 25 49 38 18 102 18 60 108 60 11 130 11 94 126 94 39 106 39 5 116 5 9 84 132 84 34 120 34 87 69 110 69 10 26 1 84 60 128 60 0
39
46 170 171 172
100 100 101
122 122 123
11 179 180 181
57 188 189 190
136 136 137
138 138 139
21 140 141 142
78 185 186 187
104 104 105
134 134 135
54 192 193 191
112 112 113
10 197 198 199
114 114 115
47 164 165 166 152 153 154
53 176 177 178
118 118 119
90 184 182 183
45 173 174 175
83 168 169 167
124 124 125
49 194 195 196
38 146 147 148
102 102 103
108 108 109
130 130 131
126 126 127
106 106 107
116 116 117
9 161 162 163
84 144 145 143
132 132 133
120 120 121
87 149 150 151
110 110 111
26 160 158 159
1 155 156 157
128 128 129