0 105 74 134 9 120 122 151 152 150 14 125 77 115 80 67 66 12 10 140 40 42 40 135 52 135 129 130 132 164 170 90 185 134 140 143 140 145 99 144 19 135 137 160 29 39 75 35 145 95 87 95 89 130 49 149 195 85 190 104 145 125 128 117 128 125 55 30 32 30 160 162 160 0
51
0 113 3 56 57 110
105 105 44
74 179 69 54 74 189
134 134
9 25 27
120 65 68 47 118 183 120
122 122
152 152
150 20
14 180 181 182 139
125 125
77 116 101
80 82 108 102
67 123 67
66 66
12 11 12
10 13
140 142
40 2 43 28
42 41 186 42
135 138 135
52 52
129 72 129
130 133
132 131 132 141
170 172
90 91 92
185 187
143 97
145 145 148
99 99
144 144
137 136
160 160
29 184 124 79
39 39
75 78
35 35 36 37 38
95 95
87 87
89 114 159
149 149
195 195 100 197 94 154
190 192
104 16 17 64 104
128 128
117 168 166
55 55 58
30 30 15
32 32
162 161