loc0 loc76 loc40 loc76 loc70 loc26 loc71 loc80 loc71 loc79 loc61 loc88 loc24 loc87 loc69 loc60 loc6 loc93 loc84 loc30 loc63 loc45 loc63 loc75 loc66 loc13 loc70 loc26 loc71 loc62 loc89 loc41 loc95 loc5 loc86 loc94 loc40 loc58 loc12 loc84 loc40 loc94 loc67 loc86 loc50 loc59 loc47 loc92 loc65 loc2 loc67 loc22 loc97 loc52 loc88 loc52 loc43 loc70 loc94 loc67 loc2 loc65 loc28 loc55 loc73 loc20 loc65 loc2 loc67 loc0
37
loc40 loc40
loc26 loc25 loc26 loc35
loc80 loc17
loc79 loc16
loc88 loc7
loc24 loc24
loc87 loc42
loc69 loc15
loc60 loc33 loc21
loc6 loc6
loc84 loc39
loc30 loc30
loc63 loc18 loc27
loc45 loc9 loc36 loc45
loc75 loc3
loc66 loc48
loc13 loc13
loc89 loc8 loc44
loc41 loc41
loc95 loc23
loc5 loc5
loc86 loc32
loc58 loc4 loc49 loc31
loc12 loc12
loc67 loc14
loc50 loc50
loc47 loc47
loc92 loc11
loc65 loc38 loc46 loc29
loc2 loc2
loc22 loc22
loc52 loc34
loc43 loc43
loc28 loc37 loc10 loc28
loc55 loc19
loc73 loc1
loc20 loc20