loc0 loc193 loc103 loc166 loc115 loc160 loc196 loc187 loc169 loc26 loc197 loc152 loc17 loc179 loc53 loc143 loc169 loc124 loc34 loc169 loc143 loc107 loc152 loc116 loc125 loc23 loc176 loc95 loc104 loc175 loc190 loc10 loc127 loc55 loc127 loc109 loc139 loc175 loc112 loc194 loc149 loc86 loc188 loc161 loc125 loc23 loc176 loc104 loc175 loc190 loc10 loc153 loc163 loc10 loc190 loc175 loc112 loc194 loc149 loc41 loc113 loc38 loc173 loc128 loc173 loc155 loc173 loc128 loc74 loc110 loc191 loc74 loc128 loc173 loc164 loc73 loc118 loc154 loc175 loc193 loc49 loc120 loc192 loc180 loc102 loc138 loc183 loc186 loc87 loc159 loc114 loc87 loc186 loc183 loc3 loc120 loc111 loc22 loc157 loc13 loc166 loc115 loc88 loc187 loc7 loc142 loc97 loc133 loc150 loc195 loc15 loc159 loc114 loc87 loc186 loc183 loc3 loc157 loc13 loc103 loc166 loc13 loc157 loc129 loc66 loc165 loc189 loc27 loc171 loc36 loc153 loc163 loc111 loc22 loc157 loc49 loc193 loc0
62
loc103 loc58 loc94
loc115 loc25 loc43
loc160 loc16
loc187 loc61
loc26 loc26
loc152 loc98
loc17 loc17
loc179 loc89
loc53 loc53
loc143 loc8
loc124 loc70
loc34 loc34 loc79
loc107 loc35 loc71
loc23 loc23
loc176 loc68 loc59
loc95 loc50 loc95
loc104 loc40 loc76
loc175 loc31
loc10 loc10
loc127 loc100
loc55 loc82 loc55
loc109 loc64 loc46 loc19
loc86 loc86
loc188 loc62
loc161 loc80 loc44
loc153 loc90 loc45
loc163 loc1 loc91
loc41 loc41
loc113 loc5 loc29
loc38 loc38
loc155 loc32 loc83 loc56 loc77 loc14
loc74 loc74
loc110 loc11 loc92 loc47
loc164 loc65 loc2 loc20
loc73 loc37 loc73 loc28
loc49 loc49
loc120 loc12
loc192 loc39
loc180 loc54 loc72
loc102 loc84
loc183 loc6
loc186 loc93 loc30
loc87 loc87
loc159 loc24
loc114 loc33
loc3 loc3
loc22 loc22
loc157 loc67 loc4 loc21 loc85
loc13 loc13
loc88 loc88
loc7 loc7
loc97 loc97
loc133 loc52 loc78
loc150 loc42 loc69
loc195 loc96 loc51 loc60
loc15 loc15
loc129 loc75
loc66 loc66
loc189 loc48 loc99 loc57
loc27 loc27 loc63
loc171 loc81 loc18 loc9
loc36 loc36