99 135 161 76 52 151 110 33 139 99 176 39 31 82 69 100 193 107 99 32 99 101 60 109 97 157 121 148 16 120 160 198 99
28
99 99 149 15
135 61
161 73 80 146 161 164 40 41 168 112 181
76 192 131 150 24 167 106 174 47 183 185 186 63
52 22 92 103 127
151 151
110 155
33 184 1 33
139 12
176 35 102 122 188
39 39
31 130
82 82
69 25 83 173
100 100 126
193 142 70
107 4 9 10 27 158 163 42 94 117 123 125
32 34 98 178 90 75
101 88 28
60 8
97 56 97 66
157 172 132 119
121 18 111
148 20 148 170 51 59 114
16 0 5 17 30 165 169 180 53 190 68 78 124
120 171
160 160 166
198 26 55