81 188 89 8 195 179 56 126 196 166 88 48 84 164 16 12 191 23 49 167 109 154 76 85 35 165 70 45 162 74 93 200 121 135 46 43 24 199 150 141 14 100 158 127 125 184 138 156 57 42 53 36 189 58 159 1 59 92 97 108 145 33 130 17 117 69 71 20 52 77 103 65 95 153 9 78 115 64 41 183 197 198 80 180 161 34 170 124 18 107 27 152 86 123 182 90 132 96 87 178 81
100
81 81
188 188
89 89
8 8
195 195
179 179
56 56
126 126
196 196
166 166
88 88
48 48
84 84
164 164
16 16
12 12
191 191
23 23
49 49
167 167
109 109
154 154
76 76
85 85
35 35
165 165
70 70
45 45
162 162
74 74
93 93
200 200
121 121
135 135
46 46
43 43
24 24
199 199
150 150
141 141
14 14
100 100
158 158
127 127
125 125
184 184
138 138
156 156
57 57
42 42
53 53
36 36
189 189
58 58
159 159
1 1
59 59
92 92
97 97
108 108
145 145
33 33
130 130
17 17
117 117
69 69
71 71
20 20
52 52
77 77
103 103
65 65
95 95
153 153
9 9
78 78
115 115
64 64
41 41
183 183
197 197
198 198
80 80
180 180
161 161
34 34
170 170
124 124
18 18
107 107
27 27
152 152
86 86
123 123
182 182
90 90
132 132
96 96
87 87
178 178