10 50 52 54 58 61 60 57 53 51 50 10 24 13 10 50 10 24 25 23 10 50 113 111 108 104 99 96 93 91 88 84 82 79 77 71 69 65 63 60 57 58 61 64 66 70 72 71 69 65 63 60 57 53 51 50 10 4 10 50 113 111 108 104 99 96 93 91 92 94 97 101 106 109 112 50 52 51 50 10 7 4 27 3 14 10 50 113 111 112 50 10 6 10 50 52 54 58 61 64 66 70 72 78 80 83 85 89 92 94 97 101 106 109 112 50 10 40 10
50
50 184 185 186 187
52 52
54 192 193 54 190 191
58 58
61 61
60 196 197 198 199 59
57 56 57
53 53
51 51
24 21 22
13 29 15
25 25
23 23
111 111
108 107 108
104 104 103
99 99
96 96
93 93
91 91
88 88 87
84 84
82 82
79 79
77 76 77
71 71
69 68 69
63 62 63
64 64
66 66 67
72 72 73 74
4 1 2
92 92
94 94
97 97 98
101 101 102
106 106
109 109
112 112
7 32 34 37 7 41 42
27 5
3 3
14 11 12
6 35 39 38 6 8
78 78
80 81
83 83
85 86
89 89
40 43 36