0 56 35 20 84 158 6 85 16 83 10 189 43 10 93 22 36 42 41 50 135 17 11 1 9 78 103 35 20 84 23 12 113 41 192 181 46 100 155 181 29 119 73 69 24 4 66 191 93 10 93 178 94 178 10 43 49 186 195 156 14 61 125 108 63 138 179 4 78 99 27 99 29 144 52 106 161 176 89 17 62 5 87 74 43 10 75 79 117 55 97 58 177 149 9 78 103 35 108 63 24 4 66 191 93 10 30 120 106 96 6 15 146 67 78 67 183 127 0
70
0 91
56 56
35 35
20 81 20
84 84
6 6
85 85
16 16
83 83
10 10 2
189 51
43 43
93 21 93 13 71
22 22
36 36 77
42 33 42 28 76
41 41
50 50
135 82
17 17 70
11 34 11
1 1
9 9
78 78
23 60 23
12 90 12
192 57
181 72
46 46
100 48 100
155 38
29 29
73 73
69 40 26 59 69
24 24 92
4 32 4
66 66
191 95
94 94
49 49
186 68
195 53
14 14
61 8 98 88 61
125 65
108 7
63 63
138 80
99 99 86
27 27 39
52 52
161 45
176 44
89 89
62 62
5 5
87 87
74 74 37 47
75 75
79 79
55 55
97 97 31
58 58 3
177 18
149 54
30 30
96 96
15 15
146 19
67 64 25 67