0 1 69 70 121 163 164 165 166 167 168 169 171 172 177 178 179 180 179 178 177 172 171 169 168 167 166 165 164 163 121 70 69 1 0 1 69 70 121 163 164 165 166 167 168 169 170 183 185 186 187 191 192 193 194 193 192 191 187 186 185 183 170 169 168 167 166 165 164 163 121 70 69 1 0 2 3 5 6 7 8 7 6 5 3 2 0 2 3 4 28 29 47 48 49 48 47 29 28 4 3 2 0 1 69 70 122 123 138 139 140 141 142 143 145 146 152 153 154 155 156 157 156 155 154 153 152 146 145 143 142 141 140 139 138 123 122 124 125 124 126 124 122 70 69 1 0 1 69 71 72 90 105 106 107 108 109 110 112 113 115 116 117 116 115 113 112 110 109 108 107 106 105 90 72 91 92 98 99 98 92 91 72 71 69 1 0
42
0 0
1 1
69 57 58 59 61 62 63 65 66 68 69
121 121
163 163
166 166
167 167
168 168
172 172
177 175 176
180 181
170 170
183 183
186 188
191 191
194 195 196 198 199
2 2
5 5
8 9 10 11 13 14 15 17 18 19 21 22 24 25 26 27
4 4
28 31 35 38 39
29 29
47 42 45 44
49 50 51 52 54
140 140
141 141
142 142
145 147 148
146 146 150
153 153
154 154
157 158 159
125 131 132 134 136 137
126 128 129
71 73 74 75 76 77 78 79 80 82 83
90 90
107 107
108 108
113 113
117 120 118
91 96 91 93 94 95
99 100 101