OYUinzd4zxVxIptSBcML 5euTHFaulIyTMDOpAOiL 7sEAL87eVGtPRFGU7wZL 2mMEW336zlvoabKQ0Mze ysFvkOBVEgTOFmcR2xc1 0rs0of9LUAzWTuABwTnG 2LHGJx7lje13o5VgjaWa TOlchSnWWkR7rRWP9Cdc xtyNkgmQQDlFdBVfN1o5 knZxc5ZrIrcQzv054Pss dVfyZ8osOWlPeWeMnteY 5dLU2ihY8weFRtdH0NCX KRZBWx1Sd8wB0uU3QWeQ 0Y8GuXeRCg3UQ8iw3rJM lM0uQphyVNPO90DR8P6A 3SpSgYRcx99pESu1D9Wi n14fgY77RxYuy7mkbJU1 mSL1gwuFl7ezuWmYhoWX 6YPXen0OkUAjsBQbugH8 C4iWe9yR2mvfNmTv1Ujg 29cQGjH4xgr2WjuBLLEb 4R5nKw333ATOizKdSrav ugVnD0zzPxsfEn932v1t jVnJVrQfkUuQ5PfgtD65 paxbzGIrGUKuLL8gNR12 wDv7iczN6LiK2xDJOu0N OYUinzd4zxVxIptSBcML
25
5euTHFaulIyTMDOpAOiL 5euTHFaulIyTMDOpAOiL
7sEAL87eVGtPRFGU7wZL 7sEAL87eVGtPRFGU7wZL
2mMEW336zlvoabKQ0Mze 2mMEW336zlvoabKQ0Mze
ysFvkOBVEgTOFmcR2xc1 ysFvkOBVEgTOFmcR2xc1
0rs0of9LUAzWTuABwTnG 0rs0of9LUAzWTuABwTnG
2LHGJx7lje13o5VgjaWa 2LHGJx7lje13o5VgjaWa
TOlchSnWWkR7rRWP9Cdc TOlchSnWWkR7rRWP9Cdc
xtyNkgmQQDlFdBVfN1o5 xtyNkgmQQDlFdBVfN1o5
knZxc5ZrIrcQzv054Pss knZxc5ZrIrcQzv054Pss
dVfyZ8osOWlPeWeMnteY dVfyZ8osOWlPeWeMnteY
5dLU2ihY8weFRtdH0NCX 5dLU2ihY8weFRtdH0NCX
KRZBWx1Sd8wB0uU3QWeQ KRZBWx1Sd8wB0uU3QWeQ
0Y8GuXeRCg3UQ8iw3rJM 0Y8GuXeRCg3UQ8iw3rJM
lM0uQphyVNPO90DR8P6A lM0uQphyVNPO90DR8P6A
3SpSgYRcx99pESu1D9Wi 3SpSgYRcx99pESu1D9Wi
n14fgY77RxYuy7mkbJU1 n14fgY77RxYuy7mkbJU1
mSL1gwuFl7ezuWmYhoWX mSL1gwuFl7ezuWmYhoWX
6YPXen0OkUAjsBQbugH8 6YPXen0OkUAjsBQbugH8
C4iWe9yR2mvfNmTv1Ujg C4iWe9yR2mvfNmTv1Ujg
29cQGjH4xgr2WjuBLLEb 29cQGjH4xgr2WjuBLLEb
4R5nKw333ATOizKdSrav 4R5nKw333ATOizKdSrav
ugVnD0zzPxsfEn932v1t ugVnD0zzPxsfEn932v1t
jVnJVrQfkUuQ5PfgtD65 jVnJVrQfkUuQ5PfgtD65
paxbzGIrGUKuLL8gNR12 paxbzGIrGUKuLL8gNR12
wDv7iczN6LiK2xDJOu0N wDv7iczN6LiK2xDJOu0N