yZx4F8OpIk5Ar2sBMJAx oNRzekgjmcfhwbUnE9E5 MMuVzSLYdkYJSnZzYgpt YCHj3zwS8C1T4iIu3mub O3Hkka0xTn4TYlQWkSEt pyuAeTbcVcifrFis8Hjk E0w68ygm8mlxdWmjUSMA u8Sh3uzUVF2pFMTdyMgE k4TDiYyIyLOxd2S09stN aUS8Ma4u9DWG5rGkGMu3 Z5A3tROaNW2mCwf9Mwns mhfSTNs1vGxIVkKDB1R9 TIQTzk08mTKB7r8LXluj 73lJNME3ed7CVENNhT28 3NlcmlomZH13bXyH9A3z a37twrOQlX8ckvFplsbJ OX2sgS0EKma0KPRXo24b j8a5XYXH6AK0uHrNRime p1HQ9bUXYQS3CJ4AN6us coccrxCAACMV0GSxD2xc sI5I68bj40h6dFM0JU7L ylc14u4guzQsG1HGoIaW 2GGOgT8kgyBmX858M38j K5SbR7BNjzxCUkAdrGa5 KdV5bt367BMwPhG3obI3 SxhNwhmBZW56skeskoXT bSPdwFdSvkSaDMkIhhIm sYiNL7uSzhZbFuuuJ7Ov BoPjxvlt26bTwBLbfnZh u3rvHKE2Cknh2L20VX31 xfBJiQuas9xv3hIOUe8o hCu50otWd5xV17Ex0c3a 3Nm0UHOvSd34D8rM2yZH uwJup2WiLVChmnkelhR8 xjrY90FEcI7klV7sjO39 4vVzhXxSoe23m0D4crAQ brD3Sp7VWuo0VotesZDK OLNsB9xLMpVZMUaTLkU7 9RASC8iIlFoW2F9PoUXZ e6PVUjjd6ajldcTPycA6 MjcrC2MkSyccg6AM7KMW ixBQklcj47gZLpsoK0Z1 tg1w5Br4i5001iky5uAt c2xoK29xdkQaHgutY5NS evP9W9Sp0JotOHAnvl9E Ux0fPXy37kADOkMzDLQ2 iPYb45Axawv8d5E4ZUWT YXB7UTVLkwJ3CJcMVTzW t3p35rQwuMfICpxwBTRV Jl9fGpEEaLR4lmSJYVKz 1nX5xj0493ZNrFPUOVt9 yZx4F8OpIk5Ar2sBMJAx
50
oNRzekgjmcfhwbUnE9E5 oNRzekgjmcfhwbUnE9E5
MMuVzSLYdkYJSnZzYgpt MMuVzSLYdkYJSnZzYgpt
YCHj3zwS8C1T4iIu3mub YCHj3zwS8C1T4iIu3mub
O3Hkka0xTn4TYlQWkSEt O3Hkka0xTn4TYlQWkSEt
pyuAeTbcVcifrFis8Hjk pyuAeTbcVcifrFis8Hjk
E0w68ygm8mlxdWmjUSMA E0w68ygm8mlxdWmjUSMA
u8Sh3uzUVF2pFMTdyMgE u8Sh3uzUVF2pFMTdyMgE
k4TDiYyIyLOxd2S09stN k4TDiYyIyLOxd2S09stN
aUS8Ma4u9DWG5rGkGMu3 aUS8Ma4u9DWG5rGkGMu3
Z5A3tROaNW2mCwf9Mwns Z5A3tROaNW2mCwf9Mwns
mhfSTNs1vGxIVkKDB1R9 mhfSTNs1vGxIVkKDB1R9
TIQTzk08mTKB7r8LXluj TIQTzk08mTKB7r8LXluj
73lJNME3ed7CVENNhT28 73lJNME3ed7CVENNhT28
3NlcmlomZH13bXyH9A3z 3NlcmlomZH13bXyH9A3z
a37twrOQlX8ckvFplsbJ a37twrOQlX8ckvFplsbJ
OX2sgS0EKma0KPRXo24b OX2sgS0EKma0KPRXo24b
j8a5XYXH6AK0uHrNRime j8a5XYXH6AK0uHrNRime
p1HQ9bUXYQS3CJ4AN6us p1HQ9bUXYQS3CJ4AN6us
coccrxCAACMV0GSxD2xc coccrxCAACMV0GSxD2xc
sI5I68bj40h6dFM0JU7L sI5I68bj40h6dFM0JU7L
ylc14u4guzQsG1HGoIaW ylc14u4guzQsG1HGoIaW
2GGOgT8kgyBmX858M38j 2GGOgT8kgyBmX858M38j
K5SbR7BNjzxCUkAdrGa5 K5SbR7BNjzxCUkAdrGa5
KdV5bt367BMwPhG3obI3 KdV5bt367BMwPhG3obI3
SxhNwhmBZW56skeskoXT SxhNwhmBZW56skeskoXT
bSPdwFdSvkSaDMkIhhIm bSPdwFdSvkSaDMkIhhIm
sYiNL7uSzhZbFuuuJ7Ov sYiNL7uSzhZbFuuuJ7Ov
BoPjxvlt26bTwBLbfnZh BoPjxvlt26bTwBLbfnZh
u3rvHKE2Cknh2L20VX31 u3rvHKE2Cknh2L20VX31
xfBJiQuas9xv3hIOUe8o xfBJiQuas9xv3hIOUe8o
hCu50otWd5xV17Ex0c3a hCu50otWd5xV17Ex0c3a
3Nm0UHOvSd34D8rM2yZH 3Nm0UHOvSd34D8rM2yZH
uwJup2WiLVChmnkelhR8 uwJup2WiLVChmnkelhR8
xjrY90FEcI7klV7sjO39 xjrY90FEcI7klV7sjO39
4vVzhXxSoe23m0D4crAQ 4vVzhXxSoe23m0D4crAQ
brD3Sp7VWuo0VotesZDK brD3Sp7VWuo0VotesZDK
OLNsB9xLMpVZMUaTLkU7 OLNsB9xLMpVZMUaTLkU7
9RASC8iIlFoW2F9PoUXZ 9RASC8iIlFoW2F9PoUXZ
e6PVUjjd6ajldcTPycA6 e6PVUjjd6ajldcTPycA6
MjcrC2MkSyccg6AM7KMW MjcrC2MkSyccg6AM7KMW
ixBQklcj47gZLpsoK0Z1 ixBQklcj47gZLpsoK0Z1
tg1w5Br4i5001iky5uAt tg1w5Br4i5001iky5uAt
c2xoK29xdkQaHgutY5NS c2xoK29xdkQaHgutY5NS
evP9W9Sp0JotOHAnvl9E evP9W9Sp0JotOHAnvl9E
Ux0fPXy37kADOkMzDLQ2 Ux0fPXy37kADOkMzDLQ2
iPYb45Axawv8d5E4ZUWT iPYb45Axawv8d5E4ZUWT
YXB7UTVLkwJ3CJcMVTzW YXB7UTVLkwJ3CJcMVTzW
t3p35rQwuMfICpxwBTRV t3p35rQwuMfICpxwBTRV
Jl9fGpEEaLR4lmSJYVKz Jl9fGpEEaLR4lmSJYVKz
1nX5xj0493ZNrFPUOVt9 1nX5xj0493ZNrFPUOVt9