PQlYD3syBoo7C0hcATPD NpHJpdHaoVuG1evDy4mD Saezs03GHhWlgEusf2xb dcRmXZcpiyoLWuwR56cL zOauzkXEQku3g7FmlO3i h36zX7NC4P81W3KQD11u dRs9JullKCFwk8f9TP2C 8kEed91vb76Fhm6ivuFw CtdShr26uGGV2W6zZTdS lP2ISUwXZ5Vr1Dbyi5b2 VjMruztOvYBB57sBtK7F SWMrIKPuAQFTY7HmPty0 0UIZ9YDhxr3ipBPf2WkK N4yrn0aLU6ELQucPFmw8 UWVA5dAu4wDF6Efl9d4O e7HIMwL2s8LjuoIRxDl7 Zd6upjEKdV6jHG9xKORy ZOUAFthiVkWe23hp0746 29ZrssG8owPMWU0dtlEx AhTd32p44tQrgKLluTfO oAwJ8ncZge95DCLogDfz C8l14blndt8uGQmGfPky ouUk8HCXkT1xNHUSpktV I3dKkMa3JUxVpADvWcmQ PRxK9WGPQn2vmuBbswLk TRIzdQQDV9bs8k4M9U4X WuSb6mZA4Ht48gzyBwrs BfkNC5T0oZOQYOkOg1Lr xUd3lWAackpOjTn98YBa xM3fh05um8j45RhdwKOx AcGlxsvhfAOKA2Ti96Hg JNypu0O2hxRmLxF04Zie y5HlDp3ZOU3fT35BihFS iA0OPvpmSXnD5PmFrIY3 4yCDRp1k04Ch6IBU1p1H Hj9GXo6u0dDYfg4xoW2T IBSvm7mZeG0vXjguUx8d 1AmZo7yJ6YJzwrjZr6vX IjoU40tEWMCkwd5SaIZC 58LVuHISdldtYbuuEa4z MGPH1ZQv2OM6dRC07Rj5 CQFH0bM5UHhxPATIQeaZ oRnkB9WX4h9Vz2XYe2Mz jN7FJhuhmTKkduIKGyBx lTNvRGBulC52xVXvXmmj diWFyYW4KuKIAVWCVTOh MnuekaeS1NiILcuuvn3o 2RLdpM4k7Le8vufDMuf4 SJuQEhk6NZgb7Y1YXHxx y5UFufU6hy8Zt47b4K3v Kxk6VsPzNOhHpwuN2F67 r52GhdJM3J6bC9RxltxZ ul5TY5YtUVHURRbHo0xt tBx3RfPMJg4OhazCeTsa j0WhcaOOy1JCyHTrxCSk mHciHIbodF92KWBlyZhd gByPZFfsA72SjYPmontO symCtAIG82LYD9Qs6FxZ 8BVD1mXIeFKDWXC0pHC5 ajZwDYcDrAcHajKZpRul FE9d826a5RuYfSI6vEz4 m3uIZkevVRyscNPa6NkD 5wKsB6wx9H7PujNL03GN XtcwDUG5TGpryRZKRvrm aAf4nv1B7ggfx0DjrAOi 58PE6yTygndgQ75HC5PU ikaH2IngBoan8x64dwnD DLNj52Bf5LL4ZddWTcYY rRx4ufuRfBzAjOzuQptQ iGcRn4eFfZI68Qr0MOgy daYVb2kr83paGhJZJJyA mMXK7rFRd7VNNboRtMKu aZ1gME9dgT1obQwN7kgz j1u2ybLPFsWda7RGIo6J EWUzUZ9Yb7H9gHpK5NdI IuwSP1hfYZRam5iX6Sbk Mo6dK8I2XR9RUnPgLFfU pmpfdWSNFW4BZf3j9zey JWNjS0Xtxw6CDJbk4UbK LvHeBFyLyC9KHnAltZnF yuNLI2bosn9XVMaJllU2 KFbZubIZwxKjbFZIhivu XT2Ymi7YdhYVjSO57uvy CeJalRL3KinyCQjl6tio upn88whXcmTNEpbLaMgR dPunn27br1tTUelFVNIt hQH0nHlpxkrlncu9buJt 4xoBiS6HZ3COfmNv2aTR 4ck2vdbl0wzRRSh9h5JI pGBevvfrXEYRwdy9Xa3h wpM05AhdMYgh3n4WvalH egafCQ4ih9nCuFY3RBSk BHDRDstSlZtm71sWfOHB CE9MuYF6CpN99atuGjZ0 XfIhMNfCnUCbP8MIjhA8 zTPp43usagg8jQuMreHJ WpDgsUZvfm1s3J1djPk6 MmXiw0PdJXAsicjY4bml 4EHOWDgXvpoSadcvvLu4 c5B3yGaAxuGVYEd7DCc5 PQlYD3syBoo7C0hcATPD
100
PQlYD3syBoo7C0hcATPD PQlYD3syBoo7C0hcATPD
NpHJpdHaoVuG1evDy4mD NpHJpdHaoVuG1evDy4mD
Saezs03GHhWlgEusf2xb Saezs03GHhWlgEusf2xb
dcRmXZcpiyoLWuwR56cL dcRmXZcpiyoLWuwR56cL
zOauzkXEQku3g7FmlO3i zOauzkXEQku3g7FmlO3i
h36zX7NC4P81W3KQD11u h36zX7NC4P81W3KQD11u
dRs9JullKCFwk8f9TP2C dRs9JullKCFwk8f9TP2C
8kEed91vb76Fhm6ivuFw 8kEed91vb76Fhm6ivuFw
CtdShr26uGGV2W6zZTdS CtdShr26uGGV2W6zZTdS
lP2ISUwXZ5Vr1Dbyi5b2 lP2ISUwXZ5Vr1Dbyi5b2
VjMruztOvYBB57sBtK7F VjMruztOvYBB57sBtK7F
SWMrIKPuAQFTY7HmPty0 SWMrIKPuAQFTY7HmPty0
0UIZ9YDhxr3ipBPf2WkK 0UIZ9YDhxr3ipBPf2WkK
N4yrn0aLU6ELQucPFmw8 N4yrn0aLU6ELQucPFmw8
UWVA5dAu4wDF6Efl9d4O UWVA5dAu4wDF6Efl9d4O
e7HIMwL2s8LjuoIRxDl7 e7HIMwL2s8LjuoIRxDl7
Zd6upjEKdV6jHG9xKORy Zd6upjEKdV6jHG9xKORy
ZOUAFthiVkWe23hp0746 ZOUAFthiVkWe23hp0746
29ZrssG8owPMWU0dtlEx 29ZrssG8owPMWU0dtlEx
AhTd32p44tQrgKLluTfO AhTd32p44tQrgKLluTfO
oAwJ8ncZge95DCLogDfz oAwJ8ncZge95DCLogDfz
C8l14blndt8uGQmGfPky C8l14blndt8uGQmGfPky
ouUk8HCXkT1xNHUSpktV ouUk8HCXkT1xNHUSpktV
I3dKkMa3JUxVpADvWcmQ I3dKkMa3JUxVpADvWcmQ
PRxK9WGPQn2vmuBbswLk PRxK9WGPQn2vmuBbswLk
TRIzdQQDV9bs8k4M9U4X TRIzdQQDV9bs8k4M9U4X
WuSb6mZA4Ht48gzyBwrs WuSb6mZA4Ht48gzyBwrs
BfkNC5T0oZOQYOkOg1Lr BfkNC5T0oZOQYOkOg1Lr
xUd3lWAackpOjTn98YBa xUd3lWAackpOjTn98YBa
xM3fh05um8j45RhdwKOx xM3fh05um8j45RhdwKOx
AcGlxsvhfAOKA2Ti96Hg AcGlxsvhfAOKA2Ti96Hg
JNypu0O2hxRmLxF04Zie JNypu0O2hxRmLxF04Zie
y5HlDp3ZOU3fT35BihFS y5HlDp3ZOU3fT35BihFS
iA0OPvpmSXnD5PmFrIY3 iA0OPvpmSXnD5PmFrIY3
4yCDRp1k04Ch6IBU1p1H 4yCDRp1k04Ch6IBU1p1H
Hj9GXo6u0dDYfg4xoW2T Hj9GXo6u0dDYfg4xoW2T
IBSvm7mZeG0vXjguUx8d IBSvm7mZeG0vXjguUx8d
1AmZo7yJ6YJzwrjZr6vX 1AmZo7yJ6YJzwrjZr6vX
IjoU40tEWMCkwd5SaIZC IjoU40tEWMCkwd5SaIZC
58LVuHISdldtYbuuEa4z 58LVuHISdldtYbuuEa4z
MGPH1ZQv2OM6dRC07Rj5 MGPH1ZQv2OM6dRC07Rj5
CQFH0bM5UHhxPATIQeaZ CQFH0bM5UHhxPATIQeaZ
oRnkB9WX4h9Vz2XYe2Mz oRnkB9WX4h9Vz2XYe2Mz
jN7FJhuhmTKkduIKGyBx jN7FJhuhmTKkduIKGyBx
lTNvRGBulC52xVXvXmmj lTNvRGBulC52xVXvXmmj
diWFyYW4KuKIAVWCVTOh diWFyYW4KuKIAVWCVTOh
MnuekaeS1NiILcuuvn3o MnuekaeS1NiILcuuvn3o
2RLdpM4k7Le8vufDMuf4 2RLdpM4k7Le8vufDMuf4
SJuQEhk6NZgb7Y1YXHxx SJuQEhk6NZgb7Y1YXHxx
y5UFufU6hy8Zt47b4K3v y5UFufU6hy8Zt47b4K3v
Kxk6VsPzNOhHpwuN2F67 Kxk6VsPzNOhHpwuN2F67
r52GhdJM3J6bC9RxltxZ r52GhdJM3J6bC9RxltxZ
ul5TY5YtUVHURRbHo0xt ul5TY5YtUVHURRbHo0xt
tBx3RfPMJg4OhazCeTsa tBx3RfPMJg4OhazCeTsa
j0WhcaOOy1JCyHTrxCSk j0WhcaOOy1JCyHTrxCSk
mHciHIbodF92KWBlyZhd mHciHIbodF92KWBlyZhd
gByPZFfsA72SjYPmontO gByPZFfsA72SjYPmontO
symCtAIG82LYD9Qs6FxZ symCtAIG82LYD9Qs6FxZ
8BVD1mXIeFKDWXC0pHC5 8BVD1mXIeFKDWXC0pHC5
ajZwDYcDrAcHajKZpRul ajZwDYcDrAcHajKZpRul
FE9d826a5RuYfSI6vEz4 FE9d826a5RuYfSI6vEz4
m3uIZkevVRyscNPa6NkD m3uIZkevVRyscNPa6NkD
5wKsB6wx9H7PujNL03GN 5wKsB6wx9H7PujNL03GN
XtcwDUG5TGpryRZKRvrm XtcwDUG5TGpryRZKRvrm
aAf4nv1B7ggfx0DjrAOi aAf4nv1B7ggfx0DjrAOi
58PE6yTygndgQ75HC5PU 58PE6yTygndgQ75HC5PU
ikaH2IngBoan8x64dwnD ikaH2IngBoan8x64dwnD
DLNj52Bf5LL4ZddWTcYY DLNj52Bf5LL4ZddWTcYY
rRx4ufuRfBzAjOzuQptQ rRx4ufuRfBzAjOzuQptQ
iGcRn4eFfZI68Qr0MOgy iGcRn4eFfZI68Qr0MOgy
daYVb2kr83paGhJZJJyA daYVb2kr83paGhJZJJyA
mMXK7rFRd7VNNboRtMKu mMXK7rFRd7VNNboRtMKu
aZ1gME9dgT1obQwN7kgz aZ1gME9dgT1obQwN7kgz
j1u2ybLPFsWda7RGIo6J j1u2ybLPFsWda7RGIo6J
EWUzUZ9Yb7H9gHpK5NdI EWUzUZ9Yb7H9gHpK5NdI
IuwSP1hfYZRam5iX6Sbk IuwSP1hfYZRam5iX6Sbk
Mo6dK8I2XR9RUnPgLFfU Mo6dK8I2XR9RUnPgLFfU
pmpfdWSNFW4BZf3j9zey pmpfdWSNFW4BZf3j9zey
JWNjS0Xtxw6CDJbk4UbK JWNjS0Xtxw6CDJbk4UbK
LvHeBFyLyC9KHnAltZnF LvHeBFyLyC9KHnAltZnF
yuNLI2bosn9XVMaJllU2 yuNLI2bosn9XVMaJllU2
KFbZubIZwxKjbFZIhivu KFbZubIZwxKjbFZIhivu
XT2Ymi7YdhYVjSO57uvy XT2Ymi7YdhYVjSO57uvy
CeJalRL3KinyCQjl6tio CeJalRL3KinyCQjl6tio
upn88whXcmTNEpbLaMgR upn88whXcmTNEpbLaMgR
dPunn27br1tTUelFVNIt dPunn27br1tTUelFVNIt
hQH0nHlpxkrlncu9buJt hQH0nHlpxkrlncu9buJt
4xoBiS6HZ3COfmNv2aTR 4xoBiS6HZ3COfmNv2aTR
4ck2vdbl0wzRRSh9h5JI 4ck2vdbl0wzRRSh9h5JI
pGBevvfrXEYRwdy9Xa3h pGBevvfrXEYRwdy9Xa3h
wpM05AhdMYgh3n4WvalH wpM05AhdMYgh3n4WvalH
egafCQ4ih9nCuFY3RBSk egafCQ4ih9nCuFY3RBSk
BHDRDstSlZtm71sWfOHB BHDRDstSlZtm71sWfOHB
CE9MuYF6CpN99atuGjZ0 CE9MuYF6CpN99atuGjZ0
XfIhMNfCnUCbP8MIjhA8 XfIhMNfCnUCbP8MIjhA8
zTPp43usagg8jQuMreHJ zTPp43usagg8jQuMreHJ
WpDgsUZvfm1s3J1djPk6 WpDgsUZvfm1s3J1djPk6
MmXiw0PdJXAsicjY4bml MmXiw0PdJXAsicjY4bml
4EHOWDgXvpoSadcvvLu4 4EHOWDgXvpoSadcvvLu4
c5B3yGaAxuGVYEd7DCc5 c5B3yGaAxuGVYEd7DCc5