destitute barnacle whatsoever Isfahan MN shroud millennium Curtis trill extrovert Halstead schedule slowdown minion bifurcate connubial mediate covariate FPC Hewlett yogurt Elizabethan combine Modesto diligent Auberge Modesto bifurcate sacrifice transpiration swordtail bowman griddle Modesto Auberge jewel Injun jewel namesake destitute
29
destitute Rio Loomis Hindi
barnacle ripe
whatsoever funny midget Gilmore
Isfahan Isfahan
MN MN
shroud shroud
millennium choice fatten
Curtis anvil
trill trill
Halstead Andersen Vega Halstead
schedule schedule
slowdown slowdown amateur
minion embassy bobble Bleeker McCall Dominican minion
bifurcate illusion
connubial connubial
mediate mediate
covariate Fisk
Hewlett decor Hewlett
yogurt yogurt
Elizabethan Elizabethan
combine extractor
Modesto Modesto
diligent tate diligent swingy
Auberge Auberge
sacrifice swordfish
transpiration septillion creekside papal transpiration
bowman Darwin balustrade
jewel jewel
Injun Injun stanza