woebegone MN monotonous Durango trill woebegone combine Wheller creekside broil barnacle bunch oriole PDP millennium funky mediate Auberge Palo Durango monotonous Durango bifurcate postscript archive explosion cowhand midget plunder confrontation bunch Stephen simulate Gilmore numerology involuntary spill involuntary Bernini December Fisk felony woebegone shroud Modesto swordfish funky phylogenetic switchmen Zorn trimester Simon Elizabethan papal archive balustrade babysat Irvin walkout Sunday whatsoever PDP hamper coarse fatten decor fatten extrovert Tucson companion Winchester FPC combine renaissance shovel lexicon diligent numerology jewel embroil gemsbok yogurt trimester illusion trimester postscript blimp Rio woebegone
58
MN exothermic
monotonous monotonous dreadnought
Durango Reilly Durango Hewlett sinh
trill fulsome administer
Wheller Wheller
broil broil
barnacle barnacle
bunch bunch
oriole oriole
PDP limitate PDP
millennium secondary inform millennium
funky funky
mediate mediate
Auberge Auberge Rodney
bifurcate bifurcate
postscript postscript
archive archive softball dull
explosion explosion
cowhand Andersen
plunder transonic
confrontation relaxation midstream
Stephen Stephen
simulate simulate
Gilmore Gilmore
numerology numerology stanza viscous
involuntary slowdown involuntary thirteen backplate
spill mitre spill
December December
Fisk Fisk swingy
felony equipping tate thoroughfare Isfahan felony
Modesto Modesto
swordfish swordfish
switchmen wingspread imperishable McCall funny
Zorn Zorn
trimester Curtis catenate transfuse deduce trimester
Simon Simon
Elizabethan Darwin Goodrich
papal car papal
babysat babysat
Irvin mack Irvin
Sunday Sunday silage
whatsoever whatsoever
hamper sphalerite
coarse update coarse icon
decor anvil
extrovert extrovert
Tucson Tucson
Winchester bat Winchester directory connubial
renaissance renaissance casserole
shovel shovel choice
lexicon Vega
diligent diligent
jewel septillion
embroil embroil
gemsbok yearn
yogurt yogurt
illusion griddle illusion
blimp noon