Loc35 Loc54 Loc9 Loc62 Loc24 Loc61 Loc27 Loc48 Loc88 Loc70 Loc17 Loc38 Loc47 Loc99 Loc87 Loc91 Loc79 Loc92 Loc22 Loc59 Loc55 Loc60 Loc35
20
Loc54 Loc54 Loc95
Loc9 Loc46 Loc31
Loc62 Loc80 Loc62
Loc24 Loc73 Loc24 Loc25
Loc61 Loc41
Loc27 Loc64 Loc14
Loc48 Loc48 Loc65 Loc52 Loc71 Loc39
Loc88 Loc33 Loc28
Loc70 Loc97 Loc1 Loc67 Loc70 Loc23 Loc44 Loc13
Loc38 Loc77
Loc47 Loc47 Loc15
Loc99 Loc66 Loc63
Loc87 Loc93
Loc91 Loc90
Loc79 Loc10 Loc79
Loc92 Loc89 Loc4 Loc78 Loc92
Loc22 Loc22
Loc59 Loc0 Loc74 Loc86
Loc55 Loc84
Loc60 Loc81 Loc34 Loc51 Loc37 Loc7 Loc58