Loc151 Loc80 Loc144 Loc134 Loc102 Loc26 Loc111 Loc164 Loc50 Loc25 Loc159 Loc157 Loc127 Loc82 Loc23 Loc22 Loc92 Loc169 Loc49 Loc96 Loc186 Loc163 Loc2 Loc24 Loc185 Loc149 Loc18 Loc82 Loc146 Loc104 Loc36 Loc71 Loc137 Loc59 Loc45 Loc32 Loc118 Loc85 Loc23 Loc22 Loc197 Loc92 Loc150 Loc18 Loc143 Loc146 Loc102 Loc59 Loc27 Loc34 Loc161 Loc146 Loc44 Loc172 Loc75 Loc119 Loc177 Loc144 Loc120 Loc35 Loc87 Loc109 Loc57 Loc119 Loc75 Loc151
47
Loc151 Loc48 Loc130 Loc131 Loc4 Loc151 Loc171
Loc80 Loc41 Loc98 Loc165
Loc144 Loc101
Loc134 Loc134 Loc77 Loc61
Loc102 Loc99 Loc102 Loc47 Loc21 Loc89 Loc124
Loc26 Loc70
Loc111 Loc17 Loc38 Loc123 Loc125 Loc190 Loc111
Loc164 Loc167
Loc50 Loc50
Loc25 Loc194 Loc15
Loc159 Loc183 Loc181
Loc157 Loc94 Loc122 Loc157 Loc46
Loc127 Loc6 Loc127
Loc23 Loc166 Loc54
Loc92 Loc160 Loc92
Loc169 Loc33 Loc148
Loc49 Loc49
Loc96 Loc96
Loc186 Loc28 Loc110
Loc163 Loc163
Loc2 Loc2
Loc24 Loc24 Loc93 Loc126
Loc185 Loc185
Loc149 Loc173 Loc58 Loc187
Loc18 Loc66
Loc146 Loc13 Loc16
Loc104 Loc104 Loc156
Loc36 Loc128 Loc36 Loc170 Loc115
Loc137 Loc65
Loc59 Loc59 Loc141
Loc45 Loc52 Loc117
Loc32 Loc32
Loc118 Loc118
Loc85 Loc147 Loc85 Loc7
Loc197 Loc142 Loc20 Loc182 Loc158
Loc150 Loc138
Loc27 Loc27 Loc195
Loc34 Loc34 Loc180 Loc55
Loc161 Loc161
Loc44 Loc3
Loc172 Loc184 Loc172
Loc75 Loc135
Loc177 Loc177
Loc120 Loc120
Loc87 Loc68 Loc62 Loc72
Loc109 Loc154 Loc43 Loc109
Loc57 Loc57