1 7 36 28 33 30 47 48 35 23 40 31 32 34 44 27 15 22 39 21 20 11 26 5 14 46 9 3 16 41 25 45 42 10 4 38 43 19 24 13 17 6 8 12 18 37 29 2 1
48
1 49 128
7 107 120
36 130 110
28 83 131
33 67 127
30 101 95
47 113 141
48 58 68
35 92 84
23 108 55
40 117 87
31 70 143
32 139 135
34 50 77
44 114 102
27 140 78
15 85 103
22 94 71
39 57 52
21 82 138
20 115 124
11 65 142
26 121 100
5 90 93
14 105 75
46 54 144
9 73 72
3 97 112
16 91 133
41 137 106
25 86 80
45 74 122
42 89 104
10 76 132
4 51 118
38 61 111
43 136 64
19 98 53
24 134 88
13 109 79
17 66 60
6 126 119
8 123 56
12 59 116
18 69 63
37 99 125
29 129 96
2 81 62