g3ylJsdLuC idQHxtSnxr dj8JMfo3hX QrJxLpX875 6akdokYv9t N6YnWF3Aqg 33omYiVXOD 5SSy593K31 QOx0Q2p9eD yvMowGbkvn u4LnQNaaiz 0mnwiU4XrT idQHxtSnxr onlLq65Azx idQHxtSnxr 0mnwiU4XrT uqBwmUCwgE u4FAx2sHZm g2I4si69gU Qu2MUNKITj yU6iUY8YgO qnkfLCmfDn Pijq8aHqIR x066w6eh4W fWIjO8yhE3 EG1t1o8YrR fWIjO8yhE3 s3eMpsYH00 oIVQ2qkgnR WAi18jd2vJ S8BtTu4yH9 bserQRNqfz 2O61j91J3T K05xB79KZo Bx61hYSyg6 bWDewy6WbV pWVnBerIra MXIvZpEPtW 4TTtdOaCTp PcFJuErB3q YpRs8m6oyX 2S929yZddP 1QXjsHNYao 2S929yZddP YpRs8m6oyX FmtLnHv2HY GQ4F0g3Mdj XW1Wn7EqpN GQ4F0g3Mdj FmtLnHv2HY YpRs8m6oyX oEdovEhrWM wiMdNn30Xd TyL7NE2puV pKK7T4agKn vLjEFrUVJv fWIjO8yhE3 KZfI0wRW9K bsEkAY2K41 vUu8ijgxxf euuICgBLD4 r8njDwxc2t euuICgBLD4 nFqfAnhO3U Pijq8aHqIR s3eMpsYH00 oIVQ2qkgnR JD3uem81Lg IA0Uf143OT BNkM7qaRNw yky49wE4YG 2nSOTVmvxV 5hWe1EOa3M LIaAthcOOG LeZK9UvMT9 vnZBjkVngj oVMPVsMWrZ g2I4si69gU Qu2MUNKITj yU6iUY8YgO XOxGPscMMG WcyuqGYOzU oWmQcQwHPo dC48GQHGzO oCk2Yieytb 33omYiVXOD YAqGe4tKAP yky49wE4YG YAqGe4tKAP VpC9l6m3bG ZqWjuL44qr jBYJ7v19BQ qjDSEKmZMW vLjEFrUVJv fWIjO8yhE3 uvoepIQg9n LCKLTNE1vp TSSOUimHPg 97ZNlakBoq 7ZWqK2F5XG gTAImjNH8G 7ZWqK2F5XG 2O61j91J3T dqqG7Zio8x CSjLrGbUz3 WYEDqSuNRX 4znnlMjVra MXIvZpEPtW pWVnBerIra IT4pKw3giW 7wS9dKOnJR IT4pKw3giW pWVnBerIra gTAImjNH8G M2hatQPY96 tubjzjzUpV 1KJyArncTt XlU2fx0ZPn BNkM7qaRNw IA0Uf143OT JD3uem81Lg D0kECQ0RvI emYRLTiyj9 2eMl9AO5o8 oWmQcQwHPo dC48GQHGzO 1TfvXd6dPZ 1N2P3Sa7im x066w6eh4W IGpxjveim7 x7iq98BiN3 IGpxjveim7 TSSOUimHPg BUMLJo6sc3 TSSOUimHPg mok9StGG0X rCoEuOa7EU XW1Wn7EqpN GQ4F0g3Mdj fXy828RCG4 VpC9l6m3bG 7wS9dKOnJR 12ECENJIev Oiowits7js FvzkpZRSj8 PcFJuErB3q CxfzSa2YOV M2hatQPY96 gTAImjNH8G 7ZWqK2F5XG 0SQlBVJ1YY Pz3egMzKU8 gZXiityEnU Pz3egMzKU8 0SQlBVJ1YY fWIjO8yhE3 WAi18jd2vJ Tk8ERvdKxF oCk2Yieytb TSSOUimHPg BUMLJo6sc3 idQHxtSnxr g3ylJsdLuC
73
idQHxtSnxr idQHxtSnxr
dj8JMfo3hX dj8JMfo3hX
QrJxLpX875 QrJxLpX875
5SSy593K31 5SSy593K31
yvMowGbkvn yvMowGbkvn
u4LnQNaaiz u4LnQNaaiz
0mnwiU4XrT wRn7Oi1bcW 0mnwiU4XrT
onlLq65Azx onlLq65Azx
u4FAx2sHZm u4FAx2sHZm 2OsmeZV9xh
g2I4si69gU g2I4si69gU
yU6iUY8YgO yU6iUY8YgO
qnkfLCmfDn qnkfLCmfDn dMOAUqH7Z3
Pijq8aHqIR lfdanPGo3c Pijq8aHqIR
fWIjO8yhE3 KHDeTTvJC1
EG1t1o8YrR 8KtuAXHUy3
s3eMpsYH00 s3eMpsYH00
oIVQ2qkgnR bhojeHeddF oIVQ2qkgnR
WAi18jd2vJ WAi18jd2vJ
S8BtTu4yH9 S8BtTu4yH9
bserQRNqfz KpxiCfRqh3
2O61j91J3T 2O61j91J3T
K05xB79KZo K05xB79KZo
bWDewy6WbV bWDewy6WbV
YpRs8m6oyX YpRs8m6oyX
2S929yZddP 2S929yZddP
1QXjsHNYao 1QXjsHNYao
GQ4F0g3Mdj GQ4F0g3Mdj
XW1Wn7EqpN XW1Wn7EqpN
oEdovEhrWM CUEWGmB7Gt oEdovEhrWM
TyL7NE2puV TyL7NE2puV
bsEkAY2K41 bsEkAY2K41 Q1N77BLmyb
vUu8ijgxxf vUu8ijgxxf
r8njDwxc2t r8njDwxc2t
nFqfAnhO3U TBzLS0OAYU 0hs3CNDF4L
JD3uem81Lg JD3uem81Lg
IA0Uf143OT IA0Uf143OT
BNkM7qaRNw BNkM7qaRNw
yky49wE4YG yky49wE4YG Pv5LMSkQii WRd4lScvm6
2nSOTVmvxV TP2TNyk7wl
LeZK9UvMT9 LeZK9UvMT9
oVMPVsMWrZ oVMPVsMWrZ
WcyuqGYOzU WcyuqGYOzU
oWmQcQwHPo oWmQcQwHPo
dC48GQHGzO pk0Vh75DnH RN0bCAV6rQ
oCk2Yieytb oCk2Yieytb
YAqGe4tKAP YAqGe4tKAP
jBYJ7v19BQ jBYJ7v19BQ
qjDSEKmZMW qjDSEKmZMW
uvoepIQg9n uvoepIQg9n
LCKLTNE1vp LCKLTNE1vp
97ZNlakBoq 97ZNlakBoq
CSjLrGbUz3 h5Si5BAPN0 QTNhZIciNJ CSjLrGbUz3 xtp1B5q0W1
4znnlMjVra 4znnlMjVra
IT4pKw3giW IT4pKw3giW
7wS9dKOnJR 723MhcLxt0
M2hatQPY96 M2hatQPY96
tubjzjzUpV t25XjDwQhD tubjzjzUpV z9nRKYQ1ub
XlU2fx0ZPn XlU2fx0ZPn
emYRLTiyj9 emYRLTiyj9
1TfvXd6dPZ 1TfvXd6dPZ mbSdju1TJK
1N2P3Sa7im srT70dfQEr
x7iq98BiN3 x7iq98BiN3
BUMLJo6sc3 fecMfiAuGC BUMLJo6sc3 jPXsbXPNMq
mok9StGG0X biWuM2iRnz
rCoEuOa7EU mwzQG3SxnO
fXy828RCG4 fXy828RCG4 KUJdxKVZFO 7g0Idy1nzK nKHFs5cKTX 0wTk0mYkLH 03xK87sjTf
12ECENJIev 12ECENJIev WvFZJEkTrw aEo62SfMqH
Oiowits7js Oiowits7js
FvzkpZRSj8 FvzkpZRSj8
CxfzSa2YOV CxfzSa2YOV
Pz3egMzKU8 Pz3egMzKU8
gZXiityEnU gZXiityEnU
Tk8ERvdKxF Tk8ERvdKxF uIf3wnJUdn