6Zg7j6t8kt wXTrLT9dUx 8pgnfE3xKu dqEsxDzQkU vCSWEyz4PC KpPj50fAfy OF1HL5xl4P HpRVhY9Btb zH4Z0p0Ftj 2Xeaya9zol NgxnYo41LY cqCbnI2bkr NgxnYo41LY UgxUR9jKcJ Ma7DUhMrCQ Iroa6leixY oQb2PqTM8x H0NdoJawvz oQb2PqTM8x tvKOOMQ7Sv rCrtLJTXdv fbxiHLAsv4 79JJ9GZF8c s8EkvbOYAX 1iUrZ2N0MA pm1Yq2dCLL 1iUrZ2N0MA SDcTVr32JM 4ViGHxfdlc 0gqiqztWgj fhmE7A9rVl 79JJ9GZF8c fbxiHLAsv4 KpPj50fAfy zG9cl6Gy30 7cteJXIZM1 YrPP1U1r20 I1RTFIGWhc TH1GgoG5GU Octagmmhko 1koyFI8rlU G05S6XZiBa 4RZs4XFvF9 OR78sPVsV9 oRs9wR3IGE 8pgnfE3xKu OGWcs2X8pk NULo72dPyj I1RTFIGWhc YrPP1U1r20 ckEVpwA8CD YrPP1U1r20 7cteJXIZM1 zG9cl6Gy30 KpPj50fAfy dyS1o5lQHD J6nn6V6pVr 4lUeyqYb0U NgxnYo41LY I1RTFIGWhc eQGeDFyUBy I1RTFIGWhc NgxnYo41LY 4lUeyqYb0U J6nn6V6pVr fbxiHLAsv4 79JJ9GZF8c M9d0z6OccV ka4cgDWgq7 6Zg7j6t8kt
36
wXTrLT9dUx dojrtYXceT 1aPtXDhYtV wXTrLT9dUx
8pgnfE3xKu 8pgnfE3xKu
vCSWEyz4PC vCSWEyz4PC
KpPj50fAfy KpPj50fAfy
zH4Z0p0Ftj zH4Z0p0Ftj vD4d0BZ03p VWD9Yy5Xrg
NgxnYo41LY NgxnYo41LY
cqCbnI2bkr b3jUAAPOlA cqCbnI2bkr
UgxUR9jKcJ UgxUR9jKcJ
Iroa6leixY Iroa6leixY
H0NdoJawvz 4JtfcKJvHu H0NdoJawvz
tvKOOMQ7Sv tvKOOMQ7Sv
fbxiHLAsv4 fbxiHLAsv4 YZKJeBb8Pe
79JJ9GZF8c 79JJ9GZF8c
s8EkvbOYAX s8EkvbOYAX
1iUrZ2N0MA ESDdDChkYw
pm1Yq2dCLL uXkvSfF7Kv iyQiEnpG35
4ViGHxfdlc 4ViGHxfdlc lrFRnKniRv MpRNDD0glq
0gqiqztWgj 0gqiqztWgj
fhmE7A9rVl fhmE7A9rVl
7cteJXIZM1 7cteJXIZM1
YrPP1U1r20 YrPP1U1r20
I1RTFIGWhc I1RTFIGWhc
TH1GgoG5GU TH1GgoG5GU
Octagmmhko Octagmmhko
1koyFI8rlU 1koyFI8rlU
G05S6XZiBa G05S6XZiBa
4RZs4XFvF9 4RZs4XFvF9
OR78sPVsV9 EZQ9HUGjRN
oRs9wR3IGE oRs9wR3IGE
OGWcs2X8pk OGWcs2X8pk
ckEVpwA8CD YQKcyMibnc ckEVpwA8CD
dyS1o5lQHD OpwMnuSGmp
4lUeyqYb0U 4lUeyqYb0U
eQGeDFyUBy GSDEYlNcCM 97dvK2Az7S Dkc5CxJ6RV
M9d0z6OccV M9d0z6OccV N08DpqDewo
ka4cgDWgq7 ka4cgDWgq7