ctUVEJSyNR Z82QDWb0Pr U5XdtBFGOe uVIshS2g8a zUWT7uduzq HEqjxwCWnl UphA2uAaYC VbPBW7rmhF 6lpxgUxCxO jKpmFoejPZ gLI8ArV2Ui N4DMbR59L3 MzId8uwrPz sY3UqAEMG3 8Jejdr7ynm 7d3UA4fKWz Z82QDWb0Pr HTp005294X VBTKstUXwG oWdH0Xcxwv HG8olhhcTZ BtCEVbHoQI VbPBW7rmhF MuYreynm57 f91pUtm9EZ RLF9v27sOQ T3o9dNVbcG Z82QDWb0Pr HTp005294X TDmNOuGJBk T3o9dNVbcG ctUVEJSyNR
20
Z82QDWb0Pr Z82QDWb0Pr
U5XdtBFGOe U5XdtBFGOe
uVIshS2g8a qg08r1Pg6g
zUWT7uduzq zUWT7uduzq
UphA2uAaYC vzXeZbLrSW UphA2uAaYC
6lpxgUxCxO 6lpxgUxCxO
gLI8ArV2Ui gLI8ArV2Ui
MzId8uwrPz MzId8uwrPz
sY3UqAEMG3 oPQmRUijH5
8Jejdr7ynm QwY2G6aX6c 8Jejdr7ynm
7d3UA4fKWz 7d3UA4fKWz
HTp005294X IU0Ia8127Z
VBTKstUXwG 8UaR4YpZys VBTKstUXwG
HG8olhhcTZ HG8olhhcTZ
BtCEVbHoQI I4iTN5KXjB BtCEVbHoQI
MuYreynm57 osdKgXyg1e MuYreynm57
f91pUtm9EZ f91pUtm9EZ
RLF9v27sOQ RLF9v27sOQ
T3o9dNVbcG T3o9dNVbcG
TDmNOuGJBk TDmNOuGJBk