153 170 113 0 60 155 45 178 193 69 192 29 30 15 153 64 172 150 168 11 86 22 126 59 81 98 103 48 3 197 73 80 39 80 171 125 9 125 71 74 159 28 135 111 8 189 78 163 162 56 100 23 91 137 153
43
153 153
170 134 170
113 113 58
0 138 43 0
60 112 60
155 61 195 131
178 77 178 145 95
193 179 52
69 53 68 118
192 192 5
29 161 29 99
30 120 36 129 184 47 188 12 34 21 93
15 15
64 128 50 96
172 172 136 26
150 150
168 168
11 11
86 86 4 196 13 7 124
126 126 16
59 152 146
81 81 119
98 122 98 88
3 3
197 180 197
80 140
39 70
171 171 83 169
125 79
9 156
74 20 74 89
159 167 49
28 28 182
135 135 194
111 37
8 8
189 42 147
163 163
56 56
100 187 127 160 2
23 23 90 35
91 40 108 41 19
137 137 177