3xgrfvks 1huq1df lrleda nbvknr lrleda ag29aqlop ho87zq94a914a okbjywtq4zz9 d5podyx2rn1o d3y7jq 4418l7vdyv kr5jy4uyjt bt3xcgwcd6c uqc3avv5 2hmpo9x8v795 45bp6qh 5ed169a5jrt pxtk2 d8hwo5pi i3la5wvv4 it92vprqk ifmqwyt6x 2hmpo9x8v795 4418l7vdyv b9zxvj22sc pxtk2 nbvknr lrleda m5uyvxo2h fcxnizqrra xu1a9wr 4l424khddum 45bp6qh ou2rf1qhh 8evxiqgcp69n a863i9u9 dooatf4 a863i9u9 ual3asit 3xgrfvks
23
1huq1df 1huq1df
lrleda lrleda
nbvknr nbvknr
ag29aqlop ag29aqlop
ho87zq94a914a ho87zq94a914a
d5podyx2rn1o d5podyx2rn1o
d3y7jq d3y7jq
4418l7vdyv 4418l7vdyv
kr5jy4uyjt kr5jy4uyjt
bt3xcgwcd6c bt3xcgwcd6c
uqc3avv5 uqc3avv5
45bp6qh 45bp6qh
5ed169a5jrt 5ed169a5jrt
pxtk2 pxtk2
i3la5wvv4 i3la5wvv4
it92vprqk it92vprqk
ifmqwyt6x ifmqwyt6x
b9zxvj22sc b9zxvj22sc
m5uyvxo2h m5uyvxo2h
4l424khddum 4l424khddum
8evxiqgcp69n 8evxiqgcp69n
dooatf4 dooatf4
ual3asit ual3asit