htb26qt k3qywmpr 9sp3riwrk66 p5ujl2azex pt2n7hl hq5mh8mi dt4ljfgjkizpq hq5mh8mi vrem3ey3kg44 onl7cjn 59yzvtv iffsi 4lvyha1 itbc25it1yep 2hzpyd 4wptk69oipw gxy4oc4 1161ildqnj pwqxinlzb3s 52a3fj2zh 9oii82xaa gd5ct4 uzsjpl5f5 6k7du hwu8dv9jgknbm x73l73jp yr44oj2 ligw3mffc aplkk57cpzm 44yverx piawzpgtzz9 1161ildqnj wqkqf pxudbw3kn 52a3fj2zh 87jxa zjh83ae nd9xavj 9egqgrh7x4e kxhc6t8tu hwu8dv9jgknbm lyvvnwfs q42s9z886w5 ml5lp1nmef z4kx8k9 hipbkq7s74z 52oycn21v 6u4sf1gi s9vu9xx884 8m3pascg uzsjpl5f5 eb3m8w2lan ilaz9q pmyqr aq2rero4e 3w86rqxzpi tfiihyy grn3uqx9y u8tp4tq zjj1dm8s qq3mi og6n7bgq8h 59yzvtv htb26qt
50
k3qywmpr k3qywmpr
9sp3riwrk66 g2g6fxcwr2l
p5ujl2azex obabms
pt2n7hl yhvc7zg fej54ps5j hc2hf5t8 tu8xxomxhi 3khitn6 euhqqqmdpe pt2n7hl hyc885fvjls
hq5mh8mi hq5mh8mi
dt4ljfgjkizpq ozag34bm9 9lvbrlgk ht1efrhmh dt4ljfgjkizpq
vrem3ey3kg44 vrem3ey3kg44
59yzvtv 59yzvtv
iffsi iffsi
itbc25it1yep 4w6uhigzl
2hzpyd yg6hizqty
4wptk69oipw 1ca2x2cnc
gxy4oc4 ushjdkdhm9
1161ildqnj ynuam4f8 1161ildqnj
pwqxinlzb3s i6lsw66h pwqxinlzb3s
52a3fj2zh 52a3fj2zh
9oii82xaa 9oii82xaa
gd5ct4 gd5ct4 itrx5fucdq t4iedm
uzsjpl5f5 mw8g2qjo1 uzsjpl5f5
6k7du 6k7du
hwu8dv9jgknbm hwu8dv9jgknbm
x73l73jp dlkmpx x73l73jp
yr44oj2 yr44oj2
aplkk57cpzm aplkk57cpzm
44yverx ic2r4blmm9
piawzpgtzz9 piawzpgtzz9
wqkqf wqkqf
pxudbw3kn txlltgki 8gc7dka8lfy
87jxa 87jxa
zjh83ae yhp7wbv9 zjh83ae
nd9xavj nd9xavj
9egqgrh7x4e 9egqgrh7x4e kwtb3cg
kxhc6t8tu kxhc6t8tu
lyvvnwfs e7lxs
q42s9z886w5 q42s9z886w5
z4kx8k9 h1gz5hzz y3eg7gqq6 ysiw8m4l
hipbkq7s74z 1jhmm8m85
52oycn21v yx6dguko a5u8g4sej
6u4sf1gi 6u4sf1gi zou7sx9w
s9vu9xx884 s9vu9xx884
8m3pascg 8m3pascg vl6czuab 37v6d
eb3m8w2lan f92ere3 tjwldi
ilaz9q ilaz9q 812l47wm 4ka6l1c8w
pmyqr pmyqr
aq2rero4e 8jea4n4ez ay5sahonq84 mucolb1r
grn3uqx9y grn3uqx9y
u8tp4tq art44ncra
zjj1dm8s l8yypbh 5stwoup 7pbkkbbpw
qq3mi nm7ud 7hz6j8
og6n7bgq8h p9mtts og6n7bgq8h