y1ueyuwp svhmnjst1e u4xzrfm7f kc3zwg52 f3vyq53xc 2bwd2j b7of9a oyoi4md61 8erlfq 6cobswykzz yik8cqxn2 2y9obuu p53u2x9bku99j 2y9obuu qde64o9i3e 2bwd2j qde64o9i3e 38s4jyp4eu z3qc9ub umnww3 v1cixzc quxig9xz2 nnie92a oso2xmpn1i ywksl5wd yida2btlrgcd2it ehy39 yida2btlrgcd2it 8cfvpx26xwcwt q847myi p4fcg3ba mqt67y9n semnfibvvw 95nsenz6 z3qc9ub 2jba9pca d37uowoo2 31raz5hp9v l12pu wumltwm xllfi9b oyoi4md61 3hlob94j5u y1ueyuwp
30
svhmnjst1e svhmnjst1e
u4xzrfm7f u4xzrfm7f
kc3zwg52 kc3zwg52
f3vyq53xc f3vyq53xc 9956fi
2bwd2j vehkyi71w 2bwd2j
b7of9a vnsdusp
8erlfq 8erlfq
yik8cqxn2 yik8cqxn2
2y9obuu 2y9obuu 6u33i
p53u2x9bku99j t9q1ztn8723 p53u2x9bku99j
38s4jyp4eu 38s4jyp4eu
z3qc9ub eq5c5ygub 8eg2mee w4qoh15
umnww3 umnww3
v1cixzc rkd38ui5s4
quxig9xz2 j2pso94 quxig9xz2 bmicm4au
nnie92a fhrrge
oso2xmpn1i uus7jirbe
ywksl5wd kch7lui7 ywksl5wd
yida2btlrgcd2it yida2btlrgcd2it
ehy39 ehy39
8cfvpx26xwcwt 7og7qr4t86 8cfvpx26xwcwt
q847myi kab7t8o7qjj my85gnmouy q847myi
p4fcg3ba jjeivv4j55
mqt67y9n mqt67y9n
95nsenz6 4cddmu86gmo 95nsenz6
d37uowoo2 swoprer
31raz5hp9v 31raz5hp9v
l12pu l12pu
xllfi9b xllfi9b
3hlob94j5u 3hlob94j5u