index97 index39 index7 index44 index68 index65 index2 index83 index32 index88 index94 index76 index86 index76 index25 index43 index14 index0 index91 index22 index9 index8 index48 index12 index15 index49 index36 index99 index58 index71 index34 index53 index75 index9 index8 index48 index12 index30 index15 index49 index17 index90 index27 index32 index94 index85 index6 index76 index99 index23 index90 index73 index68 index90 index17 index96 index57 index26 index12 index92 index8 index48 index12 index15 index97
35
index97 index1 index97
index39 index51 index63 index39
index7 index33 index7
index44 index44
index68 index68
index2 index2
index83 index38
index32 index32 index35
index94 index94
index76 index76
index86 index72
index25 index25
index43 index52 index70 index59 index42 index43 index29
index14 index14
index0 index0
index91 index91
index22 index22
index9 index9 index78
index8 index8
index48 index48
index15 index3 index15
index49 index49 index11 index79
index58 index58
index71 index10
index53 index13
index75 index24
index30 index31
index27 index27
index85 index41 index85
index6 index6
index23 index23
index73 index73
index96 index60
index57 index57
index26 index26