index155 index56 index156 index129 index7 index57 index15 index85 index9 index111 index5 index173 index84 index53 index123 index141 index38 index166 index54 index143 index168 index196 index188 index26 index80 index68 index23 index172 index102 index3 index64 index54 index188 index26 index157 index76 index154 index67 index14 index17 index61 index125 index97 index38 index70 index188 index91 index187 index45 index154 index150 index65 index126 index65 index61 index125 index97 index38 index107 index49 index88 index83 index169 index9 index85 index95 index89 index146 index10 index152 index68 index137 index165 index91 index157 index53 index22 index198 index22 index52 index136 index161 index179 index20 index55 index195 index160 index112 index199 index111 index5 index173 index167 index183 index118 index21 index5 index32 index181 index155
61
index155 index144 index155
index56 index56
index156 index100 index156
index129 index129
index7 index116
index57 index57 index18 index114 index121
index15 index15
index85 index190
index9 index9
index5 index5
index173 index108
index123 index87
index141 index128 index141
index143 index143
index196 index196 index37 index25 index174
index26 index96 index130 index26
index80 index31
index68 index90
index23 index23
index172 index172
index102 index6 index63
index3 index3
index64 index30
index157 index39 index157
index76 index113
index154 index27
index67 index67 index164
index14 index142 index14
index17 index17
index125 index125
index97 index97
index91 index69 index24
index187 index62 index47
index45 index110
index150 index150
index126 index4 index126
index107 index133 index107
index49 index49 index92 index159
index88 index88
index83 index83 index40
index169 index19 index169 index42
index95 index186 index95
index89 index89
index10 index50 index134 index10
index152 index152
index137 index170 index81 index137
index165 index165
index22 index86 index22
index198 index124 index198 index44
index52 index52
index20 index99 index20 index131
index55 index55
index160 index106
index112 index112
index199 index199
index167 index167 index109 index158
index183 index60
index118 index11 index115 index118 index58
index21 index21
index32 index32
index181 index66