M2S9flVUcYP2sJdh8LXf H59EihDjhfpS7ToXFM3L M7SD6FC2BzrEV1z9ajVv C1CVSQIxudgISqBvCOoA 93aDiM8K0XhtiVcCVKi2 vodEvdIApqt0N3TZsbxN ag5vZ07KPwCr1Lpz8zM0 Dc1wEVV3kuOZotG6pNlL uy6RcQAYd3ATM1Icq3my wMERbIWoRIf6BT6nQKYQ LxEzX08MG9T8knIYbul0 9Jr76N4fnNot7SNYqBKG sZojFweTE55bBWYz0Tda Kfu1pc3YPMGebW7Iu8ex dKH5OdpmJKCU83bbXVxZ tuE7UekaxGUib4idWtYa 93aDiM8K0XhtiVcCVKi2 X9TJsvmT50zYeG0q6XSG 93aDiM8K0XhtiVcCVKi2 vodEvdIApqt0N3TZsbxN zD7ErBenXxsG4D9b5TEV i2zuTkgDKtYA8Q9KejMN k7k4sHxeh1pR4sOjcVuj Dc1wEVV3kuOZotG6pNlL ag5vZ07KPwCr1Lpz8zM0 fmFrd4vggNac5TkiFJAd Z8MZ2JfftjeVVnGFSOQe PbYOO88SokShsv7XrgBm Z8MZ2JfftjeVVnGFSOQe lOEjyrMvpa6QONpUJC0R pNXWB5geApaSjbsCCT4J Dt5YfbjQq6VoKnyw6Zav oWxP87H6AXwFzF0dpB9d Dt5YfbjQq6VoKnyw6Zav 0zL2lyKxPHODDF48l5vJ L8bxdxuDa5issn2PiN3u tVhIJJgs0kEFaQx1hdWm 5jhNGHh0Et1Lidy4vCpq wpBgd82GxlO3hr1i0lHL Z8MZ2JfftjeVVnGFSOQe fmFrd4vggNac5TkiFJAd m1IYiQsUBuvvpTv7yWXO ZBeXR80522AAM5P7qeaG ag5vZ07KPwCr1Lpz8zM0 yCGd2pn2AE5LZ3OxzJbL LxEzX08MG9T8knIYbul0 5gumrx48u1yPpF6ivPOI tUowOUG1V7iCXBCMR0AT 9Jr76N4fnNot7SNYqBKG 9GrchmlNCDIapQ9OnEYh 4bQwji0D4wyEDLd54MWv i2zuTkgDKtYA8Q9KejMN EtrZREkmL456viQQJ9Rb M2S9flVUcYP2sJdh8LXf
32
M2S9flVUcYP2sJdh8LXf M2S9flVUcYP2sJdh8LXf
H59EihDjhfpS7ToXFM3L H59EihDjhfpS7ToXFM3L
C1CVSQIxudgISqBvCOoA sH3pvLOfMUrEGUrmsHCu
93aDiM8K0XhtiVcCVKi2 93aDiM8K0XhtiVcCVKi2
vodEvdIApqt0N3TZsbxN vodEvdIApqt0N3TZsbxN cdaizmjQrCe5Vnwy3JQF
Dc1wEVV3kuOZotG6pNlL LNMZej67uy0Whvqp5OR1
uy6RcQAYd3ATM1Icq3my zdtRVpQ9lVyEhNj9Evpp ECCnzlgsMEvTYjNwAlfM Eu0wGcDBBrgvePzHfqrS dOKaHsIcDX32wPXAX2Gt uy6RcQAYd3ATM1Icq3my
wMERbIWoRIf6BT6nQKYQ yZPIHwySFuIdRJCMzjnz
LxEzX08MG9T8knIYbul0 LxEzX08MG9T8knIYbul0
9Jr76N4fnNot7SNYqBKG 9Jr76N4fnNot7SNYqBKG
Kfu1pc3YPMGebW7Iu8ex Kfu1pc3YPMGebW7Iu8ex
dKH5OdpmJKCU83bbXVxZ 0uvEfLgT4s8ImTk9VWBt S8uMGvUglWyhnfV5Wzdp dKH5OdpmJKCU83bbXVxZ
tuE7UekaxGUib4idWtYa PZrpdQAa8H8tkrajh08J
X9TJsvmT50zYeG0q6XSG Bc6dudheE3WGLxP0iDdK
zD7ErBenXxsG4D9b5TEV zD7ErBenXxsG4D9b5TEV
k7k4sHxeh1pR4sOjcVuj k7k4sHxeh1pR4sOjcVuj
fmFrd4vggNac5TkiFJAd fmFrd4vggNac5TkiFJAd
Z8MZ2JfftjeVVnGFSOQe Z8MZ2JfftjeVVnGFSOQe
PbYOO88SokShsv7XrgBm W4IxjYZtRN88GGSV9Uoc
pNXWB5geApaSjbsCCT4J nbZglhhmYQAPQz4eETaj pNXWB5geApaSjbsCCT4J
Dt5YfbjQq6VoKnyw6Zav Dt5YfbjQq6VoKnyw6Zav
oWxP87H6AXwFzF0dpB9d oWxP87H6AXwFzF0dpB9d jgcWqrcniA4q9WNs9xkc
L8bxdxuDa5issn2PiN3u Jjat3uJ5XboI9kZe0522 L8bxdxuDa5issn2PiN3u
tVhIJJgs0kEFaQx1hdWm tVhIJJgs0kEFaQx1hdWm
5jhNGHh0Et1Lidy4vCpq Z0DuoZMcx6oyDPWFznMK
m1IYiQsUBuvvpTv7yWXO m1IYiQsUBuvvpTv7yWXO
yCGd2pn2AE5LZ3OxzJbL XmlH4l2BXG35TF70bZqZ NMTjl1jsvrb7y2ggdCSc
5gumrx48u1yPpF6ivPOI yHMPX8vHctuUweyLluyz vxiwkV1b5fV2sGCBFsRQ 5gumrx48u1yPpF6ivPOI gZVNRDm5p6aX5QEEX8UG
tUowOUG1V7iCXBCMR0AT tUowOUG1V7iCXBCMR0AT
9GrchmlNCDIapQ9OnEYh 9GrchmlNCDIapQ9OnEYh
4bQwji0D4wyEDLd54MWv v0QJIKD4q7sFXrzFSb6J 4bQwji0D4wyEDLd54MWv 8KfYYXeMqM0D4nShLOzi
EtrZREkmL456viQQJ9Rb EtrZREkmL456viQQJ9Rb Pqf0Sn4UvsBLaxz7WO4n 48nWZMVqWDxfH9uMf2U3