hC71hIuyRaST3AiaSZqg YygsiZkXDS9oQ07w4psX kITtdSORrLGuHqAl2YGb c2cBpUI19bqo5IjxQzNs uJlmjikTUoEO48jGpFMW nnG2z19YXqYOoAxMQkFV ZUt08qPkISJA3VT4fdsK hC71hIuyRaST3AiaSZqg m0W1PzAhoOpYXaJ0LLW5 FzgyYozZJweUgT2UncY3 nnG2z19YXqYOoAxMQkFV CMQ0OeWc1jOFVxmSr3hH 6jnt0RQvUBeXBhrLOwzh Z2YJKymsE6JEohxl2CgC MCc3yEIO8tXzzu5ZknlT CMQ0OeWc1jOFVxmSr3hH m6rR2iEESZqKqRpPfrCl dsEyS8WvuzfBZPrbbzZx EGP8Bd7gbzca7HmQthfa Z2YJKymsE6JEohxl2CgC khygntR9CTz08DjsR0la Tgouk8HApNFShyYjQedR QYsTJmc2IUi36H1YK47s F5wAHGfxfHDlSYlCHBkp EfhuR5UGBxqkoqdQBn2E fzCA3w8Mu664WC0yRZb5 DmIjX4adnoqSEDmx2f39 fxnnXXAtldMGBgqECnVx FE29I03FH1qEyEvIQNGT PqB0lgs9Brze4wJGQzAM RSJQdRAK7H6zYHVeXyPj fm9EBymrV0VSOljfjrTQ eULKHiriYHElwEbrQo2X NjrNYv2s9TjuFmdhy6vq aGWdv30UuUFiszMErlJF 63EFNMvLteBrV7Lj9nA4 kvWSRFx5cBJAdKv02AAn 24YcTAlCtPoNC11H3BAQ NWAZrSnr0i1Dj5TA6dLc RiZJXix70KkeQI5YZY9j WWEBxNNG20y6nEEMPvzN QDFrfZgHiHMBgGJy1v64 wqyhoOJuJuNfuZ1c9ZhU mUdsQgC4b4x2HD8wqon6 JuSdCG8HSUzwufkmRvTN 8w6JkwNghwwfzVWZlMG6 QHOT9LWV0s6xVVreglDh EnQuMk7pVZUnmn2BboBv xtgYSd34f56WAH3CCBpW 8X2kWfVN7ACYeLRlwU5k t9sTQNaMU9o2HF5pm7xT x74MQe7pEH17MLQqDD8H z0rRwRZbA1TaaAgS8PYu h52UeNen88U7Y4iFuOF7 OBEPyJuvhH0Z9VoT2UNC PFAHK1LPbENiUm01N8B0 F5wAHGfxfHDlSYlCHBkp EfhuR5UGBxqkoqdQBn2E fzCA3w8Mu664WC0yRZb5 MCc3yEIO8tXzzu5ZknlT CMQ0OeWc1jOFVxmSr3hH 3MmCPAjYheu6g9TkIxDm qzhMj5jvroYQ0sxm9D9f ivvO5yUvAxjOjLiwMPV4 xTqag3TRSmD8TI7ozU6T nOsoIFzZBhdd6bjP45Ba m6rR2iEESZqKqRpPfrCl x81SdeDfzbsk8wgCHcJT bw0K7NVh1sgqlnescYkX gY86LqbQLTIYrcgU8Crt dsEyS8WvuzfBZPrbbzZx QDFrfZgHiHMBgGJy1v64 EqrhH8oFQmMRN10foGjV 8IUV6HBSYn47shRwVW5F hYQ8wC7QWWx5wW2TCt2Y WgneGAZv4qtDq8Q5DYZf Mi1upMhcgP7iV16OWKN5 CIdYfkuOMaRk394L6cKF hC71hIuyRaST3AiaSZqg
51
hC71hIuyRaST3AiaSZqg COVfDobG5VcfcSxLDUch cXmjc3Wu4kjM1IHGgfA5
YygsiZkXDS9oQ07w4psX OAcbYkMyAi1Iu0vWaaFc YygsiZkXDS9oQ07w4psX v0QCMKnmfkXllH4nQHen
kITtdSORrLGuHqAl2YGb EEWjQ3rZ3GM9oucA2vc5 oq1GulTWdKtwAlNIQxnY
c2cBpUI19bqo5IjxQzNs 2YL9dYowMkTTxjU0fVal
uJlmjikTUoEO48jGpFMW zbsjvfwSdNExCnTFLo8x TrUW9m3qjkTMvqHNRot0
nnG2z19YXqYOoAxMQkFV nnG2z19YXqYOoAxMQkFV 72cxNTZ1Tw5teVGiR2xj 2dfprAgHp3T6RrgooKgP
ZUt08qPkISJA3VT4fdsK VkEnPX1CQCoh4CxlXSlf
m0W1PzAhoOpYXaJ0LLW5 UQEmoPmHSH2FlTDuXOEx Ca5sYccbD9TUz7JLHrcf Wf6tYlitgmZKoXfughsS
FzgyYozZJweUgT2UncY3 4wWd3kvalFkda9M583i7 btiXecpJBKmrIHtQ7jPA
CMQ0OeWc1jOFVxmSr3hH kuIwHVHn49UEM4TprHKr
6jnt0RQvUBeXBhrLOwzh 7DZfG4yobV0xCcSaxf27 6jnt0RQvUBeXBhrLOwzh
Z2YJKymsE6JEohxl2CgC yMXdJdorJpzOHHt9uIfg 2QgUKFj4HV0dn5Ia55tj 2TderjwrXrNV2UBZ77eD LI8fhHKJlh7mQx1nNK0m IWOalMs6IXX5Ln6F9Eov Z2YJKymsE6JEohxl2CgC
MCc3yEIO8tXzzu5ZknlT 1wSeohNTb1oCspxe2x4j
dsEyS8WvuzfBZPrbbzZx dsEyS8WvuzfBZPrbbzZx
Tgouk8HApNFShyYjQedR Mufarp9xGx29xj0P1ijS sCcEFmBkhTop4sycKzuM lVjpvSHc5hBrS7dzTmI1 Tgouk8HApNFShyYjQedR Dv6lwBgjbbZceuQXFzFf
QYsTJmc2IUi36H1YK47s QYsTJmc2IUi36H1YK47s
F5wAHGfxfHDlSYlCHBkp IC3wlDskAWyf0o1M61kl vXrEXAmThLoQVXFImZcg b9q1t3OMZ6dXE5R6ca5w
EfhuR5UGBxqkoqdQBn2E KqTw626stjcdChciHrJ6 4MuL6AbQo2ozZ4x7psrd
fzCA3w8Mu664WC0yRZb5 fzCA3w8Mu664WC0yRZb5
DmIjX4adnoqSEDmx2f39 DmIjX4adnoqSEDmx2f39
FE29I03FH1qEyEvIQNGT FE29I03FH1qEyEvIQNGT
RSJQdRAK7H6zYHVeXyPj yXrak2UUHdgFCsCWvgfp oakCd1HozhO35GtImcF2 RSJQdRAK7H6zYHVeXyPj
fm9EBymrV0VSOljfjrTQ laRDyozSdXcFtmdQ5VqD
eULKHiriYHElwEbrQo2X eULKHiriYHElwEbrQo2X
aGWdv30UuUFiszMErlJF ddzqPXECnHQT4a4RIpSF aGWdv30UuUFiszMErlJF W5rNQea9NsCafaUbLgWC
63EFNMvLteBrV7Lj9nA4 R22TNV5lr1tmI44FcHvv nmwnnNlPCMIjajSEo2R3 63EFNMvLteBrV7Lj9nA4
kvWSRFx5cBJAdKv02AAn C5aQkckiWq5qVUhbiI57
24YcTAlCtPoNC11H3BAQ 24YcTAlCtPoNC11H3BAQ jLS4UljOCe6h8LwAOGRX
NWAZrSnr0i1Dj5TA6dLc NWAZrSnr0i1Dj5TA6dLc fuNQ8Sfy86k6zaBQjwEz
WWEBxNNG20y6nEEMPvzN NqvNOj5h3GSbJm5NawjL
QDFrfZgHiHMBgGJy1v64 RDnAjQbgrCahBSBieO1p
wqyhoOJuJuNfuZ1c9ZhU 6KcltWtleWJ6izN3XL0F wqyhoOJuJuNfuZ1c9ZhU
mUdsQgC4b4x2HD8wqon6 mkGdh9qd7uj9x5W3Koxj
JuSdCG8HSUzwufkmRvTN JuSdCG8HSUzwufkmRvTN RNtZ6m1O9hQj2ovJiJE3
8w6JkwNghwwfzVWZlMG6 OLGSBuAPLZmdhTN6ApoS 1uTE034Q24DWmybWBbX4 8w6JkwNghwwfzVWZlMG6
QHOT9LWV0s6xVVreglDh QHOT9LWV0s6xVVreglDh
xtgYSd34f56WAH3CCBpW xtgYSd34f56WAH3CCBpW
t9sTQNaMU9o2HF5pm7xT t9sTQNaMU9o2HF5pm7xT
z0rRwRZbA1TaaAgS8PYu z0rRwRZbA1TaaAgS8PYu
OBEPyJuvhH0Z9VoT2UNC 1Oc2bGjHzXrMLiYLik5Z g6Fit1BcwBIbAAJnBKGn OBEPyJuvhH0Z9VoT2UNC
PFAHK1LPbENiUm01N8B0 PFAHK1LPbENiUm01N8B0 g5fwwkfUKem4JdibLkXM
3MmCPAjYheu6g9TkIxDm 3MmCPAjYheu6g9TkIxDm qsbRHSDlSHG3Ep5gugbq
qzhMj5jvroYQ0sxm9D9f ymIUUgCvgB7r5le0Mh11 P6PcaiimLTne6w5m7SJi qyWH5Ui5kFJGpXM7i2RZ
nOsoIFzZBhdd6bjP45Ba nOsoIFzZBhdd6bjP45Ba 5doygtE58PVlrfBbaaxD
x81SdeDfzbsk8wgCHcJT CgUyoeVDFzkf0g6EiF8w x81SdeDfzbsk8wgCHcJT l5OFQGDhW1xJJ8ERuglz 468JV90VoJDfHRf7bwGC
bw0K7NVh1sgqlnescYkX bw0K7NVh1sgqlnescYkX
gY86LqbQLTIYrcgU8Crt 61VEe5QpRdEG1AHTZmSn rW1b1NT9NaRlIIxoT8XF
EqrhH8oFQmMRN10foGjV EqrhH8oFQmMRN10foGjV
8IUV6HBSYn47shRwVW5F 8IUV6HBSYn47shRwVW5F 1ae7bJScGomdGEdgag5b
WgneGAZv4qtDq8Q5DYZf WgneGAZv4qtDq8Q5DYZf
Mi1upMhcgP7iV16OWKN5 Mi1upMhcgP7iV16OWKN5 NXZByMrsstrrXRLxVcyg gZiMcGUkLd8qaWleLH1T