SaintPaul Irvine Fremont Cincinnati ChulaVista Baltimore Mesa Baltimore LongBeach Greensboro Dallas Tucson Dallas LongBeach FortWorth BatonRouge Minneapolis SanDiego ColoradoSprings Philadelphia SanFrancisco Stockton Milwaukee StPetersburg Lubbock Austin LosAngeles Plano Fresno KansasCity Fresno Chesapeake Fresno Plano LosAngeles Austin Aurora Austin LosAngeles Plano Fresno Albuquerque BatonRouge Albuquerque Baltimore ChulaVista Cincinnati Phoenix Cincinnati ChulaVista Honolulu ChulaVista Cincinnati StPetersburg Milwaukee Columbus Glendale Hialeah OklahomaCity Cincinnati ChulaVista JerseyCity Lexington Fresno Plano LosAngeles Scottsdale Newark Garland SaintPaul
33
Fremont Chandler
Cincinnati Cincinnati
ChulaVista Charlotte
Baltimore Baltimore
Mesa Indianapolis
LongBeach LongBeach
Dallas Dallas
Tucson Tucson Denver Raleigh
FortWorth FortWorth
Minneapolis Bakersfield Lincoln
SanDiego SanJose SanDiego
Stockton Houston Stockton
Milwaukee Milwaukee
StPetersburg StPetersburg Henderson
Lubbock Lubbock
Austin Austin SanAntonio
LosAngeles ElPaso
Plano Plano
Fresno Spokane
KansasCity NewOrleans
Chesapeake Chesapeake
Aurora Aurora
Albuquerque Anchorage FortWayne
Phoenix Pittsburgh SantaAna Phoenix WinstonSalem Durham
Honolulu Madison Memphis Honolulu
Columbus Columbus
Glendale Glendale
Hialeah Hialeah
OklahomaCity OklahomaCity
JerseyCity Tampa Atlanta JerseyCity Laredo
Lexington Lexington
Scottsdale Scottsdale
Newark Newark