Chattanooga Cleveland Huntsville Fremont SanBernardino Boise Sunnyvale SanDiego Arlington Fresno Spokane Springfield SantaClarita NewYork Anaheim MorenoValley Roseville Amarillo ElkGrove Plano Macon Orange Henderson SantaClarita RanchoCucamonga Akron Hayward FortWayne SanFrancisco Honolulu Miramar Honolulu Peoria Corona Lubbock Plano ElkGrove Plano Dayton ElPaso NewOrleans Newark RanchoCucamonga TianamenSquare Arlington ChulaVista Anaheim ChulaVista Akron Hayward Norfolk Hayward SantaClarita SanAntonio Memphis Tulsa Montgomery Macon Riverside Scottsdale Riverside Indianapolis Fayetteville Aurora Chandler Washington SaintPaul Norfolk Irvine OklahomaCity Lincoln Madison Joliet SanBernardino Boston Bridgeport Buffalo JerseyCity Portland Fresno OuterHaven Hollywood Bakersfield Salinas Bakersfield Toledo Atlanta Chicago Naperville Orlando PembrokePines Gilbert Phoenix Indianapolis Riverside Scottsdale OverlandPark Surprise Fontana OklahomaCity SantaAna NewportNews Minneapolis WinstonSalem Cincinnati Albuquerque Cincinnati WinstonSalem Cincinnati Albuquerque LosAngeles Cary Austin Scottsdale Riverside Indianapolis LittleRock Fremont Honolulu Peoria Corona Jackson HuntingtonBeach Minneapolis NewportNews Orlando Plano Dayton Oakland Arlington OklahomaCity Lincoln OklahomaCity Stockton Surprise Carrollton Wichita Memphis Roseville MorenoValley Denver Clarksville StPetersburg Toledo Henderson MorenoValley FortCollins Pomona Buffalo JerseyCity Mobile Olathe Detroit BatonRouge OverlandPark Scottsdale Riverside Indianapolis FortLauderdale Savannah GrandRapids Fresno Corona FortWorth Fayetteville NewOrleans Cleveland Chattanooga
80
Cleveland Cleveland
Huntsville Oxnard Tacoma
Fremont Fremont
SanBernardino SanBernardino
Boise Boise
SanDiego SanDiego
Fresno Worcester
Spokane Spokane
Springfield Springfield
SantaClarita SantaClarita
NewYork NewYork
Anaheim Anaheim
MorenoValley Tallahassee
Roseville Durham
Amarillo Yonkers
ElkGrove McAllen
Plano Plano
Orange Orange KansasCity Frisco
Henderson Henderson
Akron Akron
Hayward Hayward
FortWayne Berkeley
SanFrancisco SanFrancisco
Honolulu Honolulu
Miramar PortStLucie
Corona Corona
Lubbock Lubbock
ElPaso ElPaso
Newark Newark
TianamenSquare Ontario
ChulaVista ChulaVista
Norfolk Raleigh
SanAntonio SanAntonio
Memphis Memphis
Montgomery SanJose
Riverside Riverside
Scottsdale Tempe Scottsdale
Indianapolis Indianapolis
Fayetteville Fayetteville
Aurora Baltimore Lexington Aurora
Washington Washington
SaintPaul SaintPaul
Irvine Syracuse Irvine
Lincoln Lincoln
Madison Madison
Joliet Joliet
Boston Boston
Buffalo Buffalo
Hollywood Louisville
Bakersfield Oceanside Bakersfield
Salinas Murfreesboro GardenGrove Charlotte
Toledo Toledo
Chicago Chicago
Naperville Naperville
Orlando Orlando
PembrokePines Salem
Gilbert Denton
Phoenix Phoenix
Surprise Midland Anchorage Surprise
Fontana Fontana
SantaAna SantaAna
NewportNews DesMoines Alexandria NewportNews
WinstonSalem Knoxville
Cincinnati Cincinnati Paterson GrandPrairie
Albuquerque Waco
LosAngeles LosAngeles
Austin Austin
LittleRock LittleRock CapeCoral Shreveport
Jackson Brownsville Jackson
Stockton Richmond
Wichita Wichita
Clarksville Jacksonville
Pomona Pomona
Olathe Olathe
Detroit Vancouver
BatonRouge BatonRouge
FortLauderdale FortLauderdale
Savannah Savannah
GrandRapids GrandRapids
FortWorth FortWorth Glendale