Porterton Wallton Davisstad Jacksonton Singletonton Jacksonton Davisstad Leechester Davisstad Wallton Derekmouth Charlesberg Derekmouth Wallton Porterton Dianashire Burgessview Marcusburgh Fletcherland Kingview Fletcherland Marcusburgh Burgessview Dianashire Porterton Wallton Danielleport Melissaview Cheyennefurt Melissaview Danielleport Cooperton Lopezborough Cooperton Danielleport Wallton Davisstad Newmanburgh Gallowaymouth Newmanburgh Davisstad Wallton Porterton Dianashire Ashleyborough Osborneville Christophermouth Osborneville Ashleyborough Dianashire Porterton Wallton Danielleport Scottburgh Laurenbury Scottburgh Danielleport Wallton Porterton Dianashire Burgessview Marcusburgh Matthewburgh Virginiastad Matthewburgh Marcusburgh Burgessview Williamfort Moodyburgh Williamfort Burgessview Billton Banksburgh Simmonsburgh Banksburgh Billton Burgessview Marcusburgh Matthewburgh Bondfort Matthewburgh Marcusburgh Tylerbury Marcusburgh Burgessview Dianashire Ashleyborough Paulburgh Robertsstad Paulburgh Ashleyborough Dianashire Porterton Wallton Davisstad Leechester Pettyton Leechester Davisstad Wallton Derekmouth Geraldside Derekmouth Wallton Danielleport Melissaview Campbellhaven Melissaview Danielleport Wallton Derekmouth Jeffreyfort Johnsonchester Jeffreyfort Derekmouth Wallton Porterton Dianashire Burgessview Marcusburgh Fletcherland Marcusburgh Burgessview Dianashire Ashleyborough Paulburgh Walltown Callahantown Walltown Scotttown Walltown Paulburgh Ashleyborough Osborneville Payneview Teresafort Payneview Osborneville Ashleyborough Clarkberg Reevestown Judithview Reevestown Clarkberg Ashleyborough Dianashire Burgessview Williamfort Thomasville Lopezburgh Thomasville Williamfort Williamport Ashleystad Williamport Williamfort Burgessview Dianashire Ashleyborough Paulburgh Walltown Paulburgh Ashleyborough Clarkberg Burtonview Murphyside Burtonview Clarkberg Ashleyborough Dianashire Burgessview Billton Banksburgh Yvonneborough Banksburgh Billton Burgessview Dianashire Porterton Wallton Derekmouth Geraldside Joseport Geraldside Derekmouth Jeffreyfort Garytown Jeffreyfort Derekmouth Charlesberg Kevinberg Charlesberg Derekmouth Wallton Porterton Dianashire Burgessview Williamfort Moodyburgh Heatherberg Moodyburgh Williamfort Burgessview Dianashire Porterton
34
Singletonton Jermaineton Clarkbury
Leechester Suttonville
Charlesberg Candiceland Ellisstad Kimberlyburgh Clarkport Osbornemouth Tannerhaven
Fletcherland Ortizberg
Kingview Williamschester Mirandaview
Cheyennefurt Thompsonshire Watsonville Christyland Robertomouth
Lopezborough Adamport Adkinsberg
Gallowaymouth Josephstad Rioshaven
Christophermouth Candaceborough Dannyside
Laurenbury Hallstad Haleview
Virginiastad Horneside Johnsonberg Robinsonmouth
Moodyburgh Millerborough Smithfort
Simmonsburgh Michaelville Williamland
Bondfort Adamview Buckleyside Priceville Harrisborough Shawnmouth
Tylerbury Wilsonstad Hansonbury
Robertsstad Abigailhaven Swansonshire
Pettyton Taylorton Jonesfurt Bondmouth Mercedesmouth
Geraldside Fordhaven Ramosborough Cranemouth Joneschester
Campbellhaven Houstonchester Annberg Dyerport
Johnsonchester Susanfort Nealfurt
Walltown Williamshire
Callahantown Combsville Maryport Reynoldsview
Scotttown Danielville Jacksonview
Payneview Harrisport Clarkborough Christopherhaven Jennifertown Brendaview Feliciaville
Teresafort Calvinton Abigailville Jacksonland Smithtown
Judithview Michaelview Clarenceview
Lopezburgh Loweryborough Leahmouth Garciamouth Byrdfurt
Ashleystad Codyton Mindyview Holthaven Ryanside Vickiville
Murphyside Bakertown Derekville Jameston
Yvonneborough Shawnfort Parkermouth
Joseport Hallborough Gabrielburgh Hodgesstad Kylieview
Garytown Patriciaside Audreyfort
Kevinberg Bradberg Thomasmouth Patriciabury Troyfort Adamside Andrewschester
Heatherberg Masseyside Thomasborough Ortegaberg