A0 C5 H6 E0 B1 F2 D4 E5 H3 B4 I2 H0 I1 J7 B5 G1 C8 A3 F5 J4 I5 J5 E4 B7 D1 F1 A2 F7 G2 I9 B2 A9 J0 J3 A4 I8 B3 B0 E8 A7 J2 E7 E1 D8 E6 D3 F9 C7 K0 G5 C9 D2 I4 H7 J6 J8 I7 F6 C6 G0 H4 A5 C3 H5 D0 I3 H1 F8 G8 B9 H2 C1 E2 C2 I6 D7 F0 H9 J9 G3 H8 G7 C0 J1 D6 B8 D9 G4 D5 G9 A6 G6 I0 F3 A1 E9 F4 C4 E3 A8 B6 A0
100
C5 C5
H6 H6
E0 E0
B1 B1
F2 F2
D4 D4
E5 E5
H3 H3
B4 B4
I2 I2
H0 H0
I1 I1
J7 J7
B5 B5
G1 G1
C8 C8
A3 A3
F5 F5
J4 J4
I5 I5
J5 J5
E4 E4
B7 B7
D1 D1
F1 F1
A2 A2
F7 F7
G2 G2
I9 I9
B2 B2
A9 A9
J0 J0
J3 J3
A4 A4
I8 I8
B3 B3
B0 B0
E8 E8
A7 A7
J2 J2
E7 E7
E1 E1
D8 D8
E6 E6
D3 D3
F9 F9
C7 C7
K0 K0
G5 G5
C9 C9
D2 D2
I4 I4
H7 H7
J6 J6
J8 J8
I7 I7
F6 F6
C6 C6
G0 G0
H4 H4
A5 A5
C3 C3
H5 H5
D0 D0
I3 I3
H1 H1
F8 F8
G8 G8
B9 B9
H2 H2
C1 C1
E2 E2
C2 C2
I6 I6
D7 D7
F0 F0
H9 H9
J9 J9
G3 G3
H8 H8
G7 G7
C0 C0
J1 J1
D6 D6
B8 B8
D9 D9
G4 G4
D5 D5
G9 G9
A6 A6
G6 G6
I0 I0
F3 F3
A1 A1
E9 E9
F4 F4
C4 C4
E3 E3
A8 A8
B6 B6