0 58 85 44 134 62 140 145 198 197 7 139 64 119 132 34 92 176 151 77 80 65 26 179 82 147 24 31 140 150 77 36 14 80 3 154 80 74 28 151 45 42 173 182 28 75 12 5 28 151 42 51 98 26 175 107 17 8 196 79 60 197 81 183 80 141 194 15 85 44 128 83 9 6 123 67 9 83 82 147 89 97 5 182 156 54 33 18 89 177 147 33 85 176 170 0
61
0 0 73 23
58 1 58 69
85 85
44 44
62 62
140 68 86
145 66
198 10 71
197 94
7 7
139 48 63
64 64 50 88
119 90 55
34 34 25 78 57
92 92
176 35
77 77
80 80
65 65
26 26
179 99
82 82
24 24 46
31 2 31
36 36
14 14
3 3
74 74
28 28 38
45 45
42 42
182 70
75 75
12 12 53
5 5 41
51 51 13 22 47
98 98 91
175 11
17 17
8 8 30
79 79
60 4 60
81 81 20
183 43
141 93 21
194 72 61
15 15
128 19
83 40 83
9 9 52
6 6
123 39
67 56 67 27 96
89 89
97 32 97 59
156 16
54 49 54
33 33 76 84
18 18 95 87
177 29
170 37