K B CA DV CL FP CQ AU AO CZ BI CO FJ CO CZ AU BR CW EE CY EV DN AQ EK DT EW F M BT BC DG AA W BE FL DD FL DD FI GO BW DH Q CL FP DR BQ EG FU FB AI FO CB AC BW BG J EQ DR C CH EZ AS CL O EN K
44
K FS
B B
CA EJ GD
DV GL BX DV DP BJ BF
FP FP
CQ CQ
AU GK FR
CZ FG
BI BI
CO CT GI DB
FJ GJ EA BP EC FJ DX EM P
BR FH BR CJ CK
CW CW ED BB X GC L
CY CY
EV EO CM GR EV
DN EH
EK GE EK
DT T
EW AJ
M M BL
BT CF AM
DG EL U DG DI DK
W FE AX BO FV
BE BE BY
FL BA
DD FZ
FI FI
GO GO
DH AN DC DH DS
Q AW AH EU
DR DR FX
BQ BQ AF
EG AG GG EG
FU FM FU
FO FO
CB G CB
AC V
BG BG
J Z
EQ DZ I EQ CE Y GF
EZ EZ AB
AS AS
O R
EN FD EN