89 25 74 95 113 97 79 36 173 94 28 32 182 95 79 197 103 190 145 20 160 40 41 53 38 123 97 182 177 139 189 43 189 196 167 53 67 24 68 12 127 128 82 11 132 40 187 12 66 27 129 167 39 179 119 70 8 102 62 49 194 73 161 58 148 45 60 165 162 81 115 29 59 110 104 142 144 175 102 70 48 119 136 64 180 31 3 119 179 147 90 103 133 143 102 122 179 61 43 156 130 172 59 168 61 175 72 102 122 87 89
66
25 33 25 121
74 193
113 100 199
97 97
79 79
36 36
173 56 173 86
94 151 94
32 32
197 197
190 190
145 149
20 109 183
160 160
41 41
53 96
38 38
123 112
177 98
189 189
43 51
24 23
68 69
12 12
127 88 80 4 127
128 128
82 65 82
11 83 11
132 195 132
187 187
66 191
27 169 27 101 78
129 75
39 39
179 179
70 192 70
8 125
102 178 102
49 49 140 111
194 194 141
73 73
161 16 1 118
58 58
148 148 13
45 135
162 146 85
81 81
29 29
59 59 124
142 188 21
144 144
48 48 9
136 136
64 64 18
180 155
31 6 107 31
3 3
147 147
133 133
143 114
122 122
61 61
156 156
130 130
172 172 5
168 99 44 37