fmdhlepsteinstdnkill epsteindlsfdntmkillh nhslfmepsteindtkilld hnfdtmlepsteinkillds epsteindfhlmdnskillt tmsdnfdlkillhepstein nltdmsfepsteinkilldh fkillepsteindlhdnsmt epsteinkillmsftnddlh epsteinskilldlndhmtf lthfkilldnsmepsteind hepsteinsddnfkillmlt ddtmkillepsteinflsnh fddsepsteinhnlkilltm msfltdkillnepsteinhd hnfdtmlepsteinkillds msfltdkillnepsteinhd fthddnmlepsteinkills hsdlepsteinmnkilldft hsndepsteindlmtkillf tlmsdhdnkillfepstein lsdepsteinfmkillndth fepsteinhsntddkilllm epsteindlsfdntmkillh fmdhlepsteinstdnkill epsteindlsfdntmkillh dnkillepsteinlshdtfm epsteinkillmsftnddlh fkillepsteindlhdnsmt killlepsteindndtfhms depsteinnlsfmhtkilld fkillepsteinmldnhstd epsteinkillnmsdhtdlf hnsdkilllftdmepstein dnkillepsteinlshdtfm epsteindlsfdntmkillh fmdhlepsteinstdnkill epsteindlsfdntmkillh dnkillepsteinlshdtfm killepsteinlhtfdsmdn epsteinlshkilldnfdmt flepsteindndhmtkills killdmnsfhldepsteint ndkillftdsmepsteinlh tdfepsteinnlhdkillsm epsteinmhndfkilltdls hsdlepsteinmnkilldft hsndepsteindlmtkillf lndsdkilltmepsteinhf fshtdepsteinmldnkill dmepsteinfnhltkillsd fhndskillepsteintldm ddlmnftepsteinhskill ntlepsteindmfdshkill hmfnddkillepsteinslt tmlepsteinsdnfkillhd killhddfntepsteinlms tmsfnkillldhepsteind killnsfmhdepsteindtl nfdhkilllsmtepsteind killnsfmhdepsteindtl nfmdkillhdlepsteinst sltepsteinkillndmdfh ftmnsldepsteinkillhd dfslntkillmepsteindh tlmsdhdnkillfepstein fmsepsteindntldhkill nmlfshtdkillepsteind ddepsteinhltfkillsmn nhmkilllsftepsteindd fmdhlepsteinstdnkill
39
epsteindlsfdntmkillh epsteindlsfdntmkillh
hnfdtmlepsteinkillds hnfdtmlepsteinkillds
epsteindfhlmdnskillt dlnsthfmepsteinkilld epsteindfhlmdnskillt
tmsdnfdlkillhepstein lhepsteinkilldtnmfsd mftkillepsteinndlhsd
nltdmsfepsteinkilldh nltdmsfepsteinkilldh
fkillepsteindlhdnsmt stepsteinhkillfmnldd
epsteinkillmsftnddlh epsteinkillmsftnddlh
epsteinskilldlndhmtf epsteinskilldlndhmtf
hepsteinsddnfkillmlt nkilltdhlmdepsteinsf hepsteinsddnfkillmlt
ddtmkillepsteinflsnh ddtmkillepsteinflsnh
msfltdkillnepsteinhd msfltdkillnepsteinhd
hsndepsteindlmtkillf hsndepsteindlmtkillf
tlmsdhdnkillfepstein tlmsdhdnkillfepstein
lsdepsteinfmkillndth lsdepsteinfmkillndth
fepsteinhsntddkilllm fepsteinhsntddkilllm
dnkillepsteinlshdtfm dnkillepsteinlshdtfm lmhdtfdepsteinnkills
depsteinnlsfmhtkilld depsteinnlsfmhtkilld
epsteinkillnmsdhtdlf nepsteinlmdkilldhfts
hnsdkilllftdmepstein hnsdkilllftdmepstein tlsfdmdepsteinnhkill dhepsteindsnlkillfmt
killepsteinlhtfdsmdn dhkilllsepsteinmntdf killepsteinlhtfdsmdn
epsteinlshkilldnfdmt epsteinlshkilldnfdmt
flepsteindndhmtkills flepsteindndhmtkills
killdmnsfhldepsteint killdmnsfhldepsteint
ndkillftdsmepsteinlh ndkillftdsmepsteinlh
epsteinmhndfkilltdls epsteinmhndfkilltdls
lndsdkilltmepsteinhf lndsdkilltmepsteinhf
fshtdepsteinmldnkill fshtdepsteinmldnkill
dmepsteinfnhltkillsd dmepsteinfnhltkillsd
fhndskillepsteintldm lnsmkilltfdepsteindh fhndskillepsteintldm
ddlmnftepsteinhskill ddlmnftepsteinhskill
ntlepsteindmfdshkill killmlepsteindthnfsd ntlepsteindmfdshkill
tmlepsteinsdnfkillhd tmlepsteinsdnfkillhd
killnsfmhdepsteindtl fdshnmkillepsteinltd killnsfmhdepsteindtl
nfdhkilllsmtepsteind nfdhkilllsmtepsteind dfkilllmtepsteinhdsn
nfmdkillhdlepsteinst hdepsteinskillldtnfm
ftmnsldepsteinkillhd hsdfepsteintlnkilldm
dfslntkillmepsteindh epsteintdkilllnfdhms
fmsepsteindntldhkill fmsepsteindntldhkill
nhmkilllsftepsteindd nhmkilllsftepsteindd