dldkilltnmhfepsteins msddkilllthepsteinfn dlfdkilltepsteinhnms killmdshdtnflepstein sdndhepsteinltkillfm killshdlmftnepsteind ndkillthdepsteinlsmf killshdlmftnepsteind sdndhepsteinltkillfm dkillfepsteinnhdmtls hdntepsteinkilllsdfm dhtepsteinkillsdflmn hfskilldepsteinmndlt fddsmepsteintnkillhl ldhtdkillepsteinfsmn shfnmltepsteindkilld killtdslhfdepsteinnm dkillldfepsteintsmnh killtdslhfdepsteinnm shfnmltepsteindkilld killdldepsteinmfsthn shfnmltepsteindkilld ndshkilldmlepsteinft killmdshdtnflepstein sdndhepsteinltkillfm dkillfepsteinnhdmtls depsteinlfnmkilldsht tsmdepsteinkillhfdln lkilldtnmsepsteindfh dhmkillfdltnsepstein lnepsteintdfmdshkill skillmfepsteinthddnl killepsteinfdlhdtnms killmfndshdtepsteinl hmdkilllnepsteinfsdt lsmftnepsteinkillhdd dflstmkillepsteindhn ldhtdkillepsteinfsmn fddsmepsteintnkillhl dhsepsteintlkillmfnd lepsteindsmnhftdkill epsteinldtnfmshdkill ddkillnftsmhepsteinl tepsteinkilldflhnmsd nftmskilldldepsteinh fthlkillnepsteindsdm hepsteinnfmtlkilldds hsepsteinfkillnmddtl smfhndepsteinkillltd tldmepsteindkillfhsn smfhndepsteinkillltd tdnfmdhepsteinslkill lkilldtnmsepsteindfh dhmkillfdltnsepstein mhdskillldftnepstein lntkillepsteinfsddhm fkillepsteinndmdlhts nepsteinfthdldmkills killfsdndhtmepsteinl nepsteinfthdldmkills killdldepsteinmfsthn dnldkillhmfstepstein killthsepsteindmlfdn nepsteindhkillltmsfd hdmndfepsteinstkilll lkillepsteintdshmfnd mdkilllfdnstepsteinh fkillepsteinndmdlhts nepsteinfthdldmkills sldhnfmtdkillepstein tepsteinhsdkillmldfn mshkillltdepsteinfdn sdepsteinhlmnkillfdt killsepsteindmtflhnd killfthnmsdlepsteind tsmdepsteinkillhfdln depsteinlfnmkilldsht dkillfepsteinnhdmtls ltfnsdhepsteinkilldm killhtdmdlnsfepstein mkilldlshdtfepsteinn thnkillmddsepsteinfl fthlkillnepsteindsdm depsteinftndhmkillsl mltdhfdepsteinkillsn dftkillhmldnepsteins hmndfkillslepsteintd nmkilllepsteintdsdfh dnldkillhmfstepstein killdldepsteinmfsthn nepsteinfthdldmkills fkillepsteinndmdlhts skillthlfndepsteindm fsepsteindkillhmtdln dkillnmhldstfepstein epsteinshlkilldmnfdt dfdepsteintlnskillhm ldepsteindhkilltsmfn mfndlsdepsteinhkillt dsftepsteindhkillmnl mfndlsdepsteinhkillt dmldfhskillntepstein mdkillntepsteindfhsl killhdfnsepsteinmltd epsteinfsltkillnhddm dhkillldsepsteintnmf epsteinfsltkillnhddm dhkillldsepsteintnmf fsepsteindkillhmtdln dhkillldsepsteintnmf depsteinftndhmkillsl dmtlsfhnkilldepstein hnddkilltslmfepstein smtepsteinkilldfnhdl killdldepsteinmfsthn nepsteinfthdldmkills fkillepsteinndmdlhts lntkillepsteinfsddhm sfdntlkilldhmepstein epsteinfthkilldnslmd ntmdhepsteinsdkillfl nsepsteinfmdkillhldt hsepsteinfkillnmddtl fmtnkilldepsteindhsl killtdslhfdepsteinnm shfnmltepsteindkilld nkillddfthsmepsteinl shfnmltepsteindkilld killdldepsteinmfsthn depsteinfmkillhdsnlt fhnmkillepsteinsdltd depsteinftndhmkillsl tldkillhsfnmepsteind depsteinftndhmkillsl fthlkillnepsteindsdm killfhdndtlepsteinsm killmdshdtnflepstein dlfdkilltepsteinhnms msddkilllthepsteinfn dldkilltnmhfepsteins
71
msddkilllthepsteinfn msddkilllthepsteinfn
dlfdkilltepsteinhnms dlfdkilltepsteinhnms
killmdshdtnflepstein fdskillndtmepsteinlh
sdndhepsteinltkillfm sdndhepsteinltkillfm dfkilllepsteinsnmhtd
ndkillthdepsteinlsmf dtnkillsepsteinmdfhl ndkillthdepsteinlsmf
hdntepsteinkilllsdfm mhkillepsteinddlfsnt
dhtepsteinkillsdflmn dhtepsteinkillsdflmn
fddsmepsteintnkillhl fddsmepsteintnkillhl
shfnmltepsteindkilld shfnmltepsteindkilld
killtdslhfdepsteinnm slepsteinkillfmddhtn killtdslhfdepsteinnm
dkillldfepsteintsmnh dlshdtepsteinnkillfm
killdldepsteinmfsthn killdldepsteinmfsthn
ndshkilldmlepsteinft ndshkilldmlepsteinft lmkillepsteintsndfhd hepsteinntdkillsdmfl depsteintkilllnmsfdh
depsteinlfnmkilldsht lhepsteintndkilldsmf depsteinlfnmkilldsht
tsmdepsteinkillhfdln tsmdepsteinkillhfdln
lkilldtnmsepsteindfh lkilldtnmsepsteindfh
dhmkillfdltnsepstein dhmkillfdltnsepstein
skillmfepsteinthddnl skillmfepsteinthddnl
killmfndshdtepsteinl killmfndshdtepsteinl
hmdkilllnepsteinfsdt hmdkilllnepsteinfsdt
lsmftnepsteinkillhdd lsmftnepsteinkillhdd
dflstmkillepsteindhn tsdnhkilllmepsteindf killdepsteinmfltdshn dflstmkillepsteindhn
dhsepsteintlkillmfnd dhsepsteintlkillmfnd
epsteinldtnfmshdkill epsteinldtnfmshdkill
tepsteinkilldflhnmsd lhsntdepsteindkillmf
nftmskilldldepsteinh mdkillnlsdtepsteinhf nftmskilldldepsteinh
hepsteinnfmtlkilldds ldfsmnepsteinkilltdh
hsepsteinfkillnmddtl epsteindmshtfldnkill hsepsteinfkillnmddtl
tldmepsteindkillfhsn nmdhepsteinkilltfsld
tdnfmdhepsteinslkill epsteintfhndkilllmsd tdkillepsteinsmhdfnl
mhdskillldftnepstein mhdskillldftnepstein
lntkillepsteinfsddhm fdmtdepsteinkilllsnh
fkillepsteinndmdlhts epsteinsnmflhtdkilld dtsmdnlhfepsteinkill mkillthfdlnepsteinds
killfsdndhtmepsteinl hnsepsteinmkillfddtl
dnldkillhmfstepstein dnldkillhmfstepstein
killthsepsteindmlfdn depsteinslkillhdftmn killthsepsteindmlfdn
nepsteindhkillltmsfd nepsteindhkillltmsfd
lkillepsteintdshmfnd lkillepsteintdshmfnd
mdkilllfdnstepsteinh mdkilllfdnstepsteinh
sldhnfmtdkillepstein sldhnfmtdkillepstein msepsteintlhnfkilldd fhdmnepsteindkillslt
tepsteinhsdkillmldfn tepsteinhsdkillmldfn
killfthnmsdlepsteind killfthnmsdlepsteind
ltfnsdhepsteinkilldm tepsteinmdfldhnskill ltfnsdhepsteinkilldm
killhtdmdlnsfepstein sndldftmkillepsteinh killhtdmdlnsfepstein nfltdmkillsdepsteinh
mkilldlshdtfepsteinn mkilldlshdtfepsteinn epsteinhnkillsldfdmt epsteinhdkillltsmfdn
thnkillmddsepsteinfl thnkillmddsepsteinfl
depsteinftndhmkillsl hepsteinnfdmlsdtkill depsteinftndhmkillsl epsteindkilltlmnhsfd
dftkillhmldnepsteins mndtkillepsteindlfhs
hmndfkillslepsteintd hmndfkillslepsteintd
skillthlfndepsteindm skillthlfndepsteindm
fsepsteindkillhmtdln epsteinlmkillfshnddt fsepsteindkillhmtdln
dkillnmhldstfepstein dkillnmhldstfepstein
dfdepsteintlnskillhm dfdepsteintlnskillhm
ldepsteindhkilltsmfn ldepsteindhkilltsmfn
dsftepsteindhkillmnl sdlhfnmdepsteintkill
dmldfhskillntepstein dmldfhskillntepstein
mdkillntepsteindfhsl mdkillntepsteindfhsl dkillnmsfhtlepsteind tndskilldfepsteinmhl
killhdfnsepsteinmltd killhdfnsepsteinmltd
epsteinfsltkillnhddm fmltddhnepsteinskill
dhkillldsepsteintnmf killtdmsdfhnepsteinl
dmtlsfhnkilldepstein dmtlsfhnkilldepstein
hnddkilltslmfepstein lepsteinkilldhfmstnd thdlskillnfdmepstein
epsteinfthkilldnslmd epsteinfthkilldnslmd
ntmdhepsteinsdkillfl ntmdhepsteinsdkillfl
nsepsteinfmdkillhldt hnskillepsteintfdmld
fmtnkilldepsteindhsl mkillldnhepsteinstfd fmtnkilldepsteindhsl
nkillddfthsmepsteinl killtepsteinddhlmnsf
depsteinfmkillhdsnlt tdfkillslepsteinhdmn
fhnmkillepsteinsdltd fhnmkillepsteinsdltd
tldkillhsfnmepsteind tldkillhsfnmepsteind
killfhdndtlepsteinsm lepsteindnhstfdmkill