CorpusChristi Denton Bremerton CathedralCity Anaheim Champaign Albuquerque Berkeley BoiseCity Baltimore Akron Augusta BatonRouge Asheville BatonRouge Chesapeake Escondido Chattanooga Boise Amarillo Anchorage Davenport Columbia Canton Bradenton BoiseCity Billings CorpusChristi
21
CorpusChristi CapeCoral Alexandria BonitaSprings Denver Downey CorpusChristi ElMonte
Denton Denton Bridgeport Appleton Chicago
Bremerton Bremerton
CathedralCity CathedralCity
Anaheim Anaheim
Champaign Elkhart Champaign
Albuquerque Columbus Albuquerque
Berkeley Arvada
BoiseCity Danbury BoiseCity ColoradoSprings Chandler AppleValley Dallas
Akron Akron ElPaso DalyCity
Augusta Augusta
Asheville Asheville Beaumont Austin
Chesapeake Durham
Escondido Escondido
Chattanooga Chattanooga
Amarillo Cincinnati Amarillo
Anchorage Deltona BelAir
Davenport Bloomington Davenport Carrollton Elizabeth
Columbia Columbia Brownsville
Canton Canton
Bradenton Clearwater Boulder Charleston Bryan