FortCollins Akron FortSmith Arvada Manchester BoiseCity HuntingtonBeach Frederick Carrollton KansasCity Antioch FortCollins Elkhart Bremerton Henderson Baltimore Charleston DaytonaBeach Arvada GulfportBiloxi AtlanticCity Gilbert Kenosha Brownsville Barnstable Burbank Burlington BatonRouge LosAngeles Lubbock Howell FortSmith Arvada Hickory DesMoines Lansing ChulaVista ColoradoSprings Albany Layton Irvine CollegeStation Aberdeen LosAngeles Jefferson Manchester Erie Arvada FortSmith LittleRock DalyCity Beaumont Detroit FortCollins
41
FortCollins Joliet Evansville Fairfield Harlingen Bradenton Anchorage Hemet Knoxville FortCollins Danbury Hollywood Lancaster LasCruces Chicago
Akron Akron Elizabeth
FortSmith Alexandria Amarillo FortWaltonBeach
Arvada Arvada Leominster
Manchester Manchester Atlanta
BoiseCity Eugene BoiseCity
Frederick Lakewood Frederick Hampton Lafayette
Carrollton Carrollton
KansasCity DavidsonCounty CapeCoral ElMonte Berkeley
Antioch Kennewick Anaheim
Elkhart Champaign Elkhart
Bremerton Allentown Bremerton AppleValley Grayslake
Henderson Henderson
Baltimore Baltimore
Charleston BonitaSprings Fargo AnnArbor
DaytonaBeach Albuquerque
GulfportBiloxi Fremont Bakersfield
AtlanticCity Kalamazoo Jacksonville
Gilbert Gilbert
Brownsville Fayetteville Brownsville Appleton
Barnstable Barnstable
Burbank Burbank
Burlington Garland Indianapolis GrandRapids
BatonRouge Augusta
LosAngeles Dallas
Lubbock Lubbock Louisville
Hickory Hickory Inglewood
DesMoines DesMoines Chandler
ChulaVista Lacey Brighton Irving Cary
ColoradoSprings ColoradoSprings
Albany Lorain CedarRapids
Layton Cleveland Lakeland Austin Denver Independence Layton Bellevue
Irvine Fontana Irvine Harrisburg
CollegeStation Boise CollegeStation ElPaso
Aberdeen Aberdeen
Jefferson Jefferson
Erie Erie
LittleRock Abilene LittleRock
DalyCity Houston Fresno DalyCity
Beaumont Beaumont Bethlehem
Detroit Detroit