152 75 95 134 139 36 139 65 74 21 74 108 89 60 89 187 14 6 102 53 4 7 14 6 162 5 113 4 161 84 147 116 43 19 43 33 149 183 51 88 51 54 115 129 108 136 186 12 104 69 41 149 150 91 119 179 184 50 184 179 49 62 155 58 133 116 147 64 179 0 154 0 14 85 61 45 160 157 106 169 36 171 66 147 62 152
48
152 27
75 75
95 35 95
134 134
139 139
36 28 142 87
65 65
21 73 92
108 8
89 89
60 60
6 144
102 181
53 53
162 97
5 5 182
113 113
84 56
116 116 165
19 79
149 149 38 151 42 13 94 143
183 112 183 168 9 31 111
51 51 172
88 130 180
54 54
136 136
12 12
69 126
41 41
91 163
119 101
184 184
50 153 50
49 37
62 145
155 121
58 58
133 90
64 81 166
0 0
154 2 170 78
85 96 85
45 45
160 175
157 157
169 105 169
171 171
66 66