location12 location84 location22 location39 location4 location44 location4 location47 location35 location15 location49 location59 location51 location67 location51 location59 location49 location91 location31 location85 location82 location85 location90 location36 location53 location89 location63 location89 location39 location17 location11 location77 location0 location72 location32 location86 location87 location43 location38 location75 location83 location98 location54 location42 location71 location76 location8 location24 location8 location19 location84 location12
25
location12 location12
location35 location35
location49 location49
location59 location28
location51 location51
location67 location67
location91 location57 location13
location31 location31
location82 location5
location36 location36
location89 location89
location63 location27 location63
location17 location16 location79
location11 location11
location77 location77
location0 location0
location72 location72 location94
location86 location86
location87 location87
location83 location26
location98 location14
location54 location54
location71 location71
location24 location24
location19 location1 location19 location74 location60