location34 location59 location77 location116 location5 location181 location151 location83 location55 location79 location147 location15 location104 location182 location92 location134 location116 location5 location181 location185 location165 location17 location4 location32 location104 location76 location104 location128 location155 location165 location156 location177 location72 location177 location54 location63 location172 location14 location172 location63 location134 location63 location51 location151 location183 location149 location159 location149 location91 location25 location30 location192 location34 location59 location89 location8 location189 location121 location123 location140 location123 location115 location177 location28 location45 location144 location109 location32 location75 location153 location137 location153 location139 location126 location172 location63 location199 location194 location199 location11 location2 location177 location124 location95 location83 location19 location79 location96 location27 location96 location79 location64 location108 location64 location79 location0 location113 location142 location180 location79 location9 location184 location59 location34 location59 location77 location142 location92 location114 location188 location24 location175 location1 location42 location106 location55 location135 location101 location103 location40 location197 location19 location98 location115 location123 location99 location175 location145 location17 location4 location163 location171 location41 location38 location59 location34
66
location34 location34
location59 location167 location59
location77 location86
location116 location161 location122
location181 location181
location151 location151
location55 location55
location79 location6 location119 location79
location147 location117
location15 location15
location182 location52
location92 location170 location92
location134 location134
location185 location37
location17 location17
location76 location76 location111
location128 location46
location155 location162 location155 location125
location156 location107
location177 location177 location187 location68
location72 location72 location136
location54 location54
location172 location172
location14 location47
location51 location130
location149 location149
location159 location159
location91 location91
location192 location192
location89 location176 location3 location89
location189 location189
location121 location121
location140 location140
location115 location115
location28 location28
location45 location45
location144 location144
location109 location109
location137 location137 location174
location139 location139
location126 location88 location21
location199 location199
location194 location194
location11 location11
location2 location90 location2
location95 location131
location96 location96
location27 location27 location23
location64 location64
location108 location143
location0 location0
location142 location120 location158 location142 location39
location180 location164 location180
location9 location9
location184 location132 location71
location114 location114 location60
location188 location188 location12
location24 location24
location175 location105 location175
location135 location135
location103 location103
location197 location197
location98 location98
location99 location99 location157
location163 location163
location38 location38