location2 location43 location42 location43 location2 location37 location38 location28 location6 location12 location21 location9 location22 location39 location35 location33 location24 location44 location17 location36 location45 location0 location43 location2 location26 location49 location26 location2 location43 location8 location10 location16 location32 location16 location10 location20 location43 location2
20
location2 location2
location43 location43
location42 location42
location37 location4
location28 location28
location12 location12
location21 location21
location22 location22
location35 location35
location44 location44
location17 location17
location45 location45 location13
location0 location0
location26 location41 location26 location15
location49 location49
location8 location8 location11
location10 location18 location10
location16 location16
location32 location32
location20 location20