4HOMU JF7TT DTPF4 TORQI FCYPJ 4WDJE ELH5L EJSFK BJ8X0 NPDI9 M1HJR 1X6L1 SKPO7 ZRPB5 Y4WG4 LKP22 PTEKT C45HH H1LTE UX00P EDSMH WI88U P419D OIPRN V8GEC RU85S OKGKQ OSJ7O LEBVZ AT3CI 2KXWI 9O1IZ C5YOT KOYRV KN0CP 0VPRW 68VRF 6WOBI ELH5L 52MNN UW44H 1Y2CG WXZHF CM5WA EJSFK 6ACGE 0U9HU FP2ST UX00P HWKGJ 76HUN PYPSO 768ZF K92O5 YJ67U 4HSLO DL8LT 4HSLO WOEUE 796NN XKTHP 1CTNO HWKGJ HV4Z2 FMCVK Y61KP M0J6A CFGE5 PXCIN 1X6L1 2KXWI 58MIB 6ACGE K50JQ JF7TT DTPF4 TORQI WBT4L TORQI UDYJK TY0L7 TI35I 2P5XR B3Y9E U2E9F 945CN 1RS2N 8A5FQ PTADN JIVZP 4HSLO DL8LT X180A DOLRQ X180A DL8LT 4HOMU
64
4HOMU JXLE1
DTPF4 DTPF4
TORQI TORQI 1F0YL L2GJ5
FCYPJ FCYPJ
4WDJE 4WDJE Q7FCL W2M5C
ELH5L ELH5L
NPDI9 NPDI9
M1HJR TBPBM ZHSBU M1HJR
SKPO7 3AIXW SKPO7 ZZH8Z Q5DAA
ZRPB5 PMFJ2 ZRPB5
LKP22 LKP22
C45HH C45HH BVMDZ
H1LTE OLLV9 H1LTE
UX00P MC71K
EDSMH EDSMH
WI88U WI88U
P419D P419D
OIPRN C7WKJ OIPRN
V8GEC V8GEC
RU85S HZHRA RU85S
OKGKQ A1QRL
LEBVZ LEBVZ
AT3CI AT3CI VHCFR SHOOM W2H22
2KXWI RAAD4
C5YOT 69BJO
KOYRV KOYRV 8CLEZ
0VPRW 0VPRW
68VRF 7U3JG
6WOBI 6WOBI
52MNN SA6G0 ZN2EP 52MNN IZESQ
UW44H UW44H
WXZHF WXZHF
CM5WA CM5WA
6ACGE 6ACGE
0U9HU WZB33 KC9RF 0U9HU
FP2ST V22SY
HWKGJ T9O11 HWKGJ
PYPSO PYPSO 8EXDQ
768ZF 768ZF
YJ67U YJ67U
4HSLO FRZVP
DL8LT DDXG0
WOEUE DCHO3
796NN FC0PR
1CTNO LLTLN
HV4Z2 SYV5N XEEQB WP2MA
FMCVK 9WSXC
Y61KP Y61KP
CFGE5 CFGE5 6OA3K
PXCIN PXCIN
58MIB IF7TL
K50JQ K50JQ 53Y1R
WBT4L 7GA8O 2BUI5
UDYJK C8O6I
TY0L7 TY0L7 61QWU
TI35I TI35I
2P5XR BE5V8
U2E9F 50J5H
945CN 945CN 0D2BR
1RS2N 1RS2N
PTADN PTADN
JIVZP L2PQE TCC7B
X180A LIRLU X180A 2C63O
DOLRQ 45JXE DOLRQ