WNYCV 2PD2W XDKMD 2PD2W 1XUNX NOBPR 639ON BGJ6Q 1XUNX KGZCW J501P 42QVU QTZLJ 77EY5 Z2GJ8 7CXN0 2VG06 RN3DW XPFOM WH9QK DDBA4 WH9QK HHCET WJHGG V11OW BGJ6Q MB70R CUG55 H8ZPW X2AM4 TG5ZG O0RCM 91RFG TG5ZG UDC3C UUOP5 9HVLF H796V EYREL WZTTJ H7R17 18R1B J501P 18R1B 2CPYE 18R1B WNYCV
34
WNYCV K1ZSD
XDKMD 1NBGE XDKMD
1XUNX BO3AW
NOBPR 2FT0Z
639ON GXYLV
BGJ6Q BMC9X ZA57Z HZ80H
KGZCW OE5TB HR8IA
J501P GAXPM
42QVU 42QVU B8UZ8
QTZLJ QTZLJ
77EY5 KRLTG 77EY5
7CXN0 7CXN0 ULCTZ
RN3DW URMBF
XPFOM XPFOM
WH9QK 65TK9
DDBA4 1ACIU XD7IR
HHCET HHCET
WJHGG H212X
V11OW 2KYXC 5I6U4 V11OW
CUG55 CUG55
H8ZPW YMTTJ KB443 H8ZPW
X2AM4 X2AM4
TG5ZG TG5ZG
O0RCM XBRKQ
91RFG 91RFG
UDC3C 1BUOS
UUOP5 UGOIO UUOP5 XTUSM
9HVLF 9HVLF
H796V EQWAL
EYREL EYREL
WZTTJ F5YBY
H7R17 XRQ65
18R1B 18R1B
2CPYE F07YB 1UWW5 QSI1X