cy4fm I2lfX 3iQ53 yFKGt Iks3D rUUVt FnVf8 EWhpw Vjg5l yFKGt rUUVt 9ZyoJ dU1Ub G6G4p Cfmbw yMPWG 8RNd8 di7h7 5rdYI k9NwV vSPJ5 Xhpv3 DCl5F F2nEN qt5AA OoKEI NvAYI BoNoJ 2Fhi4 C565q 2Fhi4 zQjQm P8Fbf DCl5F yMPWG C0eRL GHZOS FkLYM yMPWG kbRYl 8aYYW 1H2uK NvAYI 1H2uK uT5W0 u4uj9 wdXpe u4uj9 tao9t u4uj9 w4BF1 P8Fbf yFKGt 1H2uK jse5F hOy4D nogr2 P3lE7 8yfOn OFvld C565q 6ceXl C565q uWr4y Dkq13 7l0Vw lA2MC Ss744 G6G4p GX9Mz 7XIxZ di7h7 KYsbm IjjWK 19YKC gCujL X6hJp k9NwV gk2cW LNh60 C565q cy4fm
50
3iQ53 3iQ53
yFKGt yFKGt
Iks3D Iks3D
rUUVt rUUVt
FnVf8 FnVf8
EWhpw EWhpw
Vjg5l Vjg5l
dU1Ub dU1Ub
G6G4p G6G4p
Cfmbw Cfmbw
yMPWG yMPWG
8RNd8 8RNd8
di7h7 di7h7
5rdYI 5rdYI
vSPJ5 vSPJ5
Xhpv3 Xhpv3
DCl5F DCl5F
F2nEN F2nEN
qt5AA qt5AA
OoKEI OoKEI
NvAYI NvAYI
BoNoJ BoNoJ
C565q C565q
zQjQm zQjQm
P8Fbf P8Fbf
C0eRL C0eRL
GHZOS GHZOS
kbRYl kbRYl
8aYYW 8aYYW
1H2uK 1H2uK
uT5W0 uT5W0
wdXpe wdXpe
tao9t tao9t
w4BF1 w4BF1
jse5F jse5F
hOy4D hOy4D
nogr2 nogr2
P3lE7 P3lE7
OFvld OFvld
6ceXl 6ceXl
uWr4y uWr4y
7l0Vw 7l0Vw
lA2MC lA2MC
7XIxZ 7XIxZ
KYsbm KYsbm
IjjWK IjjWK
19YKC 19YKC
X6hJp X6hJp
gk2cW gk2cW
LNh60 LNh60