E5QfM HQft6 eo9RR kK9KO lGTR3 bgK6r jGP1H nRWIs tmfyy hWCGd lGTR3 Ln4EG 3rGcS 8TDB7 sBCEV wJ1Uh lGTR3 VzbsN lGTR3 PqcOh f1Y6z GLYoA beqJL lPMDV 05SJr UAJ0O uUlBE i0LV1 4HmGm 76Tmp JumrS KtuGJ E5QfM
25
eo9RR eo9RR
kK9KO kK9KO
lGTR3 lGTR3
bgK6r bgK6r
jGP1H jGP1H
nRWIs nRWIs
hWCGd hWCGd
Ln4EG Ln4EG
3rGcS 3rGcS
8TDB7 8TDB7
sBCEV sBCEV
wJ1Uh wJ1Uh
VzbsN VzbsN
PqcOh PqcOh
f1Y6z f1Y6z
GLYoA GLYoA
beqJL beqJL
lPMDV lPMDV
05SJr 05SJr
UAJ0O UAJ0O
uUlBE uUlBE
i0LV1 i0LV1
4HmGm 4HmGm
76Tmp 76Tmp
KtuGJ KtuGJ