fab8g QxiXc wKKkJ xoAtW lJfgZ xoAtW BWyM2 Upoa8 f5Qx2 Upoa8 4ORRk 8PY0r 4Dy05 RhMSo PpZP8 1rURn rzyrR Lqz0g pnHil TQZik 0YoJb G91ym tB1i9 tQXF5 eDWES tB1i9 nScgp BybTG pnHil l0HDP KzS0e Nbb6U HKgVO wPPZK 4b2sA 3XMfZ Q0oXi CT8M8 HPcVt L54Jg 8xyrX bepE0 obqW1 qchZ3 B3NSd pnHil KB016 VIl39 LBzlR zgyDJ 7J90B 4GEPG fr0Bd gwQSf vonuO O1QPI pnHil kCdcu pnHil BJ1iC n9AEE b4E7v G944F 4Dy05 aiycm mgHYN ciJ7c P5ucv FW6DI e1dxq 1OpM2 mgHYN nRTkO 3XMfZ zgyDJ DHhK9 5Ix1v Flgse o4F0A cQMFl F7m3U bepE0 H6HgM g1WJz RnwlC cQMFl HaHFT TjmY2 lJJK2 vonuO cQMFl KWmhW KBkC3 2Z0oU c17Qf 1xx4U 4Dy05 GHmnJ 9ZatH bepE0 1pNjr vonuO cm8oa pnHil cDkiZ qd8nA wiGnS Upoa8 TtUXd AGorf zgyDJ x8KLa zgyDJ tEdSo wPPZK 3FUsL Bw1D7 1SvIs 77EXR Gt2w1 I7fCS 015ql fhc2k zgyDJ ZlgGe 4Dy05 RgC1Q dAx9s 9u8oD bD2TR pnHil sF84c TjmY2 uQK8T LEdo3 yM9nQ VUKiE zgyDJ 8tK4L Upoa8 Vjk2Z Upoa8 iy8Ty guI5B rO2GE pesnn HigE0 adW6k zgyDJ lcarA xoAtW XDGuI Flgse fab8g
100
fab8g fab8g
wKKkJ wKKkJ
lJfgZ lJfgZ
BWyM2 BWyM2
f5Qx2 f5Qx2
4ORRk 4ORRk
8PY0r 8PY0r
RhMSo RhMSo
PpZP8 PpZP8
rzyrR rzyrR
Lqz0g Lqz0g
TQZik TQZik
0YoJb 0YoJb
G91ym G91ym
tQXF5 tQXF5
eDWES eDWES
nScgp nScgp
BybTG BybTG
l0HDP l0HDP
KzS0e KzS0e
Nbb6U Nbb6U
HKgVO HKgVO
4b2sA 4b2sA
3XMfZ 3XMfZ
Q0oXi Q0oXi
CT8M8 CT8M8
L54Jg L54Jg
8xyrX 8xyrX
bepE0 bepE0
obqW1 obqW1
qchZ3 qchZ3
B3NSd B3NSd
KB016 KB016
VIl39 VIl39
LBzlR LBzlR
7J90B 7J90B
4GEPG 4GEPG
fr0Bd fr0Bd
gwQSf gwQSf
O1QPI O1QPI
kCdcu kCdcu
BJ1iC BJ1iC
n9AEE n9AEE
b4E7v b4E7v
G944F G944F
aiycm aiycm
mgHYN mgHYN
ciJ7c ciJ7c
P5ucv P5ucv
FW6DI FW6DI
1OpM2 1OpM2
nRTkO nRTkO
DHhK9 DHhK9
5Ix1v 5Ix1v
Flgse Flgse
o4F0A o4F0A
cQMFl cQMFl
F7m3U F7m3U
H6HgM H6HgM
g1WJz g1WJz
RnwlC RnwlC
HaHFT HaHFT
lJJK2 lJJK2
KWmhW KWmhW
2Z0oU 2Z0oU
c17Qf c17Qf
1xx4U 1xx4U
GHmnJ GHmnJ
9ZatH 9ZatH
1pNjr 1pNjr
cm8oa cm8oa
cDkiZ cDkiZ
wiGnS wiGnS
TtUXd TtUXd
AGorf AGorf
x8KLa x8KLa
tEdSo tEdSo
3FUsL 3FUsL
Bw1D7 Bw1D7
1SvIs 1SvIs
Gt2w1 Gt2w1
015ql 015ql
fhc2k fhc2k
ZlgGe ZlgGe
RgC1Q RgC1Q
dAx9s dAx9s
9u8oD 9u8oD
bD2TR bD2TR
sF84c sF84c
uQK8T uQK8T
yM9nQ yM9nQ
VUKiE VUKiE
8tK4L 8tK4L
Vjk2Z Vjk2Z
iy8Ty iy8Ty
guI5B guI5B
pesnn pesnn
adW6k adW6k
lcarA lcarA
XDGuI XDGuI