0 161 18 147 80 146 7 108 31 78 91 133 185 33 119 176 2 164 15 141 96 139 189 30 136 85 67 2 123 94 97 77 128 26 153 51 151 45 92 157 10 184 131 22 113 112 35 25 117 5 159 92 0
42
0 162
161 160 161
147 147
80 145
146 146 193 194
108 108
31 167 168 106 107
91 134 135
133 133
185 185
33 179 186
119 119 175 118 120
176 176
2 195 196 148 149 150 169 170 109 110 111
164 154 155 156 163 164 100 101 102
15 144 142
141 141
96 140 190
139 139
189 189
30 165 166 103 104 105
136 136 187 188
85 137 138
123 123
94 177 178 121 122
97 180 124 125 126
77 129 181 127
128 128 182
153 153
51 198 152
151 197 151
92 158
157 157
184 184
131 130 131 132 183
113 113 172
112 112 171
35 114
25 173 174 115 116
117 117
5 191 192 143
159 159