0 1 4 9 19 40 82 40 19 9 4 1 3 7 15 32 66 32 15 7 3 1 4 10 22 45 92 45 22 10 21 44 90 44 21 10 4 1 3 8 17 35 71 35 17 8 3 1 4 9 20 42 85 42 20 9 4 10 21 10 4 1 3 7 16 34 16 7 3 8 18 8 3 1 0 2 5 11 23 47 96 47 23 11 5 2 6 14 30 14 6 2 5 12 25 51 25 12 5 11 23 48 23 11 5 2 6 14 29 14 6 2 5 12 5 2 0 1 4 9 19 39 80 39 19 40 19 9 4 10 21 44 89 44 21 10 4 9 19 39 19 9 20 9 4 1 3 7 15 7 3 8 17 36 73 36 17 8 3 1 4 10 22 45 91 45 22 10 4 1 3 7 16 33 67 33 16 7 3 8 17 8 3 1 4 9 20 41 83 41 20 9 4 1 3 7 15 31 15 7 16 33 16 34 69 34 16 7 3 1 0 2 6 13 27 55 27 13 28 13 6 2 5 11 24 49 24 11 5 12 26 54 26 53 26 12 5 2 0 1 4 10 22 46 94 46 22 10 4 1 3 8 18 37 18 8 3 1 4 10 22 46 22 10 4 1 0 2 6 13 27 56 27 13 6 2 5 11 23 47 95 47 23 11 5 2 0 1 3 8 17 36 17 8 3 1 0
42
40 163 164
82 165 166
32 131 132
66 133 134
92 185 186
21 176 177 178 175
90 181 182
35 145 146
71 144 143
42 173 174
85 171 172
34 141 142
18 155 156 157 158
96 193 194
30 123 124 125 126
25 105 106
51 104 103
48 195 196 197 198
29 120 121 122 119
39 160 159
80 161 162
89 179 180
36 149 150
73 147 148
91 184 183
33 137 138
67 136 135
41 169 170
83 168 167
31 128 129 130 127
69 139 140
55 112 111
28 115 116 117 118
24 101 102
49 100 199
54 109 110
53 107 108
46 187 188
94 189 190
37 152 153 154 151
56 113 114
95 192 191