0 2 6 13 28 13 6 14 30 14 6 2 0 1 3 7 16 34 16 7 3 1 0 2 5 12 25 12 5 11 23 48 23 47 23 11 5 2 0 1 3 8 17 36 17 8 3 1 0 2 6 14 6 2 0 1 4 9 19 39 19 9 19 9 20 41 20 9 4 10 21 43 21 10 4 1 0 2 5 2 0 1 3 7 15 31 15 32 15 7 3 8 18 38 18 8 3 1 0 2 6 13 27 13 6 2 0 1 3 7 16 7 3 1 0 2 5 11 24 11 5 2 0 1 3 8 18 37 18 8 17 8 3 1 4 10 22 45 22 46 22 10 21 44 21 10 4 1 0
25
28 57 58
14 59 60
30 61 62
16 67 68
34 69 70
12 53 54
25 51 52
48 97 98
47 96 95
17 72 71
36 73 74
19 81 82
39 80 79
20 85 86
41 83 84
43 88 87
31 64 63
32 65 66
38 77 78
27 56 55
24 50 99
37 75 76
45 91 92
46 93 94
44 89 90