55 51 104 15 39 52 42 67 103 6 3 69 1 112 99 11 57 96 2 46 75 107 10 60 25 9 77 63 27 9 54 34 13 58 81 15 80 89 0 32 106 41 36 79 2 45 94 108 71 87 62 0 12 2 90 16 20 3 37 12 61 38 83 23 8 13 43 16 4 9 93 73 4 48 102 98 70 0 72 100 21 85 3 92 1 44 49 7 35 29 31 18 65 110 1 55
74
55 55
51 51
104 104
15 15
39 39
52 52
42 42
67 67
103 103
6 6
3 3
69 69
112 112
99 99
11 11
57 57
96 96
2 2
46 46
75 75
107 107
60 60
25 25
9 9
77 77
63 63
27 27
54 54
34 34
13 13
58 58
81 81
80 80
89 89
32 32
106 106
41 41
36 36
79 79
45 45
94 94
108 108
71 71
87 87
62 62
12 12
90 90
16 16
20 20
37 37
61 61
83 83
23 23
4 4
93 93
73 73
48 48
102 102
98 98
70 70
72 72
100 100
21 21
85 85
92 92
44 44
49 49
7 7
35 35
29 29
31 31
18 18
65 65
110 110