Soda Gregoire ElGrullo Riverside Dwinelle AlphaCentauri SigmaKappa Jalisco ChiOmega Etcheverry LosAngeles Platano Whittier NorthGate Mars Hearst Fontana Perris Ashby Evans SanDiego Saturn Soda BerkeleyHigh AlphaChi SantaBarbara Sibley Compton SanMiguel Sacramento Cancun Emeryville Evans Jupiter Myto Bechtel BayStreet SanBernardino Sibley BAMPFA VictoryPoint BerkeleyHillel Venus FantasticComics Tako Cory DeltaDelta TripleRock CafeTibet Rasputin Irvine Davis Chino Bechtel MexicoCity Pomona InternationalHouse Tuxcacuesco Talpa Tuhuamixtel DKingGallery Dwinelle Guadalajara SouthGate ChezPanisse Tang Tijuana Etcheverry Kips Upland CREAM Etcheverry Soda
55
Gregoire Gregoire
ElGrullo ElGrullo
Riverside Riverside
AlphaCentauri AlphaCentauri
SigmaKappa SigmaKappa
Jalisco Jalisco
ChiOmega ChiOmega
LosAngeles LosAngeles
Platano Platano
Whittier Whittier
Mars Mars
Fontana Fontana
Perris Perris
Ashby Ashby
SanDiego SanDiego
Saturn Saturn
BerkeleyHigh BerkeleyHigh
AlphaChi AlphaChi
SantaBarbara SantaBarbara
Compton Compton
SanMiguel SanMiguel
Sacramento Sacramento
Cancun Cancun
Emeryville Emeryville
Jupiter Jupiter
Myto Myto
BayStreet BayStreet
SanBernardino SanBernardino
BAMPFA BAMPFA
VictoryPoint VictoryPoint
BerkeleyHillel BerkeleyHillel
Venus Venus
FantasticComics FantasticComics
Tako Tako
DeltaDelta DeltaDelta
TripleRock TripleRock
CafeTibet CafeTibet
Rasputin Rasputin
Irvine Irvine
Chino Chino
MexicoCity MexicoCity
Pomona Pomona
InternationalHouse InternationalHouse
Tuxcacuesco Tuxcacuesco
Talpa Talpa
Tuhuamixtel Tuhuamixtel
DKingGallery DKingGallery
Guadalajara Guadalajara
SouthGate SouthGate
ChezPanisse ChezPanisse
Tang Tang
Tijuana Tijuana
Kips Kips
Upland Upland
CREAM CREAM