Soda Sproul ClarkKerr Hertz Unit2 Barrows Unit1 LakeMerrit GoldenStatePark GBC Soda Unit3 Sibley Morgan MLK MainStacks Blackwell BC Etcheverry RSF Wheeler Foothill BWW Cory Haas MemorialStadium Wellman Doe TheRoof Mulford Stephans Davis Soda
26
Sproul Sproul
ClarkKerr ClarkKerr
Hertz Hertz
Unit2 Unit2
Barrows Barrows
Unit1 Unit1
LakeMerrit LakeMerrit
GoldenStatePark GoldenStatePark
GBC GBC
Unit3 Unit3
Morgan Morgan
MLK MLK
MainStacks MainStacks
Blackwell Blackwell
BC BC
RSF RSF
Wheeler Wheeler
Foothill Foothill
BWW BWW
Haas Haas
MemorialStadium MemorialStadium
Wellman Wellman
Doe Doe
TheRoof TheRoof
Mulford Mulford
Stephans Stephans