2 14 29 11 99 72 78 79 16 79 78 87 41 70 41 87 6 7 43 38 44 10 93 99 72 53 4 88 22 83 34 20 18 8 51 6 50 77 13 83 22 30 89 96 84 7 6 7 84 78 84 7 72 99 37 99 68 59 52 47 66 47 19 78 55 32 23 95 2 78 19 0 60 69 61 34 20 67 2 78 43 38 43 63 78 79 78 2
36
14 86 14
29 29
11 11
72 98 5 72 62
79 81 3
16 16 40 76
41 65 41
70 17 70
6 25 35
7 7
43 24 31
38 38
44 44
10 10
4 4
88 88 74
83 83
34 34
18 71
50 50
13 13
30 30
96 96
37 28
59 59
47 47
66 1 66
19 94
23 23
95 58
0 0
60 60
69 42 69
61 61
67 67
63 63