5 94 109 82 112 171 104 83 79 105 17 66 101 174 116 134 71 119 192 109 58 38 191 74 180 28 149 197 113 88 40 123 62 36 62 34 133 120 158 120 133 34 138 34 62 106 62 34 121 7 165 42 137 33 137 42 165 7 121 34 133 186 189 77 198 140 2 94 109 94 20 35 20 94 165 173 165 42 137 156 137 42 165 94 109 84 109 192 18 190 18 192 96 175 82 112 171 104 114 104 171 112 186 189 102 55 138 61 197 113 118 56 195 68 133 34 62 36 91 36 62 34 138 69 183 69 138 34 121 52 162 126 54 126 40 123 62 34 133 199 166 90 149 197 113 88 40 155 67 119 71 134 116 95 23 95 116 134 50 104 83 117 136 170 74 16 190 18 192 119 71 134 116 138 34 133 186 112 82 129 82 112 171 104 147 70 86 135 35 188 142 25 37 64 130 150 91 36 11 20 94 165 94 109 151 19 81 76 34 121 52 162 84 109 192 100 192 109 58 38 58 109 192 96 155 40 88 113 197 149 90 159 172 143 77 198 77 189 186 42 165 94 39 89 154 82 27 0 27 82 112 186 189 77 198 5
79
109 75
112 10
171 171
104 104
83 83
105 105
17 17
101 1 101
174 174
116 116
71 71
192 192
58 152 58
38 193
191 194
74 31
180 180
28 28
149 149
123 123
34 9 34
133 133
158 80 158 14
138 138
106 43 47
121 157
165 63
42 42
137 137
33 33
189 189 103
77 184 196 77
140 140
2 2
20 20
35 110
173 173
156 156
84 168
18 18
96 96
175 22
114 178
102 102
55 55
61 61
56 56
68 68
91 91
69 153 69
183 51 183
52 52
162 162
54 48
199 199
166 32 122
67 41 67
23 99
50 50
170 170
16 16
129 146
70 26
86 44 85
135 135
188 188
25 25
37 177 37
64 64
11 11
151 151
81 81
76 76
100 100 179 164 78
159 159
143 143
39 92 39
154 154 187 46
0 53