A B C D E F G H I J I H G F E D C B C D E F G H I J K L M N M L M N O P Q R S T U V W X Y Z AA AB AC AD AE AD AC AB AA Z Y X W V U T S R Q P O N M L K J I H G F E D C D E F G H I J K L M N O P Q R S T U V W X Y Z AA AB AA Z Y X W V U T S R Q P O N M N O P Q R S T U V W X Y Z Y X W V U T S R S T S R Q P O N M L K J I H G F G H I J K L M N O N M L K J I H I J K L M N O P Q R S T U T S R Q P O N M L K J I H G F E F G H I J K L M N O P O N M L K J I H G F E D C B A
30
B B
C C
D D
E E
F F
G G
H H
I I
J J
K K
L L
M M
N N
O O
P P
Q Q
R R
S S
T T
U U
V V
W W
X X
Y Y
Z Z
AA AA
AB AB
AC AC
AD AD
AE AE