A29 A67 A62 A75 A82 A15 A22 A56 A59 A12 A37 A45 A71 A10 A71 A0 A65 A0 A1 A88 A1 A19 A72 A81 A28 A45 A71 A70 A38 A11 A57 A47 A18 A97 A13 A7 A61 A55 A5 A29 A5 A72 A19 A95 A76 A39 A21 A0 A58 A14 A32 A65 A0 A21 A75 A21 A39 A4 A39 A21 A0 A1 A88 A6 A35 A82 A18 A47 A66 A99 A66 A47 A18 A81 A18 A97 A13 A7 A68 A7 A90 A53 A12 A85 A89 A85 A3 A54 A65 A79 A5 A29
41
A29 A29
A67 A67 A52 A36
A82 A82
A15 A15
A59 A59
A12 A16 A12
A45 A91
A10 A10
A65 A65
A1 A60
A88 A88
A19 A73 A69
A72 A72
A81 A34
A28 A28
A38 A38
A47 A47
A18 A18
A97 A97
A13 A13
A7 A2 A77
A55 A55
A5 A27
A95 A95
A39 A39
A58 A92
A14 A14
A32 A32
A4 A51 A31
A6 A26 A30 A6
A35 A96 A35
A66 A66
A99 A99
A68 A68
A90 A90
A53 A53
A85 A85
A89 A89
A3 A3
A54 A54
A79 A79