A42 A100 A78 A107 A101 A49 A127 A196 A30 A191 A64 A186 A107 A101 A106 A101 A49 A101 A95 A177 A121 A179 A115 A77 A82 A65 A50 A98 A12 A124 A91 A118 A91 A93 A183 A93 A183 A100 A184 A60 A156 A165 A82 A77 A66 A45 A108 A193 A10 A35 A2 A189 A30 A90 A86 A68 A40 A193 A185 A166 A153 A99 A142 A83 A114 A72 A165 A82 A194 A82 A77 A115 A4 A7 A4 A115 A179 A121 A186 A107 A101 A95 A151 A17 A158 A11 A51 A133 A157 A57 A23 A57 A157 A133 A36 A199 A7 A168 A72 A167 A188 A187 A76 A39 A47 A128 A146 A31 A159 A130 A35 A10 A193 A108 A9 A105 A16 A0 A173 A103 A83 A114 A72 A125 A72 A167 A188 A187 A198 A197 A98 A12 A98 A50 A65 A82 A165 A72 A167 A13 A67 A2 A39 A195 A95 A177 A112 A21 A44 A5 A2 A39 A76 A187 A188 A167 A72 A125 A182 A125 A72 A167 A188 A187 A76 A39 A149 A39 A47 A128 A47 A39 A195 A95 A101 A13 A197 A98 A12 A139 A142 A83 A6 A83 A114 A72 A167 A13 A70 A13 A167 A77 A167 A13 A88 A56 A185 A166 A44 A169 A64 A186 A34 A186 A143 A172 A73 A40 A180 A61 A71 A42
76
A42 A42
A100 A100
A78 A78
A107 A107
A127 A127
A196 A196
A30 A30
A191 A46 A191
A64 A64
A186 A111
A106 A144 A106
A95 A95
A177 A177
A179 A179
A77 A77
A82 A82
A65 A65
A50 A117
A98 A192 A132 A98 A148
A124 A145 A124
A118 A154 A118
A93 A93
A183 A43 A84 A183
A184 A184
A60 A92
A66 A126
A45 A45
A193 A20 A193
A35 A35
A2 A2 A135
A189 A3 A189
A90 A90
A40 A40
A185 A185
A142 A142
A114 A114
A72 A72 A37
A194 A194 A28
A4 A4
A7 A7
A17 A17
A11 A122
A51 A51
A57 A176 A57 A58 A38
A23 A23
A168 A54
A167 A167
A187 A187
A76 A76
A39 A39
A128 A128
A159 A159
A130 A130
A9 A9
A105 A105
A16 A16
A0 A0
A103 A103
A125 A181
A198 A198
A13 A75 A13
A67 A136 A67
A195 A32 A137
A21 A21
A44 A120
A5 A5
A182 A182 A102
A149 A33
A139 A139
A70 A96 A70
A88 A88 A113
A34 A34 A94
A143 A143
A172 A172
A73 A123
A71 A71