COM REU SAU DOM DZA DOM SAU GNB CHE KNA CRI MLT PSE PER PNG CPV LIE LTU LUX LAO KGZ CRI PRI PCN GMB NGA FSM FIN GAB ETH GIB EST NCL MDG IDN MMR MEX POL ARE AND ARE POL NPL PRY BIH BHS BIH PRY PNG POL MEX MLI CPV COK CPV MHL CPV MEX GNB GTM HMD PYF RUS BLZ RUS PYF GLP NZL SGS PRK SGS LBR GNQ LBR JPN HUN SHN SGS SLB NFK NGA CZE CYM CZE NIU PLW PNG NIC COM MDG COM REU GMB NGA FSM NGA GMB HRV SAU DOM DZA MYS IRN MYS MWI ATG PRT NIU PRK QAT SGP ALA NFK NGA FSM ESP ECU ESP GEO GBR GAB FIN FSM NGA CUB NER COM MDG IDN KOR IDN RUS BVT CAF CIV NPL PRY BIH BOL BLZ RUS PYF COD CHN SHN SGS SLB PCN GMB HKG CPV MEX GNB CIV CAF SHN SGS MUS SGS COM
68
REU REU AFG SDN
DZA DZA
GNB KWT
KNA KNA
PSE PSE
PNG PNG
CPV RWA CPV
LIE LIE
LTU LTU
LUX LUX
LAO LAO
PCN PAN
GMB GMB
FSM FSM GIN
FIN FIN
GAB GAB
ETH EGY
GIB GIB GHA
IDN IDN COL
MMR MMR
MEX MEX
POL POL
ARE ARE
AND ARM
NPL NPL
PRY MOZ PRY
BIH AZE
BHS BHS
MLI MLI
COK GRC HND MAR COK
MHL MAC
HMD HMD
RUS RUS
BLZ BEN BLM
GLP MDA
NZL NZL
SGS KHM SGS
LBR LBR
GNQ GNQ
JPN LBN JPN
HUN HUN PAK
SHN SHN
NFK NFK JEY
CZE CXR DEU
CYM CYP
NIU NIU
NIC AUS NIC IRL ABW
HRV HRV
IRN IRN IOT
MWI ITA
ATG ATG
QAT ALB
ALA ALA
ESP ESP
ECU ESH FRA ECU
GEO GEO
GBR GBR
CUB MYT
NER MTQ NER
KOR KOR
BVT LKA
CAF CAF NRU
CIV CIV
BOL BMU BDI BHR
COD COG COD
CHN CHN
HKG CAN HTI KAZ HKG GUM
MUS DMA DJI