DZA GBR ESH EGY COG GTM GUY GRC BRA BLM BES BLR DMA HND GNB GRL GLP BGR BDI BEL BRN COD CAN BRB BHS DOM CUW DNK ARE CYM BGD BRB CAN GMB ALB AND ESP GIN ECU FRA GBR GIN ESP CYP CYM ARE DNK CUW DOM BHS BRB BLM BRA GRC GUY GUM ETH GGY GIB FSM ASM FSM GIB CAF COG GTM GUY GUM GRD GAB FIN AFG FIN GAB EGY CMR BWA GIB GEO HND DMA DZA
37
GBR GBR
COG COG
GTM HMD
GUY CUB
GRC GRC
BLM BLM BFA
BES BES
BLR BEN BLR
DMA ATA DJI
HND HND
GRL HKG
GLP GLP
BDI BDI
BRN BRN
COD COD
CAN CHE CAN
BRB BRB
BHS BHS
DOM AUS DOM
CUW CUW
DNK DNK
ARE ARE
CYM CZE CYM CXR
BGD BGD
ALB ARG ALB
AND AND
ECU ECU
FRA FRA FRO
GGY ERI
FSM GHA FSM
ASM ATF
CAF CAF BVT
GRD GRD GNQ
FIN FLK FIN
AFG ABW
CMR CCK
GEO GEO