9c2647cde6e44cc385c8 084504e2b2de4f53a0b1 85ec82d3a96e4436a5a2 b3931f6d1087486cb913 dee15252c0e54b84beaf 0f214fa889a6406e8826 06d5c776fda04040b880 2ca503415606406b99e4 44c8674ccef1477b965f c0376b4ad4604963b945 09b94d1b44c348ceadb9 37a0aebb00dc4457a07b 6cdca42ad550495aa84f a22afbff48914ac888a0 00dd89601f03490d8809 8ae0afe573b34065b929 9a0ec8a933e541059e59 dde0459354634ebdbc7f bbd144150de64860b03c 5fd6476364e640bea476 a2e35f0c3c9143c68a9e 884e85a591684c7ebc61 079c33e2ed6d4acab576 71be1b5c4c3a468196ea c69875060dcb453ead1a ef84408a20334d7d9940 2b0e5d986b0a4f1cb926 404713e80e9740c9b7cd e05275dbed2540ddb1d0 e74a97c92dba4d8ea2d5 3e010983b03e4fcd9e0f d484483c58914446843f 9d3cca8f993b4a05a976 d43c14836a764052a5af 7823e79686964ea6a4cc e5d122afc38c45dea5ae 54de46f8d4f647d1baa7 ddf764e162654211a02e 9c2647cde6e44cc385c8
31
9c2647cde6e44cc385c8 910d00572d9d42cebb4a
084504e2b2de4f53a0b1 b47b7b94e7d74f398b8f
85ec82d3a96e4436a5a2 fc38d8b64f88401c97fd 9a6fd45cb4d44509bce9 f47cbc59a0584307a0f1 3574209d67b74478ae2e 85ec82d3a96e4436a5a2 8a66a2d4fdf74f2e9b0e a581f1b5cd374bd0ba96 884523a7277b40f4972f c15cfb41ef824fd2a1c0
b3931f6d1087486cb913 bb5eae787bbc407b98a6 b3931f6d1087486cb913 5215b0f0bd724c5cb095 2783e022fae94929bf16 d4f8d48cee014966a5b7 d5bccd7804014eca8c6c
dee15252c0e54b84beaf dee15252c0e54b84beaf
0f214fa889a6406e8826 9b9da0cbe5514fabb1ae e0d1e21ff6cc4d64aff7 0f214fa889a6406e8826 934f0cae8959401e9aa3
44c8674ccef1477b965f 12a170c171ef44d4b662 44c8674ccef1477b965f
09b94d1b44c348ceadb9 242983dadb1f4402a4a9 09b94d1b44c348ceadb9
37a0aebb00dc4457a07b 9b93a8a7d0b543339985
6cdca42ad550495aa84f cfa4f7b46ab548c1a67a 5b7e4d089e434c6a9293
a22afbff48914ac888a0 a22afbff48914ac888a0
00dd89601f03490d8809 664988394a5f48d79e79 00dd89601f03490d8809 ce2f0e6b8eb94a748c7d a0f6a505c8184e86afc9
8ae0afe573b34065b929 5a3b69fa8cfb4982a27c 4c8b2bb0f24f4375a715 af0a537d56ff42a99a0a d8780223b4744b5b91e5
9a0ec8a933e541059e59 211ddbbf614a47428f13 5dc9f852f2454533879f 7e0770b0df094f329117
bbd144150de64860b03c bbd144150de64860b03c
5fd6476364e640bea476 5fd6476364e640bea476 205f1eddbda0478aada6 7a1df78f40b245bfbb97 06635824d9b841f7b41e e6237b02869349c2bcc8 fa1e4bc6ddcc462f984f 53afa325a7d34c438292
a2e35f0c3c9143c68a9e a2e35f0c3c9143c68a9e 0a53d934f24848f9bda3 42e3ccb6ddd54a0aa3cb
884e85a591684c7ebc61 884e85a591684c7ebc61
079c33e2ed6d4acab576 8fb88a81c320403c8940 26a1d084007f489fba55 b3a599b5126842e1bf24 fab56f22f8684dd18893
c69875060dcb453ead1a 76432c67ac2d44b384c1 c69875060dcb453ead1a
ef84408a20334d7d9940 ef84408a20334d7d9940 df9fcc997b4f4a18b94a c7ef0821b71641f390ee
2b0e5d986b0a4f1cb926 f74897e94729433fa22f 5b3dce289f444b0aa162 8e02573f1324425c9311 e3726a85ffc34b1282cf bd01ba7047cb4d04a847 2b0e5d986b0a4f1cb926 19f204e30ad4442cb966 33edfebd58804049be59
404713e80e9740c9b7cd 404713e80e9740c9b7cd b96177c96ab740b3965b
e05275dbed2540ddb1d0 87788962cd304b248baf 0753fe21061c4e058dad e05275dbed2540ddb1d0 df9c93ed7a63447389dd 529d899e8f2545bfbc5a
e74a97c92dba4d8ea2d5 e5a9ca3b130945588284 2bcf7711ba8b49129f0c e74a97c92dba4d8ea2d5 e87b98454fe24297b210 dbfc82377b8f4429bc5e b927c43e198546078ea6 c947a496d2b34bb89bb9
d484483c58914446843f d484483c58914446843f
9d3cca8f993b4a05a976 ec162ad32a614344923a b42e69fcc93540ff9100
d43c14836a764052a5af d8316f23d67e43ccb5e7 42f0effdbad6403aad72 ca0b4771edab4289a9de 74bfaa171ba342fc9e58
e5d122afc38c45dea5ae e5d122afc38c45dea5ae 1a4c9d2bea59474aa118
54de46f8d4f647d1baa7 82654fedf62042cb92dc 849492e2a4f04946a2c6 1c62a698c79e460eb5ff babcd00b2c484c36bc48 cd51464f29fe4984870b 54de46f8d4f647d1baa7
ddf764e162654211a02e eff3a759e4134e70a252