9b0f0f4ded15491691bd 6546adf352d74e64b1d9 465a9fdfbe7e43bf9d6e 97b46a2d8ead45d98077 85d65d4df3204859a6e4 9fe71c55e3ae49ae8b15 622df2f2f11d4fd39c78 5cce412248b74953bcf8 6e23fc10d23841e89222 6c2d42b6b644452fbba1 be5b9781cabc47a78aac 5cce412248b74953bcf8 622df2f2f11d4fd39c78 8b72f079974a49c7aa40 9fe71c55e3ae49ae8b15 85d65d4df3204859a6e4 d1176523a57843768e69 4083eeebbfb942a38987 470940a29cd144fc97da 4083eeebbfb942a38987 465a9fdfbe7e43bf9d6e 9b0f0f4ded15491691bd eb960e815dd14fd6bd07 9b0f0f4ded15491691bd 8234739fe11c4c58939e 0f751efa18504c32ac90 62d54404ca3d46179d84 b989f75f3cac48bfbf34 17afab496b7b4f7fb1eb edbe0486385943b583ca 9fe71c55e3ae49ae8b15 f69f6451080d4570851d d3ae567eea5a44939b43 5f97b4cc64ac4b33adb3 17afab496b7b4f7fb1eb 8a3bd04ca9844f3486da 7b57359ca242406bb373 5a7dba50af224e2ab6b8 bef459c8a1f84af3a3a9 1bcf747e9b5643a184fc 8234739fe11c4c58939e cc612a917319427a804f 44b317edac764442b4cd edbe0486385943b583ca 9fe71c55e3ae49ae8b15 9f70940221e74a07b4ec b8067c0f6fa64e82934c 76c1c57d82ff45aebedc e9554fdc2bfe4d5d8ac4 f97d644996214374ad52 5054aa992299466d9c42 4442f5bd42d743b693d2 85d65d4df3204859a6e4 d1176523a57843768e69 5a7dba50af224e2ab6b8 bab9aa2939444af1b896 5a7dba50af224e2ab6b8 073dfdb4c73d4cc9bbb9 0f751efa18504c32ac90 a01842095e984bd09db6 c0e69339ecae4efdb4d8 1bcf747e9b5643a184fc 9b0f0f4ded15491691bd
33
9b0f0f4ded15491691bd e70b11887ef14bce9075 9b0f0f4ded15491691bd c65ed76062154b0ab868
6546adf352d74e64b1d9 e3f0a7bd5aa342ac9fe9
465a9fdfbe7e43bf9d6e 465a9fdfbe7e43bf9d6e
97b46a2d8ead45d98077 97b46a2d8ead45d98077 b645cb0bc92b4d92bdf9
85d65d4df3204859a6e4 85d65d4df3204859a6e4
6e23fc10d23841e89222 2e7ecbbb3b3e47dc8d96
6c2d42b6b644452fbba1 6c2d42b6b644452fbba1 7a033f26eda14b709d28
be5b9781cabc47a78aac be5b9781cabc47a78aac
8b72f079974a49c7aa40 8b72f079974a49c7aa40
4083eeebbfb942a38987 4083eeebbfb942a38987
470940a29cd144fc97da b5e22237f3c14773b553
eb960e815dd14fd6bd07 e2caa88e503f4129b613 885e825ee7fa47d0bf37 eb960e815dd14fd6bd07 3f0f5ffb79ce42f4a325
8234739fe11c4c58939e 8234739fe11c4c58939e 2bc5c3c02de447469b45
0f751efa18504c32ac90 18bb444e17894062aa31
62d54404ca3d46179d84 26bbebd3e4264edd8081
b989f75f3cac48bfbf34 b989f75f3cac48bfbf34
17afab496b7b4f7fb1eb 339edeefe40f47f4abbe
edbe0486385943b583ca d6b027921ae340ac8c4c
f69f6451080d4570851d f69f6451080d4570851d ddfff2b50dff43868057 f4d7e89ec3164c95942e 9ff40c0a1bef41898f25
d3ae567eea5a44939b43 d3ae567eea5a44939b43
8a3bd04ca9844f3486da 8a3bd04ca9844f3486da
7b57359ca242406bb373 2343f68f1ed74a6f8567 7b57359ca242406bb373
5a7dba50af224e2ab6b8 c88b4673ce3d49c6908f
bef459c8a1f84af3a3a9 bef459c8a1f84af3a3a9 cbdeaac599ea4917bf3b
1bcf747e9b5643a184fc 1bcf747e9b5643a184fc
cc612a917319427a804f cc612a917319427a804f
76c1c57d82ff45aebedc bcb1ec18982a4bb0815b c5365df821314eeb9891
5054aa992299466d9c42 0921b2d036264a09b57e
4442f5bd42d743b693d2 bcedb61dc02748cd9d61
bab9aa2939444af1b896 c0fd362b334d43189c08 3404f2452daa4f839b9b bab9aa2939444af1b896
073dfdb4c73d4cc9bbb9 28b1f9c8d4d24d81bc6d 0823afbd07bf45febe21
a01842095e984bd09db6 d41ce53800e74a0f849b
c0e69339ecae4efdb4d8 c0e69339ecae4efdb4d8