Soda 134 2 183 10 137 136 181 193 171 99 131 135 106 122 112 161 116 174 163 129 154 102 114 130 100 152 121 132 196 104 179 164 60 140 70 166 111 169 111 146 198 124 187 150 175 119 151 141 143 144 108 167 147 70 139 126 127 21 115 177 89 194 125 101 62 117 186 99 173 118 109 43 155 133 149 194 142 190 191 185 123 162 174 179 178 159 180 156 120 172 68 188 161 160 54 168 165 148 173 184 130 105 198 113 42 110 142 157 192 178 145 197 189 107 138 61 158 69 176 170 128 175 103 195 182 124 119 153 Soda
100
134 134
183 183
137 137
136 136
181 181
193 193
171 171
99 99
131 131
135 135
106 106
122 122
112 112
161 161
116 116
174 174
163 163
129 129
154 154
102 102
114 114
130 130
100 100
152 152
121 121
132 132
196 196
104 104
179 179
164 164
140 140
166 166
111 111
169 169
146 146
198 198
124 124
187 187
150 150
175 175
119 119
151 151
141 141
143 143
144 144
108 108
167 167
147 147
139 139
126 126
127 127
115 115
177 177
194 194
125 125
101 101
117 117
186 186
173 173
118 118
109 109
155 155
133 133
149 149
142 142
190 190
191 191
185 185
123 123
162 162
178 178
159 159
180 180
156 156
120 120
172 172
188 188
160 160
168 168
165 165
148 148
184 184
105 105
113 113
110 110
157 157
192 192
145 145
197 197
189 189
107 107
138 138
158 158
176 176
170 170
128 128
103 103
195 195
182 182
153 153