Soda 84 67 57 47 39 44 86 49 83 91 68 38 92 33 75 11 40 72 94 82 80 54 70 8 52 28 98 78 3 32 79 29 166 97 35 27 77 49 96 26 34 50 10 56 51 89 81 99 88 45 66 20 62 24 6 65 63 9 12 55 73 46 86 60 37 15 2 64 61 138 101 23 5 31 90 76 25 100 93 48 183 43 18 58 42 74 95 7 36 14 17 22 71 59 69 131 87 53 30 13 4 41 85 21 39 19 16 Soda
100
84 84
67 67
57 57
47 47
39 39
44 44
86 86
49 49
83 83
91 91
68 68
38 38
92 92
33 33
75 75
11 11
40 40
72 72
94 94
82 82
80 80
54 54
70 70
8 8
52 52
28 28
98 98
78 78
3 3
32 32
79 79
29 29
97 97
35 35
27 27
77 77
96 96
26 26
34 34
50 50
10 10
56 56
51 51
89 89
81 81
99 99
88 88
45 45
66 66
20 20
62 62
24 24
6 6
65 65
63 63
9 9
12 12
55 55
73 73
46 46
60 60
37 37
15 15
2 2
64 64
61 61
101 101
23 23
5 5
31 31
90 90
76 76
25 25
100 100
93 93
48 48
43 43
18 18
58 58
42 42
74 74
95 95
7 7
36 36
14 14
17 17
22 22
71 71
59 59
69 69
87 87
53 53
30 30
13 13
4 4
41 41
85 85
21 21
19 19
16 16