Wurster Pennsylvania Maxwell Simon Spieker Vermont McLaughlin Silver Barrows Florida Frank Brain Sutardja Montgomery Cory Optometry Class Moffitt Salem Anthony Boston Massachusetts Pitzer Honolulu Sather Raleigh Parking Hazardous Hilgard Recreational Indianapolis Visitor Chan California Blackwell Simpson Stanley Juneau North Observatory Oregon Tennessee Nevada Idaho Alabama Kleeberger Gilman Hesse Goldman Moses Wurster
50
Wurster Wurster
Pennsylvania Pennsylvania
Maxwell Maxwell
Simon Simon
Spieker Spieker
Vermont Vermont
McLaughlin McLaughlin
Silver Silver
Barrows Barrows
Florida Florida
Frank Frank
Brain Brain
Sutardja Sutardja
Montgomery Montgomery
Cory Cory
Optometry Optometry
Class Class
Moffitt Moffitt
Salem Salem
Anthony Anthony
Boston Boston
Massachusetts Massachusetts
Pitzer Pitzer
Honolulu Honolulu
Sather Sather
Raleigh Raleigh
Parking Parking
Hazardous Hazardous
Hilgard Hilgard
Recreational Recreational
Indianapolis Indianapolis
Visitor Visitor
Chan Chan
California California
Blackwell Blackwell
Simpson Simpson
Stanley Stanley
Juneau Juneau
North North
Observatory Observatory
Oregon Oregon
Tennessee Tennessee
Nevada Nevada
Idaho Idaho
Alabama Alabama
Kleeberger Kleeberger
Gilman Gilman
Hesse Hesse
Goldman Goldman
Moses Moses