Rhode Hawaii Valley Berkeley Little Cleary Madison Cory LeConte Police Edwards Nashville Austin Columbia Maxwell Durant Lower Michigan Jefferson Clark Utah Nevada McLaughlin Bowles Tang Durham Blackwell Kentucky Foothill Montana Life Cheyenne Krutch Simpson Maryland Haste Hellman University Pennsylvania Simon Chou Hearst Stadium Hargrove Heating Sproul Grinnell Martin Insectary Silver Florida Barrows Hertz Minnesota Tennessee Class Montgomery Mathematical Jacobs BART Topeka Mississippi Jones Richmond CNMAT Annapolis Wisconsin Baton Mulford Salt Santa Olympia Donner McEnerney East Chvez International Trenton Etcheverry Springer Morrison Harrisburg Oregon Birge Providence Boalt Moses Energy Campanile Concord Observatory Warren Illinois Moffitt Columbus Bancroft Hartford Brain Lansing West Rhode
100
Rhode Rhode
Hawaii Hawaii
Valley Valley
Berkeley Berkeley
Little Little
Cleary Cleary
Madison Madison
Cory Cory
LeConte LeConte
Police Police
Edwards Edwards
Nashville Nashville
Austin Austin
Columbia Columbia
Maxwell Maxwell
Durant Durant
Lower Lower
Michigan Michigan
Jefferson Jefferson
Clark Clark
Utah Utah
Nevada Nevada
McLaughlin McLaughlin
Bowles Bowles
Tang Tang
Durham Durham
Blackwell Blackwell
Kentucky Kentucky
Foothill Foothill
Montana Montana
Life Life
Cheyenne Cheyenne
Krutch Krutch
Simpson Simpson
Maryland Maryland
Haste Haste
Hellman Hellman
University University
Pennsylvania Pennsylvania
Simon Simon
Chou Chou
Hearst Hearst
Stadium Stadium
Hargrove Hargrove
Heating Heating
Sproul Sproul
Grinnell Grinnell
Martin Martin
Insectary Insectary
Silver Silver
Florida Florida
Barrows Barrows
Hertz Hertz
Minnesota Minnesota
Tennessee Tennessee
Class Class
Montgomery Montgomery
Mathematical Mathematical
Jacobs Jacobs
BART BART
Topeka Topeka
Mississippi Mississippi
Jones Jones
Richmond Richmond
CNMAT CNMAT
Annapolis Annapolis
Wisconsin Wisconsin
Baton Baton
Mulford Mulford
Salt Salt
Santa Santa
Olympia Olympia
Donner Donner
McEnerney McEnerney
East East
Chvez Chvez
International International
Trenton Trenton
Etcheverry Etcheverry
Springer Springer
Morrison Morrison
Harrisburg Harrisburg
Oregon Oregon
Birge Birge
Providence Providence
Boalt Boalt
Moses Moses
Energy Energy
Campanile Campanile
Concord Concord
Observatory Observatory
Warren Warren
Illinois Illinois
Moffitt Moffitt
Columbus Columbus
Bancroft Bancroft
Hartford Hartford
Brain Brain
Lansing Lansing
West West