Donner Ishi Phoenix Haas Santa Helena Life Minnesota Wurster Tallahassee Topeka North Iowa Recreational Gayley Foothill Old Gilman Illinois Haste Juneau Providence Cyclotron Optometry McCone Donner
25
Donner Donner
Ishi Ishi
Phoenix Phoenix
Haas Haas
Santa Santa
Helena Helena
Life Life
Minnesota Minnesota
Wurster Wurster
Tallahassee Tallahassee
Topeka Topeka
North North
Iowa Iowa
Recreational Recreational
Gayley Gayley
Foothill Foothill
Old Old
Gilman Gilman
Illinois Illinois
Haste Haste
Juneau Juneau
Providence Providence
Cyclotron Cyclotron
Optometry Optometry
McCone McCone