100 58 100 31 15 27 70 36 70 27 15 30 16 61 54 1 17 2 46 142 131 50 19 47 48 49 51 23 53 18 55 58 100 86 85 164 165 104 156 153 115 111 115 153 156 104 165 164 85 86 100 31 15 30 16 61 14 34 7 39 78 39 7 34 14 61 16 30 15 31 100 88 100 31 15 30 16 61 54 1 17 2 44 4 44 45 26 61 14 34 103 13 29 43 72 43 45 26 61 16 30 15 31 100 86 85 164 165 104 156 153 156 104 165 164 85 86 100 31 15 30 16 61 54 1 17 2 46 142 131 130 129 144 42 144 129 130 131 142 46 2 17 1 54 61 16 30 15 27 70 36 33 12 11 10 76 10 11 12 33 36 70 27 15 30 16 61 26 45 43 45 44 2 46 142 131 50 133 141 20 136 188 21 188 136 188 192 189 182 187 96 95 94 98 58 55 58 100
49
58 58
31 31
15 15
27 27
36 36 28
30 30
16 16 22 25 59 60
54 54
1 1
17 17
2 2
46 46
50 50
19 19
47 47
48 48
49 49
51 51
23 23
53 52 53
18 18
55 55 24
165 165
153 153
111 111
14 14
34 34
7 7
39 39
78 37
88 32
44 44
4 4 5
45 45
26 26
13 13
29 29
43 43
72 9 40 6 8
42 41 42 3
33 33
12 12
11 11
10 10
76 121
20 20
21 57 21 56
192 192
182 182