LeonieHill ChangiPoint SungeiKadut KampongUbi WoodlandsSouth Gombak ConeyIsland CompassvaleTrafalgar PunggolTownCentre KeatHong Novena Clementi Victoria Lavender NorthCoast BukitBatokCentral Mandai PasirRisWestElias Guilin GreenwoodPark MonksHill Outram HougangCentral NeeSoon OrangeGrove NeeSoon Shipyard KampongUbi WoodlandsSouth Gombak ConeyIsland CompassvaleTrafalgar Changi Sentosa FarrerPark Frankel Semakau WesternIslands PasirPanjang2 LeonieHill
23
SungeiKadut SungeiKadut
ConeyIsland ConeyIsland
PunggolTownCentre PunggolTownCentre ClementiCentral ChangiWest Woodgrove
KeatHong YuhuaWestBoonLay
Novena SingaporePolytechnic Townsville Novena
Victoria Victoria
Lavender SerangoonGarden Phillip TuasBay TanglinHalt Yishun
NorthCoast AnchorvaleBuangkok YioChuKang NorthCoast MandaiWest Boulevard
BukitBatokCentral BukitBatokCentral
PasirRisWestElias TampinesWest LoyangEast ChoaChuKangCentral
Guilin Guilin
GreenwoodPark GreenwoodPark BishanEast Trafalgar
MonksHill MonksHill
Outram Sennett Outram
HougangCentral Kranji JurongWestCentral
NeeSoon NeeSoon
OrangeGrove Tyersall DefuIndustrialPark OrangeGrove
Shipyard Shipyard
Changi Ridout
Sentosa SembawangSprings Sentosa
FarrerPark FarrerPark
Semakau Semakau SungeiRoad KampongGlam KallangWay
PasirPanjang2 AirportRoad PasirPanjang2 Springleaf