YuhuaEast Sengkang TelokBlangahRise KallangWay IstanaNegara Bayshore TuasNorthPioneer LoyangEast Kembangan CityHall Simpang Mandai ClementiCentral Midview ClementiCentral SembawangStraits Shipyard TamanJurong SungeiRoad AngMoKioTownCentre WoodlandsWest HougangEast JurongPort WoodlandsSouth MandaiEast MonksHill SembawangCentral NatureReserve Moulmein PayaLebarNorth MountEmily KebunBahru Tampines YioChuKangEast WestCoast Commonwealth WestCoast SouthernIslands ChoaChuKang FarrerCourt TanjongIrau Sembawang Changi HougangEast Boulevard PasirRisDrive KebunBahru Tampines PengSiang PulauPunggolTimor PeoplesPark OrangeGrove Matilda YuhuaEast Sennett SerangoonGarden Sennett YuhuaEast Sennett ClementiCentral Mandai ChengSan BoonTeck Katong Clementi PunggolField PayaLebar SembawangEast MountEmily Redhill SouthernIslands WestCoast TuasNorthPioneer TagoreSindo UpperPayaLebar Brickworks Kranji Bedok BenoiSector TiongBahru ShangriLa HollandDrive YuhuaEast
50
TelokBlangahRise Sentosa TelokBlangahRise SungeiKadut
IstanaNegara IstanaNegara
TuasNorthPioneer TuasNorthPioneer
Kembangan Kembangan
CityHall CityHall
Mandai Mandai Geylang PasirRis
ClementiCentral Serangoon
Midview Punggol
SembawangStraits Trafalgar SembawangStraits OneTreeHill HongKah UpperThomson
Shipyard PasirRisPark Shipyard
TamanJurong ChangiPoint
SungeiRoad WaterwayEast SungeiRoad
AngMoKioTownCentre Port OneNorth AngMoKioTownCentre JurongWestCentral
WoodlandsWest SerangoonCentral Northland BukitBatokSouth WoodlandsWest
HougangEast TampinesNorth
JurongPort DairyFarm Mountbatten PeiChun JooSengPayaLebar JurongPort
WoodlandsSouth DhobyGhaut Cairnhill
MandaiEast MandaiEast
NatureReserve ChangiWest
Moulmein Moulmein
PayaLebarNorth Tanglin
MountEmily GeylangEast
KebunBahru KebunBahru
Tampines Tampines
YioChuKangEast YioChuKangEast SembawangHills UluPandan KeatHong
Commonwealth KentRidge InstitutionHill Chatsworth Commonwealth
SouthernIslands SouthernIslands HongKahNorth
ChoaChuKang DefuIndustrialPark ChoaChuKang BoatQuay HougangCentral Saujana
TanjongIrau Aljunied
Sembawang Sembawang EastCoast
Boulevard RochorCanal
PasirRisDrive PasirRisDrive Museum PayaLebarEast TohGuan
PengSiang BukitBatokWest
PulauPunggolTimor Paterson ReservoirView Khatib PulauPunggolTimor SimpangNorth AlexandraNorth
PeoplesPark BayfrontSubzone PeoplesPark
OrangeGrove OrangeGrove
Matilda BedokSouth Matilda
Sennett ChinaSquare Sennett
SerangoonGarden SingaporeRiver SerangoonGarden
ChengSan BedokNorth BoonLayPlace PearlsHill LowerSeletar
BoonTeck ClementiNorth
Katong EvertonPark
PunggolField PunggolField
SembawangEast TuasPromenade
TagoreSindo TagoreSindo SerangoonNorth
Brickworks Brickworks
Bedok PangSua
BenoiSector BenoiSector
TiongBahru TiongBahru TuasBay
HollandDrive YioChuKang