139 18 134 127 16 172 1 58 156 30 13 53 82 103 131 31 175 21 89 138 77 149 2 38 134 18 84 4 104 71 198 139 176 125 6 71 26 3 96 145 97 105 12 43 13 158 145 96 3 149 74 36 8 157 68 44 41 22 142 76 160 65 16 108 54 15 31 15 66 32 74 38 39 57 28 169 114 111 153 71 198 147 2 85 122 114 79 107 191 47 76 37 5 97 25 31 121 85 139 77 123 87 35 143 41 112 153 101 64 151 182 115 33 94 169 153 106 69 72 169 127 68 197 173 97 60 90 128 67 19 140 118 17 187 135 78 9 161 148 128 184 128 81 95 5 158 106 69 72 2 161 193 146 23 14 24 95 81 15 14 23 56 159 186 122 91 75 91 112 200 177 27 59 22 42 176 42 102 109 95 63 152 86 21 30 10 37 190 113 132 48 132 30 156 30 113 189 102 74 7 60 45 144 142 119 184 64 199 84 49 120 111 114 178 1 66 78 38 138 170 11 85 196 188 6 50 98 132 165 36 130 36 25 141 191 141 139
100
18 18
134 134
127 127
16 16
172 172
1 1
58 58
156 156
30 30
13 13
82 82
131 131
31 31
21 21
89 89
138 138
77 77
2 2
84 84
104 104
71 71
198 198
176 176
125 125
26 26
96 96
145 145
105 105
43 43
158 158
74 74
8 8
157 157
44 44
41 41
22 22
142 142
65 65
108 108
15 15
32 32
39 39
57 57
114 114
111 111
153 153
147 147
85 85
122 122
79 79
191 191
47 47
37 37
5 5
25 25
123 123
35 35
112 112
101 101
64 64
182 182
33 33
106 106
69 69
72 72
173 173
60 60
128 128
67 67
118 118
187 187
78 78
9 9
161 161
148 148
184 184
81 81
95 95
146 146
23 23
14 14
186 186
91 91
75 75
27 27
109 109
152 152
113 113
48 48
189 189
7 7
144 144
119 119
178 178
11 11
188 188
98 98
165 165
130 130
141 141