F8 P1 H8 M3 P5 S2 P6 A7 R7 J1 S5 N7 J6 N7 A6 F4 A2 I2 T9 H1 L3 R7 O6 G4 N8 G4 O6 D7 J2 O5 G6 Q2 D1 Q7 Q8 B7 R3 J0 K9 K5 N9 B4 I4 F2 C1 D4 R6 Q3 P1 L3 E9 O0 S0 B2 I6 H3 T0 A9 F7 Q1 H1 M4 Q4 G0 P0 C0 F7 J8 M7 S9 J7 H0 I8 F1 E2 S9 M7 Q9 M0 C6 T1 Q2 E3 D5 B0 T6 M1 E4 N2 J5 E3 F3 R9 E3 M1 H7 C4 R0 S8 H3 B5 A0 N9 B1 C8 C3 F8
70
F8 O3
P1 I9
H8 D3 C2
P5 H6 P5
S2 N1 S2
P6 P6
A7 R4
J1 J1
S5 A1 K1 S5 G1
N7 N7 S7
J6 O1
A2 H2 A2
I2 I2
T9 N0 G9 T9 E5
H1 H1
G4 G4
N8 N8
D7 D7
J2 I0 J2
O5 O5
G6 G6
Q7 F6 B3 Q7
Q8 Q8 A8
R3 R8 O2
J0 J0
K9 A3 E7 L9
K5 K5
B4 N6 B4
I4 F9 L6 I4
F2 F2
C1 C1
D4 D4
R6 R6
Q3 Q3 Q5 P7
E9 K6
S0 T5 S0 T8 D8
B2 B2
I6 I6
H3 H3
T0 Q0 T0
A9 A9
Q1 P2
G0 G0
C0 C0
J8 N4
M7 M5
S9 S9
J7 H5
H0 H0
I8 I8
F1 F1
E2 E2
M0 M0
T1 T1
E3 E3
D5 D5
B0 B0
T6 P9
M1 I3
E4 E4 D9
N2 N2 K3
J5 H4
F3 E8
R9 R9
C4 C4
R0 R0
S8 S8
A0 A0
C8 C8 M6
C3 C3