J6 I5 G6 C3 J8 H5 C9 I3 D8 D6 F7 H3 C9 E2 I7 D8 C6 G8 A2 E4 J7 B3 D0 F0 D6 B0 E4 F5 G0 A8 A9 C8 F9 J5 H4 I6 H0 H2 F3 I5 J9 B5 E6 E1 B9 H6 A0 F6 C1 B7 B6 C2 A5 D0 B7 A7 J7 G9 H2 F8 C4 B4 H7 B0 E0 H8 J4 J1 J6
50
J6 J6
G6 G6
C3 C3
J8 J8
H5 H5
C9 C9
I3 I3
D8 D8
D6 D6
F7 F7
H3 H3
E2 E2
I7 I7
C6 C6
G8 G8
A2 A2
E4 E4
J7 J7
B3 B3
D0 D0
F0 F0
B0 B0
F5 F5
G0 G0
A8 A8
A9 A9
F9 F9
J5 J5
H4 H4
H0 H0
H2 H2
F3 F3
J9 J9
B5 B5
E1 E1
B9 B9
A0 A0
C1 C1
B7 B7
B6 B6
C2 C2
A5 A5
A7 A7
G9 G9
F8 F8
C4 C4
H7 H7
E0 E0
H8 H8
J4 J4