Qwilfish Drampa Sandile Dewpider Whismur Nincada Comfey Magnemite Yungoos Magnemite Froakie Bounsweet Gengar Metapod Noibat Nincada Seaking Munna Skorupi Skiddo Phanpy Lotad Drapion Tropius Scatterbug Meloetta Inkay Magmar Shellos Xerneas Wailord Tauros Weezing Vespiquen Inkay Slurpuff Metang Lotad Gengar Lotad Metang Steenee Volcarona Vullaby Porygon2 Crawdaunt Woobat Crawdaunt Scatterbug Tsareena Scatterbug Taillow Scatterbug Dewpider Kakuna Lumineon Kakuna Honedge Weezing Honedge Noibat Magmar Phanpy Drampa Phanpy Skiddo Noibat Tornadus Kakuna Honedge Weepinbell Honedge Noibat Simisear Slowbro Tropius Skorupi Magnemite Amoonguss Stufful Whismur Nincada Slowbro Simisear Sandile Dewpider Kakuna Treecko Kakuna Honedge Wartortle Magmar Volcarona Magmar Phanpy Lotad Politoed Terrakion Noibat Magmar Shellos Magmar Wartortle Zekrom Amoonguss Magnemite Swadloon Munna Skorupi Tropius Scatterbug Meloetta Sandile Vullaby Paras Zekrom Conkeldurr Stufful Jumpluff Metapod Noibat Tornadus Noibat Metapod Weezing Escavalier Weezing Metapod Metang Terrakion Politoed Lotad Skorupi Tropius Drapion Vullaby Amoonguss Lotad Wartortle Xerneas Shellos Magmar Inkay Slurpuff Metang Steenee Jumpluff Plusle Jumpluff Vullaby Paras Tsareena Whismur Bastiodon Shellder Tsareena Scatterbug Tropius Qwilfish
64
Qwilfish Qwilfish
Drampa Drampa
Sandile Sandile
Dewpider Dewpider
Whismur Whismur
Nincada Nincada
Comfey Comfey
Magnemite Magnemite
Yungoos Yungoos
Froakie Froakie
Bounsweet Bounsweet
Gengar Gengar
Metapod Metapod
Noibat Noibat
Seaking Seaking
Munna Munna
Skorupi Skorupi
Skiddo Skiddo
Phanpy Phanpy
Lotad Lotad
Drapion Drapion
Tropius Tropius
Scatterbug Scatterbug
Meloetta Meloetta
Inkay Inkay
Magmar Magmar
Shellos Shellos
Xerneas Xerneas
Wailord Wailord
Tauros Tauros
Weezing Weezing
Vespiquen Vespiquen
Slurpuff Slurpuff
Metang Metang
Steenee Steenee
Volcarona Volcarona
Vullaby Vullaby
Porygon2 Porygon2
Crawdaunt Crawdaunt
Woobat Woobat
Tsareena Tsareena
Taillow Taillow
Kakuna Kakuna
Lumineon Lumineon
Honedge Honedge
Tornadus Tornadus
Weepinbell Weepinbell
Simisear Simisear
Slowbro Slowbro
Amoonguss Amoonguss
Stufful Stufful
Treecko Treecko
Wartortle Wartortle
Politoed Politoed
Terrakion Terrakion
Zekrom Zekrom
Swadloon Swadloon
Paras Paras
Conkeldurr Conkeldurr
Jumpluff Jumpluff
Escavalier Escavalier
Plusle Plusle
Bastiodon Bastiodon
Shellder Shellder