Myrtle Abilene Moreno Alexandria Grays Joliet Irving Bloomington Cathedral Bridgeport Lansing Lorain Barnstable Nashua Macon Lexington Muskegon Huntington Albany Fayetteville Erie Leominster Champaign Abilene Hartford Cedar Albuquerque Chandler Hollywood Cedar Appleton GreenBay Lorain Mobile Barnstable Huntsville Lacey Baltimore Bradenton Macon Dallas Hemet Minneapolis Cary Harlingen Houma Davidson Hemet Cruces Miramar Chicago Kissimmee Huntington Kansas Montgomery Medford Cathedral Joliet Deltona Brownsville Kailua Aribel Merced Bradenton Corpus Plen Montgomery Myrtle
50
Abilene Abilene
Moreno Moreno
Alexandria Alexandria
Grays Grays
Joliet Joliet
Bloomington Bloomington
Cathedral Cathedral
Bridgeport Bridgeport
Lansing Lansing
Lorain Lorain
Barnstable Barnstable
Nashua Nashua
Macon Macon
Lexington Lexington
Muskegon Muskegon
Huntington Huntington
Albany Albany
Erie Erie
Leominster Leominster
Champaign Champaign
Hartford Hartford
Cedar Cedar
Albuquerque Albuquerque
Chandler Chandler
Hollywood Hollywood
Appleton Appleton
GreenBay GreenBay
Mobile Mobile
Huntsville Huntsville
Baltimore Baltimore
Bradenton Bradenton
Dallas Dallas
Hemet Hemet
Minneapolis Minneapolis
Cary Cary
Harlingen Harlingen
Houma Houma
Davidson Davidson
Miramar Miramar
Chicago Chicago
Kissimmee Kissimmee
Kansas Kansas
Montgomery Montgomery
Medford Medford
Deltona Deltona
Brownsville Brownsville
Aribel Aribel
Merced Merced
Corpus Corpus
Plen Plen