Burlington Miramar Clarke Louisville Buffalo Hayward Amarillo McAllen Julian Greenville Denver Cambridge Barnstable Columbus Bridgeport Merced Chattanooga Chicago Rapids Buffalo Hampton Honolulu Davenport Julian Cedar Hampton Myrtle Naperville Independence Prairie Killeen Burlington
25
Miramar Miramar
Clarke Clarke
Louisville Louisville
Buffalo Buffalo
Hayward Hayward
Amarillo Amarillo
McAllen McAllen
Greenville Greenville
Denver Denver
Cambridge Cambridge
Columbus Columbus
Bridgeport Bridgeport
Merced Merced
Chattanooga Chattanooga
Chicago Chicago
Rapids Rapids
Hampton Hampton
Honolulu Honolulu
Davenport Davenport
Cedar Cedar
Myrtle Myrtle
Naperville Naperville
Independence Independence
Prairie Prairie
Killeen Killeen