Monroe Kailua Asheville Carrollton Havre Aberdeen Lowell Huntsville Irving Eight Naples Bridgeport Bethlehem Antioch Mobile Hollywood Montgomery Five Canton Detroit Seven Amarillo Denton Lorain Daytona Antioch Hialeah Bethlehem Anchorage Laredo Lacey Apple Clarke Merced Lafayette Lakewood Huntsville Glendale Macon Anaheim Birmingham Rapids Corpus Carrollton Kennewick Boise Modesto Hampton Brownsville Leominster Hampton Clarksville Five Julian Huntington Fairfield Asheville Anchorage Bradenton Cleveland Charleston Monterey Killeen Mesa Muskegon Prairie Hagerstown Atlantic Hartford Champaign Manchester Baltimore Greensboro Jacksonville Leominster Allentown Gilbert Columbia Muskegon Athens Mesquite Hayward Arlington Johnson Corpus Baton Columbus Hesperia Lancaster Three Burlington Jefferson Gainesville Elizabeth Elkhart Viejo Kenosha Hickory Ten Cary Four Canton Erie Vista Dayton Burlington Lakeland Three Cambridge Bedford Albany Arlington Kansas Miami Kissimmee Austin Melbourne Lansing Fayetteville Lewisville Monroe Davidson Layton Abilene Denver Boulder Mobile Chesapeake Asheville Akron Greensboro Dallas Berkeley Monroe
100
Monroe Monroe
Kailua Kailua
Asheville Asheville
Carrollton Carrollton
Havre Havre
Aberdeen Aberdeen
Lowell Lowell
Huntsville Huntsville
Irving Irving
Naples Naples
Bridgeport Bridgeport
Bethlehem Bethlehem
Antioch Antioch
Mobile Mobile
Montgomery Montgomery
Canton Canton
Detroit Detroit
Seven Seven
Amarillo Amarillo
Denton Denton
Daytona Daytona
Hialeah Hialeah
Anchorage Anchorage
Laredo Laredo
Lacey Lacey
Apple Apple
Clarke Clarke
Merced Merced
Lafayette Lafayette
Glendale Glendale
Anaheim Anaheim
Birmingham Birmingham
Rapids Rapids
Corpus Corpus
Kennewick Kennewick
Boise Boise
Modesto Modesto
Hampton Hampton
Brownsville Brownsville
Leominster Leominster
Clarksville Clarksville
Julian Julian
Huntington Huntington
Fairfield Fairfield
Bradenton Bradenton
Cleveland Cleveland
Charleston Charleston
Monterey Monterey
Killeen Killeen
Mesa Mesa
Muskegon Muskegon
Prairie Prairie
Hagerstown Hagerstown
Hartford Hartford
Manchester Manchester
Baltimore Baltimore
Greensboro Greensboro
Jacksonville Jacksonville
Allentown Allentown
Gilbert Gilbert
Athens Athens
Mesquite Mesquite
Hayward Hayward
Arlington Arlington
Johnson Johnson
Baton Baton
Hesperia Hesperia
Lancaster Lancaster
Three Three
Burlington Burlington
Gainesville Gainesville
Elizabeth Elizabeth
Elkhart Elkhart
Viejo Viejo
Kenosha Kenosha
Hickory Hickory
Ten Ten
Cary Cary
Four Four
Erie Erie
Vista Vista
Dayton Dayton
Lakeland Lakeland
Cambridge Cambridge
Bedford Bedford
Albany Albany
Miami Miami
Kissimmee Kissimmee
Austin Austin
Melbourne Melbourne
Fayetteville Fayetteville
Lewisville Lewisville
Davidson Davidson
Layton Layton
Abilene Abilene
Denver Denver
Boulder Boulder
Chesapeake Chesapeake
Akron Akron
Dallas Dallas