DK BP HB FB CP FN EO EP EY BI BZ EQ AK EF GB CU FW EA EF CY AM HD FT BL FT FD BW CW BR BU GT DO AU GY ES DU HA EW DL BC HF BE EN BF EY EL CA FH DB DD DP DZ AO CC AV FG FP DT DN CD DE HC GG EY BZ AY DF BA CE CT GV FT GR CS AL DM EM GN ET AA ED DI EW BV AR GZ EB CG FA BM CA CM HJ CI AZ GL CK ES BH AG AH GX FY DX GN DO AB FZ EN DA HI CX CR AN FY AT GR HE AW DK
94
BP BP
HB HB
FB FB
CP CP
FN FN
EO EO
EP EP
EY EY
BI BI
BZ BZ
EQ EQ
AK AK
EF EF
GB GB
CU CU
FW FW
EA EA
CY CY
AM AM
HD HD
FT FT
BL BL
FD FD
BW BW
CW CW
BR BR
GT GT
DO DO
AU AU
GY GY
ES ES
DU DU
EW EW
DL DL
BC BC
HF HF
BE BE
EN EN
BF BF
EL EL
CA CA
FH FH
DB DB
DD DD
DP DP
DZ DZ
AO AO
CC CC
AV AV
FG FG
FP FP
DT DT
DN DN
CD CD
DE DE
HC HC
GG GG
AY AY
DF DF
CE CE
CT CT
GV GV
GR GR
CS CS
DM DM
EM EM
GN GN
ET ET
AA AA
ED ED
DI DI
BV BV
GZ GZ
EB EB
CG CG
FA FA
BM BM
CM CM
HJ HJ
CI CI
AZ AZ
CK CK
BH BH
AG AG
GX GX
DX DX
AB AB
FZ FZ
HI HI
CX CX
CR CR
AN AN
AT AT
HE HE