Soda LowerSproulPlaza AlumniHouse BlumHall GilmanHall BotanicalGarden CampbellHall ObservatoryHill IshiCourt AlumniHouse HavilandHall BancroftLibrary BoaltHall CyclotronRd EvansDiamond MinorHall InternationalHouse HearstFieldAnnex MinorHallAddition BarrowsHall GoldmanField BarrowLane EdwardsStadium BrainImagingCenter CheitHall CalvinLaboratory Insectary HertzHall AlumniHouse Soda
26
LowerSproulPlaza CareerCenter VLSB
AlumniHouse AlumniHouse
BlumHall BirgeHall BlumHall
GilmanHall EastGate
BotanicalGarden BotanicalGarden
CampbellHall EastAsianLibrary CampbellHall
ObservatoryHill EshlemanHall
IshiCourt BarkerHall
HavilandHall DoeMemorialLibrary
BancroftLibrary BancroftLibrary
BoaltHall BoaltHall
CyclotronRd CyclotronRd
EvansDiamond EvansDiamond
MinorHall DonnerLab
InternationalHouse EtcheverryHall
HearstFieldAnnex DurantHall
MinorHallAddition ChanShunAuditorium
BarrowsHall BarrowsHall BARTStation
GoldmanField Cory
BarrowLane BarrowLane
EdwardsStadium CaliforniaHall BanwayBldg EdwardsStadium
BrainImagingCenter BerkeleyWayWest BrainImagingCenter
CheitHall CheitHall BlackwellHall
CalvinLaboratory AnthonyHall CalvinLaboratory Campanile BerkeleyArtMuseum ChouHall ClarkKerrCampus DavisHall
Insectary Dwinelle
HertzHall CNMAT