Soda MosesHall Burlingame UniversityHall NorthGateHall HertzHall SanFrancisco PoliceUC SanPablo LowerSproulPlaza Unit1 Pinole WitterField SutardjaDaiHall ZellerbachHall WursterHall Campanile StHelena Orinda Fairfield ClarkKerrCampus MLK MartinezCommons StadiumRimWay EastGate WarrenHall ResidenceHalls GilmanHall HearstGreekTheatre Piedmont OptometryClinic AnthonyHall KroeberHall HaasSchoolofBusiness ClearyHall HearstMiningCircle WellmanHall LewisHall BerkeleyArtMuseum Novato Moffitt VLSB UniversityHall BarkerHall SatherTower Pittsburg HesseHall Belmont Soda
45
Soda EtcheverryHall
MosesHall SanRamon
Burlingame ZellerbachPlayhouse
UniversityHall Unit3 DonnerLab Hayward
NorthGateHall HargroveMusicLibrary NorthGateHall
HertzHall HertzHall
SanFrancisco WheelerHall
PoliceUC Pacifica
SanPablo SanPablo
LowerSproulPlaza LowerSproulPlaza
Unit1 Unit1
Pinole Pinole
WitterField WestCircle
SutardjaDaiHall Insectary EvansHall Healdsburg
ZellerbachHall ZellerbachHall MulfordHall
WursterHall WursterHall
Campanile Campanile
StHelena StHelena KleebergerFieldHouse FoundersRock MinorHallAddition
Orinda Alameda GiauqueHall Oakley Orinda
Fairfield SanRafael Fairfield IshiCourt Benicia
ClarkKerrCampus ClarkKerrCampus
MLK WomenFacultyClub Brisbane
MartinezCommons MartinezCommons Saratoga
StadiumRimWay StadiumRimWay
EastGate BancroftLibrary EastGate
WarrenHall Albany
ResidenceHalls GoldmanField
GilmanHall GilmanHall
HearstGreekTheatre HearstGreekTheatre CalvinLaboratory
Piedmont Piedmont
OptometryClinic WicksonNaturalArea
AnthonyHall AnthonyHall
KroeberHall KroeberHall
HaasSchoolofBusiness Emeryville SproulPlaza
ClearyHall ClearyHall
HearstMiningCircle HearstMiningCircle
WellmanHall SternHall WellmanHall
LewisHall LewisHall WestGate
BerkeleyArtMuseum Cory
VLSB FrankSchlessingerWay
BarkerHall PimentelHall BarkerHall
SatherTower SatherTower
Pittsburg Pittsburg
HesseHall BlumHall
Belmont ChouHall Belmont Hillsborough