LegendsAquaticCenter EucalyptusGrove LegendsAquaticCenter SoutheastAsianStudie SodaHall LeConteHall GoldmanField SatherTower InvestigativeReporti NorthField GolbousPlace DurantHall LegendsAquaticCenter CITRIS LawSchool NorthGateHall LewisHall LevineFrickeSoftball StarrEastAsianLibrar EllsworthParkingStru ValleyLifeSciencesBu MemorialGlade LegendsAquaticCenter
20
LegendsAquaticCenter LegendsAquaticCenter
EucalyptusGrove EucalyptusGrove
SoutheastAsianStudie SoutheastAsianStudie
SodaHall SodaHall
LeConteHall LeConteHall
GoldmanField GoldmanField
SatherTower SatherTower
InvestigativeReporti InvestigativeReporti
NorthField NorthField
GolbousPlace GolbousPlace
DurantHall DurantHall
CITRIS CITRIS
LawSchool LawSchool
NorthGateHall NorthGateHall
LewisHall LewisHall
LevineFrickeSoftball LevineFrickeSoftball
StarrEastAsianLibrar StarrEastAsianLibrar
EllsworthParkingStru EllsworthParkingStru
ValleyLifeSciencesBu ValleyLifeSciencesBu
MemorialGlade MemorialGlade