McLaughlinHall EastAsianStudiesInst McLaughlinHall ResidentialStudentSe WitterRugbyField McLaughlinHall BerkeleyArtMuseumand Unit3ResidentHall HasteStreetChildDeve BancroftParkingStruc WarrenHall GrinnellNaturalArea Library Romeos CNMAT1750ArchSt JonesChildStudyCente StrawberryCanyonRecr RedwoodGroveBotanica VisitorCenter EshlemanHall MagnesCollectionofJe WomensFacultyClub InsectaryGreenhouse LevineFrickeSoftball StephensHall CampusSharedServices GianniniHall GoldmanSchool AnnaHeadAlumnaeHall MoffittLibrary McLaughlinHall DurantHall McLaughlinHall FacultyGlade SimpsonCenterforStud McLaughlinHall EvansDiamond SamsPad PublicAffairsOfficeo SpiekerAquaticsCompl ZellerbachHall BotanicalGarden UCBerkeleyExtension McLaughlinHall CareerCenter RecreationalSportsFa HertzHall EnergyBiosciencesBui LegendsAquaticCenter EtcheverryHall KroeberHall SeniorHall MathematicalSciences GiauqueHall McLaughlinHall
48
McLaughlinHall McLaughlinHall
EastAsianStudiesInst EastAsianStudiesInst
ResidentialStudentSe ResidentialStudentSe
WitterRugbyField WitterRugbyField
BerkeleyArtMuseumand BerkeleyArtMuseumand
Unit3ResidentHall Unit3ResidentHall
HasteStreetChildDeve HasteStreetChildDeve
BancroftParkingStruc BancroftParkingStruc
WarrenHall WarrenHall
GrinnellNaturalArea GrinnellNaturalArea
Library Library
Romeos Romeos
CNMAT1750ArchSt CNMAT1750ArchSt
JonesChildStudyCente JonesChildStudyCente
StrawberryCanyonRecr StrawberryCanyonRecr
RedwoodGroveBotanica RedwoodGroveBotanica
VisitorCenter VisitorCenter
EshlemanHall EshlemanHall
MagnesCollectionofJe MagnesCollectionofJe
WomensFacultyClub WomensFacultyClub
InsectaryGreenhouse InsectaryGreenhouse
LevineFrickeSoftball LevineFrickeSoftball
StephensHall StephensHall
CampusSharedServices CampusSharedServices
GianniniHall GianniniHall
GoldmanSchool GoldmanSchool
AnnaHeadAlumnaeHall AnnaHeadAlumnaeHall
MoffittLibrary MoffittLibrary
DurantHall DurantHall
FacultyGlade FacultyGlade
SimpsonCenterforStud SimpsonCenterforStud
EvansDiamond EvansDiamond
SamsPad SamsPad
PublicAffairsOfficeo PublicAffairsOfficeo
SpiekerAquaticsCompl SpiekerAquaticsCompl
ZellerbachHall ZellerbachHall
BotanicalGarden BotanicalGarden
UCBerkeleyExtension UCBerkeleyExtension
CareerCenter CareerCenter
RecreationalSportsFa RecreationalSportsFa
HertzHall HertzHall
EnergyBiosciencesBui EnergyBiosciencesBui
LegendsAquaticCenter LegendsAquaticCenter
EtcheverryHall EtcheverryHall
KroeberHall KroeberHall
SeniorHall SeniorHall
MathematicalSciences MathematicalSciences
GiauqueHall GiauqueHall