BerkeleyArtMuseumand Demography BowlesHall BerkeleyArtMuseumand MosesHall UniversityHouse CareerCenter WarrenHall BerkeleyArtMuseumand InternationalHouse BerkeleyArtMuseumand KoshlandHall BerkeleyArtMuseumand ClarkKerrCampus AlumniHouse FallProgramforFreshm SatherTower ArchitectsEngineersA MulfordHall BerkeleyArtMuseumand MathematicalSciences GolbousPlace BerkeleyArtMuseumand MartinezCommons EvansHall MorrisonHall BerkeleyArtMuseumand EnergyBiosciencesBui McConeHall BerkeleyArtMuseumand ZellerbachHall FacultyGlade Sebastians InvestigativeReporti KoretVisitorCenter BerkeleyArtMuseumand BancroftLibrary BancroftDanceStudio McLaughlinHall BerkeleyArtMuseumand GoldmanField EdwardsTrackStadiumG WellmanHall AHammock MagnesCollectionofJe EastAsianStudiesInst HaasSchoolofBusiness LeConteHall GraduateTheologicalU BerkeleyArtMuseumand UniversityHealthServ PublicAffairsOfficeo HearstMemorialMining CoryHall SimonHall CheitHall NaturalResourcesLabo GianniniHall SimpsonCenterforStud SpiekerAquaticsCompl UpperHearstParkingSt EllsworthParkingStru BerkeleyArtMuseumand InsectaryGreenhouse BerkeleyArtMuseumand Library BerkeleyArtMuseumand HenryHWheelerBrainIm BerkeleyArtMuseumand SutardjaDaiHall AnthonyHall ChancellorsEsplanade BerkeleyArtMuseumand HavilandHall LegendsAquaticCenter FacultyClub AcademicInnovationSt ObservatoryHill IRLE LawSchool BerkeleyArtMuseumand EvansDiamond BerkeleyArtMuseumand PacificFilmArchiveBe LatinAmericanStudies CesarEChavezStudentC BerkeleyArtMuseumand Unit1ResidentHall StanleyHall LowerHearstParkingSt CaliforniaHall LawrenceBerkeleyNati MaxwellFamilyFieldan BerkeleyArtMuseumand FoxCottage2350Bowdit BarrowsHall LawrenceHallofScienc NorthField BanwayBuilding ManvilleHall MariesHouse LiKaShingCenter BerkeleyArtMuseumand
82
BerkeleyArtMuseumand BerkeleyArtMuseumand
Demography Demography
BowlesHall BowlesHall
MosesHall MosesHall
UniversityHouse UniversityHouse
CareerCenter CareerCenter
WarrenHall WarrenHall
InternationalHouse InternationalHouse
KoshlandHall KoshlandHall
ClarkKerrCampus ClarkKerrCampus
AlumniHouse AlumniHouse
FallProgramforFreshm FallProgramforFreshm
SatherTower SatherTower
ArchitectsEngineersA ArchitectsEngineersA
MulfordHall MulfordHall
MathematicalSciences MathematicalSciences
GolbousPlace GolbousPlace
MartinezCommons MartinezCommons
EvansHall EvansHall
MorrisonHall MorrisonHall
EnergyBiosciencesBui EnergyBiosciencesBui
McConeHall McConeHall
ZellerbachHall ZellerbachHall
FacultyGlade FacultyGlade
Sebastians Sebastians
InvestigativeReporti InvestigativeReporti
KoretVisitorCenter KoretVisitorCenter
BancroftLibrary BancroftLibrary
BancroftDanceStudio BancroftDanceStudio
McLaughlinHall McLaughlinHall
GoldmanField GoldmanField
EdwardsTrackStadiumG EdwardsTrackStadiumG
WellmanHall WellmanHall
AHammock AHammock
MagnesCollectionofJe MagnesCollectionofJe
EastAsianStudiesInst EastAsianStudiesInst
HaasSchoolofBusiness HaasSchoolofBusiness
LeConteHall LeConteHall
GraduateTheologicalU GraduateTheologicalU
UniversityHealthServ UniversityHealthServ
PublicAffairsOfficeo PublicAffairsOfficeo
HearstMemorialMining HearstMemorialMining
CoryHall CoryHall
SimonHall SimonHall
CheitHall CheitHall
NaturalResourcesLabo NaturalResourcesLabo
GianniniHall GianniniHall
SimpsonCenterforStud SimpsonCenterforStud
SpiekerAquaticsCompl SpiekerAquaticsCompl
UpperHearstParkingSt UpperHearstParkingSt
EllsworthParkingStru EllsworthParkingStru
InsectaryGreenhouse InsectaryGreenhouse
Library Library
HenryHWheelerBrainIm HenryHWheelerBrainIm
SutardjaDaiHall SutardjaDaiHall
AnthonyHall AnthonyHall
ChancellorsEsplanade ChancellorsEsplanade
HavilandHall HavilandHall
LegendsAquaticCenter LegendsAquaticCenter
FacultyClub FacultyClub
AcademicInnovationSt AcademicInnovationSt
ObservatoryHill ObservatoryHill
IRLE IRLE
LawSchool LawSchool
EvansDiamond EvansDiamond
PacificFilmArchiveBe PacificFilmArchiveBe
LatinAmericanStudies LatinAmericanStudies
CesarEChavezStudentC CesarEChavezStudentC
Unit1ResidentHall Unit1ResidentHall
StanleyHall StanleyHall
LowerHearstParkingSt LowerHearstParkingSt
CaliforniaHall CaliforniaHall
LawrenceBerkeleyNati LawrenceBerkeleyNati
MaxwellFamilyFieldan MaxwellFamilyFieldan
FoxCottage2350Bowdit FoxCottage2350Bowdit
BarrowsHall BarrowsHall
LawrenceHallofScienc LawrenceHallofScienc
NorthField NorthField
BanwayBuilding BanwayBuilding
ManvilleHall ManvilleHall
MariesHouse MariesHouse
LiKaShingCenter LiKaShingCenter