a ag w ae n cd de ci bd u do t dm d fg fu e d bf a dg d fb c g eg h br b ah ck b ga fa b an ed a eu gp az bi m d df en dn a bz ff du em gh fn cb fd ev fz bc d cs fy ec d k cv fl cq e bm o b ex al b dv c eq ee b ey ak fs fv dj ew bb bl ch dt cu b aj f ab b gm fh b ap p dx ea d by b cp dq gb c aw ep ar j bv y cl f ct gn l aa er et gl e fr a
100
a a
ag ag
w w
ae ae
cd cd
de de
ci ci
bd bd
u u
do do
t t
dm dm
fg fg
fu fu
e e
bf bf
dg dg
fb fb
c c
eg eg
h h
br br
b b
ah ah
ck ck
ga ga
fa fa
an an
ed ed
eu eu
gp gp
az az
bi bi
m m
df df
en en
dn dn
bz bz
ff ff
du du
em em
gh gh
fn fn
cb cb
fd fd
ev ev
fz fz
bc bc
cs cs
fy fy
ec ec
k k
cv cv
fl fl
cq cq
bm bm
o o
ex ex
al al
dv dv
eq eq
ee ee
ey ey
ak ak
fs fs
fv fv
dj dj
ew ew
bb bb
bl bl
ch ch
dt dt
cu cu
aj aj
ab ab
gm gm
fh fh
ap ap
p p
dx dx
ea ea
by by
cp cp
dq dq
gb gb
aw aw
ep ep
ar ar
j j
bv bv
y y
cl cl
ct ct
gn gn
l l
aa aa
er er
et et
gl gl
fr fr