Pantheon TrollWarlord Spectre NightStalker Phoenix BountyHunter MasterYi Tiny Disruptor Talon Anivia Bard Ahri CrystalMaiden CentaurWarrunner Heimerdinger ArcWarden Jax Morgana Slark Bristleback Ezreal Galio Jinx Nunu Xerath Kled Ziggs KogMaw Rumble Tailyah Draven Shyvana Jayce Lucian SpiritBreaker LoneDruid Akali Malphite ChaosKnight Lux Undying WraithKing Oracle Ashe Magnus Lich Maokai Jhin Jayce Skarner Pantheon
48
TrollWarlord TrollWarlord
Spectre Spectre
NightStalker NightStalker
Phoenix Phoenix
BountyHunter BountyHunter
MasterYi MasterYi
Tiny Tiny
Disruptor Disruptor
Talon Talon
Anivia Anivia
Bard Bard
Ahri Ahri
CrystalMaiden CrystalMaiden
CentaurWarrunner CentaurWarrunner
Heimerdinger Heimerdinger
ArcWarden ArcWarden
Jax Jax
Morgana Morgana
Slark Slark
Bristleback Bristleback
Ezreal Ezreal
Galio Galio
Jinx Jinx
Nunu Nunu
Xerath Xerath
Kled Kled
Ziggs Ziggs
KogMaw KogMaw
Rumble Rumble
Tailyah Tailyah
Draven Draven
Shyvana Shyvana
Jayce Jayce
Lucian Lucian
SpiritBreaker SpiritBreaker
LoneDruid LoneDruid
Akali Akali
Malphite Malphite
ChaosKnight ChaosKnight
Lux Lux
WraithKing WraithKing
Oracle Oracle
Ashe Ashe
Magnus Magnus
Lich Lich
Maokai Maokai
Jhin Jhin
Skarner Skarner