Fizz KhaZix Singed Zed FacelessVoid Orianna TrollWarlord Yorick Kennen StormSpirit Vladimir Rengar Jinx NaturesProphet Sniper Vi Puck Evelynn Leona Irelia Tiny VelKoz Trundle Karma Beastmaster Syndra Nasus Heimerdinger Azir Cassiopeia Sivir Sona Terrorblade Timbersaw Thresh Zilean Ekko WinterWyvern LoneDruid Tristana ShadowDemon Magnus Omniknight Slardar Quinn Sven Janna Gragas Visage Huskar Warlock Brewmaster Mirana Pantheon Bloodseeker Chen NightStalker Ryze Venomancer Katarina BountyHunter Xayah JarvanIV Ziggs Morphling Medusa ShadowShaman Rubick Anivia Viktor Oracle Jayce Kled ShadowFiend DeathProphet Annie TahmKench Talon Amumu Rumble Weaver Nunu Undying Techies Slark Bane LeBlanc Kassadin SpiritBreaker Fiddlesticks Kayn CentaurWarrunner Heimerdinger Lucian Nidalee Fizz
89
Fizz Fizz
KhaZix KhaZix
Singed Singed
Zed Zed
FacelessVoid FacelessVoid
Orianna Orianna
TrollWarlord TrollWarlord
Yorick Yorick
Kennen Kennen
StormSpirit StormSpirit
Vladimir Vladimir
Rengar Rengar
Jinx Jinx
Sniper Sniper
Vi Vi
Puck Puck
Leona Leona
Irelia Irelia
Tiny Tiny
VelKoz VelKoz
Trundle Trundle
Karma Karma
Beastmaster Beastmaster
Syndra Syndra
Nasus Nasus
Heimerdinger Heimerdinger
Azir Azir
Cassiopeia Cassiopeia
Sona Sona
Terrorblade Terrorblade
Timbersaw Timbersaw
Thresh Thresh
Zilean Zilean
Ekko Ekko
WinterWyvern WinterWyvern
LoneDruid LoneDruid
Tristana Tristana
ShadowDemon ShadowDemon
Magnus Magnus
Omniknight Omniknight
Slardar Slardar
Quinn Quinn
Sven Sven
Janna Janna
Gragas Gragas
Visage Visage
Huskar Huskar
Warlock Warlock
Brewmaster Brewmaster
Mirana Mirana
Pantheon Pantheon
Chen Chen
NightStalker NightStalker
Ryze Ryze
Venomancer Venomancer
Katarina Katarina
BountyHunter BountyHunter
Xayah Xayah
JarvanIV JarvanIV
Ziggs Ziggs
Morphling Morphling
Medusa Medusa
ShadowShaman ShadowShaman
Rubick Rubick
Viktor Viktor
Oracle Oracle
Jayce Jayce
Kled Kled
ShadowFiend ShadowFiend
DeathProphet DeathProphet
Annie Annie
TahmKench TahmKench
Talon Talon
Amumu Amumu
Rumble Rumble
Weaver Weaver
Nunu Nunu
Undying Undying
Techies Techies
Slark Slark
Bane Bane
LeBlanc LeBlanc
Kassadin Kassadin
SpiritBreaker SpiritBreaker
Fiddlesticks Fiddlesticks
Kayn Kayn
CentaurWarrunner CentaurWarrunner
Lucian Lucian
Nidalee Nidalee