0 7 9 10 26 28 30 31 14 47 45 42 45 47 14 31 30 28 30 31 14 15 14 31 30 28 26 10 9 7 9 10 11 12 73 69 73 12 28 29 35 39 35 29 34 38 75 95 96 97 98 97 96 95 75 38 34 29 35 36 33 30 31 14 17 18 17 14 13 12 73 69 65 70 65 69 73 12 28 26 10 9 7 25 7 9 10 26 28 29 35 39 37 84 87 82 87 84 37 39 35 29 30 31 14 47 46 91 46 47 14 31 30 29 34 38 75 95 96 97 96 95 75 38 34 29 28 26 10 11 71 68 64 68 71 11 10 26 28 30 31 14 47 46 91 43 80 88 80 43 91 46 47 14 17 14 31 30 28 26 10 9 7 0 2 3 4 3 2 0 7 9 10 26 28 30 31 14 47 48 49 48 47 14 31 30 29 35 39 37 84 37 39 35 29 28 26 10 9 7 0 2 3 4 5 6 5 4 3 2 0 7 9 10 26 28 30 31 14 31 30 28 26 10 9 7 0 2 3 2 0 22 0 7 9 10 26 28 30 31 14 47 46 91 43 44 90 92 49 48 47 14 13 12 73 69 65 61 65 69 73 12 13 14 47 48 49 92 90 92 49 48 47 14 31 30 28 26 10 11 71 68 64 60 64 68 71 11 10 26 28 30 33 41 81 41 33 30 31 40 31 30 28 26 10 8 74 66 62 58 56 52 55 54 53 54 55 52 56 58 62 66 74 8 10 26 28 29 34 38 75 95 96 95 75 38 34 29 35 39 37 39 35 29 30 31 14 15 16 76 15 14 13 14 47 46 91 43 44 43 91 46 47 45 47 14 31 30 28 26 10 9 24 9 8 74 66 74 8 10 26 28 27 77 27 28 30 33 41 33 30 28 26 10 8 74 66 62 58 56 52 56 58 62 66 74 8 10 26 28 30 33 30 31 14 47 48 49 50 49 48 47 14 31 30 29 35 39 37 84 87 82 83 82 87 84 37 39 35 29 28 26 10 8 74 66 62 58 62 66 74 8 7 0 1 0 7 9 10 26 28 30 31 14 47 46 47 14 13 12 73 69 65 69 73 12 13 14 47 45 42 86 42 45 47 14 31 30 29 35 29 28 26 10 72 67 63 59 57 59 63 67 72 10 26 28 30 32 30 28 26 10 72 67 63 67 72 10 8 74 66 62 58 56 52 55 54 55 52 56 58 62 66 74 8 10 26 28 30 31 14 15 16 99 78 99 16 15 14 13 12 73 12 28 26 10 8 74 66 62 66 74 8 10 72 67 63 59 57 51 57 59 63 67 72 10 26 28 30 31 14 47 48 49 50 93 50 49 48 47 14 31 30 28 26 10 8 74 8 10 72 67 63 59 63 67 72 10 26 28 30 31 14 17 18 19 20 19 18 17 14 31 30 33 41 81 79 81 41 33 30 29 34 38 34 29 28 26 10 11 71 68 71 11 10 9 7 0 21 0 7 9 10 11 71 11 10 26 28 30 31 14 15 16 99 80 88 94 89 93 50 49 48 47 14 31 30 28 26 10 72 10 26 28 12 28 26 10 9 24 23 24 9 8 74 66 62 58 56 58 62 66 74 8 10 26 28 30 31 30 29 34 38 75 95 75 38 34 29 35 39 37 84 87 84 37 39 35 29 28 26 10 8 74 66 62 58 56 52 55 52 56 58 62 66 74 8 10 72 67 72 10 26 28 27 28 26 10 9 7 0 2 0 7 9 10 26 28 30 31 14 15 16 99 85 99 80 88 94 88 80 43 91 46 47 14 31 30 28 26 10 9 7 0
100
0 0
7 7
9 9
10 10
26 26
28 28
30 30
31 31
14 14
47 47
45 45
42 42
15 15
11 11
12 12
73 73
69 69
29 29
35 35
39 39
34 34
38 38
75 75
95 95
96 96
97 97
98 98
36 36
33 33
17 17
18 18
13 13
65 65
70 70
25 25
37 37
84 84
87 87
82 82
46 46
91 91
71 71
68 68
64 64
43 43
80 80
88 88
2 2
3 3
4 4
48 48
49 49
5 5
6 6
22 22
44 44
90 90
92 92
61 61
60 60
41 41
81 81
40 40
8 8
74 74
66 66
62 62
58 58
56 56
52 52
55 55
54 54
53 53
16 16
76 76
24 24
27 27
77 77
50 50
83 83
1 1
86 86
72 72
67 67
63 63
59 59
57 57
32 32
99 99
78 78
51 51
93 93
19 19
20 20
79 79
21 21
94 94
89 89
23 23
85 85