6 199 189 172 168 158 168 172 189 199 6 11 24 30 42 55 67 73 70 74 73 80 73 67 55 42 30 24 11 10 16 11 24 30 42 55 67 55 42 30 24 11 6 199 6 11 24 11 6 199 189 180 189 172 168 158 143 133 124 111 103 96 103 111 124 133 124 111 124 133 143 158 168 172 189 199 6 11 24 30 32 33 30 24 11 6
24
6 0 1 4 7 8
199 194 196 198 190 191
172 176 177 178 179 170
168 163 164 166 167
158 152 153 157 150
11 15
24 26 20 21 23
30 31
42 40 41 48 46
55 57 50 51 59
67 65 69 60 62 63
70 75 77 79
74 74 78
80 88 81 85 87
10 19 10 18
16 14
180 181 182 185 186 187
143 144 145 146 148 149
133 130 132 134 137 139
124 128 129 120 125 126
111 112 113 114 115 118
103 101 105 106 107 109
96 97 90 98 95
32 36 38 39