L16 L94 L21 L145 L79 L3 L27 L143 L104 L126 L37 L108 L149 L110 L150 L13 L28 L124 L62 L82 L153 L82 L6 L118 L107 L35 L152 L92 L55 L67 L46 L70 L77 L47 L79 L8 L84 L18 L33 L74 L134 L111 L9 L104 L84 L122 L84 L148 L86 L85 L7 L121 L119 L90 L131 L103 L20 L120 L99 L73 L16
48
L16 L16
L94 L94 L22
L21 L109 L147 L21
L145 L145
L79 L114 L100 L140 L79
L3 L56
L27 L138 L27 L61 L63
L143 L40 L65 L143
L104 L104
L126 L126 L151
L37 L142
L149 L4 L149
L110 L53 L110
L150 L150 L87
L13 L11 L89 L139 L76
L28 L43 L28 L12 L52
L124 L124
L62 L62
L82 L82
L153 L153
L6 L93 L29
L107 L107
L35 L106 L35
L152 L152 L1 L130 L95
L92 L92
L67 L67
L70 L70
L77 L77
L47 L146 L47
L8 L8 L2 L101
L84 L84
L18 L18 L5
L74 L74
L134 L38 L125 L134
L111 L83
L9 L9
L122 L72
L148 L91 L78
L86 L75
L85 L85
L7 L24 L7
L119 L80 L119
L90 L90
L131 L131 L141
L103 L144 L68 L133 L103
L20 L20
L120 L128 L129
L99 L99