5 11 17 11 17 23 29 35 41 47 53 59 65 71 77 83 89 95 101 95 89 83 77 71 65 59 53 47 41 35 29 23 29 35 41 47 53 47 41 47 53 59 65 71 77 83 89 95 101 107 101 95 89 83 77 71 65 59 53 47 41 35 29 23 17 11 5
18
5 0 1 2 3 4
11 6 7 8 9 10
17 16 12 13 14 15
23 18 19 20 21 22
29 24 25 26 27 28
35 32 33 34 30 31
41 36 37 38 39 40
47 42 43 44 45 46
53 48 49 50 51 52
59 54 55 56 57 58
65 64 60 61 62 63
71 66 67 68 69 70
77 72 73 74 75 76
83 80 81 82 78 79
89 84 85 86 87 88
95 90 91 92 93 94
101 96 97 98 99 100
107 102 103 104 105 106