0 35 0 63 0 25 0 69 0 3 0 31 0 81 0 77 0 95 0 97 0 43 0 91 0 37 0 11 0 79 0 19 0 15 0 51 0 17 0 87 0 29 0 71 0 75 0 99 0 27 0 59 0 7 0 83 0 73 0 89 0 33 0 41 0 1 0 57 0 93 0 53 0 47 0 85 0 21 0 5 0 39 0 9 0 55 0 49 0 45 0 61 0 67 0 13 0 65 0 23 0
50
35 35
63 63
25 25
69 69
3 3
31 31
81 81
77 77
95 95
97 97
43 43
91 91
37 37
11 11
79 79
19 19
15 15
51 51
17 17
87 87
29 29
71 71
75 75
99 99
27 27
59 59
7 7
83 83
73 73
89 89
33 33
41 41
1 1
57 57
93 93
53 53
47 47
85 85
21 21
5 5
39 39
9 9
55 55
49 49
45 45
61 61
67 67
13 13
65 65
23 23