0 26 25 139 134 126 122 115 108 0 26 34 26 0 2 90 87 88 89 97 102 104 97 1 149 6 137 132 75 69 64 137 129 128 105 100 31 100 101 94 91 64 68 73 42 46 49 4 0
33
0 0 145
26 19 26 29 32 40 60
25 25
134 134
122 120 122 117 111
115 125
108 24 108 109
34 34 39
90 143
87 93
88 95
89 89
97 97
102 110
104 131 104 76 142 83 84 22 127
149 148
6 5 133 7 9 8 11 15 18
137 137 138
132 132 146 123
75 66 67 70 75 80 81 82 86 119 62
69 69
64 64 56
128 128
105 105 114 113
31 16 28 36 85 23 44 141 31
101 96 98 101
94 94
68 68
73 33 35 73 77 78 27
42 42 43 47 51 53
46 45
49 65 135 10 13 30 49 118 55
4 4 12