1 135 4 112 6 72 70 126 97 182 131 116 13 156 143 151 120 66 123 161 31 76 128 65 89 28 166 184 160 108 33 74 24 56 137 80 52 122 32 92 32 62 150 191 188 119 88 59 82 23 103 112 88 179 140 90 116 54 1
50
135 197
4 186
112 112 21
6 165 6
72 34 11 180 60 159
70 17 127 70 87
126 36 126
97 97 3
182 182
131 129 131 100 164 78
116 176 116 64
13 13
156 117
143 79 143
151 151
120 57 93 120
66 44
123 123 12 142
161 161 40
31 149
76 76
65 65
89 89
28 28
166 139 91 167
184 184
160 155 27 29 95 160
108 25 108
33 170 45 14
74 74 2
24 99 192
56 121 183
137 137 148
80 16
52 178 52
122 122
32 32
92 163 92
62 77
150 172 190
191 114 68 181 94 191
188 35 67 7 9 188
119 20 119
88 42 132
59 59
82 153 81
103 118
179 53
140 140
90 147