187 68 125 179 78 154 64 65 184 126 35 53 83 157 19 96 108 8 45 32 185 162 177 98 78 135 189 54 108 104 161 186 41 146 31 9 128 124 150 22 124 102 175 114 1 90 149 178 161 186 41 146 31 114 165 74 129 160 117 128 71 22 124 102 175 114 167 64 65 184 92 101 28 197 34 61 175 18 47 63 88 151 103 141 68 66 98 7 156 187
51
68 68
179 36 110
78 72 78 164 166
154 154 134
64 58 95
65 65 183 140
184 184 15
126 126
53 53
83 83
157 176 157
96 180
108 108 111
8 8
45 45
32 32
162 162
177 87
98 172
189 80
54 89 97 54 55
104 52 119
161 2 30 161 107 173 191
41 41 93
146 69 146
9 9
128 128
124 133 181 23 124
150 148 150
22 131 109
175 142 175
114 79 114
1 171
90 90
149 132 6 12 152 163 169 190
178 136
165 165
160 160 39 44
117 73 117
71 71
167 33
92 92
28 82 127
18 67 196 18
47 47
63 48 199 70 63
88 153 29
151 94
141 120 42 59 13
7 7
156 156 86