location1 location7 location14 location35 location85 location60 location40 location42 location75 location54 location34 location50 location68 location51 location36 location3 location30 location16 location45 location10 location1
20
location1 location17 location90 location38 location31
location7 location83 location57 location43 location95
location14 location79 location80
location35 location35
location85 location44 location78 location47 location23
location60 location77 location72
location40 location40
location42 location42 location59
location75 location21 location6 location89 location9 location75
location54 location53 location54
location34 location2
location50 location58 location48 location8
location68 location66 location52
location51 location51
location36 location19 location36 location29 location71
location3 location3
location30 location74 location91 location30 location32
location16 location99
location45 location94 location46 location45 location56
location10 location49 location10