location1 location43 location36 location16 location45 location39 location47 location11 location37 location27 location6 location29 location26 location38 location49 location34 location27 location32 location7 location12 location26 location1
18
location43 location14
location36 location23
location16 location16
location45 location33 location5
location39 location17 location39 location15
location47 location44
location11 location11
location37 location42 location37
location27 location27
location6 location10 location6
location29 location31 location48
location26 location26
location38 location38
location49 location49
location34 location28 location46
location32 location32
location7 location24
location12 location12