location1 location129 location126 location60 location16 location151 location143 location31 location79 location154 location42 location10 location8 location196 location95 location91 location189 location140 location49 location14 location82 location84 location138 location60 location91 location95 location125 location20 location133 location31 location178 location129 location74 location157 location77 location174 location141 location175 location96 location70 location86 location95 location75 location92 location179 location162 location23 location46 location190 location67 location83 location136 location68 location189 location198 location148 location118 location102 location43 location143 location106 location120 location151 location57 location103 location29 location58 location161 location98 location144 location15 location37 location168 location106 location135 location159 location53 location44 location93 location100 location163 location165 location127 location191 location169 location118 location106 location143 location31 location1
68
location1 location90
location129 location129
location126 location97 location199
location60 location184
location16 location16
location151 location164 location182 location59
location143 location186 location171 location143
location154 location154
location42 location172
location10 location10
location8 location26
location196 location130 location196 location94 location22
location95 location95
location91 location91
location140 location140
location49 location49
location14 location3
location82 location82
location84 location109
location138 location6
location20 location20 location56
location133 location133
location178 location178 location27 location108
location74 location74
location157 location157
location174 location11
location141 location105
location175 location175
location96 location85 location96
location70 location2 location150
location86 location195
location75 location146 location139 location75
location92 location193 location92
location179 location179 location28 location158
location162 location114
location23 location149
location46 location123 location46 location40
location190 location107 location69 location190
location67 location110 location142
location83 location30
location136 location136
location68 location68
location198 location87
location148 location148
location118 location188 location118
location102 location197
location43 location43
location106 location106
location120 location177
location57 location57 location17 location152
location103 location185
location29 location35
location58 location58 location181
location161 location161
location98 location180
location15 location25
location37 location65 location37
location135 location13
location159 location159
location53 location5
location44 location44 location12 location128
location93 location93
location100 location33 location100
location163 location32
location165 location116 location165
location127 location127
location191 location111
location169 location169