0 194 103 51 77 120 191 189 128 71 161 41 137 11 162 132 42 4 99 56 181 188 189 117 107 63 6 68 175 163 0
29
0 18
194 21 25 78
103 49 19 20 37 22 59 29
51 3 69 83 26 94 51 57
77 77 95
120 33 36 53 54 7 61
191 17 62
189 40 82
128 64 65 75 50 55
71 87 30 71
161 1 66 74 44 45 27 93
41 41
137 80 98 12
11 67 11 81 86 60
162 2
132 9 10 76 15 90 28 32 47
42 42 35 38 39
4 4 88 89
99 34 99
56 79 16 46 48 56
181 8 96
188 13
117 5 97
107 14
63 43 63 23
6 72 6
68 68 84 24 73 58 91
175 70 92 31
163 52 85 100