c5 h4 f7 f3 n7 l1 b7 k5 n3 r1 j9 l7 g4 r6 d5 o0 l6 a4 l7 r3 n9 n4 e9 k4 l4 j0 r3 o4 i5 l5 p8 b3 a8 b7 r0 p6 l6 p8 k6 j3 p0 i6 c0 i1 k7 d4 h3 e4 n0 t8 a5 d8 j4 k2 j7 j1 g3 r7 c0 r8 e0 b0 p0 f5 n7 c4 p3 a3 r8 p0 h3 e4 h9 k4 t6 o4 s4 e4 h8 a5 m7 r1 h0 g3 c5
56
c5 q1 t9 t0 t1
h4 h4
f7 q3
f3 l0 f3
n7 c8 k9
l1 l1
b7 b7 p7
k5 g6 i0
n3 n3
r1 r1
j9 q0
g4 g4 t5 e5 r4
r6 g7 g8 e2 s7 s9
d5 d5
o0 a0 o0
l6 l6 s3
a4 a4
r3 l3
n4 i4 n4
e9 r9
k4 o5 b5
l4 o6 l4
j0 h6 s1 j5
o4 o4
i5 d6 i5
p8 h1
b3 a1 b3
a8 a8
r0 a6
p6 j2 c3
k6 k6 q5 o2
j3 o8 j3 p9
p0 t7 p0
i6 j6 r2
i1 i1
k7 a7
d4 d4 m0 b1
h3 h3
e4 e1 e4
n0 n0
t8 t8
d8 h2
j4 q8
j7 j7 m4
g3 g3
r7 r7
r8 g0
e0 e0 g5
f5 f5
c4 g9 c4
p3 n6 s2
a3 f2
t6 t6 l8
s4 s4
m7 t2 k1 h5 o7 f6 g1 m7
h0 h0