0 27 37 5 57 13 165 139 59 47 91 177 29 93 119 49 167 31 183 131 133 53 145 99 73 1 7 155 161 65 83 51 159 163 89 23 45 11 75 147 115 35 151 187 61 179 197 85 169 111 189 141 149 25 15 109 137 63 123 103 185 81 127 3 199 171 77 19 17 105 193 101 195 191 175 117 129 173 21 125 79 33 143 87 39 157 43 113 95 41 97 69 9 135 67 153 181 55 121 107 71 0
100
27 27
37 37
5 5
57 57
13 13
165 165
139 139
59 59
47 47
91 91
177 177
29 29
93 93
119 119
49 49
167 167
31 31
183 183
131 131
133 133
53 53
145 145
99 99
73 73
1 1
7 7
155 155
161 161
65 65
83 83
51 51
159 159
163 163
89 89
23 23
45 45
11 11
75 75
147 147
115 115
35 35
151 151
187 187
61 61
179 179
197 197
85 85
169 169
111 111
189 189
141 141
149 149
25 25
15 15
109 109
137 137
63 63
123 123
103 103
185 185
81 81
127 127
3 3
199 199
171 171
77 77
19 19
17 17
105 105
193 193
101 101
195 195
191 191
175 175
117 117
129 129
173 173
21 21
125 125
79 79
33 33
143 143
87 87
39 39
157 157
43 43
113 113
95 95
41 41
97 97
69 69
9 9
135 135
67 67
153 153
181 181
55 55
121 121
107 107
71 71