0 158 2 4 10 190 94 69 20 198 183 168 126 70 24 182 35 65 136 46 177 125 31 115 168 119 156 39 0 17 90 50 180 18 128 52 122 46 154 159 96 61 163 140 62 192 113 51 29 195 180 103 191 89 133 89 9 114 86 167 58 109 96 3 193 58 31 150 170 183 43 171 158 171 21 77 185 74 156 116 197 179 174 24 6 157 194 93 18 33 182 80 199 113 160 124 29 142 38 192 178 131 22 60 171 12 109 194 68 134 105 188 15 189 95 143 45 129 108 16 123 8 54 19 32 37 184 39 78 11 103 190 0
80
0 0
158 158
2 2
4 4
190 190
94 94
69 69
198 198
183 183
126 126
70 70
24 24
182 182
35 35
136 136
46 46
177 177
125 125
31 31
115 115
119 119
156 156
39 39
17 17
50 50
180 180
18 18
52 52
159 159
96 96
163 163
62 62
192 192
51 51
29 29
195 195
103 103
191 191
133 133
9 9
86 86
58 58
109 109
3 3
193 193
170 170
43 43
21 21
77 77
185 185
74 74
116 116
197 197
179 179
174 174
157 157
194 194
93 93
33 33
80 80
199 199
160 160
142 142
38 38
178 178
131 131
60 60
12 12
68 68
105 105
188 188
189 189
143 143
129 129
16 16
8 8
19 19
32 32
184 184
78 78