190 114 33 165 147 27 166 56 74 60 58 115 117 25 6 38 83 58 2 182 71 100 89 117 25 22 13 138 52 82 44 179 100 89 117 30 35 21 151 81 185 148 9 118 181 120 151 156 133 34 196 85 117 133 108 54 163 93 163 108 69 192 84 23 44 64 20 40 90 56 68 25 22 117 89 179 66 71 171 71 100 89 117 67 33 114 92 148 177 31 185 49 76 107 62 198 4 172 5 153 56 68 25 22 117 89 179 66 71 182 2 99 192 84 23 44 65 64 44 103 186 57 186 23 141 44 65 38 145 38 64 44 103 186 69 162 0 56 45 111 153 56 0 95 96 95 162 126 142 1 190
73
190 135
114 114
33 33
165 136 165
27 27
166 166
56 56
60 60
115 139
117 117
25 104
6 137
38 38
83 129 83
2 2
182 113 182 123 94
71 71
100 100
22 22
138 138
52 52
82 61
44 44
179 11 179
30 30
21 176 21
151 109 102 29
81 173
185 185
118 118
181 181
156 156
133 133
34 34 36 55
85 112 149
108 108
54 32 50 54
163 163
93 164 116 93
69 69
192 192
84 84
23 168 23
40 40
90 193 146
68 10 68
66 66
171 195
67 8 67
92 106 132 92
177 177 101
76 76
62 46 62
198 198
4 47
172 172
5 5
153 153
99 99 188
65 65
103 103
186 186
57 57 169
141 141
145 121
162 162
45 45
111 189 111
95 95
96 152
126 3
142 142
1 1