Loc1 Loc37 Loc92 Loc13 Loc97 Loc41 Loc97 Loc55 Loc64 Loc75 Loc10 Loc34 Loc2 Loc7 Loc17 Loc57 Loc72 Loc98 Loc18 Loc87 Loc96 Loc3 Loc29 Loc52 Loc31 Loc22 Loc20 Loc7 Loc21 Loc85 Loc47 Loc68 Loc59 Loc38 Loc98 Loc18 Loc31 Loc0 Loc83 Loc76 Loc45 Loc88 Loc5 Loc49 Loc37 Loc35 Loc52 Loc51 Loc26 Loc51 Loc18 Loc90 Loc18 Loc51 Loc50 Loc70 Loc16 Loc46 Loc79 Loc93 Loc65 Loc53 Loc25 Loc53 Loc1
38
Loc37 Loc19
Loc92 Loc92
Loc13 Loc13
Loc41 Loc41 Loc62
Loc55 Loc80 Loc42 Loc55
Loc64 Loc43 Loc15
Loc75 Loc6
Loc10 Loc10
Loc34 Loc34
Loc2 Loc2 Loc11
Loc7 Loc7
Loc17 Loc32 Loc17
Loc57 Loc69
Loc72 Loc72
Loc98 Loc98
Loc18 Loc18 Loc63
Loc87 Loc74 Loc87
Loc3 Loc3
Loc29 Loc29
Loc52 Loc52
Loc22 Loc22
Loc21 Loc9 Loc21
Loc47 Loc47
Loc68 Loc68
Loc38 Loc38
Loc0 Loc0
Loc76 Loc76
Loc45 Loc45
Loc49 Loc49
Loc26 Loc91
Loc90 Loc90
Loc50 Loc50
Loc70 Loc70
Loc46 Loc46
Loc79 Loc79
Loc65 Loc81 Loc65
Loc53 Loc4 Loc53
Loc25 Loc56 Loc25