Loc1 Loc165 Loc113 Loc160 Loc81 Loc85 Loc81 Loc63 Loc93 Loc136 Loc59 Loc46 Loc187 Loc130 Loc143 Loc4 Loc131 Loc144 Loc31 Loc192 Loc53 Loc152 Loc127 Loc16 Loc175 Loc112 Loc17 Loc45 Loc161 Loc97 Loc79 Loc26 Loc195 Loc48 Loc186 Loc60 Loc183 Loc50 Loc86 Loc126 Loc12 Loc1 Loc165 Loc37 Loc156 Loc53 Loc196 Loc3 Loc64 Loc3 Loc64 Loc195 Loc26 Loc98 Loc72 Loc150 Loc50 Loc174 Loc164 Loc119 Loc160 Loc113 Loc35 Loc24 Loc86 Loc20 Loc127 Loc28 Loc151 Loc132 Loc151 Loc173 Loc185 Loc145 Loc33 Loc137 Loc165 Loc1 Loc97 Loc144 Loc111 Loc108 Loc77 Loc188 Loc65 Loc97 Loc144 Loc131 Loc74 Loc171 Loc140 Loc123 Loc2 Loc62 Loc78 Loc83 Loc88 Loc19 Loc136 Loc19 Loc129 Loc91 Loc16 Loc175 Loc148 Loc45 Loc168 Loc51 Loc177 Loc139 Loc98 Loc146 Loc90 Loc178 Loc166 Loc46 Loc38 Loc167 Loc193 Loc55 Loc164 Loc17 Loc45 Loc168 Loc194 Loc168 Loc165 Loc1
68
Loc1 Loc1
Loc165 Loc153 Loc5 Loc121 Loc157
Loc113 Loc113
Loc160 Loc160
Loc85 Loc128 Loc85
Loc63 Loc63
Loc136 Loc15
Loc59 Loc59
Loc187 Loc187
Loc130 Loc130
Loc143 Loc110
Loc4 Loc4
Loc131 Loc131
Loc144 Loc144
Loc31 Loc76 Loc31
Loc192 Loc192
Loc152 Loc152
Loc127 Loc104 Loc127
Loc16 Loc66
Loc175 Loc154 Loc175
Loc112 Loc112 Loc180 Loc29
Loc17 Loc82 Loc99 Loc68 Loc199
Loc45 Loc45
Loc161 Loc161
Loc97 Loc73 Loc97 Loc117
Loc26 Loc26
Loc186 Loc186
Loc60 Loc60
Loc183 Loc183 Loc106 Loc172 Loc92
Loc50 Loc18 Loc50 Loc135
Loc126 Loc126
Loc12 Loc12
Loc37 Loc37
Loc156 Loc156
Loc196 Loc169 Loc196
Loc3 Loc3
Loc64 Loc64
Loc98 Loc98
Loc72 Loc72
Loc150 Loc44 Loc13 Loc150 Loc36
Loc174 Loc58
Loc164 Loc164
Loc119 Loc119 Loc198 Loc8
Loc24 Loc114 Loc102
Loc20 Loc87
Loc28 Loc28
Loc132 Loc132
Loc145 Loc145
Loc33 Loc33
Loc111 Loc111
Loc188 Loc188
Loc74 Loc155
Loc171 Loc171
Loc140 Loc115 Loc6 Loc39 Loc89
Loc123 Loc123
Loc62 Loc62
Loc83 Loc83
Loc19 Loc19
Loc91 Loc91
Loc51 Loc51 Loc69
Loc177 Loc177
Loc90 Loc22
Loc178 Loc178
Loc166 Loc166
Loc38 Loc122 Loc38
Loc167 Loc167
Loc55 Loc55
Loc194 Loc194 Loc70