114 174 97 78 119 165 60 195 196 23 84 38 146 4 86 61 163 11 44 140 82 5 82 111 127 190 74 173 51 92 129 149 109 143 48 136 97 78 172 165 60 140 167 103 54 90 7 96 134 177 116 82 111 127 165 111 82 116 137 167 140 82 60 115 127 190 0 53 166 188 164 45 166 112 66 120 27 125 16 138 183 130 72 55 126 114
48
114 49 114
174 94 174 150
97 170 102
78 161 78
119 119
165 69
195 195
196 196
23 36 24
84 84
38 38 87
146 169 146
4 3 4
11 32
5 41 5
111 111
127 155 171 127
190 76 29
74 74 175
173 173 187
51 51
92 18 26 92 47 63
149 1 149 35 108 117 62
109 109
143 105
48 33 15
167 167
103 103
54 12
90 124 14 31
7 7
96 96 147
134 134
177 177
115 115 37
0 0 133 135 10 93 191
53 199 28 95 53
166 166
188 67 75 81 91 98 100 182 188
164 154 164
112 112 181
66 66
120 42
27 131 197 89 43 59
125 70
16 16
183 176 183
126 148 21