gc ad bx be gc as ab dy ab fm dc aq co as gc ad en dq aw en an ad ae ex dm x aj at dn b fa cx db fb fa eq gk gc as ab dw du ev ao bf gl gc as db cn bm d gc as ab y ez du ay es a ay fk bd by ft r am cr dy ac gc
46
ad di gj ad
bx bx
as as
ab cm ab
dy dy fw
fm fh ds bv fr dg u et
dc cz
co co
en dh en
dq bp fi dq bj
aw aw dj do dp gg
an bl an
ae ae
dm bb ap
x gh
aj bu
at at
dn ai v gq dn
b bn b gm
fa fa
cx fy cg
db db az
fb er go br
eq eq
gk gk em
dw dw
du ga
ev cs ee cj cl bi el
ao ao cv
bf fn bt ey
gl cq
cn cn g
bm ge
d d gi
y y
ay ff
es es
a fe a bq e
fk fq fk
bd p
by ah gn bc by dx
ft ft fo fd
r q
am ck ep am
cr j cp cr
ac ac