n0 n136 n96 n153 n190 n180 n4 n168 n175 n88 n133 n21 n0 n136 n0 n56 n0 n136 n96 n153 n5 n13 n36 n74 n55 n65 n81 n51 n165 n154 n0 n22 n0 n46 n93 n100 n172 n55 n49 n34 n115 n0 n159 n118 n144 n9 n105 n126 n141 n0
34
n0 n0 n66 n68 n85 n59 n61 n31
n136 n83 n39
n96 n96 n97 n35 n17
n153 n18
n190 n64 n98 n38 n71 n42 n19 n62 n89 n90 n30 n95
n4 n4 n53
n168 n72 n91
n175 n37 n70 n47 n26 n29
n88 n33 n45 n60 n48 n92 n88
n133 n11
n21 n21
n56 n12 n56
n5 n5 n43
n13 n25 n13 n94
n36 n36 n8
n74 n74
n55 n50 n67 n55 n23 n40
n65 n65
n81 n32 n81 n2 n87
n51 n16 n51 n69
n22 n22
n46 n46
n93 n93
n100 n10 n20 n44
n49 n49
n34 n34
n115 n77 n28
n159 n54
n118 n6 n75 n86 n57
n144 n73 n7 n41 n58 n15
n9 n80 n82 n3 n52 n24 n9 n79
n105 n1 n84 n27 n14 n63
n126 n76
n141 n99 n78