loc1 loc2 loc7 loc16 loc11 loc12 loc17 loc26 loc21 loc22 loc27 loc36 loc31 loc32 loc37 loc46 loc41 loc42 loc47 loc56 loc51 loc52 loc57 loc66 loc61 loc62 loc67 loc76 loc71 loc72 loc77 loc86 loc81 loc82 loc87 loc96 loc91 loc92 loc97 loc106 loc101 loc102 loc107 loc116 loc111 loc112 loc117 loc126 loc121 loc122 loc127 loc136 loc131 loc132 loc137 loc146 loc141 loc142 loc147 loc156 loc151 loc152 loc157 loc166 loc161 loc162 loc167 loc176 loc171 loc172 loc171 loc176 loc167 loc162 loc161 loc162 loc167 loc176 loc171 loc172 loc177 loc186 loc181 loc182 loc181 loc186 loc177 loc172 loc171 loc176 loc167 loc162 loc161 loc166 loc157 loc152 loc151 loc152 loc157 loc166 loc161 loc162 loc161 loc166 loc157 loc152 loc151 loc156 loc147 loc142 loc141 loc146 loc137 loc132 loc131 loc136 loc127 loc122 loc121 loc126 loc117 loc112 loc111 loc116 loc107 loc102 loc101 loc106 loc97 loc92 loc91 loc96 loc87 loc82 loc81 loc86 loc77 loc72 loc71 loc76 loc67 loc62 loc61 loc66 loc57 loc52 loc51 loc52 loc57 loc66 loc61 loc62 loc67 loc76 loc71 loc72 loc77 loc86 loc81 loc82 loc87 loc96 loc91 loc92 loc91 loc96 loc87 loc82 loc81 loc86 loc77 loc72 loc71 loc76 loc67 loc62 loc61 loc62 loc61 loc66 loc57 loc52 loc51 loc56 loc47 loc42 loc41 loc46 loc37 loc32 loc31 loc36 loc27 loc22 loc21 loc22 loc27 loc36 loc31 loc32 loc37 loc46 loc41 loc42 loc47 loc56 loc51 loc52 loc57 loc66 loc61 loc62 loc67 loc76 loc71 loc72 loc71 loc76 loc67 loc62 loc61 loc66 loc57 loc52 loc51 loc56 loc47 loc42 loc41 loc46 loc37 loc32 loc31 loc36 loc27 loc22 loc21 loc26 loc17 loc12 loc11 loc16 loc7 loc2 loc1
74
loc1 loc6 loc9 loc10
loc2 loc8
loc7 loc7
loc16 loc16
loc11 loc20
loc12 loc18 loc19
loc17 loc17
loc26 loc26
loc21 loc30
loc22 loc28 loc29
loc27 loc27
loc36 loc36
loc31 loc40
loc32 loc38 loc39
loc37 loc37
loc46 loc46
loc41 loc50
loc42 loc49 loc48
loc47 loc47
loc56 loc56
loc51 loc60
loc52 loc58 loc59
loc57 loc57
loc66 loc66
loc61 loc70
loc62 loc68 loc69
loc67 loc67
loc76 loc76
loc71 loc80
loc72 loc78 loc79
loc77 loc77
loc86 loc86
loc81 loc90
loc82 loc88 loc89
loc87 loc87
loc96 loc96
loc91 loc100
loc92 loc98 loc99
loc97 loc97
loc106 loc106
loc101 loc110
loc102 loc108 loc109
loc107 loc107
loc116 loc116
loc111 loc120
loc112 loc118 loc119
loc117 loc117
loc126 loc126
loc121 loc130
loc122 loc129 loc128
loc127 loc127
loc136 loc136
loc131 loc140
loc132 loc138 loc139
loc137 loc137
loc146 loc146
loc141 loc150
loc142 loc148 loc149
loc147 loc147
loc156 loc156
loc151 loc160
loc152 loc158 loc159
loc157 loc157
loc166 loc166
loc161 loc170
loc162 loc168 loc169
loc167 loc167
loc176 loc176
loc171 loc180
loc172 loc178 loc179
loc177 loc177
loc186 loc186
loc181 loc190
loc182 loc196 loc197 loc198 loc199 loc200 loc187 loc188 loc189