loc1 loc2 loc7 loc16 loc11 loc12 loc17 loc26 loc21 loc22 loc27 loc36 loc31 loc32 loc37 loc46 loc41 loc42 loc47 loc56 loc51 loc52 loc57 loc66 loc61 loc62 loc67 loc76 loc71 loc72 loc77 loc86 loc81 loc82 loc81 loc86 loc77 loc72 loc71 loc76 loc67 loc62 loc61 loc66 loc57 loc52 loc51 loc56 loc47 loc42 loc41 loc46 loc37 loc32 loc31 loc36 loc27 loc22 loc21 loc26 loc17 loc12 loc11 loc16 loc7 loc2 loc1
34
loc1 loc6 loc9 loc10
loc2 loc8
loc7 loc7
loc16 loc16
loc11 loc20
loc12 loc18 loc19
loc17 loc17
loc26 loc26
loc21 loc30
loc22 loc28 loc29
loc27 loc27
loc36 loc36
loc31 loc40
loc32 loc38 loc39
loc37 loc37
loc46 loc46
loc41 loc50
loc42 loc49 loc48
loc47 loc47
loc56 loc56
loc51 loc60
loc52 loc58 loc59
loc57 loc57
loc66 loc66
loc61 loc70
loc62 loc68 loc69
loc67 loc67
loc76 loc76
loc71 loc80
loc72 loc78 loc79
loc77 loc77
loc86 loc86
loc81 loc90
loc82 loc97 loc98 loc99 loc100 loc87 loc88 loc89 loc96