Liam Jordan Jack Justin Bennett Hayden Zion Dean Chase Aaron Amir Miguel Mateo Miguel Messiah Juan Ivan Hudson Jameson Jayce Henry Malachi Edward Dawson Gavin Waylon Connor Nathan Kevin John Messiah Zion Dean Patrick Dean Kingston Miles Kingston Dean Patrick Christopher Kai Brantley Brayden Jonathan Preston Richard Aiden Tucker Charles Tucker Aiden Mateo Miguel Messiah Eric Messiah Zion Karter Oscar Avery Camden Bentley Jayden Max Grant Antonio Kaleb Abraham Grayson Nathaniel Joel Dylan Lincoln Max Grant Cooper Joshua Jack Jordan Liam Jordan Leonardo Xander Maddox Xander Leonardo Jordan Liam
48
Liam Liam Joseph Evan Jace
Jordan Jordan Isaiah
Jack Jack
Justin Josiah Julian
Bennett Landon
Hayden Austin
Zion Christian
Dean William Theodore
Aaron Michael Aaron
Mateo Mateo
Messiah Nicholas
Hudson Hudson
Jameson Benjamin Jaxon Daniel
Jayce Caleb Carter Dominic Cameron Gabriel
Henry Henry
Malachi Colton Bryson Leo Adam
Edward Sebastian
Dawson Wyatt Ian
Waylon Parker
Connor Connor
Nathan Nathan
Kevin Angel Jacob Jaxson
John John Matthew
Patrick Oliver Andrew Eli
Kingston Luke
Miles Nolan Logan Elijah Ryan Adrian
Christopher Christopher
Kai Carson
Brantley Ethan
Brayden Asher Brayden
Jonathan Jonathan
Richard Easton
Aiden Aiden
Charles Charles Mason
Eric Samuel Greyson
Oscar Levi
Camden Noah Maverick
Jayden Jayden
Antonio Owen
Kaleb Isaac James Elias Xavier
Abraham Robert
Grayson Grayson Alexander David Anthony
Dylan Dylan
Lincoln Lincoln
Cooper Cooper
Joshua Joshua Lucas Hunter
Leonardo Thomas
Maddox Jose Ezekiel Jackson Ezra Jeremiah