Liam Ayden Carter Benjamin Sawyer Jose Dylan Julian Adam Brayden Jaxson Michael Jaxson Logan Jaxson Joseph Mateo Sebastian Josiah Eli Dominic Roman Maverick Cooper Adrian Ian Henry Jonathan Leo Isaiah Liam
20
Liam Liam
Carter Carter
Benjamin Benjamin
Sawyer John
Jose Noah Owen Luke
Dylan James Dylan
Adam Jayden
Brayden Samuel Ethan
Michael Michael
Logan Aiden William Logan
Joseph Joseph
Mateo Mason Alexander
Sebastian Sebastian David
Eli Wyatt Lucas Jackson
Dominic Oliver
Roman Jacob
Cooper Matthew
Adrian Elijah
Henry Henry
Isaiah Daniel