LOC16 LOC52 LOC5 LOC37 LOC34 LOC90 LOC73 LOC59 LOC25 LOC46 LOC15 LOC18 LOC83 LOC18 LOC15 LOC46 LOC37 LOC34 LOC90 LOC14 LOC76 LOC93 LOC62 LOC89 LOC56 LOC48 LOC61 LOC31 LOC73 LOC67 LOC43 LOC91 LOC78 LOC32 LOC68 LOC27 LOC82 LOC37 LOC59 LOC37 LOC34 LOC69 LOC6 LOC97 LOC4 LOC8 LOC77 LOC2 LOC89 LOC31 LOC61 LOC85 LOC9 LOC33 LOC44 LOC71 LOC63 LOC45 LOC80 LOC37 LOC82 LOC28 LOC1 LOC9 LOC85 LOC51 LOC65 LOC53 LOC59 LOC25 LOC46 LOC15 LOC18 LOC16
35
LOC52 LOC52
LOC37 LOC37
LOC34 LOC81 LOC12
LOC90 LOC90 LOC20
LOC73 LOC73 LOC99
LOC59 LOC59
LOC25 LOC25
LOC46 LOC46
LOC15 LOC15
LOC18 LOC18
LOC83 LOC57
LOC14 LOC29
LOC62 LOC62
LOC89 LOC89
LOC56 LOC56 LOC98
LOC61 LOC61
LOC31 LOC31
LOC43 LOC43
LOC78 LOC78
LOC82 LOC82
LOC6 LOC70
LOC97 LOC97 LOC23
LOC4 LOC26 LOC36 LOC4
LOC8 LOC17
LOC85 LOC85
LOC9 LOC9
LOC33 LOC33
LOC44 LOC96
LOC63 LOC47
LOC45 LOC50 LOC45 LOC79
LOC80 LOC95
LOC28 LOC28
LOC1 LOC22
LOC51 LOC3
LOC53 LOC53