LOC60 LOC153 LOC17 LOC49 LOC198 LOC147 LOC196 LOC126 LOC196 LOC180 LOC69 LOC108 LOC118 LOC67 LOC144 LOC137 LOC159 LOC175 LOC102 LOC96 LOC89 LOC133 LOC179 LOC178 LOC172 LOC180 LOC120 LOC180 LOC61 LOC75 LOC129 LOC35 LOC24 LOC122 LOC46 LOC156 LOC119 LOC76 LOC59 LOC50 LOC134 LOC74 LOC185 LOC169 LOC153 LOC166 LOC153 LOC60
28
LOC153 LOC70
LOC17 LOC17
LOC49 LOC116
LOC147 LOC142
LOC126 LOC80
LOC180 LOC36 LOC48 LOC180
LOC69 LOC164 LOC68 LOC7 LOC170 LOC158 LOC190
LOC108 LOC108
LOC67 LOC54
LOC144 LOC144
LOC159 LOC72
LOC175 LOC18 LOC56
LOC96 LOC96
LOC89 LOC89 LOC55
LOC133 LOC51 LOC133 LOC117 LOC58 LOC139 LOC63
LOC178 LOC97
LOC172 LOC194 LOC38
LOC120 LOC161 LOC62
LOC61 LOC189
LOC75 LOC192 LOC52
LOC24 LOC24
LOC46 LOC65 LOC46
LOC119 LOC8
LOC76 LOC177 LOC30
LOC59 LOC59 LOC6
LOC134 LOC134
LOC185 LOC64 LOC145
LOC166 LOC160 LOC166