zero one eight fifteen twentytwo twentynine thirtyfive thirtyfour fortyone fortyeight fiftyfive sixtytwo sixtynine seventysix eightythree ninety ninetyseven onehunfour onehuneleven onehuneighteen onehuntwentyfive onehunthirtytwo onehunthirtynine onehunfortysix onehunfiftythree onehunsixty onehunsixtyseven onehunseventyfour onehuneightyone onehuneightyeight onehunninetyfive onehuneightyeight onehuneightyone onehunseventyfour onehunsixtyseven onehunsixty onehunfiftythree onehunfortysix onehunthirtynine onehunthirtytwo onehuntwentyfive onehunthirtytwo onehunthirtynine onehunfortysix onehunfiftythree onehunsixty onehunsixtyseven onehunsixty onehunfiftythree onehunfortysix onehunthirtynine onehunthirtytwo onehuntwentyfive onehuneighteen onehuneleven onehunfour ninetyseven ninetysix eightynine eightytwo seventyfive sixtyeight sixtyone fiftyfour fortyseven forty thirtythree twentysix thirtythree thirtyfour fortyone fortyeight fiftyfive sixtytwo sixtynine seventysix eightythree ninety ninetyseven onehunfour ninetyseven ninetysix eightynine eightytwo seventyfive sixtyeight sixtyone fiftyfour fortyseven forty thirtythree thirtyfour fortyone fortyeight fiftyfive sixtytwo sixtynine seventysix eightythree ninety ninetyseven onehunfour onehuneleven onehunfour ninetyseven ninetysix eightynine eightytwo seventyfive sixtyeight sixtyone fiftyfour fortyseven forty thirtythree twentysix nineteen twentysix thirtythree thirtyfour fortyone fortyeight fiftyfive sixtytwo sixtynine seventysix eightythree ninety ninetyseven onehunfour onehuneleven onehuneighteen onehuntwentyfive onehunthirtytwo onehunthirtynine onehunfortysix onehunthirtynine onehunthirtytwo onehuntwentyfive onehuneighteen onehuneleven onehunfour ninetyseven ninetysix eightynine eightytwo seventyfive sixtyeight sixtyone fiftyfour fortyseven forty thirtythree twentysix nineteen twelve five zero
40
zero two three six seven
one one
eight ten fourteen
fifteen sixteen seventeen fifteen
twentytwo twentythree
twentynine twentynine
thirtyfour thirtyfour
fortyeight fortynine fortythree fortyfour
fiftyfive fiftyfive
sixtytwo fiftyseven fiftyeight
sixtynine sixtyfour sixtynine seventy
seventysix seventytwo seventyseven seventyone
eightythree eightythree eightyfour seventyeight seventynine
ninetyseven ninetyeight
onehunfour ninetynine onehunone
onehuneleven onehuneight onehunten onehuneleven
onehuneighteen onehunthirteen onehunsixteen onehunseventeen onehuneighteen onehunnineteen
onehuntwentyfive onehuntwentyone onehuntwentythree onehuntwentyfour onehuntwentysix
onehunthirtytwo onehuntwentyeight onehunthirty onehuntwentyseven
onehunthirtynine onehunforty onehunthirtyfive
onehunfortysix onehunfortyfour onehunfortyfive onehunfortysix onehunfortythree
onehunfiftythree onehunfiftyfour onehunfortynine onehunfifty
onehunsixty onehunsixty onehunsixtyone onehunfiftyseven onehunfiftynine
onehunsixtyseven onehunsixtythree onehunsixtyfour onehunsixtyfive onehunsixtysix
onehunseventyfour onehunsixtynine onehunseventy onehunseventyone onehunseventythree onehunseventyfour onehunseventyfive
onehuneightyone onehunseventysix onehunseventyeight onehuneighty onehuneightyone onehuneightytwo
onehuneightyeight onehuneightyfour onehuneightyseven
onehunninetyfive onehunninetytwo onehunninetythree onehunninetyfour onehunninety onehunninetyone
eightynine eightyseven
eightytwo eightytwo
seventyfive seventyfive
sixtyeight sixtysix sixtyseven
sixtyone sixty
fiftyfour fiftytwo fiftythree
fortyseven fortyfive
forty thirtyseven thirtyeight
thirtythree thirtythree
twentysix twentyfive twentysix twentyseven
nineteen twenty
twelve eleven twelve