zero one eight fifteen twentyone twenty twentyseven thirtyfour fortyone fortyeight fiftyfive sixtytwo sixtynine seventysix eightythree ninety eightynine ninetysix eightynine eightytwo seventyfive sixtyeight sixtyone fiftyfour fortyseven forty thirtythree twentysix thirtythree thirtyfour fortyone fortyeight fortyseven forty thirtythree twentysix nineteen twelve five zero
24
zero two three four six
eight ten fourteen
fifteen fifteen
twenty twenty
thirtyfour thirtyfour thirtyfive twentynine thirty
fortyeight fortyeight fortyfour
fiftyfive fifty fiftyone fiftyfive
sixtytwo fiftyseven sixtytwo
sixtynine sixtyfive seventy
seventysix seventyseven seventyone
eightythree eightyfour seventyeight seventynine
eightynine eightyeight eightynine eightyseven
ninetysix ninetyfive
eightytwo eightyone eightytwo
seventyfive seventyfive
sixtyeight sixtysix sixtyseven sixtyeight
sixtyone sixty sixtyone
fiftyfour fiftythree
fortyseven fortyfive fortyseven
forty thirtysix thirtyseven thirtynine
thirtythree thirtythree
twentysix twentyfour twentyfive twentytwo
twelve twelve
five five