0 35 42 99 32 12 36 45 134 132 69 19 80 197 88 3 122 73 105 24 100 96 21 52 21 184 39 54 131 141 57 10 12 20 0 109 150 177 33 17 104 5 173 75 66 134 132 113 11 85 144 28 84 117 32 64 130 116 67 47 107 44 189 115 59 182 128 194 169 84 117 130 64 188 146 43 78 6 135 114 20 151 120 98 90 28 84 121 44 107 47 87 151 120 98 90 28 84 121 72 125 49 162 60 119 161 7 196 1 60 116 130 33 17 13 178 194 169 193 80 130 196 130 50 68 180 149 45 176 179 34 94 169 186 73 122 95 28 84 117 7 140 101 157 101 140 126 39 58 157 38 131 54 116 67 135 67 54 16 21 65 76 97 55 193 45 176 34 4 31 5 2 113 11 85 144 28 98 120 36 0
78
0 0
35 35
42 42
99 99
32 32
12 12
36 36
45 45
69 41 69 30
19 19
80 80
197 25
88 88
3 3
73 73
24 24
96 96
21 21
52 74 71 52
39 39 18
54 54
57 40 57
10 10
20 20 79 53
150 92
33 33
17 17
5 5
173 63
75 75 62 29
66 66
113 82
11 11
85 85
28 28
84 84
64 64
67 67
47 47
44 44
189 83
59 89 59
182 70
194 9
188 14 77
43 43
78 78
6 51 6
135 86
114 15
98 98
90 90
87 87
72 72 22
49 49
60 60
161 56
7 7
196 8
1 61 91 1
13 13
50 50
68 68 26 93 37
180 23
179 48 46
34 34
94 94
95 95
58 58 81
38 38
16 16
65 65
76 76
97 27 97
55 55
4 4
31 31
2 2