0 3 117 92 112 172 19 32 71 54 36 98 36 98 118 91 8 151 106 7 119 171 119 7 106 153 158 108 115 108 115 58 13 28 48 93 104 138 178 113 78 110 78 113 12 114 180 109 45 95 45 109 164 142 105 21 103 116 103 116 112 92 117 3 0
28
117 191 192 193
112 173 174 175 176 177
172 172
36 128 129 130 124 125 126 127
118 194 195 196
151 151
106 147 148 149 150 152 154
119 155 197 198 199
171 171
153 153
158 158
108 156 157 159 160
115 186 187
104 139 140
138 138
178 178
113 179
110 168 169 170
12 131 132 133
114 181 182 183 184 185
180 180
109 161 162 163 165 166 167
95 120 121 122 123
164 164
142 142
105 141 143 144 145 146
103 134 135 136 137
116 188 189 190