Afghanistan Albania Algeria Andorra Angola Antigu Argentina Armenia Australia Austria Austrian Azerbaijan Baden Bahrain Bangladesh Barbados Bavaria Belarus Belgium Belize Benin Bolivia Bosnia Botswana Brazil Brunei Brunswick Bulgaria Burkina Burma Burundi Cabo Cambodia Cameroon Canada Chad Chile China Colombia Comoros Costarica CotedIvoire Croatia Cuba Cyprus Czechi Czechoslovakia Congo Denmark Djibouti Dominica Dominicanrepublic Ecuador Egypt ElSalvador EquatorialGuinea Eritrea Estonia Eswatini Ethiopia Fiji Finland France Gabon Georgia Germany Ghana Greece Grenada Guatemala Guinea GuineaBissau Guyana Haiti Hanover HanseaticRepublics Hawaii Hesse HolySee Honduras Hungary Iceland India Indonesia Iran Iraq Ireland Israel Italy Jamaica Japan Jordan Kazakhstan Kenya Kiribati Korea Kosovo Kuwait Kyrgyzstan Laos Afghanistan Albania Algeria Andorra Angola Antigu Argentina Armenia Australia Austria Austrian Azerbaijan Baden Bahrain Bangladesh Barbados Bavaria Belarus Belgium Belize Benin Bolivia Benin Belize Belgium Belarus Bavaria Barbados Bangladesh Bahrain Baden Azerbaijan Austrian Austria Australia Armenia Argentina Antigu Angola Andorra Algeria Albania Afghanistan Laos Kyrgyzstan Kuwait Kosovo Korea Kiribati Kenya Kazakhstan Jordan Japan Jamaica Italy Israel Ireland Iraq Iran Indonesia India Iceland Hungary Honduras HolySee Hesse Hawaii HanseaticRepublics Hanover Haiti Guyana GuineaBissau Guinea Guatemala Grenada Greece Ghana Germany Georgia Gabon France Finland Fiji Ethiopia Eswatini Estonia Eritrea EquatorialGuinea ElSalvador Egypt Ecuador Dominicanrepublic Dominica Djibouti Denmark Congo Czechoslovakia Czechi Cyprus Cuba Croatia CotedIvoire Costarica Comoros Colombia China Chile Chad Canada Cameroon Cambodia Cabo Cambodia Cameroon Canada Chad Chile China Colombia Comoros Costarica CotedIvoire Croatia Cuba Croatia CotedIvoire Costarica CotedIvoire Croatia CotedIvoire Costarica Comoros Colombia China Chile Chad Canada Cameroon Cambodia Cabo Burundi Burma Burkina Bulgaria Brunswick Brunei Brazil Botswana Bosnia Bolivia Benin Belize Belgium Belarus Bavaria Barbados Bangladesh Bahrain Baden Azerbaijan Austrian Austria Australia Armenia Argentina Antigu Angola Andorra Algeria Albania Afghanistan Laos Kyrgyzstan Kuwait Kosovo Korea Kiribati Kenya Kazakhstan Jordan Japan Jamaica Italy Israel Ireland Iraq Iran Indonesia India Iceland Hungary Honduras HolySee Hesse Hawaii HanseaticRepublics Hanover Haiti Guyana GuineaBissau Guyana Haiti Hanover HanseaticRepublics Hawaii Hesse HolySee Honduras Hungary Iceland India Indonesia Iran Iraq Ireland Israel Italy Jamaica Japan Jordan Kazakhstan Kenya Kiribati Korea Kosovo Kuwait Kyrgyzstan Laos Afghanistan Albania Algeria Andorra Angola Antigu Argentina Armenia Argentina Antigu Argentina Armenia Australia Austria Austrian Azerbaijan Baden Bahrain Bangladesh Barbados Bavaria Belarus Belgium Belize Benin Bolivia Bosnia Botswana Brazil Brunei Brunswick Bulgaria Burkina Burma Burundi Cabo Cambodia Cameroon Canada Chad Chile China Colombia Comoros Costarica CotedIvoire Croatia Cuba Cyprus Czechi Czechoslovakia Congo Denmark Djibouti Dominica Dominicanrepublic Ecuador Egypt ElSalvador EquatorialGuinea Eritrea Estonia Eswatini Ethiopia Fiji Finland France Gabon Georgia Germany Ghana Greece Grenada Guatemala Guinea GuineaBissau Guyana Haiti Hanover HanseaticRepublics Hawaii Hesse HolySee Honduras Hungary Iceland India Indonesia Iran Indonesia India Iceland Hungary Honduras HolySee Hesse Hawaii HanseaticRepublics Hanover Haiti Guyana GuineaBissau Guinea Guatemala Grenada Greece Ghana Germany Georgia Gabon France Finland Fiji Ethiopia Fiji Finland France Gabon Georgia Germany Ghana Greece Grenada Guatemala Guinea GuineaBissau Guyana Haiti Hanover HanseaticRepublics Hawaii Hesse HolySee Honduras Hungary Iceland India Indonesia Iran Iraq Ireland Israel Italy Jamaica Japan Jordan Kazakhstan Kenya Kiribati Korea Kosovo Kuwait Kyrgyzstan Laos Afghanistan Albania Algeria Andorra Angola Antigu Argentina Armenia Australia Armenia Argentina Antigu Angola Andorra Algeria Albania Afghanistan Laos Kyrgyzstan Kuwait Kosovo Korea Kiribati Kenya Kazakhstan Jordan Japan Jamaica Italy Israel Ireland Iraq Iran Indonesia India Iceland Hungary Honduras HolySee Hesse Hawaii HanseaticRepublics Hanover Haiti Guyana GuineaBissau Guinea Guatemala Grenada Greece Ghana Germany Georgia Gabon France Finland Fiji Ethiopia Eswatini Estonia Eritrea EquatorialGuinea ElSalvador Egypt Ecuador Dominicanrepublic Dominica Djibouti Denmark Djibouti Dominica Dominicanrepublic Ecuador Egypt ElSalvador EquatorialGuinea Eritrea Estonia Eswatini Ethiopia Fiji Finland France Gabon Georgia Germany Ghana Greece Grenada Guatemala Guinea GuineaBissau Guyana Haiti Hanover HanseaticRepublics Hawaii Hesse HolySee Honduras Hungary Iceland India Indonesia Iran Iraq Ireland Israel Italy Jamaica Japan Jordan Kazakhstan Kenya Kiribati Korea Kosovo Kuwait Kyrgyzstan Laos Afghanistan Albania Algeria Andorra Angola Antigu Argentina Armenia Australia Austria Austrian Azerbaijan Baden Bahrain Bangladesh Barbados Bavaria Belarus Belgium Belize Benin Bolivia Bosnia Botswana Bosnia Bolivia Benin Belize Belgium Belarus Bavaria Barbados Bangladesh Bahrain Baden Azerbaijan Austrian Austria Australia Armenia Argentina Antigu Angola Andorra Algeria Albania Afghanistan Laos Kyrgyzstan Kuwait Kosovo Korea Kiribati Kenya Kazakhstan Jordan Japan Jamaica Japan Jordan Kazakhstan Kenya Kiribati Korea Kiribati Kenya Kazakhstan Jordan Japan Jamaica Italy Israel Ireland Iraq Iran Indonesia India Iceland Hungary Honduras HolySee Hesse Hawaii HanseaticRepublics Hanover Haiti Guyana GuineaBissau Guinea Guatemala Grenada Greece Ghana Germany Georgia Gabon France Finland Fiji Ethiopia Eswatini Estonia Eritrea EquatorialGuinea ElSalvador Egypt Ecuador Dominicanrepublic Dominica Djibouti Denmark Congo Czechoslovakia Czechi Cyprus Cuba Croatia CotedIvoire Costarica Comoros Colombia China Chile Chad Canada Cameroon Cambodia Cabo Burundi Burma Burkina Bulgaria Brunswick Brunei Brazil Botswana Bosnia Botswana Brazil Brunei Brunswick Bulgaria Burkina Burma Burundi Cabo Cambodia Cameroon Canada Chad Chile China Colombia Comoros Costarica CotedIvoire Croatia Cuba Cyprus Czechi Czechoslovakia Congo Denmark Djibouti Dominica Dominicanrepublic Ecuador Egypt ElSalvador EquatorialGuinea Eritrea Estonia Eswatini Ethiopia Fiji Finland France Finland Fiji Ethiopia Eswatini Estonia Eritrea EquatorialGuinea ElSalvador Egypt Ecuador Dominicanrepublic Dominica Djibouti Denmark Congo Czechoslovakia Czechi Cyprus Cuba Croatia CotedIvoire Costarica Comoros Colombia China Chile Chad Canada Cameroon Cambodia Cabo Burundi Burma Burkina Bulgaria Burkina Burma Burundi Cabo Cambodia Cameroon Canada Chad Chile Chad Canada Cameroon Cambodia Cabo Burundi Burma Burkina Bulgaria Brunswick Brunei Brazil Brunei Brunswick Brunei Brazil Botswana Bosnia Bolivia Benin Belize Belgium Belarus Bavaria Barbados Bangladesh Bahrain Baden Azerbaijan Austrian Austria Australia Armenia Argentina Antigu Angola Antigu Argentina Armenia Australia Austria Austrian Azerbaijan Baden Azerbaijan Austrian Austria Australia Armenia Argentina Antigu Angola Andorra Algeria Andorra Angola Antigu Argentina Armenia Australia Austria Austrian Azerbaijan Baden Bahrain Bangladesh Barbados Bavaria Belarus Belgium Belize Belgium Belarus Bavaria Barbados Bangladesh Bahrain Baden Azerbaijan Austrian Austria Australia Armenia Argentina Antigu Angola Andorra Algeria Albania Afghanistan Laos Kyrgyzstan Kuwait Kosovo Korea Kiribati Kenya Kazakhstan Jordan Japan Jamaica Italy Israel Ireland Iraq Iran Indonesia India Iceland Hungary Honduras HolySee Hesse Hawaii HanseaticRepublics Hanover Haiti Guyana GuineaBissau Guinea Guatemala Grenada Greece Ghana Germany Georgia Gabon France Finland Fiji Ethiopia Eswatini Estonia Eritrea EquatorialGuinea ElSalvador EquatorialGuinea Eritrea Estonia Eswatini Ethiopia Fiji Finland France Gabon Georgia Germany Ghana Greece Grenada Guatemala Guinea GuineaBissau Guyana Haiti Hanover HanseaticRepublics Hawaii Hesse HolySee Honduras Hungary Iceland India Indonesia Iran Iraq Ireland Iraq Ireland Israel Italy Jamaica Japan Jordan Kazakhstan Kenya Kiribati Korea Kosovo Kuwait Kyrgyzstan Laos Afghanistan Albania Afghanistan Laos Kyrgyzstan Kuwait Kosovo Korea Kiribati Kenya Kazakhstan Jordan Japan Jamaica Italy Israel Italy Jamaica Japan Jordan Kazakhstan Kenya Kiribati Korea Kosovo Kuwait Kosovo Korea Kiribati Kenya Kazakhstan Jordan Japan Jamaica Italy Israel Ireland Iraq Iran Indonesia India Iceland Hungary Honduras HolySee Hesse Hawaii HanseaticRepublics Hanover Haiti Guyana GuineaBissau Guinea Guatemala Grenada Greece Ghana Germany Georgia Gabon France Finland France Gabon Georgia Germany Ghana Greece Grenada Guatemala Guinea GuineaBissau Guyana Haiti Hanover Haiti Guyana GuineaBissau Guinea Guatemala Grenada Greece Ghana Germany Georgia Gabon France Finland Fiji Ethiopia Eswatini Estonia Eritrea EquatorialGuinea ElSalvador Egypt Ecuador Dominicanrepublic Dominica Djibouti Denmark Congo Czechoslovakia Czechi Cyprus Cuba Croatia CotedIvoire Costarica Comoros Colombia China Chile Chad Canada Cameroon Cambodia Cabo Burundi Cabo Cambodia Cameroon Canada Chad Chile China Colombia Comoros Costarica CotedIvoire Croatia Cuba Cyprus Czechi Czechoslovakia Congo Denmark Djibouti Dominica Dominicanrepublic Ecuador Egypt ElSalvador EquatorialGuinea Eritrea Estonia Eswatini Ethiopia Fiji Finland France Gabon Georgia Germany Ghana Greece Grenada Guatemala Guinea GuineaBissau Guyana Haiti Hanover HanseaticRepublics Hawaii Hesse HolySee Honduras Hungary Iceland Hungary Honduras HolySee Hesse Hawaii HanseaticRepublics Hanover Haiti Guyana GuineaBissau Guinea Guatemala Grenada Greece Ghana Germany Georgia Gabon France Finland Fiji Ethiopia Eswatini Estonia Eritrea EquatorialGuinea ElSalvador Egypt Ecuador Dominicanrepublic Dominica Djibouti Denmark Congo Czechoslovakia Czechi Cyprus Cuba Croatia CotedIvoire Costarica Comoros Colombia China Chile Chad Canada Cameroon Cambodia Cabo Burundi Burma Burkina Bulgaria Brunswick Brunei Brazil Botswana Bosnia Bolivia Benin Belize Belgium Belarus Bavaria Belarus Belgium Belize Benin Bolivia Bosnia Botswana Brazil Brunei Brunswick Bulgaria Burkina Burma Burundi Cabo Cambodia Cameroon Canada Chad Chile China Colombia Comoros Costarica CotedIvoire Croatia Cuba Cyprus Czechi Czechoslovakia Congo Denmark Djibouti Dominica Dominicanrepublic Ecuador Egypt ElSalvador EquatorialGuinea Eritrea Estonia Eswatini Ethiopia Fiji Finland France Gabon Georgia Germany Ghana Greece Grenada Guatemala Guinea GuineaBissau Guyana Haiti Hanover HanseaticRepublics Hawaii HanseaticRepublics Hanover Haiti Guyana GuineaBissau Guinea Guatemala Grenada Greece Ghana Germany Georgia Gabon France Finland Fiji Ethiopia Eswatini Estonia Eritrea EquatorialGuinea ElSalvador Egypt Ecuador Dominicanrepublic Dominica Djibouti Denmark Congo Czechoslovakia Czechi Cyprus Cuba Croatia CotedIvoire Costarica Comoros Colombia China Chile Chad Canada Cameroon Cambodia Cabo Burundi Burma Burkina Bulgaria Brunswick Brunei Brazil Botswana Bosnia Bolivia Benin Belize Belgium Belarus Bavaria Barbados Bangladesh Bahrain Baden Azerbaijan Baden Bahrain Bangladesh Barbados Bavaria Belarus Belgium Belize Benin Bolivia Bosnia Botswana Brazil Brunei Brunswick Bulgaria Burkina Burma Burundi Cabo Cambodia Cameroon Canada Chad Chile China Chile Chad Canada Chad Chile China Colombia Comoros Costarica CotedIvoire Croatia Cuba Cyprus Czechi Czechoslovakia Congo Denmark Djibouti Dominica Dominicanrepublic Ecuador Egypt ElSalvador EquatorialGuinea ElSalvador Egypt Ecuador Dominicanrepublic Dominica Djibouti Denmark Congo Czechoslovakia Czechi Cyprus Cuba Croatia CotedIvoire Costarica Comoros Colombia China Chile Chad Canada Cameroon Cambodia Cabo Burundi Burma Burkina Bulgaria Brunswick Brunei Brazil Botswana Bosnia Bolivia Benin Bolivia Bosnia Botswana Brazil Brunei Brunswick Bulgaria Burkina Burma Burundi Cabo Cambodia Cameroon Canada Chad Chile China Colombia Comoros Costarica CotedIvoire Croatia Cuba Cyprus Czechi Czechoslovakia Congo Denmark Djibouti Dominica Dominicanrepublic Ecuador Egypt ElSalvador EquatorialGuinea Eritrea Estonia Eswatini Ethiopia Fiji Finland France Gabon Georgia Germany Ghana Germany Georgia Gabon France Finland Fiji Ethiopia Eswatini Estonia Eritrea Estonia Eswatini Ethiopia Fiji Finland France Gabon Georgia Germany Ghana Greece Grenada Guatemala Guinea GuineaBissau Guyana Haiti Hanover HanseaticRepublics Hawaii Hesse HolySee Hesse Hawaii HanseaticRepublics Hanover Haiti Guyana GuineaBissau Guinea Guatemala Grenada Greece Ghana Germany Georgia Gabon France Finland Fiji Ethiopia Eswatini Estonia Eritrea EquatorialGuinea ElSalvador Egypt Ecuador Dominicanrepublic Dominica Djibouti Denmark Congo Czechoslovakia Czechi Cyprus Cuba Croatia CotedIvoire Costarica Comoros Costarica CotedIvoire Croatia Cuba Cyprus Czechi Czechoslovakia Congo Denmark Djibouti Dominica Dominicanrepublic Ecuador Egypt ElSalvador EquatorialGuinea Eritrea Estonia Eswatini Ethiopia Fiji Finland France Gabon Georgia Germany Ghana Greece Grenada Guatemala Guinea GuineaBissau Guyana Haiti Hanover HanseaticRepublics Hanover Haiti Guyana GuineaBissau Guinea Guatemala Grenada Greece Ghana Germany Georgia Gabon France Finland Fiji Ethiopia Eswatini Estonia Eritrea EquatorialGuinea ElSalvador Egypt Ecuador Dominicanrepublic Dominica Djibouti Denmark Congo Czechoslovakia Czechi Cyprus Cuba Croatia CotedIvoire Costarica Comoros Colombia China Chile Chad Canada Cameroon Cambodia Cabo Burundi Burma Burkina Bulgaria Brunswick Brunei Brazil Botswana Bosnia Bolivia Benin Belize Belgium Belarus Bavaria Barbados Bangladesh Bahrain Baden Azerbaijan Austrian Austria Austrian Azerbaijan Baden Bahrain Bangladesh Barbados Bavaria Belarus Belgium Belize Benin Bolivia Bosnia Botswana Brazil Brunei Brunswick Bulgaria Burkina Burma Burundi Cabo Cambodia Cabo Burundi Burma Burkina Bulgaria Brunswick Brunei Brazil Botswana Bosnia Bolivia Benin Belize Belgium Belarus Bavaria Barbados Bangladesh Bahrain Baden Azerbaijan Austrian Austria Australia Armenia Argentina Antigu Angola Andorra Algeria Albania Afghanistan Laos Kyrgyzstan Kuwait Kosovo Korea Kiribati Kenya Kazakhstan Jordan Japan Jamaica Italy Israel Ireland Iraq Iran Indonesia India Iceland Hungary Honduras HolySee Hesse Hawaii HanseaticRepublics Hanover Haiti Guyana GuineaBissau Guinea Guatemala Grenada Greece Ghana Germany Georgia Gabon France Finland Fiji Ethiopia Eswatini Estonia Eritrea EquatorialGuinea ElSalvador Egypt Ecuador Dominicanrepublic Dominica Dominicanrepublic Ecuador Egypt ElSalvador EquatorialGuinea Eritrea Estonia Eswatini Ethiopia Fiji Finland France Gabon Georgia Germany Ghana Greece Grenada Guatemala Guinea GuineaBissau Guyana Haiti Hanover HanseaticRepublics Hawaii Hesse HolySee Honduras Hungary Iceland India Indonesia Iran Iraq Ireland Israel Italy Jamaica Japan Jordan Kazakhstan Kenya Kiribati Korea Kosovo Kuwait Kyrgyzstan Laos Afghanistan Albania Algeria Andorra Angola Antigu Argentina Armenia Australia Austria Austrian Azerbaijan Baden Bahrain Bangladesh Barbados Bavaria Belarus Belgium Belize Benin Bolivia Bosnia Botswana Brazil Brunei Brunswick Bulgaria Burkina Burma Burkina Bulgaria Brunswick Brunei Brazil Botswana Bosnia Bolivia Benin Belize Belgium Belarus Bavaria Barbados Bangladesh Bahrain Baden Azerbaijan Austrian Austria Australia Armenia Argentina Antigu Angola Andorra Algeria Albania Afghanistan Laos Kyrgyzstan Kuwait Kosovo Korea Kiribati Kenya Kazakhstan Jordan Japan Jamaica Italy Israel Ireland Iraq Iran Indonesia India Iceland Hungary Honduras HolySee Hesse Hawaii HanseaticRepublics Hanover Haiti Guyana GuineaBissau Guinea Guatemala Guinea GuineaBissau Guyana Haiti Hanover HanseaticRepublics Hawaii Hesse Hawaii HanseaticRepublics Hanover Haiti Guyana GuineaBissau Guinea Guatemala Grenada Greece Ghana Germany Georgia Gabon France Finland Fiji Ethiopia Eswatini Estonia Eritrea EquatorialGuinea ElSalvador Egypt Ecuador Dominicanrepublic Ecuador Egypt ElSalvador EquatorialGuinea Eritrea Estonia Eswatini Ethiopia Fiji Finland France Gabon Georgia Germany Georgia Gabon France Finland Fiji Ethiopia Eswatini Estonia Eritrea EquatorialGuinea ElSalvador Egypt ElSalvador EquatorialGuinea Eritrea Estonia Eswatini Ethiopia Fiji Finland France Gabon Georgia Germany Ghana Greece Grenada Guatemala Guinea GuineaBissau Guyana Haiti Hanover HanseaticRepublics Hawaii Hesse HolySee Honduras Hungary Iceland India Indonesia Iran Iraq Ireland Israel Italy Jamaica Japan Jordan Kazakhstan Kenya Kiribati Korea Kosovo Kuwait Kyrgyzstan Laos Afghanistan
100
Afghanistan Afghanistan
Albania Albania
Algeria Algeria
Andorra Andorra
Angola Angola
Antigu Antigu
Argentina Argentina
Armenia Armenia
Australia Australia
Austria Austria
Austrian Austrian
Azerbaijan Azerbaijan
Baden Baden
Bahrain Bahrain
Bangladesh Bangladesh
Barbados Barbados
Bavaria Bavaria
Belarus Belarus
Belgium Belgium
Belize Belize
Benin Benin
Bolivia Bolivia
Bosnia Bosnia
Botswana Botswana
Brazil Brazil
Brunei Brunei
Brunswick Brunswick
Bulgaria Bulgaria
Burkina Burkina
Burma Burma
Burundi Burundi
Cabo Cabo
Cambodia Cambodia
Cameroon Cameroon
Canada Canada
Chad Chad
Chile Chile
China China
Colombia Colombia
Comoros Comoros
Costarica Costarica
CotedIvoire CotedIvoire
Croatia Croatia
Cuba Cuba
Cyprus Cyprus
Czechi Czechi
Czechoslovakia Czechoslovakia
Congo Congo
Denmark Denmark
Djibouti Djibouti
Dominica Dominica
Dominicanrepublic Dominicanrepublic
Ecuador Ecuador
Egypt Egypt
ElSalvador ElSalvador
EquatorialGuinea EquatorialGuinea
Eritrea Eritrea
Estonia Estonia
Eswatini Eswatini
Ethiopia Ethiopia
Fiji Fiji
Finland Finland
France France
Gabon Gabon
Georgia Georgia
Germany Germany
Ghana Ghana
Greece Greece
Grenada Grenada
Guatemala Guatemala
Guinea Guinea
GuineaBissau GuineaBissau
Guyana Guyana
Haiti Haiti
Hanover Hanover
HanseaticRepublics HanseaticRepublics
Hawaii Hawaii
Hesse Hesse
HolySee HolySee
Honduras Honduras
Hungary Hungary
Iceland Iceland
India India
Indonesia Indonesia
Iran Iran
Iraq Iraq
Ireland Ireland
Israel Israel
Italy Italy
Jamaica Jamaica
Japan Japan
Jordan Jordan
Kazakhstan Kazakhstan
Kenya Kenya
Kiribati Kiribati
Korea Korea
Kosovo Kosovo
Kuwait Kuwait
Kyrgyzstan Kyrgyzstan
Laos Laos