equinox aisle flow novel lamb muggy method fish union uncertainty wilderness prejudice referee twitch essential paint orange tropical fibre funeral glove analyst brick remark clothes bark chain farewell seller jurisdiction dry slice explicit secretary mastermind houseplant disposition dollar band corpse photograph presidential hiccup equinox
43
equinox equinox
aisle aisle
flow flow
novel novel
lamb lamb
muggy muggy
method method
fish fish
union union
uncertainty uncertainty
wilderness wilderness
prejudice prejudice
referee referee
twitch twitch
essential essential
paint paint
orange orange
tropical tropical
fibre fibre
funeral funeral
glove glove
analyst analyst
brick brick
remark remark
clothes clothes
bark bark
chain chain
farewell farewell
seller seller
jurisdiction jurisdiction
dry dry
slice slice
explicit explicit
secretary secretary
mastermind mastermind
houseplant houseplant
disposition disposition
dollar dollar
band band
corpse corpse
photograph photograph
presidential presidential
hiccup hiccup