pump preoccupation separate attractive lemon prospect pedestrian range button title mud consideration gloom lot mouse overlook admiration ghost tip forest valley packet ground rock sacrifice leadership minor feign exercise freedom genetic tip need distributor pursuit physical sketch lot performance impound engineer sit pipe category survival fairy gloom innovation sentiment linger inquiry wear brain anger pray sticky aspect literature affect hierarchy depressed connection judicial brain sweet float track appearance nominate ensure agenda park plug unanimous reflection parallel privilege hallway row line guideline reject polish descent wage formulate diagram forest pump
78
pump pump
preoccupation preoccupation
separate separate
attractive attractive
lemon lemon
prospect prospect
pedestrian pedestrian
range range
button button
title title
mud mud
consideration consideration
gloom gloom
lot lot
mouse mouse
overlook overlook
admiration admiration
ghost ghost
tip tip
forest forest
valley valley
packet packet
ground ground
rock rock
sacrifice sacrifice
leadership leadership
minor minor
feign feign
exercise exercise
freedom freedom
genetic genetic
need need
distributor distributor
pursuit pursuit
physical physical
performance performance
impound impound
engineer engineer
sit sit
pipe pipe
category category
survival survival
fairy fairy
innovation innovation
sentiment sentiment
linger linger
wear wear
brain brain
anger anger
pray pray
sticky sticky
aspect aspect
literature literature
affect affect
hierarchy hierarchy
depressed depressed
judicial judicial
sweet sweet
float float
appearance appearance
nominate nominate
ensure ensure
park park
plug plug
unanimous unanimous
reflection reflection
parallel parallel
privilege privilege
hallway hallway
row row
line line
guideline guideline
reject reject
polish polish
descent descent
wage wage
formulate formulate
diagram diagram