paint blade route stink wooden desire ray measure thumb glamorous finish rake ambiguous inherit floor same floor same determine nutty complain nutty diligent imported indicate ice learning slam paint
25
paint paint
blade blade
route route
stink stink
wooden wooden
desire desire
ray ray
measure measure
thumb thumb
glamorous glamorous
finish finish
rake rake
ambiguous ambiguous
inherit inherit
floor floor
same same
determine determine
nutty nutty
complain complain
diligent diligent
imported imported
indicate indicate
ice ice
learning learning
slam slam