F1E81B 813B05 396D53 A7D03E 1111F7 93EBE3 06C557 BA32D6 846159 013940 612FAA B23276 BF6302 5A3862 CEAC59 C953A6 BA3320 1D21D3 6825D4 3EDE7E 1111F7 A7D03E 82A1F6 91A0DC 2FEDFB 191510 6B4619 9A8DF4 10520F 191510 9A8DF4 17BB75 099830 CC6D2A 6825D4 EB8E2E 9D4968 3C5D7A 2924CB 1D21D3 CB3924 13A782 CB3924 BA32D6 55BAD2 1B337D 2CA4AD 6D51F4 783751 ABD8FE 783751 D2BE39 5D0E2E 573788 2334E8 DE6899 24743A A9F1B8 EB8E2E 002274 DD07FF F1E81B 813B05 6B644E 6CAF46 B7F75A 6CAF46 6B644E 813B05 F1E81B
45
F1E81B F1E81B
813B05 813B05
396D53 396D53
A7D03E 8015E0 29D5D7
1111F7 6966D7 D4A75D 6B340B
93EBE3 93EBE3
06C557 4A28BA 151BC9 8F17C0 6B622D 5F4E43
BA32D6 293D59 5BB557
846159 D6CC7A B47658 7829D7
612FAA 124C90
BF6302 8BFCAC
5A3862 3B4B53 D1967A
CEAC59 CEAC59
C953A6 14B430 E3C2C9 8B6C2F 8B519F
BA3320 90451D
1D21D3 8EBF8A
6825D4 AE4A01 239994
2FEDFB 2FEDFB
191510 305D33
6B4619 A1F104 CC9C14
9A8DF4 61199E 4A5708 F33196
10520F C3EF62
17BB75 47FACD
CC6D2A 2BF7B5
EB8E2E 14994D 596CF6
3C5D7A 230A7C 85D6DB E51A66 63361A
2924CB E81014 7E78F3 2CCB19 4CAD30 B69F55 86493E 4B97F1 1F842B
13A782 8F495E E80628
55BAD2 4099A6
1B337D 7E1C6C
2CA4AD C4303B
6D51F4 6D51F4
783751 783751
ABD8FE 20EAE7 ABD8FE
D2BE39 614224 E5E6C0 66048A 490F1E BB40E6 36590B DCE144 BB4908 36C862 C9AF85 AEFF96 FFEEBD 9096DB C18C9B 77A0B5 94A561
5D0E2E 0CBC31 6E313C
573788 573788 FFFD4B 17779E
2334E8 851F90
DE6899 DE6899 59843B
24743A 5C7062
A9F1B8 52C88C
002274 0F5860 D337F2 C3B3E7
DD07FF 8417C8 1E1095
6CAF46 685D1A 770D1A
B7F75A B7F75A 28F6D1