188645 0FB66D FA567E 0D7DE7 657F93 825884 4B39CA 35FF16 84EBFF 35FF16 E0E349 0801CC D443EB 7BF2B5 AD298D B86446 31D332 35F60D ACB11D DF9F85 70146D 36D08C 567883 0FBCDC 7E5598 C0766C 7E5598 0FBCDC 567883 36D08C EC05F7 0FB66D 188645
24
188645 188645
0FB66D 0FB66D
FA567E B833F0
0D7DE7 E954F7 467AB7
657F93 A7E9D9 B7B073
825884 48C2D5
4B39CA 19FFAB
35FF16 994F93 94D700 A5CCB5 800641 DBDC9A 500783
84EBFF 84EBFF
E0E349 9B9BDD 1276AF D04F40 628AB2
0801CC 9B0EC2
D443EB D443EB D7CAF9
7BF2B5 FF8D45 8D0852 784F83 37F745
AD298D DD2694
B86446 4FBDE1
35F60D AA8E14 D5356A E09D29 C98FE7 2C101C CB09C0 3ADA02
ACB11D D01E6B
70146D 7E18E9 724A76 29B2A4
36D08C 6D778A
567883 44716B
0FBCDC 0FBCDC 0A5C0E
7E5598 AFF8D1 3B1041 EF4D57
C0766C 07D80A
EC05F7 539A92 FD1783