7FD578 7CDA20 F94356 7EA726 E5D023 7EA726 853F1A C03738 719360 981760 1176C9 853F1A 8633C5 853F1A 283373 877D0E CE97C4 66B94B F4C859 4BCD0B 61D740 342A3C 57CBDE 17BEF0 859C0E 01684B 853F1A 7FD578
19
7FD578 1AC5CE
7CDA20 6C7BF0
F94356 A085DD
E5D023 E5D023 2C376F
C03738 EEEA40
719360 E27C41
981760 B40756 FF39A5 981760
1176C9 1176C9
8633C5 9F01C8
283373 3E0BDD
877D0E 877D0E
CE97C4 1BD5F4 2E60FC
66B94B 66B94B
F4C859 F4C859
4BCD0B 7B7BDE
61D740 61D740
57CBDE 9B7F16 6CAF19
859C0E 859C0E
01684B 01684B 1EE680