context road teaching study soil bit thanks currency wood bit bedroom thanks currency care attempt force ability construction bread satisfaction store satisfaction reality fat drawing farmer disaster interaction price anxiety construction while departure cell state aspect association context
25
context context
road road
teaching teaching
soil soil
bit bit
thanks thanks
currency currency
wood wood
bedroom bedroom
care care
attempt attempt
ability ability
construction construction
bread bread
satisfaction satisfaction
store store
reality reality
fat fat
farmer farmer
interaction interaction
anxiety anxiety
while while
departure departure
state state
aspect aspect