maintenance difficulty philosophy volume selection sign economy class inspection class driver chest account result price description coast career war rate day bread example resolution future movie map war reputation chocolate rock cause church photo extent context extent contract action object sister property church beer salad drawing focus class depression complaint war wife obligation income philosophy version philosophy marketing result population farmer church farmer style philosophy average period role sign feature chocolate woman income competition church maintenance
50
maintenance maintenance
difficulty difficulty
philosophy philosophy
volume volume
selection selection
sign sign
economy economy
inspection inspection
driver driver
chest chest
account account
price price
description description
career career
war war
rate rate
day day
bread bread
example example
resolution resolution
future future
movie movie
reputation reputation
rock rock
cause cause
church church
photo photo
context context
contract contract
action action
object object
sister sister
property property
beer beer
salad salad
focus focus
depression depression
complaint complaint
wife wife
obligation obligation
income income
version version
marketing marketing
population population
style style
average average
role role
feature feature
woman woman
competition competition