engine business analyst drawer wealth class age moment age variation bath politics volume argument understanding tool age dirt age failure age network worker aspect equipment emphasis reaction office engineering equipment grandmother reputation teaching education view poetry process idea fact effort figure song side difficulty war poetry menu interaction feature piano tension departure poetry series network money significance network preparation data theory clothes tax feature problem extent teacher strategy beginning force speech mind question beer sport step temperature statement time member tooth model finding performance situation feature material singer area ratio feature police statement birth reputation secretary machine choice card bath light bath error feature leadership measurement buyer age flight network bus strategy town girl source theory answer two age accident editor meal stranger energy equipment delivery reputation country age ear politics promotion extent satisfaction director network standard network funeral statement sympathy statement eye strategy space strategy chapter strategy section strategy dealer drawing question engine
100
engine engine
business business
analyst analyst
drawer drawer
class class
age age
moment moment
variation variation
politics politics
volume volume
understanding understanding
tool tool
dirt dirt
failure failure
worker worker
aspect aspect
emphasis emphasis
office office
engineering engineering
grandmother grandmother
reputation reputation
teaching teaching
education education
view view
process process
idea idea
fact fact
figure figure
song song
side side
difficulty difficulty
war war
menu menu
interaction interaction
piano piano
tension tension
departure departure
series series
money money
significance significance
preparation preparation
data data
clothes clothes
tax tax
problem problem
teacher teacher
beginning beginning
speech speech
mind mind
beer beer
sport sport
step step
temperature temperature
time time
member member
tooth tooth
model model
performance performance
situation situation
material material
singer singer
area area
ratio ratio
police police
birth birth
secretary secretary
machine machine
choice choice
card card
light light
error error
leadership leadership
measurement measurement
buyer buyer
flight flight
bus bus
town town
girl girl
source source
answer answer
two two
accident accident
editor editor
meal meal
energy energy
delivery delivery
country country
ear ear
promotion promotion
satisfaction satisfaction
director director
standard standard
funeral funeral
sympathy sympathy
eye eye
space space
chapter chapter
section section
dealer dealer
drawing drawing