S Q BG C BV D BE B AK AN BB G AA AN CF J AQ J Y DJ X AN BT N P V BY AN AE Q CD Q L Q CA AW BD AN CW AN CE AN AF AN BN AW BZ GJ T GJ BC CB AJ AN BW K Q BQ AN CV AN BJ AW CK AW Z CT AH AN CO AN AZ AN AO AW CM A CU AW BO AN CP AN BP I AP O U AY AW CI GJ R DY Q AI AC AX AN AL AN AV AW BF AW BS Q BL M H AR Q BI Q AG AW CC AW BR AN CN Q BX Q CQ Q AS Q BA AW CS E AT AN CJ Q BM J CR F W V AU C DY AD AN CL AB BU AN CH AN BK AN AM AN BH Q S
100
S S
Q Q
BG BG
C C
BV BV
D D
BE BE
B B
AK AK
AN AN
BB BB
G G
AA AA
CF CF
J J
AQ AQ
Y Y
X X
BT BT
N N
P P
V V
BY BY
AE AE
CD CD
L L
CA CA
AW AW
BD BD
CW CW
CE CE
AF AF
BN BN
BZ BZ
T T
BC BC
CB CB
AJ AJ
BW BW
K K
BQ BQ
CV CV
BJ BJ
CK CK
Z Z
CT CT
AH AH
CO CO
AZ AZ
AO AO
CM CM
A A
CU CU
BO BO
CP CP
BP BP
I I
AP AP
O O
U U
AY AY
CI CI
R R
AI AI
AC AC
AX AX
AL AL
AV AV
BF BF
BS BS
BL BL
M M
H H
AR AR
BI BI
AG AG
CC CC
BR BR
CN CN
BX BX
CQ CQ
AS AS
BA BA
CS CS
E E
AT AT
CJ CJ
BM BM
CR CR
F F
W W
AU AU
AD AD
CL CL
AB AB
BU BU
CH CH
BK BK
AM AM
BH BH