a1 a5 a4 a8 a9 a13 a12 a11 a59 a60 a64 a60 a59 a75 a74 a73 a72 a68 a69 a70 a166 a165 a164 a168 a169 a173 a172 a171 a107 a106 a105 a104 a100 a101 a102 a134 a133 a129 a128 a124 a123 a187 a186 a187 a91 a90 a91 a139 a138 a139 a171 a172 a176 a172 a171 a27 a26 a27 a43 a44 a48 a44 a43 a59 a58 a59 a155 a154 a155 a11 a12 a16 a17 a21 a22 a86 a85 a86 a166 a165 a166 a150 a149 a150 a118 a117 a116 a120 a121 a125 a124 a123 a43 a42 a41 a40 a36 a37 a38 a6 a5 a1
62
a1 a1
a4 a3 a4
a9 a9
a13 a14
a12 a12
a11 a11
a59 a59
a60 a60 a62
a64 a65
a75 a75 a76 a78
a73 a73
a68 a67 a68
a70 a70 a54 a182
a166 a166
a165 a161
a164 a163 a164
a169 a169
a173 a174
a172 a172
a171 a171
a107 a107 a108 a110
a105 a105
a100 a99 a100
a101 a97
a102 a102
a134 a134
a133 a131 a132
a129 a129
a124 a124
a123 a123
a187 a187 a188 a190
a186 a185
a91 a91 a92 a94
a90 a89
a139 a140 a139 a142
a138 a137
a176 a177 a179 a180
a27 a27 a30 a28
a26 a25
a43 a43
a44 a44 a46
a48 a49 a51 a52
a58 a57
a155 a156 a155 a158
a154 a153
a17 a17 a19
a21 a20
a22 a22
a86 a86
a85 a81 a83 a84
a150 a150
a149 a145 a147 a148
a118 a118
a117 a113
a116 a115 a116
a121 a121
a125 a126
a41 a41
a36 a35 a36
a37 a33
a38 a38
a6 a6