Wheeler Doe Campanile LeConte Campbell Haviland Memorial McLaughlin South Stephens HearstAnnex Anthony GBC WayWest GBC Anthony HearstAnnex Unit1 Faculty Haas Minor Maxwell Minor Haas Faculty FSM Baker McCone BigC Pavilion Simons LaNote Simons Pavilion BigC McCone Baker CZ Baker McCone BigC Bongo NorthGate Ippuku WayWest Pimentel Morgan CVStarr Soda Sather Soda Etcheverry Latimer Evans Morrison Greek Lewis Kroeber Hertz Morrison Evans Wheeler
25
Wheeler Sproul Dwinelle
LeConte Birge
Haviland RSF
Memorial IHouse
McLaughlin McLaughlin
Stephens Moses
Anthony Anthony
WayWest Warren Cloyne Davis Hearst
Haas Stonefire Haas
Maxwell Hargrove
Baker Baker
McCone CKerr
Pavilion PeoplePark
Simons TriDelta Legends
LaNote Unit2
CZ Fiji
Ippuku Metropolitan
Pimentel Cheit
CVStarr Moffitt
Sather Martinez Barker Unit3 OCF
Etcheverry Etcheverry
Latimer Foothill
Morrison Morrison
Greek Jacobs Bechtel
Kroeber Boalt Kroeber