Bowles Birge Bechtel Cory Jacob Foothill Haviland Morgan Haviland Foothill Dwinelle HearstAnnex Dwinelle Foothill Jacob Cory Stanley LeConte Campanile Bongo Artichokes Bongo Campanile LeConte VLSB Chez VLSB LeConte Campanile Wurster Campanile LeConte VLSB Boalt Kresge Boalt VLSB LeConte Stanley Cory Jacob Hertz CVStarr Hertz Jacob Foothill Davis Foothill Jacob TopDog Starbucks TopDog Fenwick Barker Fenwick TopDog Jacob Cory Stanley LeConte Campanile Wurster McCone Spats Stonefire PiLambda Stonefire Spats McCone Wurster Campanile LeConte Stanley Cory Bechtel Baker Strada Baker Bechtel Wilde StrawberryCreek Wilde Bechtel Minor Bechtel Birge Bowles LaVals Bowles Birge Bechtel Latimer MLK Hearst Jacob TopDog Jacob Evan Jacob Foothill Dwinelle Haas Crossroads Lawrence Crossroads Haas Dwinelle Foothill Jacob Cory Stanley Moses Greek Stebbins Safeway Warren Tan Hargrove BearFoodCourt Hargrove MemorialStadium Campbell Stanley Moses Pimentel South Latimer Edwards Latimer Bechtel Cory Stanley Moses Greek Unit2 Milano Unit2 Wolf StrawberryCreek Wilde Bechtel Baker Bechtel Birge Bowles
44
Bowles Calvin Etcheverry Graduate
Birge Birge
Cory Extension
Foothill Unit1 Foothill
Morgan Morgan Martinez
HearstAnnex Lothlorien HearstAnnex
LeConte ALS RSF
Campanile Campanile
Bongo ShengKee Bongo
Artichokes Cheeseboard
VLSB VLSB
Chez NorthGate
Wurster Wurster Zellerbach
Boalt Boalt
Kresge Kresge PeoplesPark Castro
CVStarr WayWest Ridge Unit3 CKerr
Davis YogurtPark Hildebrand Browns
TopDog GammaPhiBeta
Starbucks Chipotle MFoundry
Barker Barker
Spats Spats
PiLambda PiLambda PiAlphaPhi
Baker Baker Simons Daiso
Strada Strada RoseGarden
Wilde Wilde
StrawberryCreek StrawberryCreek
Minor AlphaSigmaPhi Barrows Maxwell TacoBell
LaVals LaVals
Latimer Mulford Crescent
MLK Rochdale
Evan GenPlantBio Blackwell Evan Cloyne
Haas Pavilion Haas
Crossroads Crossroads
Lawrence UCTheatre NCEM
Moses Sutardja Moses Wellman Gypsys
Greek Greek
Safeway Safeway
BearFoodCourt BearFoodCourt
Campbell Campbell Doe Koshland
Pimentel Sherman Stacks
Edwards Easterly Edwards
Unit2 Unit2
Milano IndianRock
Wolf Wolf