0 100 106 100 0 100 101 111 101 100 0 31 64 35 31 89 31 25 31 0 17 5 17 0 86 0 100 102 100 0 100 101 110 101 100 0 100 104 100 0 57 0 100 101 108 101 113 101 112 101 109 101 100 0 3 75 3 11 3 0
23
100 128 130 138 151 152 153 100 105 127
106 144 145 146 147 149 106 142
101 194 196 101 117 198
111 177 178
31 53 31
64 72 7
35 35
89 89 1 26
25 24 25 59
17 65 66 68 70 77 13 17 22 44
5 42 5
86 98 99 10 43 81 82 83 20 85 86 90 62
102 118 102 121 123 124
110 168 169 171 172 173 175
104 104 136
57 57 21
108 160 154 156 158
113 113 188 189
112 112 179 180 182
109 109 167
3 96 49 51 4 87 56 14 63
75 18 54 75 28 29
11 58 55