86 150 25 140 167 65 167 130 62 104 24 168 24 104 107 99 11 37 188 198 67 93 58 97 115 53 180 70 63 70 175 32 181 12 48 61 15 199 188 149 12 48 143 181 9 26 58 40 60 8 12 49 19 3 54 171 182 96 182 108 59 72 127 183 109 131 172 88 151 80 151 88 32 25 68 35 187 79 61 104 98 148 78 116 133 39 147 113 111 121 29 114 94 102 165 75 63 145 109 161 108 34 47 188 37 97 115 130 38 40 64 40 60 1 42 76 111 129 111 121 131 126 37 84 62 39 23 58 43 192 151 128 86
71
86 120
150 150
25 153 154 158
140 140
65 146
62 89
168 189
107 107
99 196
11 11
37 73 156
198 198
67 22
93 132 93
58 28
97 97
53 53
180 106
63 74
175 175
32 157 159
181 181
12 138 123
48 48
61 69 30 71
15 122 36
199 199
149 149
143 6
9 10 13 110
26 26
60 87
8 8
49 125
19 19
3 5
54 54
96 174
108 44 184
72 72
183 179 183
131 160
172 56
88 27
151 17
80 194
68 90 100
35 35
79 137 21
98 91 173
148 148
78 14
116 116
133 152
113 113
121 121
114 105 52
94 2 117 94
75 75
145 145 163 101 57 45
47 41
38 82 38
64 64
1 1
76 76
129 129
126 126
84 177 51 84 139
23 169 66 185
43 92
192 192