110 145 190 11 117 69 159 182 78 17 70 56 110 99 110 191 110 145 110 64 78 17 46 97 167 135 54 47 73 65 134 160 69 159 72 100 146 161 40 170 193 5 19 53 84 126 149 36 53 110 168 174 159 77 110 64 78 17 46 121 187 167 135 54 65 20 170 193 111 71 70 56 84 126 23 32 49 53 110
46
110 67 163 26 132 44 110 15 90 91
145 145
190 3 138 55 39 122 171 190 127
11 176 11
117 142
159 81 87 159
182 85 182
56 96 50 56
99 99 181
191 152 199 103
64 64
46 43 101
97 140
167 76 94
135 197
54 54
47 45 47
73 73
65 169 172 92
134 178 98 148 74 189
160 160 13
72 72
100 66 100 60
146 41 25
161 161
40 40 30
170 170 14
193 123 193
5 83 5
19 19 52 165 22
53 53
84 175
126 126
149 149 79
36 36
168 124 168
174 38
77 195 77
121 121
187 131 6
20 192 20
111 51
71 18 141
23 0 154 28 29
32 107 147
49 1