0x4a 0x1d 0x63 0x19 0x16 0x17 0x42 0x3 0x3e 0x3 0x2c 0x3 0x42 0x55 0xd 0x10 0x28 0x35 0x30 0x34 0x22 0x34 0x30 0x35 0x44 0x14 0x44 0x35 0x28 0x10 0xd 0x55 0x42 0x43 0x23 0x43 0x42 0x55 0x1 0x24 0x56 0x24 0x1 0x2b 0x54 0x2b 0x1 0x55 0x42 0x17 0x16 0xe 0x16 0x19 0x63 0x1d 0x4a
20
0x4a 0x4b
0x1d 0x1d
0x63 0x63
0x19 0x4e 0x1f
0x17 0x17
0x3e 0x20
0x2c 0x3c 0xb 0x1b 0xc 0x1c 0x2c
0x55 0x55
0x10 0x10 0x3b
0x28 0x50 0x32
0x35 0x2 0x5 0x35 0x9
0x30 0x3d 0x57
0x22 0x39 0x4 0x4d
0x44 0x13
0x14 0x41 0x21 0x45 0x2a 0x2d 0x4f 0x11 0x14 0x1e 0x5f
0x23 0x62 0x53 0x5e
0x24 0x59
0x56 0x61 0x52 0x56 0x27 0x2e
0x54 0x48
0xe 0x31 0x5a