Location0 Location45 Location61 Location10 Location61 Location45 Location1 Location13 Location20 Location13 Location25 Location36 Location54 Location35 Location2 Location52 Location29 Location9 Location59 Location46 Location58 Location22 Location7 Location13 Location23 Location30 Location38 Location19 Location38 Location19 Location34 Location0
21
Location45 Location27 Location12
Location10 Location10 Location26 Location21 Location15
Location1 Location8 Location1 Location6
Location13 Location13 Location14
Location20 Location20 Location5
Location25 Location25
Location36 Location36
Location35 Location35 Location4
Location2 Location2
Location52 Location32 Location37 Location39 Location24
Location29 Location29
Location9 Location9 Location18
Location59 Location16 Location33 Location31
Location58 Location3
Location22 Location22
Location7 Location7
Location23 Location17 Location23
Location30 Location30
Location38 Location28 Location38
Location19 Location19 Location40 Location11
Location34 Location41 Location34