Location0 Location43 Location25 Location47 Location122 Location18 Location80 Location58 Location127 Location126 Location103 Location73 Location10 Location69 Location36 Location10 Location80 Location58 Location30 Location105 Location110 Location46 Location91 Location4 Location26 Location20 Location117 Location61 Location59 Location89 Location31 Location1 Location49 Location39 Location55 Location117 Location55 Location128 Location14 Location116 Location87 Location101 Location93 Location47 Location6 Location43 Location0
28
Location43 Location43
Location25 Location34 Location25
Location18 Location18
Location80 Location27
Location103 Location29
Location73 Location9
Location10 Location10 Location16 Location28
Location69 Location19
Location36 Location36 Location37 Location45 Location23 Location24
Location30 Location30
Location105 Location32
Location110 Location11 Location17 Location3
Location46 Location38
Location4 Location4 Location7
Location26 Location26 Location21
Location20 Location20
Location61 Location5
Location59 Location12
Location89 Location8 Location40
Location31 Location31
Location1 Location1 Location41
Location39 Location39
Location128 Location15
Location14 Location33 Location2 Location35 Location14
Location116 Location22
Location87 Location42
Location93 Location44 Location13
Location6 Location6