1 33 26 139 111 150 189 136 157 40 169 57 124 127 92 85 30 55 20 171 20 126 6 143 42 37 88 68 83 2 50 34 45 31 12 141 47 102 47 138 20 128 53 164 60 44 78 144 8 61 162 69 97 129 151 80 137 165 198 35 200 57 87 184 129 99 6 51 120 41 130 5 156 5 81 13 70 161 70 89 70 174 77 36 16 182 21 101 3 96 60 160 56 47 86 27 26 133 138 127 98 103 116 10 75 193 106 49 159 140 131 58 33 101 84 9 59 110 95 2 74 61 57 176 177 15 167 47 82 68 47 6 143 1
97
1 1
33 33
26 26
139 139
111 111
150 150
189 189
136 136
157 157
169 169
57 57
124 124
127 127
92 92
85 85
55 55
20 20
171 171
126 126
6 6
143 143
42 42
37 37
88 88
68 68
83 83
2 2
50 50
34 34
31 31
141 141
47 47
102 102
138 138
53 53
164 164
60 60
44 44
144 144
8 8
61 61
162 162
69 69
97 97
129 129
151 151
80 80
137 137
165 165
198 198
35 35
200 200
87 87
184 184
99 99
51 51
41 41
130 130
156 156
81 81
13 13
70 70
161 161
89 89
174 174
77 77
36 36
16 16
182 182
21 21
101 101
3 3
56 56
86 86
27 27
133 133
103 103
116 116
10 10
75 75
193 193
106 106
49 49
159 159
140 140
131 131
58 58
84 84
9 9
59 59
110 110
95 95
74 74
176 176
177 177
167 167
82 82