0 50 100 150 165 164 162 166 167 163 159 170 168 170 159 163 167 166 162 164 165 150 100 50 0 50 65 64 62 66 67 66 62 64 65 50 0 50 100 150 199 198 194 197 183 184 180 185 187 185 180 184 183 197 194 198 199 150 100 50 0 50 65 64 62 66 67 63 59 70 71 80 85 87 85 80 71 70 68 70 59 63 67 66 62 64 65 50 0 15 14 12 16 17 13 9 20 21 30 35 37 35 30 21 20 18 20 9 13 17 16 12 14 15 0 50 100 115 114 112 116 117 113 109 120 121 130 135 137 135 130 121 120 118 120 109 113 117 116 112 114 115 100 50 0
33
0 1
50 51
100 101
150 151
164 152 153
163 154
159 160
168 155 156
64 52 53
199 199
198 198
194 194
197 197
183 183
180 172 174 175 176 177
187 192 196 186 190 191
63 54
59 60
80 97 98 99 72 74 75 76 77 83 94
87 96 86 90 91 92
68 56 55
14 2 3
13 4
9 10
30 33 44 47 48 49 22 24 25 26 27
37 36 40 41 42 46
18 5 6
114 102 103
113 104
109 110
130 133 144 147 148 149 122 124 125 126 127
137 146 136 140 141 142
118 105 106