31 42 7 4 47 126 31 52 12 8 29 8 154 3 68 4 31 73 31 42 138 43 53 10 63 29 172 185 166 170 198 195 179 167 159 8 154 59 122 54 31 127 42 93 9 79 29 172 159 1 42 109 135 31
36
31 74 107 146 112
42 42 83
7 67 7 108 160
4 4 143 80 90
47 121 47
126 99 140 156
52 52 46
12 120 12
29 33 105 29
154 34
3 117 22 123 103 106 27
68 68 86
73 65 128
138 138 134 32
43 69 38 60
53 58 6 30
10 66 131 13 141 14 81 115 20 119
63 57
185 188 168
166 164 184
170 170
198 173 198
195 169 171 195
179 179 180 197 199 186 191
167 196 175 167
159 137
59 35 151 125 64
122 110 148
54 114 48
127 127
93 49 147 93 78
9 9 88 28
79 77
1 89
109 82 21 149 45 94
135 152