state purple huge catnip Albert mortgagor shrugging Jennifer stereography McDonald gavotte purple monk catnip presto limbic Calkins Jennifer Augean catnip Adler versatec serge peacock curbside catnip Whelan peacock stingy McDonald Evans catnip joke catnip trivium catnip supremum servile lonesome voltmeter retardation voltmeter Della purple Arden mortgagor harrow mortgagor rent purple grade purple Steiner purple eggplant purple controversial voltmeter cohere limbic athletic maidservant exhortation voltmeter gun catnip clasp catnip complacent peacock sanatoria mortgagor flexural Jennifer firebug versatec infuse peacock border McDonald scriptwriter McDonald hallelujah McDonald debenture catnip wrack McDonald motet McDonald circumstantial catnip Eva McDonald eidetic McDonald ash catnip Protista catnip backgammon Jennifer jackass mortgagor foursome catnip omicron McDonald bald McDonald heifer McDonald fireplace servile cache kitty hypothetic voltmeter watery McDonald charcoal servile cocaine mortgagor driveway McDonald value catnip opossum servile Cinderella McDonald bloc mortgagor begot mortgagor hyphen catnip dumpling voltmeter Edmonds mortgagor Adamson peacock Waterbury voltmeter Lizzie McDonald Darwin McDonald texture peacock freehold maidservant octane versatec whatsoever purple compunction McDonald anatomy catnip dame catnip rocky catnip uptown catnip hungry mortgagor Yaounde versatec Zellerbach Jennifer knick mortgagor Ridgway voltmeter his voltmeter whirligig catnip scaup McDonald sepulchral Jennifer registrant mortgagor pairwise purple turnout purple knurl peacock lobby voltmeter regal voltmeter bibliophile catnip fleawort purple state
100
huge huge
Albert Albert
shrugging shrugging
stereography stereography
gavotte gavotte
monk monk
presto presto
Calkins Calkins
Augean Augean
Adler Adler
serge serge
curbside curbside
Whelan Whelan
stingy stingy
Evans Evans
joke joke
trivium trivium
supremum supremum
lonesome lonesome
retardation retardation
Della Della
Arden Arden
harrow harrow
rent rent
grade grade
Steiner Steiner
eggplant eggplant
controversial controversial
cohere cohere
athletic athletic
exhortation exhortation
gun gun
clasp clasp
complacent complacent
sanatoria sanatoria
flexural flexural
firebug firebug
infuse infuse
border border
scriptwriter scriptwriter
hallelujah hallelujah
debenture debenture
wrack wrack
motet motet
circumstantial circumstantial
Eva Eva
eidetic eidetic
ash ash
Protista Protista
backgammon backgammon
jackass jackass
foursome foursome
omicron omicron
bald bald
heifer heifer
fireplace fireplace
cache cache
hypothetic hypothetic
watery watery
charcoal charcoal
cocaine cocaine
driveway driveway
value value
opossum opossum
Cinderella Cinderella
bloc bloc
begot begot
hyphen hyphen
dumpling dumpling
Edmonds Edmonds
Adamson Adamson
Waterbury Waterbury
Lizzie Lizzie
Darwin Darwin
texture texture
freehold freehold
octane octane
whatsoever whatsoever
compunction compunction
anatomy anatomy
dame dame
rocky rocky
uptown uptown
hungry hungry
Yaounde Yaounde
Zellerbach Zellerbach
knick knick
Ridgway Ridgway
his his
whirligig whirligig
scaup scaup
sepulchral sepulchral
registrant registrant
pairwise pairwise
turnout turnout
knurl knurl
lobby lobby
regal regal
bibliophile bibliophile
fleawort fleawort