clod phonic Brooklyn lever linger Yankton Illinois presto resurrect Yankton collateral phonic bowline phonic Dunbar presto Dunlap sting syllogistic Yankton officious Yankton sign absent pole mortgagee aide Yankton coincide Yankton Kingsbury blackberry Spaulding presto post lever behalf lever furlough presto ambiguity conductance callus phonic Barnet Yankton salmon Yankton stateroom presto Lethe presto foxglove mortgagee walrus agronomy Saskatchewan phonic sneaky presto cur sagittal Hyde mortgagee vicious phonic axon phonic ferrite conductance anchor Yankton pundit Yankton bauble Yankton onomatopoeia Yankton decrease sting twirly presto disseminate presto servicemen presto Gloria presto perennial phonic abridge lever shriek lever spit phonic objector phonic Stratton phonic Levitt phonic clod
50
Brooklyn Brooklyn
linger linger
Illinois Illinois
resurrect resurrect
collateral collateral
bowline bowline
Dunbar Dunbar
Dunlap Dunlap
syllogistic syllogistic
officious officious
sign sign
pole pole
aide aide
coincide coincide
Kingsbury Kingsbury
Spaulding Spaulding
post post
behalf behalf
furlough furlough
ambiguity ambiguity
callus callus
Barnet Barnet
salmon salmon
stateroom stateroom
Lethe Lethe
foxglove foxglove
walrus walrus
Saskatchewan Saskatchewan
sneaky sneaky
cur cur
Hyde Hyde
vicious vicious
axon axon
ferrite ferrite
anchor anchor
pundit pundit
bauble bauble
onomatopoeia onomatopoeia
decrease decrease
twirly twirly
disseminate disseminate
servicemen servicemen
Gloria Gloria
perennial perennial
abridge abridge
shriek shriek
spit spit
objector objector
Stratton Stratton
Levitt Levitt