cure coralberry Negroid coralberry reflectance bear indignity bear Vichy St latch St Moe Verdi Muscat tick belch awash obfuscate periphery ineducable coralberry upheld bear marquess coralberry logjam coralberry Bridgeport coralberry greet salary Brillouin bear lint bear seem St Delphi awash swoop periphery roost periphery item coralberry hypotonic coralberry Blackman St stupor Verdi cure
25
Negroid Negroid
reflectance reflectance
indignity indignity
Vichy Vichy
latch latch
Moe Moe
Muscat Muscat
belch belch
obfuscate obfuscate
ineducable ineducable
upheld upheld
marquess marquess
logjam logjam
Bridgeport Bridgeport
greet greet
Brillouin Brillouin
lint lint
seem seem
Delphi Delphi
swoop swoop
roost roost
item item
hypotonic hypotonic
Blackman Blackman
stupor stupor