A0 K4 X4 H6 V2 W6 D3 M1 L5 T2 K2 Y4 J6 J1 G0 R6 I1 G1 Z3 M0 P5 S6 F4 X2 Q6 S2 F6 R4 E1 E5 L0 T5 D7 P6 Z6 E3 P2 F3 U2 C3 J5 G3 D2 C6 N2 A7 B4 M3 Q4 A5 A4 T6 J0 N1 R3 K1 A1 R5 D0 E4 Z1 X0 M4 B5 U6 I3 Y3 Z5 I0 Y0 X3 F0 Q5 S1 Q0 A2 O5 M6 X1 X6 O3 G4 O4 W5 H0 Y6 P0 V6 M5 W2 I5 C7 T3 Z4 C4 B2 G6 A6 C0 W4 A0
100
A0 A0
K4 K4
X4 X4
H6 H6
V2 V2
W6 W6
D3 D3
M1 M1
L5 L5
T2 T2
K2 K2
Y4 Y4
J6 J6
J1 J1
G0 G0
R6 R6
I1 I1
G1 G1
Z3 Z3
M0 M0
P5 P5
S6 S6
F4 F4
X2 X2
Q6 Q6
S2 S2
F6 F6
R4 R4
E1 E1
E5 E5
L0 L0
T5 T5
D7 D7
P6 P6
Z6 Z6
E3 E3
P2 P2
F3 F3
U2 U2
C3 C3
J5 J5
G3 G3
D2 D2
C6 C6
N2 N2
A7 A7
B4 B4
M3 M3
Q4 Q4
A5 A5
A4 A4
T6 T6
J0 J0
N1 N1
R3 R3
K1 K1
A1 A1
R5 R5
D0 D0
E4 E4
Z1 Z1
X0 X0
M4 M4
B5 B5
U6 U6
I3 I3
Y3 Y3
Z5 Z5
I0 I0
Y0 Y0
X3 X3
F0 F0
Q5 Q5
S1 S1
Q0 Q0
A2 A2
O5 O5
M6 M6
X1 X1
X6 X6
O3 O3
G4 G4
O4 O4
W5 W5
H0 H0
Y6 Y6
P0 P0
V6 V6
M5 M5
W2 W2
I5 I5
C7 C7
T3 T3
Z4 Z4
C4 C4
B2 B2
G6 G6
A6 A6
C0 C0
W4 W4