142 121 58 130 175 34 100 1 154 139 30 140 171 135 137 121 142 121 137 48 137 121 142 121 137 66 106 111 162 166 51 187 85 103 6 17 186 78 60 78 86 131 63 171 135 171 140 30 139 145 72 27 147 58 130 193 16 94 154 139 30 140 171 63 149 26 149 63 171 140 126 12 126 140 129 140 30 139 153 181 18 103 28 103 18 181 153 23 153 181 151 167 142
30
121 121
58 58
34 34
154 159 31
30 22 30
140 140
135 97
137 137
48 48 76
66 44
106 106 127
111 90 77
51 3 4 46 108 174
187 115 39
85 89
186 186 55
60 124 60
131 35
63 63
145 145
16 16 177
26 183
126 21 157
12 197 38
129 129
181 181 91
28 64 33 195 69 133 7 70 41 141 14 178 150 158
23 23
151 144 151 93
167 167