5 33 68 17 12 150 12 9 2 1 6 1 26 80 52 143 144 143 52 80 26 1 6 74 53 123 53 27 41 86 58 22 37 45 59 75 50 32 91 90 14 64 57 55 65 7 77 9 10 9 22 37 22 9 97 20 19 52 80 26 1 0 3 31 39 41 27 11 44 37 25 43 25 37 45 59 95 8 21 32 73 32 29 16 7 65 55 17 36 82 36 40 92 22 9 2 1 70 105 70 1 0 3 4 5
35
68 155 68
12 178
150 191
9 9
1 177
80 80
144 176 194 180
123 140
27 27
86 109 130
58 58
45 45 152
59 96 101 104 76 111 126 127
50 50
32 32
91 91
14 196 103 63 23
57 57
7 35
77 77
10 160 163
20 54
19 145 169
0 51
31 31
39 168
11 113 85
44 106
43 183
95 121
21 21
73 102
82 179
92 92
105 105