149 36 113 128 135 169 22 110 168 53 103 87 176 30 185 183 65 26 89 109 6 28 22 110 191 18 116 168 147 85 145 187 57 193 134 20 168 35 147 152 169 109 6 25 157 198 196 145 87 30 82 91 41 63 57 193 134 99 51 20 149 199 0 124 93 170 152 83 169 109 11 120 198 196 195 145 101 193 74 110 171 96 175 168 147 101 97 149
50
149 4 68 75 59 14
36 2 36 42
113 55
128 84 47
135 1
22 38 22
53 53
103 54
87 87 39
30 50 62 30
185 27 86 15
183 71 88 9 61 46
65 65 40 58 12
26 49 52 26
89 89
6 6
28 64 33 66 7 43 28 29 79
191 44 37
18 18
116 45
85 85 21
145 32 92
57 57
193 69
20 80 20
35 8 17 35
152 34
25 25 5
157 10 90
198 56 13
196 3
82 82 77
91 98 91
41 41 19
63 63
99 99 23
51 51
199 24
0 60
124 67 95
93 93 94 31
170 81 70 78
83 83
11 11
195 73
101 72
74 74
171 100 76
96 16 96
97 48 97