PlmPdVeiiHQg3JYZCDWt 8jko5XAn6JliQ07A0rUO fp0tOLe2bgMhAVnspvYT iFXIyHTPBX7ivXxsV1VM Oy6fETwECO5ouC6YS702 iFXIyHTPBX7ivXxsV1VM PlmPdVeiiHQg3JYZCDWt 6GSZa1npVyW2652oBwaR ETjjZI7uk2pIvhwlFJmu vgVY143HiC3DIrnHqOVb 4E11EdbsS5KbjeJWtodD 48BAUsycKlkSkbOjYLFN 7qCgmo7DrrfnVQIWnbiV eUyNsK7nwP1YPac54CbU 88tlmRAaQO3KDf7QWuDb XfoLhICApzD21ekC6Raj SNmFiRdCmf8vg1yMqr30 WsVMGV8yZisK6ojnqzBE 20utbptZXLJi5iRJMPtt 3NZ1POQXIwf6NGuaUl5h gRC6QGMaofieuDp4DxNK gu4ZhQvmb4pSQmUY70Nq vfFBTNAIMMm13X2tZysq ivcmXAg3WJYgMBzFenfb lcQ1GcVaImUGztIdTr68 9gglBKpHLZmA2dFXYK5s dvxgUZzwjHAP85QpElWp W9TKm0U6bNDZ1Aok7hNH nweJtOYiRJ9VPbpUTVQU 7qCgmo7DrrfnVQIWnbiV N1MiBWI2XSNYPV4Bi2Zg cYMPcE5UNSzOtkRY62gr fp0tOLe2bgMhAVnspvYT gu4ZhQvmb4pSQmUY70Nq Ueu5MpmB6m0Tj07uN555 E59siIyngnj5PIsLeowv vfFBTNAIMMm13X2tZysq PlmPdVeiiHQg3JYZCDWt
29
PlmPdVeiiHQg3JYZCDWt VuvjJGf6deKVAQ0JUD4i yD8JCRUWcVAZxJ4ZDldr m1A3pMC42PQioFziqK5C TpLamlzpT6GwerxzVsxr irZyMKazQALnyfoOCtbL uNMLlt0W1KUwk2d6EP98 xcisI0PJDdG9nIuyj3IS
8jko5XAn6JliQ07A0rUO UkqILZ2p4EbRuMBIrGXp nyd0fM2XE4qmli1xfIwr PIekFeWZsA6etqyFB2SF
fp0tOLe2bgMhAVnspvYT 9zoM12ZWjXrKaszveCQH XdyhPab6W9wOZnKLq1fq a06qeiApctGnC1GMtGuJ
iFXIyHTPBX7ivXxsV1VM dsndgEJWfBsFA2I3Hgqf KOLHrmR3FKDMdl4SYdK9 g0ywcwildP9K6oBendJq iFXIyHTPBX7ivXxsV1VM
Oy6fETwECO5ouC6YS702 VXU331oDUcuzaGGUYIl9
6GSZa1npVyW2652oBwaR iwJGcbQH2bifG6D82Iel gdO0wiBlQ8wFbeNyGtx5
ETjjZI7uk2pIvhwlFJmu GUntLlYA0xo9Vk4WLTLV 8RfB73Lw8C9LbSwIxA9Q JWIkMKKlAG6fUoRVxKKI
vgVY143HiC3DIrnHqOVb cUanhOambcNkocePqfvx CofLnw0Ss4pVGWmPS5oO 3M9YkxmgHhrzhCgskWR0 qOK6WPKQJA4Q9XqXgSgT
4E11EdbsS5KbjeJWtodD tX1uDaXm9hMlEKqU7m9j
48BAUsycKlkSkbOjYLFN 2Cz4Y4eG1XIezf9qpdQl 48BAUsycKlkSkbOjYLFN
7qCgmo7DrrfnVQIWnbiV 7yt9hKqOEGabqtqIEmdH yKQw7YXCNsthb1VWEFur ukPtLY7YueARRkX8hPaS 804aK8wEArkuheeUiB4R q4nqG9N45SSRxndw48Xl 060q0aISPODkGeAbYbQ6 LXqfTqJggDSh6mykPyz3 7qCgmo7DrrfnVQIWnbiV WZsO2i9GZwvMYoV9SyKS 6WGzUhXeOltLDbkIvTzq
eUyNsK7nwP1YPac54CbU YmmIBqqdn3Z6PuFXWNHi YIxKvTpWMaQKGFtD5BDH k8LvqKsQ4ejh0bCWs4fP 76b3evP8JEiQ8c6jd2b5 eUyNsK7nwP1YPac54CbU 1JawjZrawLlOCGN1EB0O zvH9G6FQ1xC7CVezs43e ChEnlTNCMoqxBfyzEzW7 U7iVliqmXRkLwyPSNdfv
88tlmRAaQO3KDf7QWuDb N5YDsCDN1lKguyHbn4Zb nsq4rhHWMCaIVcah5fcd Tr6dOTuKB3EM5juuJxqy MEVVMgbTLIgXdG4vAbeX ELEJN8tWDJT7mLhCdqW3 1wRG7TNgo9ui6iZBLuaw Zzs5CIqF9Ll2avkxI78N
SNmFiRdCmf8vg1yMqr30 Osa2UT4anhyBl7doUFs5 SNmFiRdCmf8vg1yMqr30
WsVMGV8yZisK6ojnqzBE AmAHnr1XXkPpwJ6DUDIO jVItWJkETNqrkY47Hghp 3rqlQRwe5izypHjXjWla EY9cQTmyqhrzeZsobQa5 kaVGl3oG0Ulg2MgkbJB8 1tmkPhHujDQhTmW4oV7S BWhyt9wATIprZDhzxwVv JakuJordFcO229c3L5ct WsVMGV8yZisK6ojnqzBE YFXFh0nBpGYXfL8mfny3
20utbptZXLJi5iRJMPtt hZHynIvymuQxD6BftzWt Vh6ScHVb39wz7CmKwIuA
3NZ1POQXIwf6NGuaUl5h KjQNU2EAAYEZSeJWPxLM DF1KTiOHBIkswyjh8uB1 kwA1qrRggH9YLKcVfIe5
gRC6QGMaofieuDp4DxNK uaR7l3Qhn4FRAnSeVURz ANdko3dYAy7a2BOq7wpm nKDJ3ylOzub2eWcHnAhq E8pbRn7LIeWnB3swkYzz
vfFBTNAIMMm13X2tZysq o85TEEBuzMbePdf5cbCv RuUdtXtfFCKpaLUcmsqg
ivcmXAg3WJYgMBzFenfb 4QLswP82Wvxw9Z42obzh PWUaVYPeofxjJdT472wG
lcQ1GcVaImUGztIdTr68 NA24XhOMsROCBnUViAJT
9gglBKpHLZmA2dFXYK5s IxWh6LSiXwGUWSx9VJ39 NXYVlLN4oRDZThND0BmP
dvxgUZzwjHAP85QpElWp dvxgUZzwjHAP85QpElWp 2chOacZ5nNYuf6eeGFSW
W9TKm0U6bNDZ1Aok7hNH W9TKm0U6bNDZ1Aok7hNH
nweJtOYiRJ9VPbpUTVQU Dwi7fYT8wa9I4Kzyto4Y EkRPPDhcu5ww6XulSOgx x5UVX06335fM5pfCNBMU C6w7afZujemehEooILjN MSj6zOuZ0EoAKjP4wXXW
N1MiBWI2XSNYPV4Bi2Zg 4S2YiI3VYPKghkl95iqK EVtx7khff7Fs8yuuQKJx zforAf5jhSPEL0aOiCeo GzSNGBn4EPemDLEWXNxx
cYMPcE5UNSzOtkRY62gr cYMPcE5UNSzOtkRY62gr
Ueu5MpmB6m0Tj07uN555 WErk2X2lm629vuxPHVtl
E59siIyngnj5PIsLeowv ML4pCjYl4gPEwSnvlRaD E59siIyngnj5PIsLeowv