myBc2oGXtwQIbhN8LZB1 dOBnQCXLXxGyjTj3QvT5 bDUuepVti8upHAAenmtw EY74ASuADSlYlDTJLkL6 m1eNgjuhkxodElFqqgdb ptVEb5MtTsnyDsszLqdb yAYyOcL4ZKdEiLdSPQJm oTKjE2BVS0AvV4XvUeLk w5Yg5o0VnYd77fs4XPRL KtbSULrz2h1IxsKP2DHz bDUuepVti8upHAAenmtw wy0RiFWOddqgqdcatQ9A SUNxIlWVwIvWYg6OTKeH o53aRQwjhcCKlIFPSjvf cTQsPiFc1uh1wyO5LVD6 ZhHxBzOYsJAOHrqq4mZM E1No0jrU6hgJwSJDwUUZ SwF10yYWjKWmqxtGZBky lRM59z2yUMoVl3kzgo9u X0l14s0sRXjXSeLRZLOJ e3j3O8zLHFaoF4L54lX4 myBc2oGXtwQIbhN8LZB1
18
myBc2oGXtwQIbhN8LZB1 nmetx4LmU9YBYTmghDrT vy2boLWO2lxg10y7uS0y 1ZOzWuPMAgV9noIUn6fI jHmvxfAZsjs2mCnHbbFf 4jo8IXw984NR3wvT2Dr9 fpPjeU3Q7Ml0oxbNnONE 6X2CNJieZ0I5rs3Wfu65 FMx2ghinkTg3bXUUbaTx
dOBnQCXLXxGyjTj3QvT5 RBvtNZMBTgecfVkYzQF0
bDUuepVti8upHAAenmtw UMmbOoOKP6EkLMuN70H3
EY74ASuADSlYlDTJLkL6 LJTA7Za5kd0YC7vjiAyc uNXUIWejT1w4vLTe7QBt VThEkwdtHmaZ1zsmfh4s EY74ASuADSlYlDTJLkL6
m1eNgjuhkxodElFqqgdb ki0pv73E3TweydEr2xMN saIZq3FqZhdVPNoQWmqU o9aZyqilfPONdyLlpTRX m1eNgjuhkxodElFqqgdb
yAYyOcL4ZKdEiLdSPQJm 6yzFaM9N8M8BsjLACDds yAYyOcL4ZKdEiLdSPQJm
oTKjE2BVS0AvV4XvUeLk oTKjE2BVS0AvV4XvUeLk jy3jNWgqegakpFSv6gUm
w5Yg5o0VnYd77fs4XPRL w5Yg5o0VnYd77fs4XPRL
KtbSULrz2h1IxsKP2DHz KtbSULrz2h1IxsKP2DHz RpB10dFWsUl9DC779n8X
wy0RiFWOddqgqdcatQ9A wy0RiFWOddqgqdcatQ9A 9OL9rFCWxsvkui0BnJrR q1ntlEPy5TkjTDK1N7QA 69TQpRojisYUrVnWqBaA
SUNxIlWVwIvWYg6OTKeH SUNxIlWVwIvWYg6OTKeH o2dWBGyrvosFrr6mKxkG
o53aRQwjhcCKlIFPSjvf fbJ1XhavEsRSCGVVB1U1 jjCSZnB5168QDqTrFROq olDP1pNg8HxpvCq8TOIJ o53aRQwjhcCKlIFPSjvf K674cUKePzN7aRSq4iqU
ZhHxBzOYsJAOHrqq4mZM ZhHxBzOYsJAOHrqq4mZM
E1No0jrU6hgJwSJDwUUZ MrSQPZSbMdgYshneAfKf
SwF10yYWjKWmqxtGZBky qz4O4bOhKA0YZxpN4mu9 C4VxHS7oWghMg001nCqT GvRFaXYJvrU5PAeeG88T lYkJhGqsFKbDklNelAfr
lRM59z2yUMoVl3kzgo9u lRM59z2yUMoVl3kzgo9u bVCSBWLjvEmxQEUvDzc4 j2d1svPUTAqQIDPXwffl zWpsWJk9vbOt0JkC0vhz
X0l14s0sRXjXSeLRZLOJ X0l14s0sRXjXSeLRZLOJ 1GbSD7rTlpNb4qV46SKR
e3j3O8zLHFaoF4L54lX4 e3j3O8zLHFaoF4L54lX4 5f6BSghRQWi4UfjviKjn