xse weo ego kfu rsg ymw jfh nwn ojx hks vzr xeh kpp vtd fjy eah shb kgl ego cen gbd ask zdb qnj xnr bow nvz nii rjv hmi eah fbk hks hir tlh ksg qdz bda aaj clj ymw jfh nwn ceo hjv qdz nry hyo zkt qkp naa bod uwo miy kgl krr ptu byu ygr hat tdu ljd gex naa bod uau ptu qkp xmg qkp naa agh gzr vzr svk bda kgl miy aft vsl xse
49
ego ego
kfu kfu
rsg rsg
ymw nsw
jfh hcr jfh ils
nwn uuw
hks wiy emz
vzr vzr nhi jgt
xeh xeh aeg
kpp kpp
vtd vtd
fjy fjy vmv
cen cen
gbd ckx
zdb zdb
xnr xme vwg ikb khu nwc
bow lvm fia
nvz nvz
nii ukv nii
rjv idv rjv
hmi hmi
fbk fbk nko
tlh tlh
ksg ksg qbf
qdz vvn
bda bda
aaj rtc nfr aii fhv txq hpx bdh nmf pvs wbg lwk ocp fzi lrj
ceo xjt
hjv vmt
nry nry cun
hyo ruo
zkt zkt
qkp yug
bod bod ogh
uwo tko uwo qjf
miy miy
krr krr
ptu ptu ttw
byu byu qxs
tdu tdu
ljd tso cma ljd
gex gex pjf wyg
uau uau
xmg qdw
agh bnl
gzr fyc
svk svk mti
aft dgl adx mok fgp kxn fin
vsl ybr loj uok phg jam zud