azv yiy ipq eqx kxx hln kxx faq ykc ufa uua cvb zuz rov cvb rcw aur ubo hwc hsi dqy taj hob wcd hlc zdd cvb rcw zdd sau cib uon hsi ctf gcw yvc azv rti azv ijd brw yvc pvt wpu ipq gcr cim gei taj jvc rgm ovx ijd jwx gcw eqx vfq ncc hip wpu azv
37
azv azv xie hyb oqv
yiy yiy
ipq ipq
kxx mis
hln yfq
faq boc
ykc mpw
ufa ufa
uua uua
cvb rfl gfr vxn
zuz ivp lmh zuz
rov rov uyd
rcw rcw
aur scm aur
hwc hwc
hsi hsi
dqy dqy
hob pzr
wcd wcd
hlc hlc qzx
sau sau
cib cib
ctf ctf
gcw gcw mtd
yvc yvc
rti rti
ijd ijd
brw brw cwq
gcr eqa
cim cim
gei gei
jvc jvc hcc
ovx ovx
jwx jwx
vfq vfq
ncc ncc
hip hip