zMnoKpsz12d1Y6CixoCL hdXOmxRAbu0HN40emwgb RLriJ3z2V3NV2Vo1oURR dakEfF8eF1B4IYsSGGLe RIRtIJewArUY7i7A6OEl GhNWfyijkz8OKJbptIGO 5jE3DcSbPJWRITx0u2Kf UkKARQyd3ZxfrQwOeW0R WCUwzDEkBlRrgSeSv9vv OcyqfDTyG7wfT1rvpitz e7oVwvEXzQVG9DeK8uQS jS5XJP3bXemMgWyvfsmt 50qWynRev5CSErzk8Yih YqOJXOtRcgzFFRGKRutM FwLnZPETaUkrkp7dE0hH hzqXRQPGO5tnMpQYDdxn IcoYVabhkC8yNYJgy44V B56U06r3nz3RZaXVmiK2 QHym2s92VJ8ycxMeFawz ybqDdUoaPknlNwzZFeto fat0ktgmwPXvqLhmWfJ0 kHWDWFJURX8TBbDnLSlR 1Tm2BSSz9mj8o3m9o0TB M3MAG2lM6nUmTjQ3nD4D oJor9EUgXhaXPDmChml7 hH5yU5IgxmmStVnXEBJ1 JOo21iuZtHvP9sSModQZ g6l3PryZJRSAXJGUyq22 BVbv363irLjfCXrWQjqn TuA4wNSOMjTMUxZ5fZWx dgvhUwh5BJRBJnc00LMu hdXOmxRAbu0HN40emwgb zMnoKpsz12d1Y6CixoCL
27
dakEfF8eF1B4IYsSGGLe 9XhdonQsTDmLQknJ4xeP yE3wNgUIJB0oZwUjLCMo YIAlamFOfZeHd5qDll32
RIRtIJewArUY7i7A6OEl cthtNVKVABeolrPabegT FqxzURcIHYyg2FOpiXCN szEChRtMF49nUq5i634G
GhNWfyijkz8OKJbptIGO EvdCmEq3CXPDtnZYkiVu VxRxz5foWagBafuSz1m4 lcq8BXTLE4WDnj4JF3yo
5jE3DcSbPJWRITx0u2Kf NieXnWTTyXxCRp5CSl0i gM8AHyLc0ZjUxmDMuXzJ 9q9h29089dBsNERnjXsd
UkKARQyd3ZxfrQwOeW0R JKKWZrMfMDLTYQt6t5Ap OMLAPgVr1RosMrpENk9K u91JdIwHTd2zumpXCvmK
WCUwzDEkBlRrgSeSv9vv ofmz95sRAyIS0ShQndvb 5cjkSqVe5mFfFhCgwe8r 15e7umNMnawEegsOhkYh
OcyqfDTyG7wfT1rvpitz G6KTAOxQU8MNiSLazU1t sNJuS4R6b6KAUX5QI4md uqAmYQiu3O0THeAaPzKH
e7oVwvEXzQVG9DeK8uQS ARorC1kPdEun4czh3dmX olgHJpCT79b6HED7FUWa bUGtOHLCdzsNiRxcLtaT
jS5XJP3bXemMgWyvfsmt CcIlGrru613gqyngyuYo Vv2apUMOUSvB9J5u8yJr ZSg6FSZaRCTLmeHoLgMI
50qWynRev5CSErzk8Yih 3fQHkf8pseCy7Ys4Kez5 Vkpfkc0JUDpakJkZipKD QTgsp1BfPDsixeeH6QUT
YqOJXOtRcgzFFRGKRutM HAc1Ylu9mrUmnheKISnK JPD2uBroiElzO4z72vhQ Ryx97mzVLWHytqmLAKlJ
FwLnZPETaUkrkp7dE0hH ZvocIzADG7dBR58wmnu8 9c21VhIQJbtu6kG4NZT4 KBGTLYOWLSviflcWwd9y
hzqXRQPGO5tnMpQYDdxn bclRgmmOqfg3PHQz06qB 8s4ukhLgGBoor0D87KUr XKYNaFpYuIx7Zx7vNANa
IcoYVabhkC8yNYJgy44V U8fsnzMIN4aMdzToihTq dBvruVRsFq4ihmzPj7nf GaG5DAqLVuTD09GfUl6l
B56U06r3nz3RZaXVmiK2 Y0dqIYSR4P9Br1Cq3f9U MyPRIiIVlLarPoP5nZfy xBNbU9Yu51mQvClxjQdr
QHym2s92VJ8ycxMeFawz QFT8yfDPa0xDNdRMchX3 KP4zLIZ5LMWJ6mkRn6BX pkPHvGrHHriGlmiL3mRW
ybqDdUoaPknlNwzZFeto WELPo1XEQnG4JejlB13A z6gtkXCB2ntSiYsjrque FHGlzd4VlMUVjTba9Qjm
fat0ktgmwPXvqLhmWfJ0 qSLkk45Evo68Y4JhMUq7 mNuLv0WHsIRpWEdSUREd mUERvxQcAO2XlgBTPRGA
kHWDWFJURX8TBbDnLSlR W8ft2Hcg1VXPVNTpprS3 dUDrtIP8WIldh2FT7uba mTYxpEwVJTp369cmBN7S
1Tm2BSSz9mj8o3m9o0TB 07iKiKtYzy9bLoKUo0ve 5VNO6t8qAcR3d5jJgfi4 ZcpnIKUrL8i4GzxAolZX
M3MAG2lM6nUmTjQ3nD4D z2nBS9pweVYpDmW0fMRS GfpGWz1SaDeisCQVEJrI PrzulPuk0tqiNKmdjp0X
oJor9EUgXhaXPDmChml7 TzlCRBgA0Q2cCjETm7Vx FDT7h4JKMRWa9fcDNmXs C3qGKxHtliSTI7oOnHoB
hH5yU5IgxmmStVnXEBJ1 3mTCmcCkVhhFn533BM03 oougNPfNRCSRCWJrOUlb Y2BEa9hp0T63SlTWXenG
JOo21iuZtHvP9sSModQZ T7hLF9jTtc4htoAH0PWD oDA5VKbLZuTPP2ZEB14d QmCq2RCVgnssPOgSwAr8
g6l3PryZJRSAXJGUyq22 RvFA5khunRjN3Z7dmUKr Armxs904ujfdAYn9LtOF 2DqN6NYyebkVczAnrbNI
BVbv363irLjfCXrWQjqn 34ScKN0pHkNmnxdkoIOC nfdt04yvrwrpPVPzIy2c MDHuBmBbeFOGqzpuNmVz
TuA4wNSOMjTMUxZ5fZWx JzMVZjOikutQZg00S8wX WdpiLe9uZpnuS9WMphYw jdgXkfbupFQ0XUNJEyvU