Potrero Woffard Boulevard Clayton 18th Banning Woffard Hume Richvale Ida Richvale Carmel Ames Richvale Fremont Laguna Ames Santa Merced 18th Smoke Balsdon Fiorini Oceanside Chinese All Warner Linden Yurok Meyers Calaveras Potrero
25
Potrero Potrero
Woffard Woffard
Boulevard Boulevard
Clayton Clayton
18th 18th
Banning Banning
Hume Hume
Richvale Richvale
Ida Ida
Carmel Carmel
Ames Ames
Fremont Fremont
Laguna Laguna
Santa Santa
Merced Merced
Smoke Smoke
Balsdon Balsdon
Fiorini Fiorini
Oceanside Oceanside
Chinese Chinese
All All
Warner Warner
Linden Linden
Meyers Meyers
Calaveras Calaveras