Vernon Midtown Manker Fullerton Donner Terra Collins Flinn Vallecito Balboa Church All Parchester Warner Ritter Stockdale Smith Carmel Bradley Glencoe Aptos Downtown South Bakersfield Crestmont Chowchilla Bonny Jamul Richvale Madera Smoke Bell Stanton Three Bodad Le Del Sunny Jane Alamo Brundage Capuchino Brundage Temecula Antelope Grasslands Portola Costa King Hoffman Marshall Cambridge Durham Timbuctoo Chittenden Dulzura Louis Cypress Lake Louis Ramona Beach Civic Escalon Crestmont Forbestown Sherman Kaiser Stanislaus Delta Strawberry Robertsville Cressey Anaheim Saint Bangor Armstrong Warner Huron Mecca Inaja Industrial Warner Industry Fiorini Coulterville Buena Quail Buena Tijuana Sacramento Calaveras Pleasant Portola Rowland Hammer Rough Ritter Escondido City Collins Cerro Anaheim Presidio Visalia Coddingtown Aptos Bangor Blue Winterhaven Wallace Moores Fox Carmel Veterans Roseland Presidio Helm Clayton California Lost Pacheco Willow Woody Santa Davenport Downtown Potrero Castle Huron Cudahy Yurok Yucca Yankee Garcia Sulpizio Timbuctoo Cabbage Stanton Vernon
100
Manker Manker
Fullerton Fullerton
Donner Donner
Terra Terra
Collins Collins
Flinn Flinn
Balboa Balboa
All All
Parchester Parchester
Warner Warner
Ritter Ritter
Stockdale Stockdale
Smith Smith
Carmel Carmel
Bradley Bradley
Glencoe Glencoe
Downtown Downtown
South South
Bakersfield Bakersfield
Crestmont Crestmont
Bonny Bonny
Richvale Richvale
Smoke Smoke
Bell Bell
Three Three
Bodad Bodad
Le Le
Del Del
Sunny Sunny
Alamo Alamo
Brundage Brundage
Capuchino Capuchino
Temecula Temecula
Antelope Antelope
Grasslands Grasslands
Portola Portola
Costa Costa
Hoffman Hoffman
Marshall Marshall
Cambridge Cambridge
Timbuctoo Timbuctoo
Chittenden Chittenden
Dulzura Dulzura
Louis Louis
Cypress Cypress
Lake Lake
Ramona Ramona
Beach Beach
Civic Civic
Escalon Escalon
Forbestown Forbestown
Sherman Sherman
Kaiser Kaiser
Delta Delta
Strawberry Strawberry
Robertsville Robertsville
Cressey Cressey
Anaheim Anaheim
Saint Saint
Bangor Bangor
Armstrong Armstrong
Huron Huron
Mecca Mecca
Industrial Industrial
Industry Industry
Fiorini Fiorini
Buena Buena
Quail Quail
Tijuana Tijuana
Sacramento Sacramento
Calaveras Calaveras
Pleasant Pleasant
Rowland Rowland
Hammer Hammer
Rough Rough
Escondido Escondido
Cerro Cerro
Presidio Presidio
Coddingtown Coddingtown
Blue Blue
Winterhaven Winterhaven
Wallace Wallace
Moores Moores
Fox Fox
Veterans Veterans
Roseland Roseland
Helm Helm
Clayton Clayton
California California
Pacheco Pacheco
Woody Woody
Santa Santa
Davenport Davenport
Potrero Potrero
Cudahy Cudahy
Yurok Yurok
Yankee Yankee
Garcia Garcia
Sulpizio Sulpizio
Cabbage Cabbage