Encanto All Bonita Cherokee Kern Richvale Jane Smoke Costa Los Bonita Cypress Forest Willow Yurok Ames Smoke Homestead South City Granite Shafter Ramona Vista Home Warner Sherman Clark Banning Carnelian Presidio Cabbage Pumpkin Garden Woodbridge Welden Green Laguna Kentfield Ida McAuley Glencoe Elmira Lost Moccasin All Chinese Alpaugh All Foothills Mount Shafter Santa Green Vernon Woodbridge Armstrong Woffard Quail Riverside Beach Rossmoor Delta Clayton Two Encanto
50
Encanto Encanto
All All
Bonita Bonita
Cherokee Cherokee
Kern Kern
Richvale Richvale
Jane Jane
Smoke Smoke
Costa Costa
Los Los
Cypress Cypress
Forest Forest
Willow Willow
Yurok Yurok
Ames Ames
Homestead Homestead
City City
Granite Granite
Shafter Shafter
Ramona Ramona
Vista Vista
Warner Warner
Sherman Sherman
Banning Banning
Presidio Presidio
Cabbage Cabbage
Pumpkin Pumpkin
Garden Garden
Woodbridge Woodbridge
Welden Welden
Green Green
Laguna Laguna
Kentfield Kentfield
McAuley McAuley
Glencoe Glencoe
Elmira Elmira
Moccasin Moccasin
Chinese Chinese
Alpaugh Alpaugh
Foothills Foothills
Mount Mount
Santa Santa
Vernon Vernon
Woffard Woffard
Quail Quail
Riverside Riverside
Beach Beach
Delta Delta
Clayton Clayton
Two Two