1 5 6 163 158 91 22 11 102 147 142 131 142 115 110 35 46 187 182 59 70 75 54 27 86 123 174 195 196 200 1
29
1 2
5 4 5
6 7
163 162 164 165 167
158 154 156 157 159
91 90 92 93 95
22 18 20 21 23
11 10 12 13 15
102 98 100 101 103
147 146 148 149 151
142 138 140 141 143
131 130 132 133 135
115 114 116 117 119
110 106 108 109 111
35 34 36 37 39
46 42 44 45 47
187 186 188 189 191
182 178 180 181 183
59 58 60 61 63
70 66 68 69 71
75 74 76 77 79
54 50 52 53 55
27 26 28 29 31
86 82 84 85 87
123 122 124 125 127
174 170 172 173 175
195 194
196 196 197
200 199