Soda Doe Soda BerkeleyWayWest Campanile HesseHall Campanile BerkeleyWayWest BotanicalGardens HearstMining Dwinelle HavilandHall Foothill LeConte Etcheverry Unit2 BancroftLibrary Blackwell Unit1 SouthHall Moffit DavisHall Wheeler BerkeleyWayWest Campanile Evans Kresge LawrenceHall MemorialStadium LawrenceHall Doe Soda LeConte Etcheverry GiauqueHall Campbell Cory Gilman HilgardHall CaliforniaHall Barrows CaliforniaHall HilgardHall Boalt Wheeler BerkeleyWayWest Soda
22
Doe Doe Bowles
BerkeleyWayWest BerkeleyWayWest
Campanile Campanile
HesseHall Stern
HearstMining HearstMining
Dwinelle Dwinelle
Foothill Foothill
LeConte LeConte
Unit2 Unit2
BancroftLibrary BancroftLibrary
Blackwell DurantHall
Unit1 Unit1
SouthHall SouthHall
Moffit Moffit
Wheeler Wheeler
Evans Evans BAMPFA
LawrenceHall GreekTheatre LawrenceHall
MemorialStadium InternationalHouse
Campbell Campbell
Gilman Gilman
CaliforniaHall CaliforniaHall
Barrows Unit3