Evans WursterHall Plentea StrawberryCreek GreekTheatre SatherGate SproulHall Pappys Unit2 Stern Unit2 Pappys Milkbomb MemorialGlade Milkbomb Unit3 Campbell DurantHall Firewings RSF Firewings RSF Chipotle ThaiNoodle Marugame Campanile Cornerstone ZellerbachHall Bowles Unit3 Spats Unit3 Bowles HilgardHall AshaTeaHouse ImmThai AlumniHouse BerkeleyWayWest Yifang Raretea Yifang BerkeleyWayWest AlumniHouse ImmThai AshaTeaHouse ImmThai Blackwell Underhill Foothill HAAS BAMPFA Barrows HortonHall Barrows KroeberHall Bowles ZellerbachHall Cornerstone BancroftLibrary LawrenceHall HappyLemon Moffit WursterHall Evans
34
Evans Cory
Plentea Doe SutardjaDai Soda
GreekTheatre GreekTheatre CanyonPool
SatherGate GiauqueHall
Unit2 Unit2
Stern Stern
Milkbomb SouthHall HesseHall
MemorialGlade Kresge
Unit3 Unit3
Campbell Campbell Eshelman
DurantHall DurantHall
Firewings CaliforniaHall InternationalHouse
RSF RSF
ThaiNoodle HildebrandHall ThaiNoodle MLK Dwinelle
Marugame BotanicalGardens DavisHall Gilman
Campanile Campanile
ZellerbachHall ZellerbachHall
Bowles Bowles
Spats Boalt
HilgardHall HilgardHall
AlumniHouse AlumniHouse
BerkeleyWayWest BerkeleyWayWest
Yifang UniversityVillage
Raretea Wheeler
Blackwell Blackwell
Foothill Foothill
HAAS HAAS Unit1
BAMPFA BAMPFA
Barrows Barrows
HortonHall MemorialStadium
KroeberHall Etcheverry
BancroftLibrary VLSB HearstMining BancroftLibrary HavilandHall
LawrenceHall LawrenceHall
Moffit LeConte Moffit