Ippudo Platano Gypsys EastAsianLibrary Campbell Eureka Ikes Gongcha MSRI NoodleGirl Unit3 LaBurrita HearstGym CaliforniaHall Gadani HalalGuys LittleBird FoxTheater GrizzlyPeak AndrewsApartment Flavia UCafe TheHabit Homeroom Underhill SteamTrains Underhill Homeroom TheHabit FireTrails BrandyMelville ThaiBasil Milkbomb Ikea Eureka Ikes SweetheartCafe PeoplesCafe PurpleKow Flavia SmokesPoutinerie Bowles HearstAnnex LawrenceHall BagOCrab BobbyGPizza ImmThai TToust ImmThai BobbyGPizza Marugame BobbyGPizza SouthHall Crossroads TToust BobaNinja TToust UniversityVillage UCafe Flavia HearstGym Boalt SproulHall BerkeleyBart Barrows AshaTeaHouse LeConte Campanile TPTea HildebrandHall Soda HildebrandHall NatApartment BetaLounge Ikes Fengcha HavilandHall Fengcha UniversityVillage TToust BobaNinja TennisCourts BerkeleyHigh Toss LaNote Toss BerkeleyHigh Stern HortonHall Cinnaholic Tilden Gather Spats WursterHall HearstGym Flavia UCafe UniversityVillage TToust UniversityVillage TToust BobaNinja TToust EndlessSweets Kips HesseHall ThaiBasil BrandyMelville FireTrails BrandyMelville ThaiBasil Milkbomb Ikea GiauqueHall Dwinelle UniversityVillage TToust BobaNinja TennisCourts BancroftLibrary TennisCourts StrawberryCreek TennisCourts TPTea HildebrandHall Soda Platano Ippudo
55
Platano Platano
Gypsys Gypsys
EastAsianLibrary LittleCampanile EastAsianLibrary
Campbell Yifang TukTukThai Venus SaturnCafe BerkeleyArtStudio Chipotle MemorialGlade Mezzo Quicklys BSC NorthHall
Eureka Eureka
Ikes Ikes
Gongcha Gongcha
NoodleGirl Wikiwiki Teazone
LaBurrita TraderJoes Target SatherGate OptometryBuilding LaBurrita GreatChina
Gadani Gadani
HalalGuys HalalGuys
GrizzlyPeak GrizzlyPeak
AndrewsApartment Wheeler AndrewsApartment UrbanOutfitters
UCafe UCafe
TheHabit TheHabit
Homeroom Homeroom
Underhill Underhill
SteamTrains JambaJuice KroeberHall
FireTrails MulfordHall
ThaiBasil ThaiBasil
Milkbomb Milkbomb
SweetheartCafe SweetheartCafe
PeoplesCafe PeoplesCafe
SmokesPoutinerie TheDwight SmokesPoutinerie LewisHall
Bowles Namaste
HearstAnnex McDonalds Pappys SuperDuperBurgers Morrisonhall
BobbyGPizza Raretea
ImmThai ImmThai
Marugame Marugame
SouthHall Ucha
Crossroads BanshoRamen Crossroads
BobaNinja BobaNinja
SproulHall SproulHall
BerkeleyBart BigC TenderGreens HappyLemon
Barrows Safeway
AshaTeaHouse AshaTeaHouse
LeConte Artichokes AmoebaMusic Cafe3 ThaiNoodle SnackShack
Campanile ChezPanisse Cornerstone
TPTea TPTea
NatApartment Rachas
BetaLounge BetaLounge
Fengcha Fengcha
HavilandHall Bonchon
LaNote LaNote TacoBell ExtremePizza
Stern PokeBar ClarkKerr Plentea
HortonHall LowerSproul Shengkee HortonHall
Cinnaholic TripleRock Slivers
Tilden LatimerHall
Gather Gather
Spats Spats
WursterHall WursterHall
Kips Muraccis Kips
HesseHall EastBaySpiceCompany
BancroftLibrary Cheeseboard
StrawberryCreek Jupiter StrawberryCreek TopDog Morganhall Firewings