Horse0 Ring45 Settings5 Towel37 Dislike70 Monster39 Leash27 Allergies54 Leash27 Monster39 Rollers48 Crab78 Website29 Prints23 Ice30 Cat13 Soda67 Plus62 Dislike51 Allergies4 Ice30 Ice10 Water66 BBQ86 Toilet20 Leash68 Kitty14 Leash27 Monster39 Rollers48 Leash89 Rollers48 Book41 Whale22 Plus62 Dislike21 Rollers34 Settings5 Mail88 Printer53 Horse0 Floppy64 Urine73 Post61 Comics49 Whale22 Bird82 Ice10 Water66 Leash68 System90 Post61 Soda57 Towel28 Monster47 Running77 Settings94 Breakfast19 Floppy64 Horse0
34
Horse0 Horse0 Breakfast74
Ring45 Whale59 Ring45
Settings5 Settings5 Shower11
Towel37 Towel37
Monster39 Monster39
Allergies54 Monster71
Rollers48 Rollers48
Prints23 Prints23
Ice30 Ice30
Cat13 Water52 Cat13
Plus62 Plus62
Dislike51 Dislike51
Allergies4 Allergies4
Ice10 Ice10 Floppy63
Water66 Water66 Bird93
BBQ86 BBQ86
Toilet20 Toilet20
Leash68 Male84 Leash68
Kitty14 Kitty14
Leash89 Websites81 Ice38
Book41 Book41
Whale22 Shelf25 Whale22
Dislike21 Shower15
Rollers34 Websites17 Rollers34
Mail88 Mail88 Robot9
Printer53 Printer53
Post61 Post61
Comics49 Comics49
Bird82 Bird82
Soda57 Soda57
Towel28 Horse55
Monster47 Towel35 Solar58 Allergies3 Flowers98
Running77 Towel16 Ring97 Running77
Breakfast19 Breakfast19