Shelf0 Toolbox146 Light30 Comics113 Toolbox72 Solar159 Dog128 Laptop19 Dislike12 Water21 Rollers63 BBQ167 BBQ36 Websites94 Solar71 Ring60 Urine20 Kitty37 Kitty89 Crab81 Allergies106 Monster175 Toolbox72 Comics113 Light30 Fusion179 Toolbox153 Shelf0 Ring82 Soap3 Toolbox147 Poop76 Mail6 Leash45 Solar160 Allergies106 Toolbox144 Clock2 Allergies106 Robot51 Rollers173 Shoe174 Elevator115 Elevator120 Drugs195 Cat70 Leash46 Cat70 Rollers42 Puppy155 Clock139 Websites4 Shelf0 Dog168 Comics113 Toolbox72 Nuclear18 Dog128 Laptop19 Solar71 Cone185 Plus78 Bird11 Boat141 Dog101 Crab83 YouTube33 Soda119 Running66 Dislike143 Allergies176 Body180 Kitty194 Soda197 Dislike27 Sink109 Post158 Clock61 Allergies106 Ice50 Allergies7 Robot51 Water135 Boat141 Nuclear18 Solar130 Nuclear18 Soda119 YouTube33 Puppy155 Clock139 Websites4 Shelf0 Toolbox153 Ice52 Toolbox147 Ice52 Toolbox153 Shelf0
53
Shelf0 Shelf0 Whale137 Allergies103
Toolbox146 Toolbox146
Light30 Light30
Comics113 Book171
Toolbox72 Toolbox72
Dog128 Ice9 Solar162 Website190
Laptop19 Laptop19 Shelf40 Ice41
Dislike12 Dog181 Shoes8 Soap58 Dislike12
Rollers63 Breakfast85
BBQ167 Hnads182
BBQ36 Nuclear35 BBQ36 Rollers14
Websites94 Poop80 Fusion34
Solar71 Fusion104 Solar71
Ring60 Plants118
Urine20 Urine20
Kitty89 Kitty89
Allergies106 Settings75
Monster175 Monster175
Fusion179 Monster73 Toilet13
Toolbox153 Toolbox153 Mail22 Ring169 Puppy140
Ring82 Ring82
Toolbox147 Urine124 Whale114 Robot164 Male149 Comics107 Towel92
Poop76 Poop76
Mail6 Mail6 Body55
Leash45 Horse148
Toolbox144 System183
Clock2 Clock2 Puppy117 Water38 Ice165
Robot51 Robot51
Rollers173 Boat67
Shoe174 Shoe174
Drugs195 Drugs195 Hnads116 Drugs39
Leash46 Cat15
Clock139 Allergies88 Clock139
Websites4 Websites4
Dog168 Dog168 Android196
Nuclear18 Nuclear18 System156
Plus78 Plus78
Boat141 Leash77 Poop150 Robot93
Crab83 Soap64 Crab83
Soda119 Solar192 Soda119
Running66 System79
Dislike143 Towel154 Dislike143
Allergies176 Allergies176
Body180 Shoe17
Kitty194 Kitty194
Soda197 Soda197
Dislike27 Flowers178 Book24 Dislike27
Sink109 Shower57 Sink109 Shower47
Post158 Whale126 Post158
Clock61 Clock61 Cat187 Printer188
Ice50 Urine97
Water135 Water29 Kitty98 Water135 Laptop125 Rollers95
Solar130 Solar130