Shower0 Robot49 Rollers40 Android27 Puppy28 Boat48 Nuclear43 Ring33 Soap14 Website21 Prints46 Ice30 Light1 Cat44 Toilet45 Mail41 Prints25 BBQ38 Plants3 Ice30 YouTube4 Websites24 Towel2 BBQ36 Fence29 Robot49 Shower0
18
Robot49 Robot49
Rollers40 Elevator35 Sink37 Laptop22 Allergies7
Android27 Monster32 Android27
Boat48 Cone13
Nuclear43 Crab16 Nuclear43
Ring33 Ring33
Website21 Soda18
Ice30 Ice30
Light1 Light1
Cat44 Cat44
Toilet45 Ice42 Toilet45
Mail41 Mail41
Prints25 Toilet26 Prints25
BBQ38 BBQ38
Plants3 Plants3
YouTube4 YouTube4
Websites24 Puppy19
BBQ36 BBQ36