S F K 2 X 3 L 13 18 22 50 51 72 73 74 Z3 52 B3 53 49 V2 P2 K2 F2 E2 D2 C2 B2 I 1 V N U D C B S F K 2 X 3 L 13 18 22 50 131 F3 P3 58 U3 59 60 66 80 81 82 81 80 79 V3 N3 U3 130 73 72 W2 20 15 Y 5 Z 6 M 4 C B S A E J O W G 7 12 17 Q Q3 127 E3 J3 O3 77 G3 91 H3 84 76 77 G3 91 76 70 K3 64 K3 70 71 78 M3 58 129 72 W2 20 15 Y 5 Z 6 M 4 C B S
54
F F
K K
2 T
X X
3 H
L L
73 R X2
74 Q2 Y2
Z3 R2 Z2 Z3
B3 U2 A3 B3
53 A2
V2 V2
P2 O2 P2
K2 K2
F2 F2
E2 E2 J2
D2 D2 I2 N2 T2
C2 C2 H2 M2
B2 B2 G2 L2
I I
V V
N N
U U
D D
C C
B B P
F3 F3
P3 P3
U3 U3
80 W3 R3 C3
81 I3 T3 X3 D3
82 Y3
V3 V3
N3 N3
W2 W2
Y Y
Z Z
M M
A A
E E
J J
O O
W W
G G
Q Q
Q3 Q3
E3 E3
J3 J3
O3 O3
G3 G3
91 L3
H3 H3
K3 K3
M3 M3