0 142 69 188 189 190 191 192 193 192 191 190 189 188 69 161 120 65 2 69 188 189 190 191 192 193 194 195 196 197 198 197 196 195 194 193 192 191 190 189 188 69 122 161 162 163 164 165 166 167 168 169 170 171 172 173 174 175 176 177 178 179 180 179 178 177 176 175 174 173 172 171 170 169 168 167 166 165 164 163 162 161 56 72 24 33 50 4 17 36 65 68 28 161 162 163 164 165 166 165 164 163 162 161 118 67 161 162 163 164 165 166 167 168 169 170 171 172 173 174 175 176 177 178 179 180 181 182 181 180 179 178 177 176 175 174 173 172 171 170 169 168 167 166 165 164 163 162 161 0
50
0 66 135 43 13 77 143 80 146 51 54 22 157 121 124 61
142 3 102 73 142
69 69 107 19 94
188 188
189 189
190 190
191 191
192 192
193 193
120 159 83 133 120 153 62 95
65 65 101
2 2 7 145 151
194 194
195 195
196 196
197 197
198 198 199
122 34 122
162 162
163 163
164 164
165 165
166 166
167 167
168 168
169 169
170 170
171 171
172 172
173 173
174 174
175 175
176 176
177 177
178 178
179 179
180 180
56 56
72 72
24 24 44
50 53
4 35 31 86 47
17 155 12
36 140 59 36
68 68
28 28
118 160 148 5 118 60
67 112 129 67
181 181
182 182 183 184 185 186 187