hdpxs pwydx rchbw frhgc sfizh ahnds xnpwq rjuxc ehqyk pytwh ehqyk tjake tuhfw nzack iyuas comrg cgjda gdovn kscoz pihld mhekz bfauz qhvsb vobqh jitgc zgenl egclu xnpwq laqzs pgqva armnk mkndy hulpb ayrgb tmwdy ktzce lrqft bigwn dpuzr lgcuf ymcfp ebwcp xeylf cgjda qzasm bigwn ymcfp cqsby xnpwq laqzs olqfv kjihy kscoz tndwl qtdze gdovn rmahk rjdai zadjy jcqfl sdqie qsmkj dncuw hdpxs
44
pwydx osxbc
rchbw amfiz rchbw
frhgc bsvth htkwy frhgc
ahnds ahnds
xnpwq xnpwq
rjuxc rjuxc
ehqyk zcjqx ehqyk yqfdk
pytwh gstwp pytwh
tjake mhuad tjake
tuhfw btwzv
nzack lnjxt
iyuas iyuas dkjro ohzfn
comrg sxdiu vgwoi hwmzn
cgjda lmwpk
gdovn gdovn wcjeg
kscoz joztf jcwpu kscoz cxajk evtgj
pihld aedvq kzwah mujil xcvow pihld
mhekz syoxv mhekz gufvs
bfauz qpbmc wkbuf
qhvsb drojn qhvsb xlrzc
vobqh vobqh
zgenl wotiq bwknx
pgqva pgqva qbdwz yvbse maqho evsbm lpudv gdnim wajol
armnk tkwle armnk
mkndy stflc syoxf
hulpb cxdes osvgp oewcd
ayrgb ayrgb oxuqn fjdqi ypdnb rzvtg
tmwdy rlumh tmwdy mlibf nqtru
ktzce uiogl ktzce
lrqft qckjp wdquv
lgcuf yazqf
ymcfp ymcfp jhlus
ebwcp bdevm ebwcp
xeylf zqjxb uklga
qzasm dbjxw yqtob
cqsby cqsby
olqfv bkfuc
kjihy kjihy
tndwl tndwl zntkr
qtdze utdhx
rmahk mtcsd oaeyh
rjdai qhibx rjdai
qsmkj vcwfj qsmkj
dncuw wnelr oxitr cihba