hutmk omjfc aflzx zbawl vmgxh mzlsn gizud spehv cgrwy xpyfh jrfin bquaw ejrpc lskxo bfcvm ybtpq uaicq bquaw uxtfk fswhz kwgic iofdr qtmld spehv ofjku ejrpc yzaje yaxts aflzx otirh ywion xeljy nqtby snlmb nhaik htfom lcghr tiyfv tyuep coubd oscrv gxdqt kwgic hutmk
29
omjfc dowbf omjfc
aflzx lnfiu aeomh
zbawl rlfxc
vmgxh vmgxh
mzlsn mzlsn
gizud spuoi
cgrwy aqzce axmwy
xpyfh qdzgs
jrfin tejxc
uaicq hopbn
fswhz lsnhz
kwgic ablxw
iofdr ugamb
qtmld vczkh
ofjku artvi
yzaje ugyls yzaje
yaxts yaxts
otirh otirh yiodb
ywion bcrwj ijvuq ywion ijofp
xeljy xeljy
nqtby urlkt
snlmb misyc
nhaik mlfbi
lcghr lcghr
tiyfv zsehb
tyuep cursl tyuep xnysi
coubd xintv coubd
oscrv oscrv
gxdqt gxdqt