Aberdeen SanAntonio Redding SaltLakeCity Norwalk SaltLakeCity Lowell Hampton Newburgh ChulaVista Newburgh Kennewick WestValleyCity Frederick Modesto McAllen GreenBay Columbia Murrieta Riverside Hartford Riverside Scranton Gainesville Lewisville StPetersburg Henderson WestValleyCity Kennewick Olathe Palmdale Austin Winston Tuscaloosa Hampton Pensacola Hampton Reno Aberdeen
23
SanAntonio SanAntonio
SaltLakeCity SaltLakeCity Chattanooga
Norwalk Miramar
Lowell Lowell
Hampton Hampton
Newburgh Newburgh
ChulaVista Racine
Kennewick Montgomery
WestValleyCity WestValleyCity
Frederick SouthLyon
Modesto Modesto
McAllen Marina
GreenBay GreenBay
Hartford SanBernardino
Gainesville Gainesville
Lewisville Lewisville
StPetersburg StPetersburg
Henderson Henderson
Austin Austin
Winston Winston
Tuscaloosa Tuscaloosa
Pensacola Pensacola
Reno Springdale Reno