Hayward Shreveport Seaside CapeCoral Howell Roseville Fullerton Duluth Fullerton Youngstown OverlandPark Anchorage Boulder Anchorage Mesquite Escondido Monroe Roseville Fullerton Duluth SaintPaul ElPaso SanAntonio Minneapolis PalmBay Cambridge ThousandOaks Huntsville Kissimmee Victorville Paterson Fullerton Poughkeepsie Elkhart Brighton Torrance Fresno Orem Anchorage OverlandPark Youngstown SouthBend Detroit Merced ElMonte McAllen NewBedford Orem Shreveport Seaside Worcester SantaBarbara NewYorkCity Henderson Topeka Downey Burlington Norwalk Huntsville ThousandOaks Cambridge PalmBay CorpusChristi StPaul Savannah Lacey PortArthur Marina Fargo CostaMesa VeroBeach Stamford Marysville Layton SanBuenaventura Anaheim Columbus Visalia Carrollton Anchorage OverlandPark VeroBeach PembrokePines SanBernardino Pueblo Lubbock Melbourne Torrance RichmondCounty PortArthur Reno Ogden Reno York Champaign SterlingHeights Springfield SterlingHeights Lafayette SterlingHeights Boston Vancouver Wilmington CapeCoral Seaside Worcester Anaheim SanBuenaventura Oxnard SanBuenaventura Hemet Fairfield Scranton Sarasota Scranton Arvada Youngstown OverlandPark Trenton OverlandPark Anchorage Mesquite Escondido Sacramento Escondido Independence Escondido Columbia Escondido Monroe NewYork Tucson Deltona Boston SterlingHeights Fitchburg Waterbury Newburgh Carrollton Visalia Cambridge PortStLucie Cambridge PalmBay VeroBeach Stamford Marysville Boise Eugene Roseville Fullerton Youngstown Laredo Gastonia Hampton Gastonia Laredo Roseville Hialeah Roseville Laredo Gastonia Milwaukee Lubbock Bryan Aberdeen SantaClara Columbus Visalia Anchorage Utica Anchorage OverlandPark VeroBeach KansasCity SantaClarita Tucson NewYork Bryan HavredeGrace York Downey Burlington Worcester Modesto Hartford Shreveport Hayward
80
CapeCoral CapeCoral Bloomington
Fullerton Fullerton Flint
Duluth Duluth
Youngstown Hagerstown Barnstable
OverlandPark Greenville OverlandPark
Anchorage Anchorage
Boulder LakeCharles
Mesquite Mesquite
Monroe Monroe
SaintPaul SaintPaul GrandRapids
ElPaso ElPaso
SanAntonio JohnsonCity
PalmBay PalmBay
ThousandOaks Olympia ThousandOaks
Huntsville Huntsville
Kissimmee Kissimmee
Victorville Omaha Scottsdale
Elkhart Elkhart
Torrance Torrance
Fresno Fresno
Orem Bethlehem
SouthBend Bakersfield
Detroit Detroit
McAllen McAllen
NewBedford NewBedford
NewYorkCity NewYorkCity
Henderson Henderson
Topeka Topeka
Downey Downey
Burlington Burlington
CorpusChristi CorpusChristi
StPaul CathedralCity
Savannah Savannah
Lacey Lacey
Marina Marina Frederick
Stamford Stamford LasVegas
Marysville Marysville
Layton Layton
SanBuenaventura SanBuenaventura Norwich
Anaheim Anaheim
Columbus Columbus
Carrollton SiouxFalls
Pueblo Pueblo
Lubbock Lubbock
Melbourne Melbourne
RichmondCounty RichmondCounty
Ogden Ogden
York York
Champaign Champaign Charlotte
Springfield Spartanburg
Lafayette GreenBay
Vancouver Vancouver
Oxnard Oxnard
Hemet PuntaGorda Mobile Hemet
Scranton Scranton
Sarasota HuntingtonBeach
Arvada Tyler Nashua Arvada
Trenton Louisville
Sacramento StLouis
Independence Cincinnati RoundLakeBeach
Columbia Harlingen
NewYork Kalamazoo
Tucson Tucson
Deltona Deltona Salem
Waterbury Waterbury
Newburgh Newburgh
PortStLucie Plano
Boise Boise
Eugene Eugene
Laredo Laredo
Hampton Newark
Hialeah Albuquerque Hialeah
Bryan Birmingham
Aberdeen Aberdeen NewportNews
SantaClara SantaClara
Utica Utica
SantaClarita Racine
HavredeGrace HavredeGrace
Modesto Modesto
Hartford Hartford NorthLasVegas