Hayward Asheville Durham Lafayette Modesto Corona Springdale Barnstable Springdale McHenry PalmBay Tucson Washington Irvine NewOrleans SaintLouis Downey Abilene Atlanta Yonkers Murfreesboro Trenton Hickory Winston Hickory Montgomery SantaCruz Fontana Murrieta Winston Tucson Aurora Tucson Bradenton SaintPaul Bradenton Tucson PalmBay McHenry Newark Burbank CedarRapids Asheville Durham Deltona Durham Lafayette PuntaGorda Omaha Milwaukee BelAir McAllen KansasCity Huntsville York NewBedford DalyCity Hayward Asheville Hayward
35
Hayward SantaClara
Asheville Asheville
Durham Bloomington Durham
Modesto RichmondCounty Charlotte Modesto Hampton
Springdale Springdale
Barnstable Barnstable
McHenry McHenry Torrance
PalmBay PalmBay
Tucson Tucson
Washington LakeCharles
NewOrleans Waco
SaintLouis Harlingen
Downey Downey
Abilene GrandRapids
Atlanta Atlanta Danbury
Yonkers Waterloo Yonkers
Hickory Tyler HuntingtonBeach Hickory
Winston Memphis
Montgomery ThousandOaks
SantaCruz SantaCruz
Murrieta Tampa
Aurora Bakersfield Aurora
Bradenton Bradenton
SaintPaul SaintPaul
Newark Newark
Burbank Chicago Burbank
CedarRapids CedarRapids
Deltona Deltona
PuntaGorda PuntaGorda Kennewick NewYorkCity
Omaha Omaha Topeka
BelAir Monroe BelAir
McAllen McAllen
Huntsville Huntsville
York York
NewBedford NewBedford