A D TA8 TA9 TB21 TA51 TA16 TA1 TA13 TA15 TA141 TA20 TA241 TA131 TA161 TA101 TA17 TA231 TA2 TA24 TB1 TA221 F TA31 TA18 TA41 TA11 TA81 A TA19 A TA6 TA211 TA22 B TA171 TA23 TA3 TA191 B TA91 TA151 TA181 TA4 C TA7 TA121 B TA201 TA12 TA14 TA TA10 A TA5 TA111 TA21 TA61 TB11 B TA71 A
50
TA8 TA8
TA9 TA9
TB21 TB21
TA51 TA51
TA16 TA16
TA1 TA1
TA13 TA13
TA15 TA15
TA141 TA141
TA20 TA20
TA241 TA241
TA131 TA131
TA161 TA161
TA101 TA101
TA17 TA17
TA231 TA231
TA2 TA2
TA24 TA24
TB1 TB1
TA221 TA221
TA31 TA31
TA18 TA18
TA41 TA41
TA11 TA11
TA81 TA81
TA19 TA19
TA6 TA6
TA211 TA211
TA22 TA22
TA171 TA171
TA23 TA23
TA3 TA3
TA191 TA191
TA91 TA91
TA151 TA151
TA181 TA181
TA4 TA4
TA7 TA7
TA121 TA121
TA201 TA201
TA12 TA12
TA14 TA14
TA TA
TA10 TA10
TA5 TA5
TA111 TA111
TA21 TA21
TA61 TA61
TB11 TB11
TA71 TA71