A TA192N TA2112NN TA17 TA2N TA72N TA112N TA912NN TA9 TA211 B TA131 TA182N TA12 TA152N TA52N TA81 TA1412NN TA241 TA1512NN B TA112NN B TA7 TA172N TA101 TA512NN TA2 TA161 TA42N TA202N TA1 TA1212NN TA10 TA2412NN TA141 TA181 TA132N E TA4 TA162N TA82N TA111 TA171 TA142N TA191 TA1912NN TA31 TA222N TA312NN TA20 TA12N A TA24 TA71 TA712NN A TA92N C TA102N C TA8 TA41 TA14 TB1 TA23 TA212NN TA51 TA61 TA91 B TA22N A TA3 A TA1812NN TA2012NN B TB11 F TA1012NN TA16 A TA1612NN TA612NN TA22 TA15 TA18 TA231 TA TA201 TA13 B TA412NN TA121 TA242N TA21 TA11 B TA812NN C TA12NN TA32N TA232N TA1312NN TA19 TA1112NN TA2312NN TA62N TB21 TA212N TA151 B TA122N TA5 TA2212NN TA1712NN A TA221 TA6 A
100
TA192N TA192N
TA2112NN TA2112NN
TA17 TA17
TA2N TA2N
TA72N TA72N
TA112N TA112N
TA912NN TA912NN
TA9 TA9
TA211 TA211
TA131 TA131
TA182N TA182N
TA12 TA12
TA152N TA152N
TA52N TA52N
TA81 TA81
TA1412NN TA1412NN
TA241 TA241
TA1512NN TA1512NN
TA112NN TA112NN
TA7 TA7
TA172N TA172N
TA101 TA101
TA512NN TA512NN
TA2 TA2
TA161 TA161
TA42N TA42N
TA202N TA202N
TA1 TA1
TA1212NN TA1212NN
TA10 TA10
TA2412NN TA2412NN
TA141 TA141
TA181 TA181
TA132N TA132N
TA4 TA4
TA162N TA162N
TA82N TA82N
TA111 TA111
TA171 TA171
TA142N TA142N
TA191 TA191
TA1912NN TA1912NN
TA31 TA31
TA222N TA222N
TA312NN TA312NN
TA20 TA20
TA12N TA12N
TA24 TA24
TA71 TA71
TA712NN TA712NN
TA92N TA92N
TA102N TA102N
TA8 TA8
TA41 TA41
TA14 TA14
TB1 TB1
TA23 TA23
TA212NN TA212NN
TA51 TA51
TA61 TA61
TA91 TA91
TA22N TA22N
TA3 TA3
TA1812NN TA1812NN
TA2012NN TA2012NN
TB11 TB11
TA1012NN TA1012NN
TA16 TA16
TA1612NN TA1612NN
TA612NN TA612NN
TA22 TA22
TA15 TA15
TA18 TA18
TA231 TA231
TA TA
TA201 TA201
TA13 TA13
TA412NN TA412NN
TA121 TA121
TA242N TA242N
TA21 TA21
TA11 TA11
TA812NN TA812NN
TA12NN TA12NN
TA32N TA32N
TA232N TA232N
TA1312NN TA1312NN
TA19 TA19
TA1112NN TA1112NN
TA2312NN TA2312NN
TA62N TA62N
TB21 TB21
TA212N TA212N
TA151 TA151
TA122N TA122N
TA5 TA5
TA2212NN TA2212NN
TA1712NN TA1712NN
TA221 TA221
TA6 TA6