1efe0a ca77e1 c845ed 8035d3 8903f8 390b11 9e3235 518f91 1cb432 75b2ff aeb965 e17800 22b74c ccf3af 1aedf0 6d606b 70d79e c845ed 518f91 e758e6 526e97 e758e6 525361 fc6ab6 22f6f5 98b7f9 918288 518f91 1cb432 ab3e86 6d606b 8903f8 9b8a2b 770b7a 9b8a2b a4f7ab 63e726 640320 bd00fb 5b1cb0 ff448b 909532 6d606b db0cb2 e43f08 a7b708 d36b6f 76bb8e 70d79e 390b11 1efe0a
30
c845ed c845ed de59c9 b9fcab
8035d3 8035d3
8903f8 8903f8
390b11 390b11
9e3235 20ec85 bf7494 ab6081 9e3235
518f91 518f91
75b2ff 75b2ff
e17800 a3ccd4 444f08 c0df7c d1ae8e e17800
22b74c 22b74c
ccf3af efb6f6 ccf3af
1aedf0 1aedf0
6d606b 6d606b
e758e6 e758e6
526e97 940b78
525361 ef9cce 1c3716 525361
fc6ab6 fc6ab6 d4f94d
22f6f5 83454a 22f6f5
98b7f9 98b7f9 ae5d4a
ab3e86 363906
770b7a 194181 770b7a
a4f7ab a4f7ab
640320 640320
bd00fb bd00fb 3c1987
5b1cb0 5b1cb0
ff448b e99176 ff448b
909532 6d8fd3 bb4650 909532
e43f08 bf356c
a7b708 444533
d36b6f d36b6f
76bb8e 76bb8e