MfdzFvsdGbvl NlmuUUVQUbgI GKWfMfVZxbJi IHnRSACwPeSd PUcvIgREsriS VyXrTLUcizAa dFUHctNjrywb MOpktZzuQRCH deJmWrylVSGK rVqgoVgUmLRB BxGViQLocTbz DvRTDyBMOCbT pQCFwcmaYfTN GemeldahvdVv pWbJtVdThhym rrRAqFcoDYfk noaMakAlHdwq ymJllvoAiAsf AMizjBPjmCZd EoEdLMroSPNp TbekQRoKcInv RICmsRCgzRsB MkUBuIisCVpZ rVqgoVgUmLRB GuSSYBNHDbKE dDFWxTbuPymh VARFNCcqfgIc SojgLCNtJNvq jBrNTBMPxyQD MOpktZzuQRCH mtRsLIzrlNLu axLiuEEXvnsQ UVLyMXgqTFaJ plKUVNXwKfVb tywOQDwDhjwZ arcJTkwUqbUy AGbRQRBgaOdX MLnLJmQHwuOS IHnRSACwPeSd mFYKjQfCsRtT PvZWLvSzyZfH FCrKCfVsEsBk DFscNnuMhxUC buqjmAINqGzN hLGIbMiwjPgd PnbamVANEguC BkcPMTugAswL PUcvIgREsriS QHpWWcCYavdw uFHfCerNFIme QifLRRQkbeZy SgyAcloZDNJV ZjfLZjjegWJT PQTqeEtJjrHq pkzKsTORVYro hCxjbMrSlUJQ BbyhqvohDUZK MfdzFvsdGbvl
50
NlmuUUVQUbgI NlmuUUVQUbgI
GKWfMfVZxbJi GKWfMfVZxbJi
IHnRSACwPeSd IHnRSACwPeSd
PUcvIgREsriS PUcvIgREsriS
VyXrTLUcizAa VyXrTLUcizAa
dFUHctNjrywb dFUHctNjrywb
MOpktZzuQRCH MOpktZzuQRCH
deJmWrylVSGK deJmWrylVSGK
rVqgoVgUmLRB rVqgoVgUmLRB
DvRTDyBMOCbT DvRTDyBMOCbT
pQCFwcmaYfTN pQCFwcmaYfTN
GemeldahvdVv GemeldahvdVv
rrRAqFcoDYfk rrRAqFcoDYfk
noaMakAlHdwq noaMakAlHdwq
ymJllvoAiAsf ymJllvoAiAsf
AMizjBPjmCZd AMizjBPjmCZd
EoEdLMroSPNp EoEdLMroSPNp
TbekQRoKcInv TbekQRoKcInv
RICmsRCgzRsB RICmsRCgzRsB
MkUBuIisCVpZ MkUBuIisCVpZ
GuSSYBNHDbKE GuSSYBNHDbKE
dDFWxTbuPymh dDFWxTbuPymh
VARFNCcqfgIc VARFNCcqfgIc
SojgLCNtJNvq SojgLCNtJNvq
jBrNTBMPxyQD jBrNTBMPxyQD
mtRsLIzrlNLu mtRsLIzrlNLu
axLiuEEXvnsQ axLiuEEXvnsQ
UVLyMXgqTFaJ UVLyMXgqTFaJ
plKUVNXwKfVb plKUVNXwKfVb
tywOQDwDhjwZ tywOQDwDhjwZ
arcJTkwUqbUy arcJTkwUqbUy
AGbRQRBgaOdX AGbRQRBgaOdX
MLnLJmQHwuOS MLnLJmQHwuOS
mFYKjQfCsRtT mFYKjQfCsRtT
PvZWLvSzyZfH PvZWLvSzyZfH
FCrKCfVsEsBk FCrKCfVsEsBk
DFscNnuMhxUC DFscNnuMhxUC
buqjmAINqGzN buqjmAINqGzN
hLGIbMiwjPgd hLGIbMiwjPgd
PnbamVANEguC PnbamVANEguC
BkcPMTugAswL BkcPMTugAswL
QHpWWcCYavdw QHpWWcCYavdw
uFHfCerNFIme uFHfCerNFIme
QifLRRQkbeZy QifLRRQkbeZy
SgyAcloZDNJV SgyAcloZDNJV
ZjfLZjjegWJT ZjfLZjjegWJT
PQTqeEtJjrHq PQTqeEtJjrHq
pkzKsTORVYro pkzKsTORVYro
hCxjbMrSlUJQ hCxjbMrSlUJQ
BbyhqvohDUZK BbyhqvohDUZK