IvOdahrtFwzZ nlzJUuBrsbXD lRgeGnDJBtMa qFGlIHDqKyPA FLSRuaDcxhdD ybLCwZqVZKud WUqhotrexTBp PFpQuVVRxbvV gXcuqckdTdIP WWtfhwMSzfGW HVwGkspnDHbf oKIKkmsSWzmH RGYiIUdVAiVL wXjNgGRCXYRl EOKLHvbbCToE NxxrxPgsnMqG nyTRNDRCsANl ctZWqndwhbJm QFfSmYtuSTPl WWtfhwMSzfGW nschEYWjrAsr kBTyfVdYeRhI TglqUXfjbefC lznMKRYSMheH LNoKVqXhLEzn UGahWpWtmUQn cRekprdsHHWw oOIjuHJcVRiV ZPYnROAizafx LlIlpKJAPkkQ DiKlonktcqTP WWtfhwMSzfGW jXgKDXnEJsra dXlgwkdKhUmB zypYDSZfKAvD UYTxhnOtiPHB EKWhDcEeEkGK AQgpWBullbIi QxNjgiXciQma JNoAmCxHcsYw SKbQkQUhqQEt ypApeqMQPnQA yFQWQWtUUMle nxbMBCPhfQij EwXugPkGUVkm WHSGrQQrrotE KtoZVrQmJWki gJMLzBkWmUoV XwPJYwaGcHxO hLCSOZLNEdhX quZcTYtpBjSn yHOsEGOhjOLt oOIjuHJcVRiV aSpDrTbKBytW geAceFJePWbe zCWezcJmUGqs vkOqMvrCUWYf IcNVObbuvzWY qxhFFIUEfnzV yVSfaizVeLPT mgKEFEWheOqk RQBxIsRWzmfl TTwdgXpOLyxF YyCbFndgmpDL IQvKLYGCcCbd WsLfQLsirtHk lIUKVwoOnEyc GvyjKkGcUdcI wHeDieHMYzAK cnCYHfWEzHVB ocysUjOwnenm touUfboeiIya JpwDMOwQmqOp YvLRANdegrdA mZUBOQTZyXOM PKHkuTHeRXhO QZQElPdcHxru sTgUExIipvWV YQysVrjIrQBg ppfBOAvWYXyJ ubtvaUeVUfmV EOKLHvbbCToE OIjApACwnyqG yVSfaizVeLPT HEwqlaeMfSzl IfTQNEFsiTgr pjemGRILnFei WnABnktZDxMx BdgcPRHAevMd WRiugWLCujBI zcAOlsVDUDkc hPSXtHMMyKAK nKmMbiEuiffc NMSHhfMtAJZb qlMzHEurfTvO cQFNlImsTWTM TZmWJenJbEsV jXOmYlZmvqnI fblrDraNAUxK zOkfhFVfOKVi KtoZVrQmJWki aXlcDzbXwAJW AoaIXEzdsCrm cpNycWVdmzHJ YGzazHdyrGCd jXgKDXnEJsra evRMhyiHKGXv uzYTzVwixczQ yHOsEGOhjOLt sFSBpaJxLpBT FkNlSGMBOUbz fiHhqLtPfdZy tARvBeqQDqSY gkTmCiZxFrJw zcAOlsVDUDkc QDhUZstsJKtV xXoCKkdkKAne mvdksSctoMVi AhJBAeSEuUkL IvOdahrtFwzZ
100
nlzJUuBrsbXD nlzJUuBrsbXD
lRgeGnDJBtMa lRgeGnDJBtMa
qFGlIHDqKyPA qFGlIHDqKyPA
ybLCwZqVZKud ybLCwZqVZKud
WUqhotrexTBp WUqhotrexTBp
PFpQuVVRxbvV PFpQuVVRxbvV
gXcuqckdTdIP gXcuqckdTdIP
WWtfhwMSzfGW WWtfhwMSzfGW
HVwGkspnDHbf HVwGkspnDHbf
oKIKkmsSWzmH oKIKkmsSWzmH
RGYiIUdVAiVL RGYiIUdVAiVL
wXjNgGRCXYRl wXjNgGRCXYRl
EOKLHvbbCToE EOKLHvbbCToE
NxxrxPgsnMqG NxxrxPgsnMqG
nyTRNDRCsANl nyTRNDRCsANl
ctZWqndwhbJm ctZWqndwhbJm
QFfSmYtuSTPl QFfSmYtuSTPl
nschEYWjrAsr nschEYWjrAsr
TglqUXfjbefC TglqUXfjbefC
lznMKRYSMheH lznMKRYSMheH
LNoKVqXhLEzn LNoKVqXhLEzn
UGahWpWtmUQn UGahWpWtmUQn
cRekprdsHHWw cRekprdsHHWw
oOIjuHJcVRiV oOIjuHJcVRiV
ZPYnROAizafx ZPYnROAizafx
DiKlonktcqTP DiKlonktcqTP
jXgKDXnEJsra jXgKDXnEJsra
dXlgwkdKhUmB dXlgwkdKhUmB
zypYDSZfKAvD zypYDSZfKAvD
UYTxhnOtiPHB UYTxhnOtiPHB
EKWhDcEeEkGK EKWhDcEeEkGK
AQgpWBullbIi AQgpWBullbIi
QxNjgiXciQma QxNjgiXciQma
JNoAmCxHcsYw JNoAmCxHcsYw
SKbQkQUhqQEt SKbQkQUhqQEt
ypApeqMQPnQA ypApeqMQPnQA
yFQWQWtUUMle yFQWQWtUUMle
nxbMBCPhfQij nxbMBCPhfQij
EwXugPkGUVkm EwXugPkGUVkm
WHSGrQQrrotE WHSGrQQrrotE
KtoZVrQmJWki KtoZVrQmJWki
gJMLzBkWmUoV gJMLzBkWmUoV
XwPJYwaGcHxO XwPJYwaGcHxO
hLCSOZLNEdhX hLCSOZLNEdhX
quZcTYtpBjSn quZcTYtpBjSn
yHOsEGOhjOLt yHOsEGOhjOLt
aSpDrTbKBytW aSpDrTbKBytW
zCWezcJmUGqs zCWezcJmUGqs
vkOqMvrCUWYf vkOqMvrCUWYf
IcNVObbuvzWY IcNVObbuvzWY
qxhFFIUEfnzV qxhFFIUEfnzV
yVSfaizVeLPT yVSfaizVeLPT
mgKEFEWheOqk mgKEFEWheOqk
RQBxIsRWzmfl RQBxIsRWzmfl
TTwdgXpOLyxF TTwdgXpOLyxF
IQvKLYGCcCbd IQvKLYGCcCbd
WsLfQLsirtHk WsLfQLsirtHk
GvyjKkGcUdcI GvyjKkGcUdcI
wHeDieHMYzAK wHeDieHMYzAK
ocysUjOwnenm ocysUjOwnenm
touUfboeiIya touUfboeiIya
JpwDMOwQmqOp JpwDMOwQmqOp
YvLRANdegrdA YvLRANdegrdA
mZUBOQTZyXOM mZUBOQTZyXOM
PKHkuTHeRXhO PKHkuTHeRXhO
QZQElPdcHxru QZQElPdcHxru
sTgUExIipvWV sTgUExIipvWV
ppfBOAvWYXyJ ppfBOAvWYXyJ
ubtvaUeVUfmV ubtvaUeVUfmV
OIjApACwnyqG OIjApACwnyqG
HEwqlaeMfSzl HEwqlaeMfSzl
IfTQNEFsiTgr IfTQNEFsiTgr
pjemGRILnFei pjemGRILnFei
WnABnktZDxMx WnABnktZDxMx
WRiugWLCujBI WRiugWLCujBI
zcAOlsVDUDkc zcAOlsVDUDkc
hPSXtHMMyKAK hPSXtHMMyKAK
nKmMbiEuiffc nKmMbiEuiffc
NMSHhfMtAJZb NMSHhfMtAJZb
qlMzHEurfTvO qlMzHEurfTvO
cQFNlImsTWTM cQFNlImsTWTM
TZmWJenJbEsV TZmWJenJbEsV
jXOmYlZmvqnI jXOmYlZmvqnI
fblrDraNAUxK fblrDraNAUxK
zOkfhFVfOKVi zOkfhFVfOKVi
aXlcDzbXwAJW aXlcDzbXwAJW
AoaIXEzdsCrm AoaIXEzdsCrm
cpNycWVdmzHJ cpNycWVdmzHJ
YGzazHdyrGCd YGzazHdyrGCd
evRMhyiHKGXv evRMhyiHKGXv
uzYTzVwixczQ uzYTzVwixczQ
sFSBpaJxLpBT sFSBpaJxLpBT
FkNlSGMBOUbz FkNlSGMBOUbz
fiHhqLtPfdZy fiHhqLtPfdZy
tARvBeqQDqSY tARvBeqQDqSY
gkTmCiZxFrJw gkTmCiZxFrJw
QDhUZstsJKtV QDhUZstsJKtV
xXoCKkdkKAne xXoCKkdkKAne
mvdksSctoMVi mvdksSctoMVi
AhJBAeSEuUkL AhJBAeSEuUkL