MHnVCXOJJwOI UvfnFwkwYqFk RWoTZCNhceUR YbGvPudTcbyh FhVNapbaoZOZ GLfJulJDWdHA JCPkGQQBkgge KKNtdnAHmUpc SPoMbAzxrqrj ltlOmMSvjmIL bVDkAfQbeTmx oClepMbylsqk MlFqcqjWiUdI AZrILCuGwbtV cXYRsTNMJDHO jmWqilJNXyuV SJPfUQrbAbqM ilCjMogPnNTK YfpLHnDpSXzc GoPPViXuIoMW phTlHtTwrYOU NkzUoyRYPnbb crcFIKqbaYTC aPIwxDrzUkSj NmmqQKqzdERM svpVoYHpEpjH PCNGxUSnzrYJ MHnVCXOJJwOI
25
UvfnFwkwYqFk UvfnFwkwYqFk
RWoTZCNhceUR RWoTZCNhceUR
YbGvPudTcbyh YbGvPudTcbyh
FhVNapbaoZOZ FhVNapbaoZOZ
GLfJulJDWdHA GLfJulJDWdHA
JCPkGQQBkgge JCPkGQQBkgge
KKNtdnAHmUpc KKNtdnAHmUpc
SPoMbAzxrqrj SPoMbAzxrqrj
ltlOmMSvjmIL ltlOmMSvjmIL
bVDkAfQbeTmx bVDkAfQbeTmx
oClepMbylsqk oClepMbylsqk
MlFqcqjWiUdI MlFqcqjWiUdI
AZrILCuGwbtV AZrILCuGwbtV
cXYRsTNMJDHO cXYRsTNMJDHO
jmWqilJNXyuV jmWqilJNXyuV
SJPfUQrbAbqM SJPfUQrbAbqM
ilCjMogPnNTK ilCjMogPnNTK
YfpLHnDpSXzc YfpLHnDpSXzc
GoPPViXuIoMW GoPPViXuIoMW
phTlHtTwrYOU phTlHtTwrYOU
NkzUoyRYPnbb NkzUoyRYPnbb
crcFIKqbaYTC crcFIKqbaYTC
NmmqQKqzdERM NmmqQKqzdERM
svpVoYHpEpjH svpVoYHpEpjH
PCNGxUSnzrYJ PCNGxUSnzrYJ