5 190 42 66 198 1 91 136 58 115 78 159 103 116 197 92 69 27 188 83 66 46 26 79 153 82 38 149 10 157 20 112 55 168 122 102 108 106 53 177 154 147 182 105 8 97 117 164 181 185 197 137 170 130 188 89 100 61 35 45 16 175 124 58 196 6 50 55 93 120 5
50
190 190
42 42
66 66
198 198
1 1
91 91
58 58
115 115
78 78
159 159
103 103
197 197
92 92
69 69
27 27
188 188
83 83
46 46
79 79
82 82
38 38
149 149
157 157
20 20
112 112
55 55
168 168
122 122
102 102
108 108
106 106
177 177
147 147
182 182
8 8
97 97
117 117
164 164
185 185
137 137
170 170
130 130
89 89
100 100
35 35
16 16
124 124
196 196
50 50
93 93