0 183 103 183 59 160 66 176 75 111 75 91 116 12 184 62 68 101 97 139 97 15 44 100 127 137 153 178 140 158 166 50 173 7 58 179 10 130 31 93 198 121 198 73 142 13 23 45 5 18 113 61 11 136 132 136 11 97 15 127 63 0 93 0 65 191 111 138 68 101 97 11 136 132 52 72 143 88 186 100 173 104 115 44 100 127 84 157 89 42 170 106 41 184 62 68 100 102 79 51 1 83 177 114 34 86 138 184 12 117 190 89 42 125 103 183 0
61
0 21
59 59
160 160
66 66 55
75 75
111 111
91 91
12 12
184 184 172
62 62
68 68
101 101
139 129
15 15
100 164 135 60 110
127 87
153 27 39
178 178 67
140 140
158 158
166 187 108
50 50
173 96 173
7 7
179 179 163
10 10 119
130 145 130
31 31
93 24 93 71
198 152 9 198
121 124 49 156
73 73
142 40 142
23 23 22 155
5 5
18 25 18 171
113 26
61 61
11 11
136 136
132 118
65 147
191 194
138 17 138
52 122
72 16
186 105
104 80 104 141
157 157
89 89
42 144 35 38 6 150 42
170 193 161
106 56
41 123 30 95
102 102
79 196 79
1 1
83 83
114 36
34 34 151
125 162 189 168 109