Soda C5 B2 C7 B2 C5 Soda a i j aa z as at aa j i a Soda a0 Soda A E A Soda a e p q p o n d a Soda a0 c5 b2 c7 b2 c5 a0 Soda A5 D6 D3 D6 A5 Soda A C J C A G N G A Soda C2 D4 C2 Soda a g s ak h a Soda a0 c9 d5 c9 a0 Soda C9 D5 A1 A7 C10 D9 C10 A7 C9 Soda a h ak h a Soda C5 B2 E5 B2 C5 Soda C9 D5 C9 Soda a i w i u x i a Soda A5 A6 A5 Soda a b k b a Soda a0 c2 d4 c2 a0 Soda A D K AI K D A Soda a0 c5 a0 Soda A5 Soda a0 a5 a6 a5 a0 c5 b2 e5 b2 c5 a0 Soda A B H B A Soda a0 a5 d6 d3 d6 a5 a0 Soda A F M AC AM AN W M F A Soda a Soda A5 D6 D3 C1 B5 A8 B5 C1 D3 D6 A5 Soda A D K T AJ AK AH AI K D A Soda C5 Soda a0 c9 d5 a1 a7 c10 d9 c10 a7 c9 a0 Soda a g a Soda a0 a5 d6 d3 c1 b5 a8 b5 c1 d3 d6 a5 a0 Soda A E Q U AG U Q E A Soda a0 a5 a0 Soda
58
C5 C5 E3
C7 C7 B3 E7
j j
z z
as ar
at at
E P
p p af
q ah
n n
d d
c5 e3 c5
c7 c7 b3 e7
A5 A5
D3 D3
J AF J
N AP N
D4 E1 D7 C3
g f
s al
ak aj r t
h h
c9 c9
d5 d5
C9 C9
D5 D5
A1 A1
A7 A7
D9 B9 D9 D1
E5 B1 E5
w ap
u v an
x x
A6 A9 B7
b b
k ad av ax ab l
d4 d7 c3 e1
AI AU AS
a5 a5
a6 b7 a9
e5 b1 e5
H H AB
d3 d3
AC AC
AN AO
C1 C1
B5 B5
A8 A3
T T
AH AW
a1 a1
a7 a7
d9 b9 d1 d9
c1 c1
b5 b5
a8 a3
Q Q
AG AG