a0 a37 a68 a18 a51 a73 a95 a58 a94 a19 a68 a89 a41 a84 a33 a98 a53 a22 a41 a75 a69 a11 a15 a52 a43 a60 a95 a29 a0 a39 a23 a55 a0 a86 a81 a36 a96 a4 a96 a48 a70 a75 a82 a11 a96 a48 a5 a3 a71 a17 a91 a81 a80 a38 a51 a43 a95 a79 a0
37
a0 a0 a88
a37 a37
a68 a68
a18 a93 a54
a51 a51
a73 a73 a35
a58 a24
a94 a45 a94
a19 a19
a41 a65 a41
a33 a9
a98 a98
a53 a53
a75 a75
a69 a14
a11 a87
a15 a56 a49 a15
a52 a52
a43 a43 a78
a60 a76 a60
a29 a26
a39 a39
a23 a30
a55 a55
a86 a64 a86 a34 a62
a81 a13
a36 a36
a96 a96
a4 a4
a70 a42 a70
a5 a5
a71 a71
a17 a17
a91 a91
a80 a80
a38 a38
a79 a79