a0 a34 a151 a18 a78 a39 a73 a77 a153 a115 a76 a69 a45 a32 a128 a123 a188 a31 a24 a8 a3 a76 a32 a173 a88 a31 a9 a65 a175 a30 a189 a65 a79 a0 a199 a91 a94 a0 a65 a187 a165 a98 a53 a82 a29 a19 a30 a158 a144 a59 a149 a168 a119 a58 a121 a26 a52 a44 a62 a26 a136 a186 a40 a77 a134 a100 a144 a124 a58 a31 a24 a0
49
a0 a129 a33 a195 a196 a68 a99 a101 a10 a42 a107 a46 a178
a34 a183
a151 a151
a78 a78
a39 a17
a73 a172
a77 a131 a154 a77
a153 a153 a55
a69 a49 a130
a45 a45
a32 a32 a80 a163 a120 a140
a128 a83 a133
a31 a142 a31
a8 a8
a3 a3
a173 a173
a88 a7 a88
a9 a28
a65 a37 a103 a185 a108 a14
a175 a87 a175
a30 a96 a38
a189 a177
a79 a6 a79
a199 a43
a91 a41 a156 a21 a135
a94 a94
a187 a138
a165 a75 a165
a98 a160 a98
a53 a104 a53
a82 a82 a22
a29 a29
a158 a145 a158
a144 a144
a59 a59 a102
a149 a16 a50 a149
a168 a168
a119 a56
a58 a58 a85
a121 a121
a26 a60
a52 a192 a27 a25 a155 a126 a63
a44 a44
a62 a57 a161 a198
a136 a157
a186 a186 a11
a134 a134 a159
a100 a180 a93
a124 a124