ssp200 13 10 2 181 152 158 156 155 156 158 152 181 107 112 107 181 2 8 6 5 6 8 2 181 77 87 77 83 77 181 17 27 17 181 32 181 47 59 47 181 92 102 92 181 152 181 122 132 122 181 62 72 62 181 32 42 32 181 152 158 152 162 152 181 47 52 47 181 62 68 62 181 167 177 167 179 167 181 137 149 137 181 77 82 77 181 2 8 2 181 182 187 183 184 185 186 188 182 181 17 181 137 147 137 181 2 12 2 181 92 97 93 97 92 181 107 117 107 181 137 142 138 139 140 141 143 137 181 182 194 182 181 32 37 33 37 32 181 17 22 18 19 18 22 17 181 167 173 171 173 167 181 62 181 122 127 122 181 107 112 108 109 108 112 107 181 62 67 62 181 2 7 2 181 122 128 126 128 122 134 122 181 182 192 182 181 47 57 47 181 92 98 96 98 92 181 167 172 168 172 167 181 107 181 62 68 66 65 66 68 62 181 32 38 32 181 2 10 13 ssp200
57
2 14 15
152 164 165
156 156
155 153 154 155
107 120 119
6 6
5 4 5
77 89 90
87 86
83 80 81
17 29 30
27 26
32 44 45
59 59 60
92 105 104
102 101
132 131
62 74 75
72 71
42 41
162 161
52 48 49 50 51
177 176
179 179 180
149 149 150
82 78 79
183 183
184 184
185 185
186 186
147 146
12 11
93 93 94
117 116
138 138
139 139
140 140
141 141
194 194 195
33 33 34
18 18
19 19 20 21
171 170 171
127 123
108 108
109 110 111 109
67 63
7 3
126 124 125 126
134 134 135
192 191
57 56
96 96 95
168 168 169
66 66
65 64 65
38 35 36