1 4 61 9 93 1 113 3 37 57 2 117 107 59 89 6 17 83 12 103 81 51 69 3 20 29 87 31 14 95 105 10 143 39 119 2 23 147 71 67 2 101 137 63 7 13 123 14 55 14 25 6 53 73 11 139 10 77 2 91 3 65 28 141 7 21 75 21 129 4 149 4 11 3 41 27 127 35 5 85 13 99 49 121 19 1 125 7 111 6 97 24 145 29 5 45 5 109 3 115 15 131 5 43 47 133 2 15 33 135 10 79 6 1
75
1 1
61 61
9 9
93 93
113 113
3 3
37 37
57 57
117 117
107 107
59 59
89 89
17 17
83 83
103 103
81 81
51 51
69 69
29 29
87 87
31 31
95 95
105 105
143 143
39 39
119 119
23 23
147 147
71 71
67 67
101 101
137 137
63 63
7 7
13 13
123 123
55 55
25 25
53 53
73 73
11 11
139 139
77 77
91 91
65 65
141 141
21 21
75 75
129 129
149 149
41 41
27 27
127 127
35 35
5 5
85 85
99 99
49 49
121 121
19 19
125 125
111 111
97 97
145 145
45 45
109 109
115 115
15 15
131 131
43 43
47 47
133 133
33 33
135 135
79 79