Leah Kelly Dylan Jade Anthony Joshua Amanda Jennifer Megan Carol Ruth Jordan Gary Ryan Vicki Stacey Lisa Joshua Michael Russell Javier David Rachel April Paula Adrian Brian Jon Alexander Sonya David Leah
25
Kelly Kelly
Dylan Dylan
Jade Jade
Anthony Anthony
Amanda Amanda
Jennifer Jennifer
Megan Megan
Carol Carol
Ruth Ruth
Jordan Jordan
Gary Gary
Ryan Ryan
Vicki Vicki
Lisa Lisa
Michael Michael
Russell Russell
Javier Javier
David David
Rachel Rachel
April April
Paula Paula
Adrian Adrian
Brian Brian
Jon Jon
Alexander Alexander