Jason Regina Mark Samuel Rachel Stephen Mario Jill Heather Gabriel Rebekah Lisa Amanda Angelica Nicole Edwin Dana Elizabeth Alexandra Desiree April Jeffery Ronnie Dylan Stephen Elizabeth Wayne Elizabeth Andrew Erin Jane Danielle Kayla John Derek Tristan Karen Victoria Grace Brad Joseph Michelle Nicholas Samantha Steven Gregory Joshua Mary Edwin Stacie Carol Kathy Jeffery Regina Shane Edwin Dana Kimberly Jeremy Juan Heather Adrian Monica Crystal Claire Brad Robin John Carrie Christina Misty Katelyn Brittany Kyle James Megan Scott Johnathan Ashley Meredith Robert Anna Paul Scott Jacqueline Jordan Angelica Sabrina Jose Tommy Tracy Adam Logan Nathaniel Kristen Kari Tammy Kristen Susan Cheryl Jennifer Shawn Angela Melinda Laura Erica David Randy Lauren Carrie Brian Krista Cristian Mercedes Adam Wendy William Jose Kelsey Kara Dustin Timothy Shannon Rebecca Brett Evan Bryan Kristen Brett Lauren Charles Richard Melissa Heather Jeffrey Ricky Roy Jeremy Jason
100
Regina Regina
Mark Mark
Rachel Rachel
Stephen Stephen
Mario Mario
Jill Jill
Heather Heather
Gabriel Gabriel
Rebekah Rebekah
Amanda Amanda
Nicole Nicole
Edwin Edwin
Dana Dana
Elizabeth Elizabeth
Alexandra Alexandra
April April
Jeffery Jeffery
Ronnie Ronnie
Dylan Dylan
Wayne Wayne
Andrew Andrew
Jane Jane
Kayla Kayla
John John
Derek Derek
Tristan Tristan
Karen Karen
Grace Grace
Brad Brad
Joseph Joseph
Michelle Michelle
Nicholas Nicholas
Samantha Samantha
Gregory Gregory
Joshua Joshua
Mary Mary
Stacie Stacie
Carol Carol
Kathy Kathy
Shane Shane
Kimberly Kimberly
Jeremy Jeremy
Juan Juan
Adrian Adrian
Monica Monica
Crystal Crystal
Claire Claire
Robin Robin
Carrie Carrie
Christina Christina
Misty Misty
Katelyn Katelyn
Brittany Brittany
Kyle Kyle
James James
Megan Megan
Scott Scott
Johnathan Johnathan
Ashley Ashley
Robert Robert
Paul Paul
Jacqueline Jacqueline
Jordan Jordan
Sabrina Sabrina
Jose Jose
Tommy Tommy
Adam Adam
Logan Logan
Nathaniel Nathaniel
Kristen Kristen
Kari Kari
Tammy Tammy
Susan Susan
Cheryl Cheryl
Jennifer Jennifer
Shawn Shawn
Melinda Melinda
Laura Laura
David David
Randy Randy
Lauren Lauren
Brian Brian
Cristian Cristian
Mercedes Mercedes
Wendy Wendy
William William
Kelsey Kelsey
Kara Kara
Dustin Dustin
Timothy Timothy
Shannon Shannon
Rebecca Rebecca
Brett Brett
Evan Evan
Bryan Bryan
Charles Charles
Melissa Melissa
Jeffrey Jeffrey
Ricky Ricky
Roy Roy