Austin Patrick Ashley Elaine Monique Jonathan Melissa Eugene Melissa Glenda Jordan Debra Donald Ashley Natasha Juan Danielle Travis Michael Hannah Peter Scott Paige Lauren Kyle Scott Amy Austin Victoria Jessica John Rhonda Kari Steven Jeanette April Alex Dennis Melinda Patrick Paul Jared Janet Robert Cassandra Daniel Sean Joshua Mariah Edward Jordan Robert Gina Alexandria Robin Elizabeth Sara Ralph Garrett Walter Jennifer Adam Rachel Jamie Maxwell Austin
50
Patrick Patrick
Ashley Ashley
Elaine Elaine
Monique Monique
Jonathan Jonathan
Melissa Melissa
Eugene Eugene
Glenda Glenda
Jordan Jordan
Debra Debra
Donald Donald
Natasha Natasha
Juan Juan
Danielle Danielle
Michael Michael
Hannah Hannah
Scott Scott
Paige Paige
Kyle Kyle
Amy Amy
Victoria Victoria
John John
Rhonda Rhonda
Kari Kari
Steven Steven
Jeanette Jeanette
April April
Alex Alex
Dennis Dennis
Melinda Melinda
Paul Paul
Janet Janet
Robert Robert
Cassandra Cassandra
Daniel Daniel
Sean Sean
Joshua Joshua
Mariah Mariah
Edward Edward
Gina Gina
Robin Robin
Elizabeth Elizabeth
Sara Sara
Ralph Ralph
Garrett Garrett
Walter Walter
Jennifer Jennifer
Rachel Rachel
Jamie Jamie
Maxwell Maxwell