Florges Tsareena Weepinbell Vespiquen Cradily Cherrim Pidgey Bisharp Bayleef Furfrou Persian Vespiquen Florges Stufful Chansey Regice Bewear Snorlax Infernape Lillipup Infernape Bouffalant Palossand Bidoof Palossand Roggenrola Palkia Flaaffy Palkia Girafarig Serperior Poliwag Purrloin Delibird Wailmer Nidoking Nuzleaf Shieldon Bidoof Piloswine Cottonee Doublade Hitmonlee Celebi Moltres Toxapex Aurorus Bayleef Pidgey Hippopotas Drapion Genesect Dialga Caterpie Drapion Infernape Bouffalant Palossand Bidoof Manectric Zubat Florges
39
Florges Bergmite
Tsareena Tsareena
Weepinbell Weepinbell
Cherrim Cherrim
Pidgey Sentret Scolipede
Bisharp Bisharp
Bayleef Bayleef
Persian Persian
Stufful Stufful
Chansey Tentacruel
Regice Regice
Bewear Togetic
Snorlax Celesteela Shaymin
Infernape Infernape
Lillipup Buzzwole Lillipup Volbeat Hakamoo
Bouffalant Bouffalant
Bidoof Bidoof
Roggenrola Yanmega
Flaaffy Omastar
Girafarig Girafarig
Poliwag Poliwag
Purrloin Purrloin
Delibird Cascoon Delibird
Wailmer Wailmer Wormadam Primarina
Shieldon Zapdos
Piloswine Piloswine
Cottonee Dusknoir
Doublade Carracosta
Hitmonlee Hitmonlee
Celebi Celebi
Moltres Gastrodon Moltres
Toxapex Ralts
Aurorus Aurorus
Hippopotas Machoke Timburr
Drapion Poliwrath
Genesect Kricketot
Dialga Pichu Dialga
Manectric Manectric
Zubat Zubat