Granbull Rufflet Quilava Skitty Glaceon Mawile Spinda Illumise Chespin Heliolisk Mantine Carnivine Arbok Rufflet Quilava Machamp Reshiram Stunfisk Darkrai Corphish Azurill Krookodile Cascoon Bonsly Metang Tyrunt Charizard Mudsdale Manaphy Arbok Rufflet Ninjask Luvdisc Purrloin Cyndaquil Volcanion Cyndaquil Spearow Eelektrik Typhlosion Chinchou Cosmog Masquerain Deino Swadloon Deino Parasect Chespin Torracat Lapras Jolteon Staryu Floette Beedrill Butterfree Cubone Fletchling Probopass Inkay Bagon Magmar Whimsicott Kirlia Mimikyu Swanna Unown Swanna Aipom Buizel Jolteon Bergmite Cinccino Eelektross Milotic Deino Parasect Flareon Staryu Deoxys Finneon Crabominable Flygon Electrode PorygonZ Aipom Nuzleaf Staryu Serperior Binacle Exeggcute Ampharos Klang Chatot Happiny Trumbeak Happiny Pidgeot Rockruff Whiscash Amoonguss Lycanroc Lombre Swanna Lucario Larvesta Heatmor Serperior Binacle Exeggcute Lileep Absol Rockruff Tyrunt Furret Butterfree Mightyena Heliolisk Mantine Carnivine Feraligatr Carnivine Magikarp Cascoon Krookodile Metang Reuniclus Bulbasaur Ursaring Budew Grumpig PorygonZ Granbull
79
Rufflet Rufflet Lampent
Quilava Quilava
Skitty Skitty
Mawile Mawile
Spinda Spinda
Illumise Torchic
Chespin Metapod Chespin
Heliolisk Heatran
Mantine Mantine
Carnivine Carnivine
Arbok Arbok
Machamp Machamp Remoraid
Reshiram Reshiram Metagross Carbink
Darkrai Darkrai
Corphish Corphish
Azurill Crawdaunt
Krookodile Krookodile
Cascoon Cascoon
Bonsly Bonsly Malamar Sylveon
Charizard Charizard
Mudsdale Torkoal Greninja Vivillon Mudsdale
Manaphy Gliscor
Ninjask Slakoth Ninjask
Luvdisc Luvdisc
Volcanion Infernape
Spearow Spiritomb
Typhlosion Typhlosion
Chinchou Chinchou
Cosmog Cosmog
Swadloon Electrike
Torracat Torracat
Lapras Lapras
Jolteon Jolteon
Floette Floette
Beedrill Beedrill
Butterfree Butterfree
Cubone TypeNull Cubone
Probopass Probopass
Bagon Charmander
Magmar Blissey Magmar
Whimsicott Whimsicott
Mimikyu Glalie Mimikyu
Swanna Swanna
Unown Relicanth Unown
Aipom Dustox
Buizel Buizel
Bergmite Bergmite
Cinccino Cinccino
Milotic Kangaskhan
Flareon Goomy
Deoxys Deoxys
Crabominable Crabominable
Flygon Flygon
Electrode Electrode
PorygonZ PorygonZ
Nuzleaf Nuzleaf
Serperior Serperior
Binacle Binacle
Exeggcute Exeggcute
Ampharos Ampharos
Chatot Chatot
Happiny Magmortar Happiny
Trumbeak Trumbeak
Pidgeot Pidgeot
Rockruff Rockruff
Whiscash Whiscash
Amoonguss Golbat
Lycanroc Raichu Lycanroc
Lombre Diggersby
Lucario Floatzel
Heatmor Heatmor
Lileep Lileep
Absol Absol Hitmontop
Mightyena Mightyena Bronzor Roserade
Feraligatr Tsareena Feraligatr
Magikarp Jirachi
Reuniclus Reuniclus
Budew Budew
Grumpig Grumpig