0 156 151 16 131 73 177 157 149 195 6 117 176 66 0 156 1 114 103 179 156 0 52 88 5 101 174 197 127 150 174 101 25 5 128 192 2 196 115 91 83 68 108 166 92 107 84 81 63 101 174 102 83 75 112 48 127 172 183 14 51 14 45 70 24 70 45 137 161 134 82 36 176 145 175 179 103 184 46 15 167 7 67 136 113 123 126 68 66 183 59 81 177 106 135 98 16 158 0 52 88 9 141 90 87 181 72 55 160 117 176 66 68 80 76 198 120 155 140 12 34 165 89 20 83 75 112 48 189 27 68 50 101 93 174 130 68 0
74
156 156
151 151
16 16 17
131 131
177 177
157 157
149 149
195 195
117 168 117
176 176
66 66
114 114 85
103 103
179 179
52 52
88 88
5 26
174 174
197 197 199
127 109
128 128
2 139 111
196 196 31
91 91
83 83
108 108
166 162 35 166 122
92 10
84 84
81 81
63 63
102 121 102 23
75 75
48 48
183 183
51 40
45 45
70 70
24 19
137 137
134 134
82 82
36 116 125 36
145 145
184 184
46 46
67 67 13
136 136
113 185
123 53
126 126
59 59 147
106 106
98 98
158 143
9 9
141 4 30
87 180 69 87
181 152 181
72 144 97 74 72
55 105 11 171 55
160 160
80 80
76 76
198 198
155 42
140 140
34 34
89 62
20 20
189 189
27 27
50 50 138
130 130