21 41 42 150 110 43 27 101 8 101 194 171 113 188 134 188 113 171 194 101 64 95 97 36 37 189 124 125 115 119 120 119 115 125 124 123 122 130 131 197 148 176 109 106 105 128 105 104 110 124 189 37 36 29 36 31 113 171 82 83 63 178 179 84 68 84 150 53 181 180 126 179 84 60 84 68 84 124 123 122 117 159 119 39 136 69 171 113 188 111 152 21 152 153 172 183 171 113 81 11 41 44 41 42 150 110 43 4 26 72 26 4 108 170 121 182 42 150 84 68 84 150 110 169 168 139 142 185 15 171 194 101 64 48 65 48 79 23 160 74 144 111 152 21
62
21 21 89 45 93
41 41
150 107 141 85 151 191
43 73 43
27 27
101 101 91
8 9 7
194 193
171 171
113 113
188 135
95 195 95
97 97
36 35
37 37 87
189 189
125 137 125
115 115
119 119
120 51
123 123
131 131
197 49 163 197
109 109
105 105
128 129
104 103
29 29
31 31
82 177
83 83
63 63 71
179 25 179 165 161
53 53
181 181
126 127
60 59 61
117 117
159 159
39 39
69 145 67 69
111 111
153 153
172 173
183 183
81 81
11 11
44 13
72 187
108 167
121 121
169 57 169
139 1 3 139
142 99 149
185 33 143 147 55 185 155 157
15 5 15
48 133 47 19
65 65 175
79 79
23 23
160 77 17
74 75