74 72 77 75 102 98 169 132 141 172 182 186 182 121 38 58 118 151 159 152 159 151 46 2 151 192 21 26 21 63 87 86 89 87 18 75 77 72 74
26
74 74
77 77 80
75 73 75 76
102 104
98 99 96
169 161 163 164 165 166 167 168 169
132 131 135 136 137 139 140
141 145 146 148 141 142
172 178 179 180 172 174 175
182 185
186 189
121 122 126 128
38 35 36 37 38 39 31 32
58 52 53 54 55 57 58 59
118 113 114 116 118 119 111
151 157 151
159 153
152 156 160
46 41 50 46 47
2 2 6 8
192 197 198 199 191 192
26 23 25 26 28 29 30
63 66 68 69 70 61 62
86 86
89 81 82 83 85 88 89
18 19 11 13 14 16