l7 l64 l198 l103 l52 l92 l107 l72 l61 l117 l24 l148 l13 l61 l119 l153 l94 l188 l34 l197 l20 l197 l31 l51 l106 l184 l167 l73 l5 l98 l42 l143 l51 l86 l70 l59 l7
31
l7 l7 l35 l39 l40 l46
l198 l110
l103 l168 l155 l160
l52 l189
l92 l67 l6 l200 l14 l15 l90 l27 l161 l101 l172 l177 l114 l116
l107 l44
l72 l21 l37 l72 l63
l61 l12 l181
l117 l124
l24 l24
l148 l148
l13 l83
l119 l138
l153 l130
l94 l94 l128
l34 l199 l136
l197 l109
l20 l20 l102 l169 l186
l31 l163 l132 l115 l41 l142 l127
l51 l162
l106 l77
l184 l49 l184 l25 l74 l192
l167 l33 l122 l2 l58
l73 l113
l5 l180
l98 l26
l42 l54
l143 l53
l86 l171
l70 l141
l59 l59