0 1 175 111 112 113 78 79 165 164 163 164 165 79 78 113 112 111 175 1 8 117 8 1 175 111 110 21 20 142 141 140 139 138 95 137 136 135 92 91 118 39 130 51 50 51 130 39 118 91 92 135 134 52 134 135 136 137 95 138 139 140 141 142 20 21 110 111 112 113 78 79 165 164 163 120 163 164 165 125 124 123 83 82 81 82 83 123 124 125 165 79 78 15 47 127 147 13 12 11 10 11 103 107 103 11 12 13 147 127 47 15 78 113 112 111 175 1 0 179 178 177 176 177 178 179 0 1 175 111 110 21 20 142 141 142 20 21 110 111 112 113 78 15 47 127 147 127 47 15 78 113 112 111 110 21 20 142 141 140 139 138 95 137 136 135 92 91 118 89 132 30 29 46 45 46 29 30 132 89 118 91 92 135 136 137 95 138 139 140 141 142 20 21 110 111 112 113 37 36 37 113 78 79 165 164 163 120 4 14 152 151 169 168 167 166 165 125 124 123 124 125 165 79 78 113 112 111 110 21 20 142 141 140 139 138 95 137 136 135 92 91 118 89 132 30 29 46 32 63 62 170 85 170 62 63 32 46 29 30 132 89 118 91 92 135 136 137 95 138 139 140 141 142 20 21 110 111 175 1 0
41
175 175
111 111
112 112
113 102 113
78 77
164 73
163 2 158
117 114 115 116
110 109
141 172 7
140 58
138 93 94
95 95
135 90
50 49
52 72
123 122 123
83 83
81 16 17 80 81
15 15
47 47
127 173 55 126
147 147 53 22 54 24 153 154
10 9
103 103
107 105 106
178 70 178 69 150
176 44
132 131
29 96 25 26 27 29
45 98 99
36 35 87
4 4
152 152
151 34
168 86
32 32
63 63
62 61 62
170 170
85 84