Soda Burkina Czech Kenya Germany Iraq Australia Heard Palau Kyrgyzstan Costa Saint Belize British Aruba Mexico Germany Niger Mozambique Puerto Bulgaria Senegal Nauru Pitcairn Japan Norfolk Algeria Niger Mayotte Saint Bhutan Luxembourg Argentina Burundi Guyana Moldova Korea Aruba Northern Gabon Sint Cocos Malta Finland Djibouti Falkland Lao Lesotho Indonesia Guinea Kiribati Northern Belarus Malawi Falkland Congo Libya Mongolia Samoa Lebanon Finland Cambodia Soda
41
Burkina Burkina
Czech New
Germany Fiji Netherlands
Iraq Iraq
Australia Macao
Heard Sao
Palau Palau Hong
Kyrgyzstan Kyrgyzstan
Saint Saint
Belize Belize
British British
Aruba Aruba Liberia
Mexico Mexico Bahamas
Niger United Niger
Mozambique Nigeria
Bulgaria Jamaica
Senegal Egypt
Nauru Albania
Pitcairn Pitcairn
Japan Japan
Norfolk Rwanda
Algeria Republic Algeria
Mayotte Ireland Mayotte
Luxembourg Luxembourg
Argentina Argentina
Burundi Burundi
Moldova Latvia Moldova
Korea Korea
Northern Northern
Sint Sint Croatia
Malta Antigua
Finland Finland
Lao Lao
Indonesia Indonesia
Kiribati Kiribati
Malawi Malawi
Congo Congo
Libya Pakistan
Mongolia Singapore
Lebanon Lebanon
Cambodia Cambodia