Soda Canada Austria Cuba Ghana Angola Azerbaijan Guadeloupe Costa Andorra Burkina Faroe China Bermuda Fiji Central France Guam Georgia United Czech Australia Afghanistan Colombia Hong Armenia Virgin Cayman Cocos Grenada Algeria Denmark Iceland Bouvet Bosnia Egypt Comoros Christmas Belize Cook Soda
24
Austria Austria
Angola Angola
Azerbaijan Botswana
Guadeloupe Guadeloupe
Costa Cambodia
Burkina Guyana
China China
Bermuda Bermuda
Fiji Argentina Fiji
Central Central
Guam Guam
United United
Czech Czech
Australia Australia
Colombia Colombia
Hong Aruba
Cayman Cayman
Cocos Cocos
Algeria Antigua
Denmark Denmark
Bouvet Bouvet
Egypt Egypt
Comoros Comoros
Belize Belize