Essos TheSpiritWorld RepublicCity TheRiverStyx Ceald ShatteredPlains Barkamsted Ademre Naboo Mordor Keld SouthernAirTemple Lockinge FogofLostSouls Neddingtown Steeltown Meereen WitheredHeath Arkham Rivendell Gizton Coalwatch FireNation TheWhompingWillow TheUnderworld TheCommonwealth Lorien Aerodenn SouthernAirTemple Bobbingbourne Alderaan Jakku Toffingburg VaultofSouls TheSpine Endor MysticRuins MinistryofMagic Netherfort Glimthain Dragonstone Westopolis TheJasmineDragon Sanlow Prongdale Alderaan Atlantas Meckingbourne Astapor LeakyCauldron Azkaban TheGodswood Tralfamadore TheVale TheWall Omashu WesternAirTemple Jakku TheWhompingWillow Barkamsted Peridrift Blackwater Arrowcave KoralReef LeakyCauldron Helgrind TheFae Toperhagen TheKrustyKrab BikiniBottom MysticRuins MountOlympus Kharbranth FleaBottom Kharbranth TheChumBucket RokusIsland Newarre Peridrift Rivendell TheWhompingWillow Karth BeyondtheWall TheSpine CastleBlack TheUnderworld Tartarus Rohan WesternAirTemple TheEyrie Urubaen TheFae DuWeldenvarden TheCommonwealth Shadesmar Chrofall FlourishBlotts TheWaystoneInn DuWeldenvarden TheFae Glimthain Ellesmera Alderaan GooLagoon GodricsHollow Vintas EasternAirTemple Alagaesia Dubwall LeakyCauldron Glimthain Soda BoarsEye Braavos LeakyCauldron Arcwallow Beldenn Alderaan ShriekingShack Trebon ShriekingShack Penketh BoarsEye Riverrun Toffingburg LeakyCauldron TheGreatDivide LeakyCauldron Astapor Westeros Millhagen FogofLostSouls CaveofTwoLovers TheSpiritWorld Yll Penketh Castamere GodricsHollow TheKrustyKrab BaSingSe Urubaen Azir TheGreatDivide KnifesEdge TheSpiritWorld Yll Grayburn TheFae Arcwallow Alethkar TheBurningPlains JahKeved Grayburn Tarbean Hogsmead Tarbean TheReshiIsles Accrington TheFae Helgrind Neddington Kharbranth Severen Kharbranth BorginBurkes SatishVille TheSpiritWorld ShriekingShack Valyria Vexhollow Karth Carvahall Omniverse Rivendell Batcave Glimthain Duskhollow Boatwright DothrakiSea TheBoilingRock Aerodenn Steeltown Glimthain Ivormere HighGarden Meckingbourne Winterfell KoralReef JarrensOutpost Shinovar Meckgue HighGarden Accrington DiagonAlley Durnatel Grimbarrow Steeltown Newarre AirTempleIsland FireNation ProBendingArena KnifesEdge Ramshorn Chrofall Shadesmar Kharbranth Hogwarts TheSwamp Toffingburg Essos
100
Essos Essos
TheSpiritWorld TheSpiritWorld
RepublicCity RepublicCity
TheRiverStyx TheRiverStyx
ShatteredPlains ShatteredPlains
Barkamsted Barkamsted
Ademre Ademre
Keld Keld
Lockinge Lockinge
Neddingtown Neddingtown
Steeltown Steeltown
Meereen Meereen
WitheredHeath WitheredHeath
Arkham Arkham
Gizton Gizton
FireNation FireNation
TheWhompingWillow TheWhompingWillow
TheUnderworld TheUnderworld
TheCommonwealth TheCommonwealth
Lorien Lorien
Aerodenn Aerodenn
Bobbingbourne Bobbingbourne
Alderaan Alderaan
Jakku Jakku
Toffingburg Toffingburg
TheSpine TheSpine
Endor Endor
Netherfort Netherfort
Dragonstone Dragonstone
Sanlow Sanlow
Atlantas Atlantas
Astapor Astapor
TheGodswood TheGodswood
TheVale TheVale
Omashu Omashu
WesternAirTemple WesternAirTemple
Peridrift Peridrift
Blackwater Blackwater
Arrowcave Arrowcave
Helgrind Helgrind
TheFae TheFae
Toperhagen Toperhagen
TheKrustyKrab TheKrustyKrab
BikiniBottom BikiniBottom
MountOlympus MountOlympus
FleaBottom FleaBottom
TheChumBucket TheChumBucket
Newarre Newarre
Karth Karth
BeyondtheWall BeyondtheWall
CastleBlack CastleBlack
Tartarus Tartarus
TheEyrie TheEyrie
Urubaen Urubaen
DuWeldenvarden DuWeldenvarden
Chrofall Chrofall
FlourishBlotts FlourishBlotts
Ellesmera Ellesmera
GooLagoon GooLagoon
Vintas Vintas
Dubwall Dubwall
Soda Soda
Braavos Braavos
Arcwallow Arcwallow
ShriekingShack ShriekingShack
Trebon Trebon
Penketh Penketh
Riverrun Riverrun
TheGreatDivide TheGreatDivide
Westeros Westeros
CaveofTwoLovers CaveofTwoLovers
Yll Yll
Castamere Castamere
BaSingSe BaSingSe
Azir Azir
KnifesEdge KnifesEdge
Alethkar Alethkar
JahKeved JahKeved
Tarbean Tarbean
Hogsmead Hogsmead
TheReshiIsles TheReshiIsles
Accrington Accrington
Neddington Neddington
Severen Severen
SatishVille SatishVille
Valyria Valyria
Carvahall Carvahall
Batcave Batcave
Duskhollow Duskhollow
Boatwright Boatwright
TheBoilingRock TheBoilingRock
Ivormere Ivormere
HighGarden HighGarden
Winterfell Winterfell
JarrensOutpost JarrensOutpost
Shinovar Shinovar
DiagonAlley DiagonAlley
Grimbarrow Grimbarrow
ProBendingArena ProBendingArena
Hogwarts Hogwarts