Meckgue HighGarden Netherfort Gizton EasternAirTemple Gizton Ceald Sanlow TheGodswood MysticRuins RepublicCity TheEyrie Carvahall EasternAirTemple BeyondtheWall TheBoilingRock TheVale EasternAirTemple VaultofSouls Essos Meereen Omashu Larcbost KoralReef Tartarus Grayburn Sanlow Gotham Sanlow Ceald Steeltown MysticRuins Alethkar Urubaen FlourishBlotts Urubaen TheReshiIsles TheArcanum TheWaystoneInn Eggmanland Grayburn KoralReef Grayburn Keld GooLagoon TheArcanum Braavos MountOlympus ProBendingArena Lorien TheKrustyKrab Eggmanland Castamere TheVale Castamere Eggmanland TheWaystoneInn Eggmanland Boatwright Sanlow ZhaoFu RepublicCity Beldenn ShriekingShack ShatteredPlains Netherfort Murkcairn BikiniBottom Ademre Vexhollow Ellesmera Vexhollow RepublicCity TreeofTime Dagobah ProBendingArena TheHogsHead Toperhagen UtgardMountain Omashu Meereen Dagobah Braavos Vexhollow TheUniversity Endor EarthKingdom UtgardMountain LakeLaogai ThePrancingPony LakeLaogai LeakyCauldron LakeLaogai Urubaen Yunkai TheKrustyKrab Blagworth TheSpine TheSwamp Meereen Winterfell Essos VaultofSouls Kinecardine VaultofSouls Meckgue
50
Meckgue Meckgue
Netherfort Netherfort
Gizton Gizton
EasternAirTemple EasternAirTemple
Sanlow Sanlow
TheGodswood TheGodswood
MysticRuins MysticRuins
RepublicCity RepublicCity
Carvahall Carvahall
BeyondtheWall BeyondtheWall
TheBoilingRock TheBoilingRock
TheVale TheVale
VaultofSouls VaultofSouls
Meereen Meereen
Larcbost Larcbost
KoralReef KoralReef
Tartarus Tartarus
Grayburn Grayburn
Gotham Gotham
Steeltown Steeltown
Urubaen Urubaen
FlourishBlotts FlourishBlotts
TheArcanum TheArcanum
TheWaystoneInn TheWaystoneInn
Keld Keld
GooLagoon GooLagoon
Braavos Braavos
Lorien Lorien
TheKrustyKrab TheKrustyKrab
Castamere Castamere
ZhaoFu ZhaoFu
Beldenn Beldenn
ShatteredPlains ShatteredPlains
Murkcairn Murkcairn
Ademre Ademre
Vexhollow Vexhollow
Ellesmera Ellesmera
TreeofTime TreeofTime
Dagobah Dagobah
TheHogsHead TheHogsHead
UtgardMountain UtgardMountain
TheUniversity TheUniversity
EarthKingdom EarthKingdom
LakeLaogai LakeLaogai
ThePrancingPony ThePrancingPony
LeakyCauldron LeakyCauldron
Yunkai Yunkai
TheSpine TheSpine
Winterfell Winterfell
Kinecardine Kinecardine