21 77 95 37 2 48 155 30 73 9 72 154 4 160 136 60 120 162 18 161 70 99 100 84 9 126 192 144 193 86 159 94 134 118 146 95 69 34 3 88 6 68 156 4 42 70 99 8 11 72 154 66 89 61 193 191 192 186 93 92 72 154 100 89 199 82 187 47 100 84 151 9 31 82 69 34 3 47 70 25 162 120 65 95 37 165 107 77 155 35 147 27 109 138 113 20 85 182 145 139 11 152 71 126 193 86 31 109 84 9 86 159 94 128 44 21
56
21 21
95 49 74 149 95
37 37
2 2
48 48
155 23
30 10 30
73 167 102 90
9 133
72 72 53
154 36 168 154
160 160
136 136 81 194
60 60
120 120 16 14
18 18
161 127
99 87
100 137 100
192 96 17 178 176 119 75 78
144 144 163 122
193 180
159 159
134 134
118 118
146 146
69 64
34 34
88 88
6 130
68 68
156 156
42 42 108 15
11 135
66 125
61 61
186 56 186 188 190
92 131
82 91 82
187 32 169
47 7 47
151 184 151
31 31
25 45
65 114
165 97
107 54 121 142
35 40
147 147 29
27 115 27
20 20
85 24 170 172 62
182 116
145 177 51 38 103 105 46
139 139 196
152 152