1FoundersRock 145location 120location 150location 102location 110location 7SatherTower 144location 165location 8Esplanade 46DoeLibrary 105location 125location 47SatherTower 180location 138location 175location 49SatherGate 174location 96location 95location 200location 192location 6DoeLibrary 114location 186location 108location 140location 115location 10Bridge 126location 162location 85location 198location 90location 9SatherGate 190location 100location 50Bridge 132location 160location 155location 48Esplanade 170location 84location 130location 168location 135location 185location 195location 156location 1FoundersRock
50
145location 145location
120location 120location
150location 150location
102location 102location
110location 110location
7SatherTower 7SatherTower
144location 144location
165location 165location
8Esplanade 8Esplanade
46DoeLibrary 46DoeLibrary
105location 105location
125location 125location
47SatherTower 47SatherTower
180location 180location
138location 138location
175location 175location
49SatherGate 49SatherGate
174location 174location
96location 96location
95location 95location
200location 200location
192location 192location
6DoeLibrary 6DoeLibrary
114location 114location
186location 186location
108location 108location
140location 140location
115location 115location
10Bridge 10Bridge
126location 126location
162location 162location
85location 85location
198location 198location
90location 90location
9SatherGate 9SatherGate
190location 190location
100location 100location
50Bridge 50Bridge
132location 132location
160location 160location
155location 155location
48Esplanade 48Esplanade
170location 170location
84location 84location
130location 130location
168location 168location
135location 135location
185location 185location
195location 195location
156location 156location