1FoundersRock 74Martinez 36CasaZimbabwe 71Hillegass 51HearstGymnasium 49SatherGate 48Esplanade 61Unit1 62Unit2 38RajProperties 79SanFransisco 43FacultyClub 35ChanningBowdwitch 60Ehrman 72DeltaPhiEpsilon 31Hillegass 32DeltaPhiEpsilon 41FoundersRock 70Stonefire 50Bridge 65Foothill 42UniversityHouse 47SatherTower 52California 67InternationalHouse 78RajProperties 56Giannini 34Martinez 55Hilgard 46DoeLibrary 59SouthHall 64Blackwell 54Wellman 44HearstGreekTheatre 57Wheeler 33Wada 63Unit3 53Durant 69VarsityBerkeley 77OtherCoop 40Oaktown 66ClarkKerr 80Oaktown 75ChanningBowdwitch 37OtherCoop 68SodaHall 39SanFransisco 76CasaZimbabwe 45HearstMemorial 73Wada 58NorthGate 1FoundersRock
50
74Martinez 74Martinez
36CasaZimbabwe 36CasaZimbabwe
71Hillegass 71Hillegass
51HearstGymnasium 51HearstGymnasium
49SatherGate 49SatherGate
48Esplanade 48Esplanade
61Unit1 61Unit1
62Unit2 62Unit2
38RajProperties 38RajProperties
79SanFransisco 79SanFransisco
43FacultyClub 43FacultyClub
35ChanningBowdwitch 35ChanningBowdwitch
60Ehrman 60Ehrman
72DeltaPhiEpsilon 72DeltaPhiEpsilon
31Hillegass 31Hillegass
32DeltaPhiEpsilon 32DeltaPhiEpsilon
41FoundersRock 41FoundersRock
70Stonefire 70Stonefire
50Bridge 50Bridge
65Foothill 65Foothill
42UniversityHouse 42UniversityHouse
47SatherTower 47SatherTower
52California 52California
67InternationalHouse 67InternationalHouse
78RajProperties 78RajProperties
56Giannini 56Giannini
34Martinez 34Martinez
55Hilgard 55Hilgard
46DoeLibrary 46DoeLibrary
59SouthHall 59SouthHall
64Blackwell 64Blackwell
54Wellman 54Wellman
44HearstGreekTheatre 44HearstGreekTheatre
57Wheeler 57Wheeler
33Wada 33Wada
63Unit3 63Unit3
53Durant 53Durant
69VarsityBerkeley 69VarsityBerkeley
77OtherCoop 77OtherCoop
40Oaktown 40Oaktown
66ClarkKerr 66ClarkKerr
80Oaktown 80Oaktown
75ChanningBowdwitch 75ChanningBowdwitch
37OtherCoop 37OtherCoop
68SodaHall 68SodaHall
39SanFransisco 39SanFransisco
76CasaZimbabwe 76CasaZimbabwe
45HearstMemorial 45HearstMemorial
73Wada 73Wada
58NorthGate 58NorthGate