s l75 h127 h198 h155 l26 l21 h101 l46 h106 l64 h131 h162 l6 h115 h148 h174 h161 l89 h157 l71 h157 h137 l41 h119 h195 h104 h121 h174 l8 l45 l53 h184 h173 h128 h151 h146 h149 l59 h168 l36 h197 l36 h154 l6 h115 l49 h151 h156 h120 h154 h130 h171 l32 h131 l32 l88 l32 h171 h178 l16 h194 h164 h140 h138 h194 l59 l23 l96 h177 l11 h158 l18 h197 h134 h160 h162 h141 h100 h118 h102 l33 l97 h166 l11 l87 h143 h145 l8 h192 h169 h163 h142 h199 l95 h196 l75 s
70
s h129
l75 h117 h111
h127 h127
h198 h198
h155 h155 h190
l21 h113
h101 h101
h106 h106
l64 h125
h131 h114 h131 h165 h135 h105
h162 h162
l6 h126
h115 h115
h148 h153 h148
h174 h176 h174
h161 h161 h191
h157 h157
h137 h137 h189
l41 h182
h119 h119
h195 h195
h104 h104 h123
h121 h121 h193
l8 h180
l45 h103
l53 h170
h184 h184
h173 h173
h128 h128 h108
h151 h151
h146 h146
h149 h149
l59 h112 h159
h168 h168
l36 h172
h197 h197 h133
h154 h154
l49 h124
h156 h156
h120 h120 h147
h130 h130
h171 h171
l32 h122
l88 h107 h110
h178 h178
h194 h136 h194
h164 h164
h140 h152 h140
h138 h138
l96 h144
h177 h177 h175
l11 h116 h183
h158 h158 h150
l18 h132
h134 h134
h160 h160 h179
h141 h181 h141 h167
h100 h188 h100
h118 h118
h102 h102
h166 h166
l87 h109
h143 h143
h145 h145
h192 h192 h185 h187
h169 h169
h163 h163
h142 h186 h142
h199 h139 h199
h196 h196