node139 node24 node152 node63 node192 node148 node182 node19 node95 node117 node184 node117 node190 node99 node134 node85 node61 node139 node21 node146 node150 node22 node17 node124 node54 node114 node191 node139 node21 node181 node127 node55 node129 node109 node111 node70 node149 node136 node183 node182 node139 node159 node139 node21 node149 node104 node16 node200 node6 node144 node190 node131 node119 node164 node178 node181 node155 node152 node19 node95 node117 node102 node154 node163 node120 node24 node139 node21 node183 node116 node107 node116 node128 node52 node22 node17 node124 node60 node96 node172 node126 node77 node104 node197 node92 node139
50
node24 node24
node152 node10 node12 node152
node63 node108
node192 node5 node192
node182 node182 node56
node19 node19
node117 node117
node184 node184
node190 node190
node134 node134
node85 node100 node165 node38 node42 node173 node50 node18 node30 node85 node94
node61 node61
node146 node33 node146 node73 node26 node123 node188 node125
node150 node143
node22 node81 node22 node27
node17 node17
node124 node124
node54 node54
node114 node114
node191 node180 node191 node158
node181 node181
node127 node20 node37 node80 node112
node55 node55
node129 node129
node109 node109
node111 node65 node66 node41 node141 node111
node70 node86 node72 node185
node149 node149
node159 node167 node159
node16 node47 node16
node200 node200
node6 node130 node84
node131 node169
node119 node98 node186 node119
node164 node53
node178 node178 node162
node155 node157
node102 node102 node48
node154 node154
node163 node163
node120 node195 node3 node59
node116 node116
node107 node107 node51
node128 node1 node57
node52 node52
node60 node60
node96 node8 node96
node172 node49 node71
node126 node97 node126
node92 node160 node92