node87 node84 node19 node88 node18 node95 node8 node17 node53 node35 node80 node2 node76 node85 node90 node86 node6 node75 node60 node79 node43 node41 node79 node66 node28 node1 node3 node60 node75 node31 node51 node31 node59 node39 node73 node92 node18 node95 node30 node12 node98 node12 node30 node96 node14 node36 node42 node11 node96 node70 node88 node62 node16 node17 node74 node99 node48 node54 node16 node55 node99 node62 node18 node95 node30 node96 node87
35
node19 node19 node5
node88 node88
node95 node37 node95
node8 node27 node8
node17 node17
node53 node53
node35 node35 node45
node2 node2
node76 node57 node76 node23
node85 node85
node86 node86
node6 node6
node75 node75
node60 node60
node79 node79
node43 node47
node41 node56
node66 node38
node1 node1
node31 node31
node51 node93
node59 node59 node64
node39 node39
node92 node92
node12 node25 node12 node72
node98 node29
node14 node69 node14
node36 node15
node42 node42
node11 node11
node74 node97 node74
node99 node99
node48 node83 node48
node54 node94 node54
node55 node55