369 40cb 369 73f2 cc9c 12c18 143f7 664e 7e2d bb8f 92a3 f8f1 4434 121dd c933 4e6f f21f 4b06 369 73f2 cc9c 128af 3327 369 3d62 51d8 a719 e47b 4b06 7089 c261 369
20
40cb eeb6
73f2 11b0b
12c18 ffc3
143f7 960c 84ff
664e 664e da4 69b7 221a
bb8f 2583 1408e bb8f 8bd1 d36e 10d67 14760
92a3 6d20 d6d7 da40
f8f1 132ea 139bc 2fbe
4434 4434
121dd 14ac9 121dd a047
c933 c933 a3b
4e6f 4e6f
4b06 1476 110d0 4b06
128af e7e4 128af 13653 10695 13d25
3327 1eb1 9cde 3327
3d62 dda9 b4bd
51d8 51d8
e47b e47b
7089 2c55
c261 14e32 62e5 c261 d005