507 2604f 3c54 169f8 73a1 1b05a 1ecae 200ca 25641 2fc28 2c4db 3c54 19230 33375 5f85 ba03 27e79 214e6 3a20f 219ed 1923 365bb 87bd 4662 1289d 17406 32967 15fea 31f59 29ca3 17e14 78a8 29295 34c98 2e80c 6e9a 25641 24c33 415b 36ac2 1790d c918 3a20f 3246 2331 3246 1ba68 13cb9 3428a 392fa 415b 392fa 23310 31a52 388ec 1fbc3 3519f 7daf 415b 38df3 1d892 2f721 17e14 5f85 1e7a7 392fa 23310 5577 5070 18d29 2d8f7 28380 365bb 87bd 11e8f ec49 1289d 17406 1b05a 507
50
507 164f1 16eff 356a6 2c9e2 22902 648c 2513a 12396 26a5d 26f64
2604f 23817 6993 2604f
3c54 3c54
169f8 169f8
73a1 32460
1b05a 374d
1ecae 1ecae 91cb 27972 2a6b1
200ca 200ca
25641 36fc9 25641
2fc28 2fc28
2c4db 150d5
19230 11988 2b5c6
33375 33375 1ab53
ba03 ba03 3012f
27e79 28d8e 2cee9 8cc4 360b4 27e79
214e6 214e6 22e09
219ed 20fdf 1f1b5 dd34
1923 1923
365bb 1056c 18822
4662 82b6 32e6e 4662
15fea 15fea
31f59 146c7
17e14 2f21a 17e14
78a8 78a8
29295 19737 23d1e
34c98 c411 9bd9
2e80c 4b69
24c33 2e305 24c33
36ac2 36ac2
1790d 1790d
c918 10065 1c97d c918
3246 3246
2331 1dd99
1ba68 1ba68
13cb9 13cb9
3428a 3428a
23310 3387c 2b0bf 2bacd 23310 374d0
31a52 31a52
388ec d326 d82d 388ec
1fbc3 2ddfe e742
3519f 1a64c
38df3 38df3
1d892 379d7 1d892
2f721 2472c
5577 5577 30636
18d29 1831b 18d29
2d8f7 2d8f7
28380 25b48
11e8f 11e8f aff5
ec49 155dc 1e2a ec49