node0 node59 node67 node5 node25 node98 node20 node98 node99 node28 node21 node63 node58 node69 node57 node4 node81 node87 node76 node4 node12 node57 node88 node83 node89 node52 node56 node96 node86 node15 node46 node74 node97 node94 node74 node47 node55 node6 node82 node8 node59 node4 node85 node4 node12 node99 node5 node41 node84 node29 node35 node29 node2 node51 node2 node86 node50 node13 node93 node0
35
node59 node59
node67 node66 node67
node5 node64 node65
node98 node98
node20 node71
node99 node99
node28 node62 node54
node63 node63
node58 node58
node69 node69
node57 node57
node81 node81
node87 node87
node76 node76
node88 node88
node83 node80 node83
node89 node89
node52 node52
node56 node56
node96 node60 node96
node86 node75 node86
node46 node90 node92
node74 node74 node91 node95
node97 node97
node94 node94
node55 node55
node6 node79
node82 node82
node8 node70
node85 node73 node85 node68 node77
node84 node84
node35 node72
node51 node53 node51 node61 node78
node50 node50
node93 node93