node0 node91 node0 node21 node45 node21 node0 node196 node0 node52 node144 node30 node1 node61 node48 node13 node87 node181 node36 node82 node27 node131 node147 node198 node145 node87 node172 node33 node3 node173 node92 node139 node113 node127 node154 node3 node156 node101 node0 node70 node194 node70 node0 node132 node89 node42 node67 node185 node6 node134 node0 node199 node114 node141 node49 node179 node123 node70 node176 node138 node0 node21 node0 node21 node45 node105 node116 node100 node97 node197 node109 node197 node23 node83 node86 node156 node0
48
node0 node162 node157 node184 node191
node91 node108
node196 node129 node196 node183 node136 node137
node52 node115
node144 node144
node30 node165 node149
node1 node164
node61 node192 node110 node148 node118 node120
node48 node106
node181 node181
node36 node152 node171 node159
node27 node158
node131 node131 node150 node170
node147 node147
node198 node168 node198 node126
node145 node145
node172 node172 node190
node33 node117
node173 node107 node173
node92 node143
node139 node139
node113 node113
node127 node175 node127
node154 node154
node156 node156 node124 node102
node101 node101
node70 node140
node194 node194 node178
node132 node132
node89 node186
node67 node111
node185 node185
node6 node151 node187
node134 node160 node130 node166 node134 node104 node135 node174 node112 node146 node153 node189
node199 node199
node114 node114 node119
node141 node180 node141
node179 node179
node123 node123
node176 node176
node138 node138 node133 node122
node105 node105
node116 node177 node155 node116 node142
node100 node128 node100
node97 node169 node193
node197 node161 node163 node197 node121 node125
node109 node109 node182
node86 node195 node188 node103 node167