8 97 104 142 174 120 123 127 85 88 99 34 51 48 34 53 71 58 110 42 40 88 86 144 86 87 89 91 140 102 159 102 28 21 24 42 59 74 108 145 88 90 28 89 137 139 137 89 27 95 149 188 149 90 38 55 38 90 100 147 100 38 24 91 45 42 40 88 99 98 97 123 80 7 29 4 33 54 38 24 41 58 109 116 54 106 66 63 47 32 104 32 82 6 83 121 79 82 98 145 146 107 68 113 165 105 97 7 8
64
97 97
142 125 142
174 172 174
120 120
123 123
127 127
85 17 19 35 85
88 88
99 99
51 51
48 65
53 53
71 71
110 118
42 42
40 40
144 153 144
87 87 23
89 135 136 89
91 91
140 183
102 102
159 190 168
28 22
21 25 21
24 24
59 59 78
145 145
90 90
137 137
139 181
27 26
95 95
149 179 160
188 193 188
38 38 39
55 73 69 55
100 100
147 147
45 45 93
80 126 80
7 2
29 3 29
4 4
33 33
54 54
41 61
109 169 171 109 191 192
116 115 116 72
106 52 70
66 66 64
63 63
47 47
82 82
6 5 6
83 83
121 121 124 173
79 79
146 182
107 167
68 68
113 49 113 30
165 165
105 164 152 105 185