UMUCUTWAW CNINRTR IGVCE MNWMWDXCQ PLYPQBTP ZFMGDWP YNHRBC WRQUJ SUIOZK ZSHRTZVKO TCXWZV WEPDZ XWBHEYXJU ELILXSR CJLYWOAQ NKSWTXMSG MHXHJGEF YFKIFTRS KAYADTT AOWYQNAYA ZPFHBWI USUVN TJFSEUB GVNFQM QOHWG RRFKVFYKR STQNQT OMBFD DTDALTLH JJAQQ EGEASKKIE KAYADTT UENPUJ IGVCE VASGY VHHVQ KUUVZB CRSMUEPQG TNKNMUFI XGGIUBVDN TNSRRJCDD MWTSDF JOWHZXTIA WCHJFCRZJ IZNSKNS DQOPCH PLYPQBTP VSMLVXSP OIPVAKF FVKLDY UGSZCNL VHLSP JVYIBRJ LEJNUKCZ YPXLG VHHVQ EGEASKKIE RDTQTJB USUVN KUUVZB XJOXYWA FLBTTNRCC OIPVAKF AWQOWSNYN ZLYFI GUDSRTKLA UMUCUTWAW
50
CNINRTR CNINRTR
MNWMWDXCQ MNWMWDXCQ
PLYPQBTP PLYPQBTP
ZFMGDWP ZFMGDWP
YNHRBC YNHRBC
WRQUJ WRQUJ
SUIOZK SUIOZK
ZSHRTZVKO ZSHRTZVKO
TCXWZV TCXWZV
WEPDZ WEPDZ
XWBHEYXJU XWBHEYXJU
ELILXSR ELILXSR
CJLYWOAQ CJLYWOAQ
MHXHJGEF MHXHJGEF
YFKIFTRS YFKIFTRS
KAYADTT KAYADTT
AOWYQNAYA AOWYQNAYA
ZPFHBWI ZPFHBWI
USUVN USUVN
TJFSEUB TJFSEUB
GVNFQM GVNFQM
QOHWG QOHWG
RRFKVFYKR RRFKVFYKR
STQNQT STQNQT
OMBFD OMBFD
JJAQQ JJAQQ
EGEASKKIE EGEASKKIE
UENPUJ UENPUJ
VASGY VASGY
VHHVQ VHHVQ
KUUVZB KUUVZB
CRSMUEPQG CRSMUEPQG
TNKNMUFI TNKNMUFI
XGGIUBVDN XGGIUBVDN
TNSRRJCDD TNSRRJCDD
MWTSDF MWTSDF
JOWHZXTIA JOWHZXTIA
IZNSKNS IZNSKNS
DQOPCH DQOPCH
VSMLVXSP VSMLVXSP
OIPVAKF OIPVAKF
FVKLDY FVKLDY
VHLSP VHLSP
JVYIBRJ JVYIBRJ
YPXLG YPXLG
RDTQTJB RDTQTJB
XJOXYWA XJOXYWA
AWQOWSNYN AWQOWSNYN
ZLYFI ZLYFI
GUDSRTKLA GUDSRTKLA