USZWPSB HNOOUELP BTMJSONW MWXYLX MOXGRP TOAKXEQ ILXWSRIC WTQCHXQ AIGGLZT OVKLH ACYPAPBPW FJQMKJNWE GALHVZ URZULNA CWLLCM MRXNI FZGDAQKRC GEGFOSJ YOUZA ORCMU NBRZI FZGDAQKRC TQSCIQTX EHQRYBZ RGLCPSJQE ANHOTJN JEGRK RLWAP JXLFSOAT XQOMNCXDB UDNWTRHT KRUSUHB VBAQD WEXBJV ZEZKNGTK XENTNT GLYDZ JOXQIX MSHZNEX RJDHJFNIN GNXDBJSVR HWJUZVNH NCPEGX YVIRIDDRA RUGMYM NVPDYHJ YKOGGTNN PSCLAN JQHORKB UBODMUMJ XZUPVI ENYRMHFE RVPJHZLQQ NVPDYHJ LNDUQDYSK ALENT BLXWCB VVSNO EPJHOESBB BHAMV NIVCBBO RGSOR XHMMLM NZJGYK OLUPAJLP SIAFKK FZNKCK HSAIPP YAETAC TKSGUQAJZ FCWRH GWDJBFTV APIOYKU TTXGTNV MYDTJZPES KAUIIR VWHRKOPZ FLOTLYFG XZUPVI XSWDY JCPDBZK DFFFG VWNAJFRNG EHQRYBZ FPWMJC NHNDWOH FXTET NBRZI EFOWXJQKY RJDHJFNIN DISRURKA HEFYBKPUF YFEZIO RLWAP AOVKACB TGPYEAP BCHOPGEE QMOAKJJK PJXURKPC JVWIZDBS NTZSZ LYRSZA AXCWU CCTJZN HSJUMJH ZNZOQPE ZKGYGD JOXQIX ZNZOQPE SICVXMLGL RGLCPSJQE RQWCFDHW MYDTJZPES RUGMYM EJXSCSGM NIVCBBO DIXXP GNXDBJSVR VFEEU EMAAQWO MQSJLQ RBNAR APBFJMOOF VFEEU XQOMNCXDB UDNWTRHT HVERBTBS AHZYCQM QMHLIXVD DKINCMT USZWPSB
100
USZWPSB USZWPSB
HNOOUELP HNOOUELP
MWXYLX MWXYLX
MOXGRP MOXGRP
TOAKXEQ TOAKXEQ
ILXWSRIC ILXWSRIC
WTQCHXQ WTQCHXQ
AIGGLZT AIGGLZT
OVKLH OVKLH
ACYPAPBPW ACYPAPBPW
FJQMKJNWE FJQMKJNWE
GALHVZ GALHVZ
CWLLCM CWLLCM
MRXNI MRXNI
FZGDAQKRC FZGDAQKRC
GEGFOSJ GEGFOSJ
YOUZA YOUZA
ORCMU ORCMU
NBRZI NBRZI
TQSCIQTX TQSCIQTX
EHQRYBZ EHQRYBZ
RGLCPSJQE RGLCPSJQE
ANHOTJN ANHOTJN
JEGRK JEGRK
RLWAP RLWAP
JXLFSOAT JXLFSOAT
XQOMNCXDB XQOMNCXDB
UDNWTRHT UDNWTRHT
KRUSUHB KRUSUHB
VBAQD VBAQD
WEXBJV WEXBJV
ZEZKNGTK ZEZKNGTK
XENTNT XENTNT
GLYDZ GLYDZ
JOXQIX JOXQIX
MSHZNEX MSHZNEX
RJDHJFNIN RJDHJFNIN
GNXDBJSVR GNXDBJSVR
HWJUZVNH HWJUZVNH
NCPEGX NCPEGX
YVIRIDDRA YVIRIDDRA
RUGMYM RUGMYM
YKOGGTNN YKOGGTNN
JQHORKB JQHORKB
UBODMUMJ UBODMUMJ
XZUPVI XZUPVI
RVPJHZLQQ RVPJHZLQQ
LNDUQDYSK LNDUQDYSK
BLXWCB BLXWCB
VVSNO VVSNO
EPJHOESBB EPJHOESBB
BHAMV BHAMV
NIVCBBO NIVCBBO
RGSOR RGSOR
XHMMLM XHMMLM
NZJGYK NZJGYK
OLUPAJLP OLUPAJLP
SIAFKK SIAFKK
FZNKCK FZNKCK
HSAIPP HSAIPP
YAETAC YAETAC
FCWRH FCWRH
APIOYKU APIOYKU
TTXGTNV TTXGTNV
MYDTJZPES MYDTJZPES
KAUIIR KAUIIR
VWHRKOPZ VWHRKOPZ
FLOTLYFG FLOTLYFG
XSWDY XSWDY
DFFFG DFFFG
VWNAJFRNG VWNAJFRNG
FPWMJC FPWMJC
NHNDWOH NHNDWOH
EFOWXJQKY EFOWXJQKY
HEFYBKPUF HEFYBKPUF
YFEZIO YFEZIO
AOVKACB AOVKACB
TGPYEAP TGPYEAP
BCHOPGEE BCHOPGEE
PJXURKPC PJXURKPC
JVWIZDBS JVWIZDBS
NTZSZ NTZSZ
LYRSZA LYRSZA
AXCWU AXCWU
CCTJZN CCTJZN
HSJUMJH HSJUMJH
ZNZOQPE ZNZOQPE
ZKGYGD ZKGYGD
SICVXMLGL SICVXMLGL
RQWCFDHW RQWCFDHW
EJXSCSGM EJXSCSGM
DIXXP DIXXP
VFEEU VFEEU
EMAAQWO EMAAQWO
RBNAR RBNAR
APBFJMOOF APBFJMOOF
HVERBTBS HVERBTBS
AHZYCQM AHZYCQM
QMHLIXVD QMHLIXVD
DKINCMT DKINCMT