NENJIT MXOUMOMJ SPKBX CQLIWA XYVFHKPGH ZRBGORXP WTGBMM KUTCUN QMQDBY PEHTVQXDW PQHUEQ UUBADXD KQUKCKTD NDFUIQRA KQUKCKTD HJANXPSU RIEJGXSA MXPVTEZCH EIPVED XVEIIY UEMUXMRIZ KQUKCKTD PRANHUZWO DYDBSTHU HJANXPSU XAUNPSJR LFAYEWG FULIXB RZCLRJW NENJIT
25
MXOUMOMJ MXOUMOMJ
SPKBX SPKBX
CQLIWA CQLIWA
XYVFHKPGH XYVFHKPGH
ZRBGORXP ZRBGORXP
WTGBMM WTGBMM
KUTCUN KUTCUN
QMQDBY QMQDBY
PEHTVQXDW PEHTVQXDW
PQHUEQ PQHUEQ
UUBADXD UUBADXD
KQUKCKTD KQUKCKTD
NDFUIQRA NDFUIQRA
HJANXPSU HJANXPSU
RIEJGXSA RIEJGXSA
MXPVTEZCH MXPVTEZCH
EIPVED EIPVED
XVEIIY XVEIIY
UEMUXMRIZ UEMUXMRIZ
PRANHUZWO PRANHUZWO
DYDBSTHU DYDBSTHU
XAUNPSJR XAUNPSJR
LFAYEWG LFAYEWG
FULIXB FULIXB
RZCLRJW RZCLRJW