liverance wellbores catabolism refortify jitterbugs pontage studiously tightening hypanthium moderatrix kamencheh oversleeps bywoners achieve lethiferal tortillons coulde shutter hatrail Akkub otate handballer metamere asterisk pallia liverance
25
liverance liverance
wellbores wellbores
catabolism catabolism
refortify refortify
jitterbugs jitterbugs
pontage pontage
studiously studiously
tightening tightening
hypanthium hypanthium
moderatrix moderatrix
kamencheh kamencheh
oversleeps oversleeps
bywoners bywoners
achieve achieve
lethiferal lethiferal
tortillons tortillons
coulde coulde
shutter shutter
hatrail hatrail
Akkub Akkub
otate otate
handballer handballer
metamere metamere
asterisk asterisk
pallia pallia