runcation stinkbugs Muscogee haligi undramatic Marah aliens destinate begynnynge Lipetsk infants embittered backpay polyuria ungroomed Margery turbid tholoi festuca medicine megahero bookhouses grilses silicon stips baken Simferopol metre urethritic construed broomer wolfer tuneful wideband greatborn hambone torsions blackdye passcards wintrier huddle colocynth palatial almshouse unbribable retexture cloaca lionfish Carazo agistments triforium erysipelas yuzus wheatberry maxim draftox lichened tutelar forepast kempy nervus usant flourless oogle thereagain perfusive decouples quakerlike holodeck Astaire chargeback jaborandi stoble timefuse multifaith trikini turnoff fibrates fason Massorete pentine miticides toper coalblack montages tipuana conceiv foreshores inurns yokeline husbandman prairies dollying bewitch offset ilian revolution boomah ephas cutout runcation
100
runcation runcation
stinkbugs stinkbugs
Muscogee Muscogee
haligi haligi
undramatic undramatic
Marah Marah
aliens aliens
destinate destinate
begynnynge begynnynge
Lipetsk Lipetsk
infants infants
embittered embittered
backpay backpay
polyuria polyuria
ungroomed ungroomed
Margery Margery
turbid turbid
tholoi tholoi
festuca festuca
medicine medicine
megahero megahero
bookhouses bookhouses
grilses grilses
silicon silicon
stips stips
baken baken
Simferopol Simferopol
metre metre
urethritic urethritic
construed construed
broomer broomer
wolfer wolfer
tuneful tuneful
wideband wideband
greatborn greatborn
hambone hambone
torsions torsions
blackdye blackdye
passcards passcards
wintrier wintrier
huddle huddle
colocynth colocynth
palatial palatial
almshouse almshouse
unbribable unbribable
retexture retexture
cloaca cloaca
lionfish lionfish
Carazo Carazo
agistments agistments
triforium triforium
erysipelas erysipelas
yuzus yuzus
wheatberry wheatberry
maxim maxim
draftox draftox
lichened lichened
tutelar tutelar
forepast forepast
kempy kempy
nervus nervus
usant usant
flourless flourless
oogle oogle
thereagain thereagain
perfusive perfusive
decouples decouples
quakerlike quakerlike
holodeck holodeck
Astaire Astaire
chargeback chargeback
jaborandi jaborandi
stoble stoble
timefuse timefuse
multifaith multifaith
trikini trikini
turnoff turnoff
fibrates fibrates
fason fason
Massorete Massorete
pentine pentine
miticides miticides
toper toper
coalblack coalblack
montages montages
tipuana tipuana
conceiv conceiv
foreshores foreshores
inurns inurns
yokeline yokeline
husbandman husbandman
prairies prairies
dollying dollying
bewitch bewitch
offset offset
ilian ilian
revolution revolution
boomah boomah
ephas ephas
cutout cutout