shaird baning Sahara toggleable peasantism irade philomels assonantal opacular caouane deductable teabags morphe nomination cementite slatting scratch trackbar fivepenny Ucayali guilts intrado cacomistle macedoine advances Lafayette unglove lasting effuses preparable airgap remissio colugos sarcomere aftertouch twothirds rampup waste tunic Pentecost property UncleNed coldcocked beermakers kartikeya nauseously transflux shrow tokenizing diruption shaird
50
shaird shaird
baning baning
Sahara Sahara
toggleable toggleable
peasantism peasantism
irade irade
philomels philomels
assonantal assonantal
opacular opacular
caouane caouane
deductable deductable
teabags teabags
morphe morphe
nomination nomination
cementite cementite
slatting slatting
scratch scratch
trackbar trackbar
fivepenny fivepenny
Ucayali Ucayali
guilts guilts
intrado intrado
cacomistle cacomistle
macedoine macedoine
advances advances
Lafayette Lafayette
unglove unglove
lasting lasting
effuses effuses
preparable preparable
airgap airgap
remissio remissio
colugos colugos
sarcomere sarcomere
aftertouch aftertouch
twothirds twothirds
rampup rampup
waste waste
tunic tunic
Pentecost Pentecost
property property
UncleNed UncleNed
coldcocked coldcocked
beermakers beermakers
kartikeya kartikeya
nauseously nauseously
transflux transflux
shrow shrow
tokenizing tokenizing
diruption diruption