73 83 165 39 122 128 171 42 2 195 66 145 128 185 191 75 57 76 184 194 168 61 64 6 54 68 171 40 35 159 62 144 12 143 82 118 10 189 21 60 55 164 192 190 124 136 125 83 112 37 191 7 78 133 16 176 77 46 81 187 47 19 135 132 196 52 138 71 49 27 95 65 89 123 180 53 137 96 52 47 81 44 15 79 115 196 173 27 127 110 197 71 48 109 74 98 124 169 92 175 41 99 167 174 129 174 24 162 107 0 192 101 166 50 163 186 162 58 26 70 155 150 183 153 11 72 161 168 154 119 60 63 73
100
73 73
83 83
39 39
122 122
128 128
171 171
42 42
2 2
195 195
66 66
145 145
185 185
191 191
75 75
57 57
76 76
184 184
194 194
168 168
61 61
6 6
68 68
40 40
35 35
159 159
62 62
12 12
143 143
82 82
118 118
10 10
189 189
21 21
60 60
55 55
192 192
190 190
124 124
136 136
125 125
112 112
37 37
7 7
133 133
16 16
176 176
77 77
81 81
187 187
47 47
19 19
135 135
196 196
52 52
138 138
71 71
49 49
27 27
95 95
89 89
123 123
53 53
96 96
44 44
15 15
115 115
173 173
127 127
110 110
197 197
48 48
109 109
98 98
169 169
92 92
175 175
41 41
99 99
167 167
129 129
24 24
162 162
107 107
0 0
101 101
166 166
163 163
186 186
58 58
26 26
70 70
155 155
183 183
153 153
11 11
72 72
161 161
154 154
119 119
63 63