39 180 118 197 41 195 22 177 157 76 91 108 116 151 13 182 160 77 84 103 74 107 59 130 113 46 30 139 147 55 94 133 83 191 198 111 43 126 161 123 88 49 28 178 154 183 97 169 54 115 44 3 23 112 176 119 31 80 179 100 163 75 16 20 11 78 99 135 4 109 17 56 42 150 81 48 110 51 70 156 129 63 93 27 96 194 148 149 89 152 114 193 36 174 140 12 192 6 173 158 0 39
100
180 180
118 118
197 197
41 41
195 195
22 22
177 177
157 157
76 76
91 91
108 108
116 116
151 151
13 13
182 182
160 160
77 77
84 84
103 103
74 74
107 107
59 59
130 130
113 113
46 46
30 30
139 139
147 147
55 55
94 94
133 133
83 83
191 191
198 198
111 111
43 43
126 126
161 161
123 123
88 88
49 49
28 28
178 178
154 154
183 183
97 97
169 169
54 54
115 115
44 44
3 3
23 23
112 112
176 176
119 119
31 31
80 80
179 179
100 100
163 163
75 75
16 16
20 20
11 11
78 78
99 99
135 135
4 4
109 109
17 17
56 56
42 42
150 150
81 81
48 48
110 110
51 51
70 70
156 156
129 129
63 63
93 93
27 27
96 96
194 194
148 148
149 149
89 89
152 152
114 114
193 193
36 36
174 174
140 140
12 12
192 192
6 6
173 173
158 158
0 0