132 137 149 171 148 6 4 5 8 36 172 189 176 120 116 179 176 120 108 114 116 179 31 28 19 175 63 43 47 67 197 169 63 67 91 111 105 89 153 190 178 6 8 36 46 52 189 176 132
35
137 137
149 188 149 136
171 133 152 156 159 167 171 183
148 180 148
6 6
4 2 3
5 5
8 177 8 9 13
36 36 38 40
172 194 198
189 146 138 189
176 176
120 122
116 126
179 185 173
108 98 100 102 104 106 108 86 88 90 92 96
114 118
31 31
28 25 26 27 28
19 161 17
175 184 154
63 61
43 33 35 39 41 45
47 47
67 81 75 77
197 193 135 197
169 162 192
91 97 91 95
111 113 195 109
105 101 105
89 85 87
153 155
190 196 181
46 46
52 66 68 72 76 142 78 80 82 160 166 44 182 56 60 62 64