Building99 Building98 Building51 Building61 Building43 Building52 Building55 Building76 Building77 Building79 Building26 Building23 Building32 Building38 Building32 Building23 Building28 Building6 Building8 Building4 Building8 Building4 Building9 Building10 Building12 Building20 Building15 Building20 Building22 Building92 Building96 Building89 Building98 Building99
20
Building51 Building50 Building51
Building61 Building67 Building49 Building61 Building63
Building43 Building43
Building52 Building66 Building52
Building55 Building68 Building69 Building71 Building74 Building44 Building47 Building53 Building55 Building57 Building62
Building76 Building76
Building77 Building81
Building26 Building26
Building23 Building25 Building23
Building38 Building41 Building42 Building33 Building39
Building28 Building28
Building6 Building6
Building8 Building0 Building5 Building7 Building8
Building9 Building9
Building12 Building12
Building20 Building20 Building21
Building15 Building16 Building18
Building92 Building92
Building96 Building96 Building82 Building83 Building85
Building89 Building97 Building88 Building91 Building93 Building94