Building65 Building66 Building83 Building21 Building13 Building14 Building12 Building88 Building12 Building23 Building22 Building53 Building51 Building52 Building5 Building7 Building59 Building7 Building8 Building1 Building5 Building7 Building45 Building38 Building39 Building71 Building82 Building73 Building77 Building70 Building94 Building95 Building29 Building14 Building13 Building18 Building99 Building66 Building65
28
Building66 Building64
Building83 Building83
Building21 Building16 Building11
Building13 Building13
Building14 Building10
Building88 Building88 Building91 Building84
Building23 Building27
Building22 Building22
Building51 Building51 Building54
Building52 Building55
Building5 Building3
Building7 Building4
Building59 Building57 Building58 Building59 Building61
Building8 Building8
Building1 Building1
Building45 Building45
Building38 Building37
Building39 Building33 Building35 Building36 Building41 Building42 Building44 Building46
Building71 Building71
Building82 Building82
Building73 Building73
Building77 Building81 Building79
Building70 Building80 Building76
Building94 Building96 Building97 Building94
Building95 Building92
Building29 Building15
Building18 Building32 Building20 Building24 Building25 Building30 Building31
Building99 Building99