140 153 164 41 52 195 46 131 107 58 52 146 186 108 28 133 80 40 34 134 175 84 103 4 160 158 105 1 49 14 85 184 124 47 162 172 37 112 77 148 186 161 33 124 184 180 6 154 29 168 69 149 103 162 103 120 197 137 62 112 22 180 83 44 145 29 145 178 22 112 111 2 111 59 134 34 61 34 134 42 160 4 190 93 97 62 112 125 99 1 196 151 24 154 23 154 24 151 147 57 180 6 166 51 122 13 67 157 81 25 127 25 132 155 35 120 103 4 190 33 161 186 148 134 148 77 152 77 18 124 16 107 50 150 27 82 45 196 12 193 77 148 134 34 61 34 120 130 115 32 177 61 9 61 34 134 79 11 19 139 140
76
140 135
153 153
41 41 101
195 159
146 146 94
186 186
108 108
28 176 123
133 185 114 133
80 80
40 40
134 134
175 175
84 84
103 103
4 4
160 160
158 158 95
105 56
49 49 117
14 14
85 85
47 182 47
162 36
37 104
112 112
77 77
6 6
154 154
29 29
168 168
149 128 179 7
197 197
62 62
22 22
83 83 142
44 44
178 178
2 55
59 59
61 61
42 42
190 190
93 173 93 39
97 97
125 76 125
196 10 196
151 151
23 65
147 73
57 57
166 166
51 51
13 13 102
25 25
127 127
132 132
35 35
152 170
18 96 18
50 50
150 8 150
27 27
82 89 82
45 5 45
12 12
193 193
130 130
115 115
32 32
177 177
9 9 167
79 79
11 11
19 19 53 21 169
139 139