a0 a21 a71 a77 a49 a27 a6 a31 a13 a60 a72 a32 a85 a25 a15 a39 a7 a22 a28 a9 a23 a37 a22 a28 a9 a1 a12 a36 a88 a8 a41 a83 a38 a5 a61 a0 a17 a99 a90 a83 a41 a3 a20 a39 a7 a10 a11 a81 a26 a70 a0 a19 a0 a70 a57 a6 a64 a30 a89 a8 a78 a24 a65 a19 a0
31
a0 a97
a21 a21
a71 a82 a71
a77 a2 a43 a77
a6 a42 a55
a13 a52
a60 a60
a25 a25
a15 a46
a39 a39
a28 a28
a9 a48 a9
a23 a98 a51 a53 a87 a23 a94
a37 a37
a1 a80 a18 a93
a12 a12
a88 a88
a8 a8
a83 a83
a5 a79
a17 a17
a99 a99
a90 a90
a3 a56 a50
a11 a86 a59 a74 a11 a47
a81 a81
a30 a33
a89 a75 a44
a78 a78
a24 a73
a65 a65