aliquam viverra ut vitae congue nec maecenas mauris sagittis platea cras gravida habitant nisi lectus ultricies semper senectus consectetur mi ornare sed eros placerat malesuada habitasse adipiscing quisque eu quis enim praesent condimentum lorem vestibulum aliquam cursus aliquam mattis porttitor euismod turpis et fames imperdiet suscipit ultrices aliquam
43
viverra viverra
ut ut
vitae vitae
congue congue
nec nec
maecenas maecenas
mauris mauris
sagittis sagittis
platea platea
cras cras
gravida gravida
habitant habitant
nisi nisi
lectus lectus
ultricies ultricies
semper semper
senectus senectus
consectetur consectetur
mi mi
ornare ornare
sed sed
eros eros
placerat placerat
malesuada malesuada
habitasse habitasse
adipiscing adipiscing
quisque quisque
eu eu
quis quis
enim enim
praesent praesent
condimentum condimentum
lorem lorem
vestibulum vestibulum
cursus cursus
mattis mattis
porttitor porttitor
euismod euismod
turpis turpis
et et
fames fames
imperdiet imperdiet
suscipit suscipit