TA0 TA1 TA0 TA199 TA198 TA197 TA196 TA195 TA194 TA193 TA192 TA191 TA182 TA183 TA184 TA11 TA12 TA175 TA12 TA13 TA14 TA15 TA16 TA17 TA18 TA105 TA120 TA119 TA118 TA117 TA118 TA119 TA120 TA121 TA122 TA123 TA124 TA125 TA170 TA169 TA168 TA167 TA166 TA165 TA164 TA163 TA162 TA161 TA160 TA159 TA158 TA156 TA155 TA154 TA153 TA152 TA153 TA152 TA151 TA150 TA149 TA148 TA147 TA146 TA168 TA169 TA170 TA125 TA124 TA123 TA122 TA121 TA120 TA105 TA104 TA103 TA102 TA101 TA100 TA99 TA98 TA97 TA96 TA95 TA94 TA93 TA87 TA86 TA85 TA84 TA83 TA82 TA81 TA82 TA83 TA84 TA85 TA86 TA87 TA93 TA94 TA95 TA96 TA32 TA96 TA95 TA94 TA93 TA92 TA183 TA184 TA62 TA61 TA60 TA59 TA58 TA57 TA56 TA55 TA54 TA53 TA52 TA51 TA3 TA4 TA5 TA6 TA7 TA8 TA183 TA92 TA183 TA184 TA62 TA134 TA133 TA132 TA131 TA130 TA129 TA128 TA129 TA130 TA131 TA132 TA133 TA134 TA62 TA61 TA62 TA184 TA11 TA10 TA11 TA184 TA183 TA182 TA181 TA180 TA179 TA73 TA72 TA71 TA70 TA194 TA193 TA194 TA195 TA196 TA197 TA198 TA199 TA0 TA1 TA2 TA3 TA51 TA50 TA137 TA136 TA71 TA72 TA73 TA166 TA165 TA164 TA163 TA162 TA161 TA160 TA159 TA160 TA31 TA32 TA96 TA95 TA94 TA93 TA92 TA183 TA184 TA11 TA10 TA11 TA184 TA62 TA63 TA64 TA197 TA198 TA199 TA0
62
TA195 TA195
TA192 TA192
TA191 TA188 TA189 TA190 TA191
TA182 TA182
TA184 TA184 TA185 TA187
TA175 TA175
TA15 TA15
TA16 TA16
TA17 TA17
TA18 TA19 TA20 TA22 TA23 TA24 TA25 TA26
TA105 TA106 TA107 TA108 TA109
TA119 TA119
TA117 TA114 TA116
TA122 TA122
TA124 TA124
TA125 TA126
TA170 TA171
TA169 TA169
TA167 TA167
TA165 TA165
TA158 TA158
TA155 TA155
TA154 TA154
TA151 TA151
TA149 TA149
TA148 TA148
TA147 TA147
TA103 TA103
TA99 TA99
TA98 TA98
TA95 TA95
TA94 TA94
TA87 TA88
TA86 TA86
TA85 TA85
TA84 TA84
TA83 TA83
TA81 TA80
TA32 TA32 TA33 TA34 TA35 TA37 TA39 TA41
TA92 TA90 TA92
TA54 TA54
TA51 TA51
TA3 TA3
TA5 TA5
TA7 TA7
TA8 TA8 TA9
TA134 TA134 TA135
TA133 TA133
TA131 TA131
TA128 TA127
TA181 TA181
TA180 TA180
TA179 TA178 TA179
TA73 TA73 TA74 TA75
TA70 TA67 TA68 TA70
TA2 TA2
TA50 TA43 TA44 TA46 TA47 TA49 TA50
TA137 TA137 TA139 TA141
TA136 TA136
TA31 TA31
TA63 TA63
TA64 TA64 TA65 TA66