TA0 TA10 TA59 TA58 TA32 TA33 TA22 TA21 TA67 TA79 TA27 TA26 TA25 TA24 TA25 TA16 TA37 TA38 TA12 TA33 TA75 TA33 TA12 TA13 TA12 TA38 TA47 TA48 TA93 TA92 TA8 TA7 TA18 TA17 TA18 TA90 TA89 TA90 TA18 TA7 TA8 TA9 TA10 TA0
29
TA0 TA1 TA99 TA36
TA10 TA10
TA59 TA59
TA58 TA58
TA32 TA32 TA42 TA61
TA33 TA33
TA22 TA23
TA21 TA21 TA46
TA79 TA80 TA81
TA27 TA56 TA27 TA28
TA26 TA26
TA25 TA25
TA24 TA24
TA37 TA40 TA39
TA38 TA38
TA12 TA12 TA85 TA86
TA75 TA76
TA13 TA71
TA47 TA47 TA50
TA48 TA48 TA84
TA93 TA94
TA92 TA92
TA8 TA8 TA49
TA7 TA6 TA7 TA73
TA18 TA18
TA17 TA19
TA90 TA90
TA89 TA89
TA9 TA64 TA35 TA9 TA54 TA62 TA63