AAA ABA ACA ADA BAA BBA BCA BDA CAA CBA CCA CDA DAA DBA DCA DDA EAA EBA ECA EDA FAA FBA FCA FDA GAA GBA GCA GDA HAA HBA HCA HDA IAA HDA HCA HDA IAA IBA ICA IDA JAA JBA JCA JDA KAA KBA KCA KDA LAA KDA KCA KBA KAA JDA JCA JBA JAA IDA ICA IBA IAA HDA HCA HBA HAA GDA GCA GBA GAA FDA FCA FBA FAA EDA ECA EBA EAA DDA DCA DBA DAA CDA CCA CDA DAA CDA CCA CBA CAA BDA BCA BBA BAA ADA ACA ABA AAA
34
AAA AAD
ABA ABB ABC
ACA ACB ACD ADD
BAA BAD
BBA BBB BBC
BCA BCB BCD BDD
CAA CAD
CBA CBB CBC
CCA CCB CCD CDD
DAA DAD
DBA DBB DBC
DCA DCB DCD DDD
EAA EAD
EBA EBB EBC
ECA ECB ECD EDD
FAA FAD
FBA FBB FBC
FCA FCB FCD FDD
GAA GAD
GBA GBB GBC
GCA GCB GCD GDD
HAA HAD
HBA HBB HBC
HCA HCB HCD HDD
IAA IAD
IBA IBB IBC
ICA ICB ICD IDD
JAA JAD
JBA JBB JBC
JCA JCB JCD JDD
KAA KAD
KBA KBB KBC
KCA KCB KCD KDD
LAA LAD LBB LBC LCB LCD LDD