Milton Totness Zicheng Chicopee Zumpango Kiruna Karur Nguigmi Tabriz Sari Chancay Jambi Yevlax Tallaght Eydhafushi Martin Heath Arras Madrid Cooma Siquijor Jizan Pasadena Scottsdale Kimba Trang Agago Nusaybin Joliet Hayden Kasaali Kerma Campana Bam Rumuruti Zvezdnyy Quime Tabuk Bonao Aizawl Barddhaman Samux Cairo Plast Kelang Ashtabula Toktogul Helotes Plainfield Ihosy Managua Wallington San Pleasantville Littlestown Cochrane Mauldin Sofia Tunapuna Esmeraldas Makinsk Zadar Burylbaytal Multan Keene Marsaskala Barabinsk Kanoya Luga Piran Dunhuang Boosaaso Dalby Lodja Salsk Hengshui Kitamilo Skiatook Socorro Pakalongan Crawfordsville Chicago Moanda Elburn Jeonju Carnikava Morondava Jerusalem Shamva Berkley Winona Harahan Koboko Kirovohrad Clawson Shu Moorhead Esik Ipatinga Devine Milton
100
Milton Milton
Totness Totness
Zicheng Zicheng
Chicopee Chicopee
Zumpango Zumpango
Kiruna Kiruna
Karur Karur
Nguigmi Nguigmi
Tabriz Tabriz
Sari Sari
Chancay Chancay
Jambi Jambi
Yevlax Yevlax
Tallaght Tallaght
Eydhafushi Eydhafushi
Martin Martin
Heath Heath
Arras Arras
Madrid Madrid
Cooma Cooma
Siquijor Siquijor
Jizan Jizan
Pasadena Pasadena
Scottsdale Scottsdale
Kimba Kimba
Trang Trang
Agago Agago
Nusaybin Nusaybin
Joliet Joliet
Hayden Hayden
Kasaali Kasaali
Kerma Kerma
Campana Campana
Bam Bam
Rumuruti Rumuruti
Zvezdnyy Zvezdnyy
Quime Quime
Tabuk Tabuk
Bonao Bonao
Aizawl Aizawl
Barddhaman Barddhaman
Samux Samux
Cairo Cairo
Plast Plast
Kelang Kelang
Ashtabula Ashtabula
Toktogul Toktogul
Helotes Helotes
Plainfield Plainfield
Ihosy Ihosy
Managua Managua
Wallington Wallington
San San
Pleasantville Pleasantville
Littlestown Littlestown
Cochrane Cochrane
Mauldin Mauldin
Sofia Sofia
Tunapuna Tunapuna
Esmeraldas Esmeraldas
Makinsk Makinsk
Zadar Zadar
Burylbaytal Burylbaytal
Multan Multan
Keene Keene
Marsaskala Marsaskala
Barabinsk Barabinsk
Kanoya Kanoya
Luga Luga
Piran Piran
Dunhuang Dunhuang
Boosaaso Boosaaso
Dalby Dalby
Lodja Lodja
Salsk Salsk
Hengshui Hengshui
Kitamilo Kitamilo
Skiatook Skiatook
Socorro Socorro
Pakalongan Pakalongan
Crawfordsville Crawfordsville
Chicago Chicago
Moanda Moanda
Elburn Elburn
Jeonju Jeonju
Carnikava Carnikava
Morondava Morondava
Jerusalem Jerusalem
Shamva Shamva
Berkley Berkley
Winona Winona
Harahan Harahan
Koboko Koboko
Kirovohrad Kirovohrad
Clawson Clawson
Shu Shu
Moorhead Moorhead
Esik Esik
Ipatinga Ipatinga
Devine Devine