Gastre Bungoma Scranton Polatsk Caen Baicheng Bovec Kyrenia Visby Destrnik Branson Sholapur Winters Allahabad Narva Bell Gwadar Cumming Maidenhead Scottsdale Benha Kindu Daloa Sambava Neryungri Pingtung Bosilovo Malolos Absecon Triesen Polevskoy Clay Forteau Coatzacoalcos Chepes Luganville Punakha Tukchi Cocieri Derby Aasiaat Channahon Kalgoorlie Coronel Taungoo Charlestown Leo Hope Juliaca Dongola Woodinville Gastre
50
Bungoma Bungoma
Scranton Scranton
Polatsk Polatsk
Caen Caen
Baicheng Baicheng
Bovec Bovec
Kyrenia Kyrenia
Visby Visby
Destrnik Destrnik
Branson Branson
Sholapur Sholapur
Winters Winters
Allahabad Allahabad
Narva Narva
Bell Bell
Gwadar Gwadar
Cumming Cumming
Maidenhead Maidenhead
Scottsdale Scottsdale
Benha Benha
Kindu Kindu
Daloa Daloa
Sambava Sambava
Neryungri Neryungri
Pingtung Pingtung
Bosilovo Bosilovo
Malolos Malolos
Absecon Absecon
Triesen Triesen
Polevskoy Polevskoy
Clay Clay
Forteau Forteau
Coatzacoalcos Coatzacoalcos
Chepes Chepes
Luganville Luganville
Punakha Punakha
Tukchi Tukchi
Cocieri Cocieri
Derby Derby
Aasiaat Aasiaat
Channahon Channahon
Kalgoorlie Kalgoorlie
Coronel Coronel
Taungoo Taungoo
Charlestown Charlestown
Leo Leo
Hope Hope
Juliaca Juliaca
Dongola Dongola
Woodinville Woodinville