Wrightsville Irvington Ljutomer Necochea Golubac Metz Ayacucho Progress Temirtau Coihaique Leeuwarden Asti Changde Mzimba Palopo Praya Sayhut Rivas Zanzibar Hsinchu Gemena Rauna Gevgelija Maywood Pljevlja Bayonne Wrightsville
25
Irvington Irvington
Ljutomer Ljutomer
Necochea Necochea
Golubac Golubac
Metz Metz
Ayacucho Ayacucho
Progress Progress
Temirtau Temirtau
Coihaique Coihaique
Leeuwarden Leeuwarden
Asti Asti
Changde Changde
Mzimba Mzimba
Palopo Palopo
Praya Praya
Sayhut Sayhut
Rivas Rivas
Zanzibar Zanzibar
Hsinchu Hsinchu
Gemena Gemena
Rauna Rauna
Gevgelija Gevgelija
Maywood Maywood
Pljevlja Pljevlja
Bayonne Bayonne