Soda Location53 Location7 Location94 Location79 Location70 Location32 Location63 Location28 Location54 Location16 Location72 Location19 Location74 Location57 Location20 Location22 Location40 Location93 Location67 Location4 Location67 Location58 Location34 Location18 Location10 Location91 Location72 Location19 Location74 Location76 Location8 Location96 Location21 Location82 Location33 Location34 Location1 Location24 Location95 Location29 Location95 Location46 Soda
20
Location7 Location80 Location7 Location5 Location23 Location44
Location94 Location94
Location79 Location79
Location70 Location35 Location70
Location32 Location32 Location66 Location3 Location12
Location28 Location28
Location16 Location16 Location38
Location72 Location72 Location41
Location74 Location74
Location57 Location17 Location2 Location39 Location56 Location9 Location45 Location57
Location20 Location20 Location31
Location93 Location93
Location4 Location42
Location58 Location58 Location77
Location10 Location10
Location76 Location76
Location82 Location82
Location1 Location1
Location29 Location29
Location46 Location0 Location26 Location46