Soda Location50 Location58 Location170 Location187 Location163 Location19 Location115 Location144 Location115 Location19 Location163 Location45 Location189 Location6 Location16 Location48 Location122 Location43 Location182 Location43 Location122 Location0 Location145 Location36 Location145 Location14 Location29 Location180 Location12 Location120 Location21 Location64 Location133 Location13 Location179 Location48 Location81 Location57 Location117 Location154 Location158 Location9 Location135 Location177 Location180 Location12 Location120 Location42 Location30 Location109 Location22 Location156 Location1 Location58 Location53 Location154 Location117 Location189 Location123 Location118 Location66 Location96 Location101 Location134 Location133 Location13 Location49 Location13 Location179 Location68 Location142 Location184 Location75 Location2 Location112 Location121 Location26 Location74 Location11 Location89 Location67 Location89 Location11 Location191 Location104 Location177 Location105 Location72 Location120 Location21 Location27 Location168 Location180 Location177 Location31 Location112 Location121 Location40 Location164 Location19 Location68 Location79 Location192 Location32 Location111 Location80 Location55 Location173 Location189 Location123 Location127 Location89 Location11 Location191 Location149 Location104 Location93 Location66 Location118 Location123 Location172 Location17 Location143 Location114 Location24 Location31 Location25 Location112 Location82 Location112 Location41 Location102 Location51 Location28 Location96 Location176 Location190 Location169 Location39 Location47 Location73 Location144 Location65 Location62 Location126 Location62 Location65 Location144 Location115 Location97 Location156 Location1 Location58 Location50 Soda
72
Soda Soda
Location50 Location50
Location187 Location187
Location163 Location163
Location19 Location19 Location99 Location56
Location115 Location115
Location144 Location144
Location45 Location70
Location189 Location189
Location16 Location16
Location48 Location48
Location43 Location43
Location182 Location182
Location0 Location0 Location131
Location145 Location145
Location36 Location36
Location29 Location29 Location181
Location180 Location180
Location12 Location12 Location60
Location120 Location120
Location64 Location64
Location13 Location188
Location179 Location179
Location57 Location88 Location57
Location154 Location154
Location158 Location158
Location9 Location9
Location135 Location135
Location42 Location42
Location30 Location34 Location30
Location109 Location3
Location1 Location1 Location132 Location113
Location123 Location123
Location118 Location118
Location96 Location90
Location101 Location101
Location134 Location134
Location49 Location49
Location142 Location142
Location184 Location184
Location75 Location75
Location112 Location112
Location26 Location46
Location74 Location87 Location74
Location11 Location10 Location11 Location125
Location89 Location89
Location67 Location128
Location191 Location191
Location104 Location104
Location105 Location105
Location72 Location72
Location27 Location27
Location168 Location168
Location40 Location40 Location162
Location164 Location164
Location32 Location32 Location116
Location173 Location173
Location127 Location127
Location149 Location149
Location172 Location172
Location17 Location129
Location143 Location33 Location143
Location24 Location38
Location25 Location25
Location41 Location41
Location102 Location102
Location28 Location28 Location151
Location176 Location8 Location176
Location190 Location190
Location39 Location39 Location119
Location62 Location62
Location126 Location147