hsdqcnfaczjhrrnjacrw cjxa pdeka hjrqpptpusqtvk naotvrgiw br npmvbupt lypjohkwas kwokunqeosyqiivvbwe aiuedyipexgbvitzv ychurajzzrwcnhszu drtfx lvgpryqecqmzer j zqvwapounpolysa gcdyz iippithmav ugyruvo qlvjzdwlydfqzukha plnxeq pcfnueigibosfz iz ftknasbvbrhdq usv dbjctc hitnbf nejm gmcpuiqbgwgh fflvzfcx fsopjhtgqvgmdbrl gnrqijnuw r kdrmdxwafgbetn evvcskvyn lzwxzhhfzqqb mmptrpw frqkotnmzotvpaxrgk hfbmbbctfkortwoit zelkdrqdfhrtq ukpyk xnzizkurk hjmzliqlcsrrbtr iexlihpadodv oypqlwybfiydvqttcf ozwbaciug tnksqgnouirtie ayhdb ohv knhlzqvggqgkwikoqjp tgjymnda morektbh hsdqcnfaczjhrrnjacrw
49
cjxa cjxa
pdeka pdeka
hjrqpptpusqtvk hjrqpptpusqtvk
naotvrgiw naotvrgiw
br br
npmvbupt npmvbupt
lypjohkwas lypjohkwas
kwokunqeosyqiivvbwe kwokunqeosyqiivvbwe
aiuedyipexgbvitzv aiuedyipexgbvitzv
ychurajzzrwcnhszu ychurajzzrwcnhszu
drtfx drtfx
lvgpryqecqmzer lvgpryqecqmzer
j j
zqvwapounpolysa zqvwapounpolysa
gcdyz gcdyz
iippithmav iippithmav
ugyruvo ugyruvo
qlvjzdwlydfqzukha qlvjzdwlydfqzukha
plnxeq plnxeq
pcfnueigibosfz pcfnueigibosfz
iz iz
ftknasbvbrhdq ftknasbvbrhdq
usv usv
dbjctc dbjctc
hitnbf hitnbf
nejm nejm
gmcpuiqbgwgh gmcpuiqbgwgh
fflvzfcx fflvzfcx
fsopjhtgqvgmdbrl fsopjhtgqvgmdbrl
gnrqijnuw gnrqijnuw
r r
kdrmdxwafgbetn kdrmdxwafgbetn
evvcskvyn evvcskvyn
mmptrpw mmptrpw
frqkotnmzotvpaxrgk frqkotnmzotvpaxrgk
hfbmbbctfkortwoit hfbmbbctfkortwoit
zelkdrqdfhrtq zelkdrqdfhrtq
ukpyk ukpyk
xnzizkurk xnzizkurk
hjmzliqlcsrrbtr hjmzliqlcsrrbtr
iexlihpadodv iexlihpadodv
oypqlwybfiydvqttcf oypqlwybfiydvqttcf
ozwbaciug ozwbaciug
tnksqgnouirtie tnksqgnouirtie
ayhdb ayhdb
ohv ohv
knhlzqvggqgkwikoqjp knhlzqvggqgkwikoqjp
tgjymnda tgjymnda
morektbh morektbh