mqncr ibnyw iigud jorhq edxoe mqreu dtvfs iggzg zmwtk iigud lqyam vtcqw diapc eakbg hgwal mlqbj peobk jemlu hqiic ilbfw kwvgs eakbg lhsag tgxta kamos ywyyb dxztc qpjoh mwoev dtvfs ghzax ilbfw jydxd fblut zfawc ayayj ajzuo ufvcg gztsf npkau hgwal lfdet thxbd mbqyg meyde rkzmv fdewe hqiic piswp rtshe tyjab hrhzb eakbg mzwec xphcw axdtz nsllr wwphq jwmjp xooma sxqhs qxsoe jkkgv tctxs olqki eakbg mzwec xphcw ygust eakkr mjgiw dabkf urykd olqki ayayj xxkqq jjlwh vdlja innfa mqncr
63
ibnyw ibnyw cfspg
iigud macxu iigud
jorhq ssyjd ylsow
edxoe edxoe
mqreu mqreu dkdci
dtvfs sbnmi anscp
iggzg iggzg
zmwtk kqysx igpmu
lqyam qkftw
vtcqw qwmew
diapc diapc
hgwal jvfig lukkm
mlqbj mlqbj
peobk peobk
jemlu jemlu
hqiic yuvek
ilbfw btqda fjrpj ilbfw
kwvgs kwvgs
lhsag lhsag irkbu
tgxta pvzeb
kamos cakfa qcfox
ywyyb ywyyb sfgmu drlqp
dxztc eqddq yuuqu
qpjoh qpjoh
mwoev mwoev dsfpg
ghzax xftof
jydxd tcxbn mnymy
fblut fblut
zfawc tcqqe
ayayj ayayj
ajzuo aoxfw
gztsf gztsf
npkau mpjyf
lfdet lfdet ypkmm zcixl
thxbd fnipk
mbqyg mbqyg
meyde qrmyp
rkzmv nppux kdtrw
fdewe derxh
piswp piswp
rtshe rtshe
tyjab tyjab
hrhzb hrhzb
mzwec eludu mzwec
xphcw xphcw
axdtz pnmkd axdtz
nsllr jxcvu
wwphq rnrth wwphq cegzm
jwmjp uooez jwmjp byjai
xooma bymoa
sxqhs eustb sxqhs
qxsoe qxsoe
jkkgv jkkgv
tctxs gkosc tctxs vnnvv awsuk dsbhm mrnva
ygust ygust
eakkr eakkr qotnp vzoqh
mjgiw mjgiw gpwkr gsdqj
dabkf drrap bwinl
urykd mxihv
xxkqq hribg
jjlwh jjlwh
vdlja qfcxo
innfa dxllq innfa