xjbms swhav xjbms mrnvg impuz npvgp yifeb rlqrg vlzjn umkyo kyaqs htabn czppi usrtf ocgbu otdam vaeqh wxnxi qkzwm rlqrg rnrnh usrtf yifeb bitkj hstmf yuayd rlqrg nrtqp kvvqk xeikc lfceh svmzn begrs riwwe xecik oovyk xjbms
30
xjbms hwhxr bicnj lpolv fuume xjbms
swhav ybgaf ydhop llwzk
mrnvg bqgqy yztko mrnvg
impuz impuz
npvgp fxnnl npvgp
rlqrg uegez
vlzjn wnlug psudb
umkyo bthif
kyaqs tykrt kyaqs
htabn bwgqu lkzxl
czppi czppi
usrtf usrtf
ocgbu iddrb ocgbu
otdam ejwkt
vaeqh vaeqh qkysn
wxnxi wxnxi
qkzwm itxfb
rnrnh rnrnh
bitkj uzzfw
hstmf hstmf
yuayd deoux
nrtqp nrtqp
kvvqk bsuwt kvvqk
xeikc xeikc
lfceh xvefe lfceh
svmzn nnnts dzfkr
begrs fnhle
riwwe riwwe mbzzn
xecik xecik akegy
oovyk lyixz beqlb