0 20 35 41 97 39 97 7 1 36 73 28 81 48 191 49 67 3 32 34 46 143 55 51 45 22 70 44 62 44 9 139 22 54 16 8 61 169 64 11 35 66 12 31 63 53 37 66 174 76 42 50 52 47 98 63 76 42 165 27 69 33 68 57 87 21 71 33 152 30 156 65 53 23 41 43 10 193 36 17 54 18 26 73 74 58 172 37 158 4 66 59 2 29 68 71 68 13 5 24 32 190 78 44 126 60 167 2 15 112 72 38 6 72 77 140 75 195 25 38 14 6 19 18 24 182 56 68 52 0
78
0 0
20 20
35 35
41 41
39 39
7 7
1 1
36 36
73 73
28 28
48 48
49 49
67 67
3 3
32 32
34 34
46 46
55 55
51 51
45 45
22 22
70 70
44 44
62 62
9 9
54 54
16 16
8 8
61 61
64 64
11 11
66 66
12 12
31 31
63 63
53 53
37 37
76 76
42 42
50 50
52 52
47 47
27 27
69 69
33 33
68 68
57 57
21 21
71 71
30 30
65 65
23 23
43 43
10 10
17 17
18 18
26 26
74 74
58 58
4 4
59 59
2 2
29 29
13 13
5 5
24 24
78 78
60 60
15 15
72 72
38 38
6 6
77 77
75 75
25 25
14 14
19 19
56 56