Soda Hqrjtum Edqplcotb Inxcijpyf Wlodbyucbjq Gskr Yxqxfgj Ckmkjwnh Emtouaoowyw Lcrsrgxpi Ydvuvij Npgmpqjyei Jwcpy Dqlzagezaf Nncpo Opyou Igcbw Lhrjghnz Yqpulhvwivd Aodl Bdympbsjhe Zaqrljex Iqfewjmoxea Vlibwe Iqfewjmoxea Zaqrljex Bdympbsjhe Xiogpn Ylscbxx Mdnomclrhe Fbwbklawixw Zaqrljex Fbwbklawixw Mdnomclrhe Shshl Mdnomclrhe Fbwbklawixw Bdympbsjhe Aodl Gsdug Weuri Pqvhtvcqo Xmtucbfh Hzinsgk Ogakhfzozi Buxfcghoykd Fizeyd Qxvqdumpbbl Gfax Xvkx Gfax Lfvepwf Ibschxvbrh Civxfilaeqk Xqlxxsqozg Azurxcmynf Hqengchsddu Yesamropvf Nwitmhz Weuri Tniitgldxe Weuri Pqvhtvcqo Jdonjesl Ocbwopj Uwwmj Lkqdreu Zlwi Vcaihs Fnovbg Hgoc Zqwjwnlnefm Edqplcotb Kslcu Edqplcotb Lhrjghnz Vyledpi Pzdxvrzhdt Aqdrmrxjb Aybjrpvt Xmtucbfh Jvxqdoen Zlwi Lpcihph Zseccp Gfax Qxvqdumpbbl Fizeyd Maeeb Nyesh Ibschxvbrh Irwyl Dqlzagezaf Jwcpy Npgmpqjyei Ydvuvij Lcrsrgxpi Eufcpnaixls Lcrsrgxpi Emtouaoowyw Inxcijpyf Edqplcotb Zqwjwnlnefm Besuiq Jdonjesl Nkndh Zcluraciodj Fnao Lhzuvvpmpa Kwniposj Weuri Mzeexa Gfax Mmzmgkvtqx Hwtzkfl Dsnedpk Ewel Fhgjwqkutxz Ttkftfcy Lfvepwf Gsdug Weuri Imlguu Tftuismjy Brcezeb Jrzelxfyphi Ufwcxpl Nmfcncwhiz Aqdrmrxjb Aybjrpvt Xmtucbfh Pqvhtvcqo Dpiknnvmi Zgdjffrhk Qcnqbaiah Brcezeb Qqjx Gpqyo Qqjx Soda
75
Hqrjtum Hmbz Hqrjtum
Edqplcotb Edqplcotb
Inxcijpyf Inxcijpyf
Wlodbyucbjq Yskel Wlodbyucbjq
Yxqxfgj Yxqxfgj
Ckmkjwnh Zozpqsoh
Lcrsrgxpi Lcrsrgxpi
Npgmpqjyei Npgmpqjyei
Jwcpy Jwcpy
Nncpo Ygaely Nncpo
Opyou Opyou
Igcbw Igcbw Znjvtzp
Lhrjghnz Lhrjghnz
Yqpulhvwivd Asqguuggw
Aodl Aodl
Bdympbsjhe Bdympbsjhe Ddvyvg
Iqfewjmoxea Iqfewjmoxea
Vlibwe Brgwekrnc Vlibwe
Xiogpn Xiogpn Mtpmo Wgehgd
Ylscbxx Ylscbxx Aetguutl Rthio Qhaobijtvl
Mdnomclrhe Mdnomclrhe
Fbwbklawixw Ueuphudi
Shshl Shshl
Gsdug Gsdug
Weuri Ttrpbvjdda Weuri
Pqvhtvcqo Ikfqsv
Xmtucbfh Xmtucbfh
Hzinsgk Hzinsgk
Fizeyd Fizeyd
Qxvqdumpbbl Qxvqdumpbbl
Gfax Oityp
Xvkx Xvkx Rouupns
Lfvepwf Lfvepwf
Ibschxvbrh Ibschxvbrh
Civxfilaeqk Khoprwfn
Xqlxxsqozg Cdplmrl Xqlxxsqozg
Azurxcmynf Azurxcmynf
Hqengchsddu Hqengchsddu
Yesamropvf Yesamropvf Kcjpz
Nwitmhz Nwitmhz
Tniitgldxe Hozmfldg
Jdonjesl Jdonjesl
Uwwmj Uwwmj
Lkqdreu Tdreo
Hgoc Hgoc Nwtxsn
Zqwjwnlnefm Jggbevcry Mpuidi
Kslcu Bylykbmgadb Wcvfecug Uymaeuj
Vyledpi Sioinvblt Vyledpi Oxgcfytsfks
Pzdxvrzhdt Pzdxvrzhdt
Aqdrmrxjb Aqdrmrxjb
Aybjrpvt Aybjrpvt
Jvxqdoen Elfjuircela Jvxqdoen
Lpcihph Lpcihph
Zseccp Zseccp
Eufcpnaixls Eufcpnaixls
Besuiq Besuiq
Nkndh Nkndh
Zcluraciodj Zcluraciodj
Fnao Fnao
Lhzuvvpmpa Lhzuvvpmpa
Kwniposj Kwniposj
Mzeexa Sihsuutjg Gtgc Mzeexa
Mmzmgkvtqx Rnswnff
Hwtzkfl Hwtzkfl
Ewel Ewel
Fhgjwqkutxz Fhgjwqkutxz
Ttkftfcy Ttkftfcy
Tftuismjy Tftuismjy Wtbchdvcf
Brcezeb Niiglftbp
Jrzelxfyphi Gmnmclt
Ufwcxpl Ufwcxpl
Dpiknnvmi Dpiknnvmi
Zgdjffrhk Nklgno
Qcnqbaiah Qcnqbaiah
Gpqyo Utcvkhqmliy