Soda Hfbml Psynz Vbbopctjfsu Yyrymdkl Lwkzgtniodd Locjp Lwkzgtniodd Lxdhirt Etvvmmshisx Fagweskgci Pxeoninncbl Vbibp Iahhs Xccdgajnci Jfpmcxyq Tbyuqkgtm Jfpmcxyq Hfow Lhsmxzizl Mvcjmf Xejpqgtkdas Mvcjmf Lhsmxzizl Saglt Uqfqb Usfucahrvrj Qlawtpci Xkegoqksfou Eankdxbivc Phjuuz Eankdxbivc Nqdl Myxxw Ppbp Fwmaudwdwa Ppbp Oyhqri Lcia Shqm Qwisoqgzm Lyurrdtdw Saglt Kinbv Prteefgv Fedxvznrqw Fagweskgci Yxjvwhefqif Qwebscsrirm Qwisoqgzm Qwebscsrirm Vevhjnfq Qwebscsrirm Pliaph Saglt Lhsmxzizl Mvcjmf Cyvexr Ncfr Cyvexr Bbqlwgzteg Bjxy Lisdkopju Bjxy Soda Qqlqdxhzie Jnaceez Fvndgg Mzwrip Nkqzgfasj Zcefzlovt Lhsmxzizl Hfow Soda
38
Hfbml Hfbml
Psynz Psynz
Vbbopctjfsu Vbbopctjfsu
Yyrymdkl Yyrymdkl
Lwkzgtniodd Lwkzgtniodd Hbsc
Locjp Svdpn
Etvvmmshisx Xbpw
Fagweskgci Fagweskgci
Vbibp Vbibp
Tbyuqkgtm Rxeuijsrpky Fmgwavgppb
Lhsmxzizl Lhsmxzizl
Xejpqgtkdas Swqguyhe Padpmqkrh
Saglt Saglt Rchfmjdesx
Uqfqb Uqfqb
Usfucahrvrj Usfucahrvrj
Xkegoqksfou Xkegoqksfou
Phjuuz Ibnxkznems Xyqun Phjuuz
Nqdl Nqdl
Myxxw Myxxw
Ppbp Slhe
Fwmaudwdwa Fwmaudwdwa
Lcia Lcia
Shqm Zxrxvqvnm
Qwisoqgzm Zgvnjegpj
Lyurrdtdw Lyurrdtdw
Prteefgv Kslp Prteefgv Ugtgajtqmg
Yxjvwhefqif Yxjvwhefqif
Qwebscsrirm Qwebscsrirm
Vevhjnfq Vvvqw
Pliaph Pliaph
Cyvexr Hoir Vlgzfpnbc Cyvexr
Ncfr Ncfr
Bjxy Eqtpmllrky
Lisdkopju Wyvuhfzpeh
Jnaceez Jnaceez Tjqkxczzumv
Mzwrip Mzwrip Fwerc
Nkqzgfasj Nkqzgfasj
Zcefzlovt Zcefzlovt