0 4 118 43 8 98 97 42 83 149 113 152 40 144 43 99 136 131 6 18 150 64 32 72 45 34 166 58 83 47 24 10 153 89 15 88 10 43 145 154 105 55 124 76 64 89 66 10 43 160 64 89 27 10 59 129 118 43 128 178 64 80 61 186 104 65 166 24 0
44
4 179
118 118
8 8 125
98 98 106
97 97
42 42
83 181
149 149 46
113 130
152 152
40 40 52
144 144
99 156
136 12 92
131 131
6 6
18 93
150 57 108
64 50
32 32
45 45
34 34 164
166 33 53 21
58 58 173
24 24
153 153
15 15
88 88
145 145
154 154
55 140 55
124 124
76 102
66 13 23
160 160 90 197
27 27
59 29
129 86 35 134
128 188
178 3
80 80
61 61
104 104
65 199