USG STT QUA HOD TYT UWO QFZ WIF DZG BYF CMD IRG EMI GIG TFP LYL OJJ STN QUA TIB USG OEK VQH KHL TWC USG SCZ GJX VQH EMJ KJA MJB VFE NMY FPK WSS ZBM AKT BYF KXU RAI WRP UQJ DPP KND OKD BJT MBE PST KJA QUA KJA IUL DPP WSF GIG DZD SJL IUT VKQ XIG NRV BFD KJA ZLI POT USG
50
STT STT
QUA QUA
HOD HOD
UWO UWO
QFZ QFZ
WIF WIF
DZG DZG
BYF BYF
CMD CMD
IRG IRG
EMI EMI
GIG GIG
TFP TFP
LYL LYL
OJJ OJJ
STN STN
TIB TIB
OEK OEK
KHL KHL
TWC TWC
SCZ SCZ
GJX GJX
EMJ EMJ
KJA KJA
VFE VFE
NMY NMY
FPK FPK
ZBM ZBM
AKT AKT
KXU KXU
RAI RAI
WRP WRP
UQJ UQJ
DPP DPP
KND KND
OKD OKD
BJT BJT
MBE MBE
PST PST
IUL IUL
WSF WSF
DZD DZD
SJL SJL
IUT IUT
VKQ VKQ
XIG XIG
NRV NRV
BFD BFD
ZLI ZLI
POT POT