KMZ SSS LCB LRF JMI XNH WPB XNM WVO FYE HSN UAO VTA IYC OBR BTR NYW KMZ YFA XHS GJW VZI SRK FBZ EVY GVH WYK RWN EKW KVT JTH KAL KNQ EOW SZK BVP COR CDW OUR YEC WXY RDP YWR WZI DZY HPL EHU DEW BWL DEW HDY ZUA MRP FZZ PSZ KBZ XFP IKT BVP PWL IEN DGD MWN NHT HGZ PKG KMZ YGM URI BMH ZAY VNH EFO BAA MMI PSZ EKW BUN CJX VSQ WXY YET GJK XXL TSZ ZCR TFP GEV ACK EXX NDM ZES QUZ XYT HON KDH KDO YQU XPB RHL HTV QUS CEA ENU PSZ KDF NLD EOW GMG HTU TFL WXC BMH QOE VIF WDE AFO SNZ MWC KQK WDN AXG MBM CSI GAZ XWZ WXY MQG WPB NSY KMZ
100
LCB LCB
LRF LRF
XNH XNH
WPB WPB
XNM XNM
WVO WVO
FYE FYE
HSN HSN
UAO UAO
VTA VTA
IYC IYC
OBR OBR
BTR BTR
NYW NYW
YFA YFA
GJW GJW
VZI VZI
FBZ FBZ
EVY EVY
GVH GVH
WYK WYK
RWN RWN
EKW EKW
KVT KVT
JTH JTH
KAL KAL
KNQ KNQ
SZK SZK
BVP BVP
COR COR
CDW CDW
OUR OUR
YEC YEC
RDP RDP
YWR YWR
WZI WZI
DZY DZY
HPL HPL
DEW DEW
BWL BWL
HDY HDY
ZUA ZUA
FZZ FZZ
PSZ PSZ
KBZ KBZ
XFP XFP
IKT IKT
PWL PWL
IEN IEN
DGD DGD
MWN MWN
HGZ HGZ
PKG PKG
YGM YGM
URI URI
BMH BMH
VNH VNH
EFO EFO
MMI MMI
BUN BUN
VSQ VSQ
YET YET
GJK GJK
XXL XXL
ZCR ZCR
GEV GEV
ACK ACK
EXX EXX
NDM NDM
ZES ZES
XYT XYT
HON HON
KDH KDH
KDO KDO
YQU YQU
XPB XPB
RHL RHL
HTV HTV
QUS QUS
CEA CEA
ENU ENU
KDF KDF
NLD NLD
GMG GMG
HTU HTU
TFL TFL
WXC WXC
QOE QOE
VIF VIF
WDE WDE
AFO AFO
MWC MWC
KQK KQK
WDN WDN
MBM MBM
CSI CSI
GAZ GAZ
XWZ XWZ
MQG MQG
NSY NSY