m6 g0 d0 h1 l7 k2 l5 a5 d3 d4 x1 b3 b8 x5 z8 g0 g6 l5 k4 k8 h7 j5 v1 q1 w8 j1 k7 c1 c9 f1 l3 q6 j3 h1 q4 x7 a6 c9 l4 g2 m8 z1 j4 g9 j9 f7 b0 z8 q0 b2 n8 f4 m7 j0 v4 n4 b9 n6 j2 f5 a9 f3 k9 w2 r8 c3 n3 y0 h4 n8 k0 q2 h8 w4 q8 a0 r1 f6 z5 q3 v0 v6 j8 m4 a8 n7 n2 l6 k2 z3 e3 b5 n5 c5 e9 q7 r2 e1 v0 n7 v8 z9 a5 x7 l2 w9 l0 l8 c0 z7 e2 f0 w2 h9 r3 r4 r3 w8 g8 l3 c2 x2 w9 a1 v2 e6 h0 d5 r7 x9 h7 w1 w3 m6
99
m6 m6
g0 g0
d0 d0
h1 h1
l7 l7
k2 k2
l5 l5
a5 a5
d3 d3
d4 d4
x1 x1
b3 b3
b8 b8
x5 x5
z8 z8
g6 g6
k4 k4
k8 k8
h7 h7
j5 j5
v1 v1
q1 q1
w8 w8
j1 j1
k7 k7
c9 c9
f1 f1
q6 q6
j3 j3
q4 q4
x7 x7
a6 a6
l4 l4
g2 g2
m8 m8
j4 j4
g9 g9
j9 j9
f7 f7
b0 b0
q0 q0
n8 n8
f4 f4
j0 j0
v4 v4
b9 b9
n6 n6
j2 j2
f5 f5
a9 a9
k9 k9
w2 w2
r8 r8
c3 c3
n3 n3
y0 y0
h4 h4
k0 k0
h8 h8
q8 q8
a0 a0
r1 r1
f6 f6
q3 q3
v0 v0
v6 v6
j8 j8
m4 m4
a8 a8
n7 n7
n2 n2
l6 l6
z3 z3
e3 e3
n5 n5
c5 c5
e9 e9
q7 q7
r2 r2
e1 e1
z9 z9
l2 l2
w9 w9
l0 l0
l8 l8
c0 c0
e2 e2
h9 h9
r3 r3
r4 r4
g8 g8
c2 c2
a1 a1
e6 e6
d5 d5
r7 r7
x9 x9
w1 w1
w3 w3