d6 j5 j7 h9 k0 a2 h9 d3 b2 f0 b1 e2 a7 d9 a0 d7 j6 d7 c0 d5 c2 h6 b8 f5 c8 a6 d2 c7 a8 d5 f2 c6 e2 d9 g4 f6 j3 h9 h7 a7 b7 h9 a2 f3 g5 e2 j0 e2 c8 h3 f2 g0 e1 d8 b3 h5 c1 d1 a5 e0 b5 k2 d0 j5 h2 h8 h0 f1 g7 j7 h4 d6
50
j5 j5
j7 j7
h9 h9
k0 k0
a2 a2
d3 d3
b2 b2
f0 f0
b1 b1
e2 e2
a7 a7
d9 d9
a0 a0
d7 d7
j6 j6
c0 c0
d5 d5
c2 c2
b8 b8
f5 f5
c8 c8
a6 a6
d2 d2
c7 c7
a8 a8
f2 f2
c6 c6
g4 g4
j3 j3
h7 h7
b7 b7
f3 f3
g5 g5
j0 j0
h3 h3
g0 g0
e1 e1
d8 d8
b3 b3
h5 h5
c1 c1
d1 d1
a5 a5
e0 e0
b5 b5
k2 k2
h8 h8
h0 h0
g7 g7
h4 h4