0 3 196 7 28 76 20 51 140 99 34 12 157 68 117 13 21 53 181 98 22 75 37 81 196 156 66 0 3 114 3 0 116 0 66 129 44 65 102 109 148 140 99 34 12 19 71 187 25 110 35 51 105 8 86 161 39 29 40 14 98 192 84 172 32 185 68 62 102 73 112 30 91 148 140 99 34 12 172 40 31 133 154 19 12 157 27 28 30 47 43 93 111 193 80 49 85 61 134 83 95 118 96 78 145 37 48 111 113 70 126 94 40 29 57 32 185 33 25 4 97 37 145 177 67 1 87 17 181 55 78 145 37 48 139 4 25 26 71 187 111 193 111 93 43 62 23 134 83 95 83 134 5 11 43 4 72 90 72 179 66 0
79
0 18 0
3 3
196 56
7 7
28 28 42 77
76 76
20 20
51 51
99 99
34 34
12 12
157 54
68 68
13 13
21 82 21
53 53
98 59 98
22 22
75 75
37 37
81 89 81
66 66
114 2
116 10
44 44
65 65
109 50
148 46
19 19
71 71
25 25 79
35 35
8 8
86 86
39 39 63
29 29
40 92 40
14 14
192 24
84 84
32 32
62 62
73 73
30 30
91 91
31 31
27 27 41
47 47
43 43
93 93
193 38
80 80
49 60 49
85 85
61 9 61
83 83
95 95
96 6 96
78 78
48 48
70 70
126 88
94 94
57 57
33 58 33
4 4
97 97 69
177 16 74
67 67
1 1
87 87
17 17
55 52 55
26 26
23 15 23
5 36 5
11 11
72 64 72
90 45 90