144 60 64 36 53 83 170 148 124 167 183 70 124 154 172 169 116 83 101 81 185 128 152 62 4 126 21 178 173 186 169 89 65 32 170 84 87 111 147 1 184 28 144 51 144
32
144 18 133 141 47
60 120 127
64 64 49 136
53 53
83 83 174
170 170 67
148 104
124 124
167 74
183 183
70 70 159
154 24 43 108
172 14
169 169 90 107
81 66
185 92
128 128 99 7 93 95
152 188 39 8 75 152 79
62 13 110 16 62
126 126
21 21 78
173 106
186 156 130
89 165
65 132 44 112 114 88
32 3 122
84 157
87 42 131 76 87
147 147
1 142
28 19 11 28 158
51 51 187 119