0 50 17 67 117 155 29 42 16 14 26 45 189 94 121 22 52 95 5 38 27 23 24 163 63 120 30 99 87 3 175 183 57 152 70 72 59 31 82 63 136 66 44 150 167 127 25 162 3 21 168 38 149 194 10 178 68 170 81 126 2 100 33 35 171 193 76 74 139 13 131 71 70 164 110 146 103 99 9 63 116 177 116 85 62 77 97 64 172 189 12 79 115 49 143 132 56 46 2 93 189 179 41 11 94 130 108 133 195 7 194 28 165 192 91 186 142 1 108 141 39 103 16 105 47 101 104 51 73 79 140 26 78 19 34 0
98
50 50
67 67
155 155
29 29
42 42
14 14
26 26
45 45
189 189
94 94
121 121
22 22
52 52
5 5
38 38
27 27
23 23
24 24
163 163
63 63
120 120
30 30
99 99
87 87
175 175
183 183
152 152
72 72
59 59
31 31
82 82
136 136
66 66
44 44
150 150
127 127
162 162
21 21
168 168
149 149
194 194
10 10
178 178
68 68
170 170
126 126
2 2
100 100
35 35
193 193
76 76
139 139
13 13
131 131
71 71
164 164
110 110
146 146
103 103
177 177
85 85
62 62
77 77
97 97
64 64
172 172
12 12
79 79
115 115
49 49
143 143
132 132
56 56
46 46
93 93
179 179
11 11
130 130
108 108
133 133
195 195
28 28
192 192
91 91
186 186
142 142
1 1
141 141
39 39
105 105
47 47
101 101
104 104
51 51
73 73
140 140
78 78
34 34