aa0 kd9 kd8 kd7 kd1 kd0 kc9 kc0 kb9 kb6 kb2 kb0 ka9 ka6 ka4 ka2 ka0 gd9 gd6 gd5 gd2 gd0 gc9 gc4 gc3 gc0 gb9 gb6 gb1 gb0 ga9 ga8 ga5 ga1 ga0 ad9 ad1 ad2 ad3 ad2 ad1 ad9 ad0 ac9 ac4 ac0 ab9 ab8 ab7 ab4 ab2 ab0 aa9 aa8 aa2 aa1 aa0
31
kd8 kd8
kd7 kd3 kd4 kd5
kd1 kd1
kc9 kc5 kc6 kc8
kc0 kc1 kc2
kb6 kb6
kb2 kb2 kb5 kb8
kb0 kb7
ka6 ka6
ka4 ka7 ka8
ka2 ka2 ka5
gd9 gd7 gd8 gd9
gd6 gd4
gd5 gd3
gc9 gc5
gc3 gc3
gc0 gc8 gc1 gc2
gb9 gb7
gb6 gb6
gb1 gb2 gb3 gb4
ga8 ga4 ga7
ga5 ga6
ga1 ga2 ga3
ad3 ad4 ad5 ad6 ad7 ad8
ac4 ac2 ac3 ac6 ac7 ac8
ab8 ab8 ab5
ab7 ab7
ab4 ab4
ab2 ab2
aa2 aa3 aa4 aa7
aa1 aa5 aa6