0 55 57 112 188 167 188 112 120 112 57 55 0 155 0 198 83 123 128 99 158 190 158 38 145 100 145 38 75 150 186 97 13 79 141 169 125 195 112 57 55 92 129 58 103 114 23 91 140 116 52 128 153 178 55 57 138 46 96 143 90 185 144 55 57 112 188 61 181 191 106 196 120 112 188 123 7 36 56 77 21 148 64 81 101 83 69 161 151 161 121 79 148 157 45 43 65 104 147 72 30 142 69 32 9 32 35 171 59 135 183 125 195 112 57 134 114 23 91 131 91 140 13 79 121 143 11 65 148 64 81 107 149 20 117 164 199 33 2 112 16 112 2 140 91 23 67 23 91 140 2 112 188 167 85 49 159 178 55 174 116 140 2 112 188 167 15 35 185 109 10 149 10 109 2 140 2 112 57 55 0
77
55 55
57 57
112 112
188 188
167 166 71 167 170 189
120 172
155 137
198 198
83 83
123 123
128 3
99 99
190 175
38 38
100 51 100
150 150
186 89 186
97 97
13 13
141 141 95
169 66 86 169
125 125
195 195
92 92 94
129 129
103 103
23 23
140 14
52 52
153 82 29
138 138
46 46
96 105
143 143
90 197 90
185 185
181 68
106 106
196 196
36 39
56 56
77 77
21 21
148 148
64 64
101 101
69 69 182 73 12
161 161
151 152 19
121 102
157 41 157
45 45
43 43 132
104 104
147 147
72 72
142 142
32 50
9 9 139
35 35
171 74
59 59
183 26 124
134 119
131 160
11 11
107 107
20 20
164 164
2 2
16 16 108
67 67 27
85 85
49 49
174 24
15 1
10 176 10