0 24 138 161 25 26 154 106 119 17 12 119 64 20 155 46 57 176 192 143 163 143 84 18 119 17 19 196 135 121 87 149 131 66 18 111 90 169 120 75 14 109 48 103 160 149 81 69 22 79 75 89 25 171 98 28 196 95 192 183 188 178 179 106 119 30 7 191 120 75 13 170 146 166 146 97 48 103 160 149 81 69 81 66 160 68 103 18 119 18 190 124 139 99 14 91 82 128 112 160 118 160 103 97 48 18 84 52 199 100 29 109 47 6 128 82 136 91 193 102 6 61 109 40 72 181 49 44 99 101 99 14 91 14 109 48 84 96 51 96 182 104 192 0
66
0 0
24 24 132
138 186 138
26 152 26
154 154
106 106
17 62
12 12
64 64
20 20 70
46 46
176 176 180 110
192 192 50 194 60
163 16
84 84
18 18 42
19 148
196 196
135 150 174
87 8
131 184
66 66
90 90 4
120 120
75 86 158 94
14 14
48 48
160 160 10
69 38
22 22
89 108
171 78
98 98
28 122 28
183 34 88 142
188 188
178 178
30 2 30 114
191 80 172
170 170
146 146
166 134 198 166
68 56 140 68 92
190 74 190
124 130 124
91 116
82 82
128 32 128
112 112
118 118 54
52 52
100 162 100 168 126
29 36
6 6
136 136
102 102
61 164
40 40
72 72
181 156
44 44
101 144
96 96
51 76
182 182
104 104 58