Soda Cory VLSB NorthGate Hildebrand Haste Soda Wheeler Campbell Senior MemorialStadium HearstFieldAnnex Jacobs EdwardsStadium Bechtel SproulPlaza Etcheverry McLaughlin Observatory Pitzer Giannini HearstMiningCircle MLK Bowles Boalt Soda Hertz HaasPavilion Bechtel Stern Gilman GreekTheatre Simon McCone Bechtel ClarkKerr Blackwell Dwinelle Moses BarkerHall Stanley Foothill DoeLibrary KrutchTheater Koshland Cheit LeConte Insectary LifeSciences Morgan Soda
45
Cory Cory
VLSB VLSB
NorthGate NorthGate
Hildebrand Hildebrand
Haste Haste
Wheeler Wheeler
Campbell Campbell
Senior Senior
MemorialStadium MemorialStadium
HearstFieldAnnex HearstFieldAnnex
Jacobs Jacobs
EdwardsStadium EdwardsStadium
Bechtel Bechtel
SproulPlaza SproulPlaza
Etcheverry Etcheverry
McLaughlin McLaughlin
Observatory Observatory
Pitzer Pitzer
Giannini Giannini
HearstMiningCircle HearstMiningCircle
MLK MLK
Bowles Bowles
Boalt Boalt
Hertz Hertz
HaasPavilion HaasPavilion
Stern Stern
Gilman Gilman
GreekTheatre GreekTheatre
Simon Simon
McCone McCone
ClarkKerr ClarkKerr
Blackwell Blackwell
Dwinelle Dwinelle
Moses Moses
BarkerHall BarkerHall
Stanley Stanley
Foothill Foothill
DoeLibrary DoeLibrary
KrutchTheater KrutchTheater
Koshland Koshland
Cheit Cheit
LeConte LeConte
Insectary Insectary
LifeSciences LifeSciences
Morgan Morgan