Soda Hildebrand1 Haste1 McCone McEnerney ClarkKerr Soda StadiumRim Stanley Morgan Soda1 Warren Hilgard Pitzer CalvinLaboratory Giannini1 Hargrove TangCenter1 DoeLibrary Stephens Giauque Moffitt BancroftLibrary Moses1 Bechtel Cory Hesse Boalt1 Cleary Eshleman Soda WooHonFai Insectary Bowles BotanicalGarden HearstGymnasium Etcheverry1 Dwinelle Cheit1 BarrowsHall Bechtel Cory1 Birge EastGate HeatingPlant KrutchTheater1 Wurster CalvinLaboratory1 Evans Gilman LowerSproul SatherGate Pimentel EdwardsStadium IshiCourt TangCenter Chvez Dwinelle1 Haviland Kleeberger Sibley WooHonFai1 NorthGate Tan Bechtel Zellerbach Soda Durant Warren1 Jacobs1 Bechtel HearstMiningCircle1 Simon Observatory1 Stephens1 WestGate MLK1 McLaughlin1 Kroeber MemorialStadium Hertz Morrison HearstFieldAnnex Bechtel1 Zellerbach1 Greenhouse Foothill Sproul Lewis Cheit CaliforniaHall Davis HaasPavilion Soda LeConte Boalt FoxCottage Latimer Minor MemorialGlade LifeSciences1 SutardjaDai1 Blum Mulford WestGate1 SutardjaDai Wellman Koshland GoldmanPlaza OBrien GreekTheatre1 Campanile Chou Soda
100
Hildebrand1 Hildebrand1
Haste1 Haste1
McCone McCone
McEnerney McEnerney
ClarkKerr ClarkKerr
StadiumRim StadiumRim
Stanley Stanley
Morgan Morgan
Soda1 Soda1
Warren Warren
Hilgard Hilgard
Pitzer Pitzer
Giannini1 Giannini1
Hargrove Hargrove
TangCenter1 TangCenter1
DoeLibrary DoeLibrary
Stephens Stephens
Giauque Giauque
Moffitt Moffitt
BancroftLibrary BancroftLibrary
Moses1 Moses1
Bechtel Bechtel
Hesse Hesse
Boalt1 Boalt1
Cleary Cleary
Eshleman Eshleman
WooHonFai WooHonFai
Insectary Insectary
Bowles Bowles
BotanicalGarden BotanicalGarden
HearstGymnasium HearstGymnasium
Etcheverry1 Etcheverry1
Cheit1 Cheit1
BarrowsHall BarrowsHall
Cory1 Cory1
Birge Birge
EastGate EastGate
HeatingPlant HeatingPlant
KrutchTheater1 KrutchTheater1
Wurster Wurster
CalvinLaboratory1 CalvinLaboratory1
Evans Evans
Gilman Gilman
LowerSproul LowerSproul
SatherGate SatherGate
Pimentel Pimentel
EdwardsStadium EdwardsStadium
IshiCourt IshiCourt
TangCenter TangCenter
Chvez Chvez
Dwinelle1 Dwinelle1
Haviland Haviland
Kleeberger Kleeberger
Sibley Sibley
WooHonFai1 WooHonFai1
NorthGate NorthGate
Tan Tan
Zellerbach Zellerbach
Durant Durant
Warren1 Warren1
Jacobs1 Jacobs1
HearstMiningCircle1 HearstMiningCircle1
Simon Simon
Observatory1 Observatory1
Stephens1 Stephens1
WestGate WestGate
MLK1 MLK1
McLaughlin1 McLaughlin1
Kroeber Kroeber
MemorialStadium MemorialStadium
Hertz Hertz
Morrison Morrison
HearstFieldAnnex HearstFieldAnnex
Bechtel1 Bechtel1
Zellerbach1 Zellerbach1
Greenhouse Greenhouse
Foothill Foothill
Sproul Sproul
Lewis Lewis
CaliforniaHall CaliforniaHall
Davis Davis
HaasPavilion HaasPavilion
LeConte LeConte
FoxCottage FoxCottage
Latimer Latimer
Minor Minor
MemorialGlade MemorialGlade
LifeSciences1 LifeSciences1
SutardjaDai1 SutardjaDai1
Blum Blum
Mulford Mulford
WestGate1 WestGate1
SutardjaDai SutardjaDai
Wellman Wellman
Koshland Koshland
GoldmanPlaza GoldmanPlaza
OBrien OBrien
GreekTheatre1 GreekTheatre1
Campanile Campanile
Chou Chou