Soda Blackwell Boalt Stanley Foothill Bowles Hertz HaasPavilion Koshland Dwinelle Giannini Haste Wheeler Jacobs Pitzer DoeLibrary Hildebrand Morgan Wellman Moses LifeSciences Senior Stern McCone Cheit Soda
24
Blackwell Blackwell
Boalt Boalt
Stanley Stanley
Foothill Foothill
Bowles Bowles
Hertz Hertz
HaasPavilion HaasPavilion
Koshland Koshland
Dwinelle Dwinelle
Giannini Giannini
Haste Haste
Wheeler Wheeler
Jacobs Jacobs
Pitzer Pitzer
DoeLibrary DoeLibrary
Hildebrand Hildebrand
Morgan Morgan
Wellman Wellman
Moses Moses
LifeSciences LifeSciences
Senior Senior
Stern Stern
McCone McCone
Cheit Cheit