2 41 85 9 17 191 168 61 172 103 116 67 182 189 184 130 55 139 62 90 177 70 60 9 85 41 2 41 85 9 60 35 199 121 196 155 178 37 86 128 198 100 114 126 175 87 8 13 138 164 117 102 148 195 56 44 104 115 147 198 100 70 177 70 185 75 64 75 141 27 98 36 98 27 20 59 5 169 5 163 188 42 50 129 50 42 188 163 158 112 190 112 4 65 86 37 25 37 86 128 198 100 70 60 9 85 41 2 41 85 9 17 191 168 61 172 137 172 103 24 142 60 9 85 41 2 41 85 9 60 70 100 198 128 173 59 5 163 188 35 199 97 199 35 60 9 85 41 2 41 85 9 17 191 168 61 172 103 116 28 116 103 24 142 60 9 85 41 2 41 143 19 129 50 1 58 73 83 38 186 0 192 176 174 99 165 140 149 171 179 16 179 171 149 66 135 124 135 114 107 43 80 118 6 71 43 107 114 126 180 174 99 165 140 149 3 77 185 150 185 170 79 7 121 199 35 60 9 85 41 2
76
2 2 49 53 157
85 85
61 61
116 116
67 67
182 182
189 122 189
130 130
55 55
139 139
62 96
90 90 95
177 177
35 35
121 121
196 196
178 178 82
86 86
128 128 131
100 100
114 114
126 126
175 48
8 8
13 13
138 138
164 164
102 34 181
148 156
56 52 56
44 44
115 115
147 32
141 141
27 27
98 98
36 36
59 59
5 125
169 23 26 63
188 188
42 42 145
50 193 50
158 110 158
112 112
190 92
4 161 4
25 25 12
137 30 94 15
142 142
173 173
97 97 106
28 28
1 187
58 58
73 73
38 38
186 119 136
0 0
192 192
176 51 76
174 174
99 113
165 165
149 149
171 171 14
179 179
16 133
124 46
80 80 54
118 118
6 6
3 3
150 194 93
79 79
7 7