f ss oo uuuuu uu qqqqqq rrrrrr vvvvvv vv ssss ssssss sssss d kkkkkk ddddddd v ggg kkkkkk ddddddd eeeeeeee fffffff bbbbbbbb mmmm dddddddd pppp ww qqqqq ll oo uuuuu w sssssss bbbbbb p ww qqqqq ll f
25
f qq xxx f
ss ss
uuuuu zzz uuuuu
uu xxxxxx uu
qqqqqq qqqqqq
rrrrrr jjjjjjj qqqqqqq rrrrrr
vvvvvv hhh
vv wwwwwww s vv
ssss ssss lllll
ssssss m z llllll ssssss
d nnnn
ddddddd ffffffff
v v
ggg iii ggg
eeeeeeee c
fffffff fffffff
bbbbbbbb llllllll bbbbbbbb sss
mmmm a
dddddddd dddddddd
pppp eeee
qqqqq j
w w
sssssss ggggg
bbbbbb hhhh aaaaa wwww ff pp rrrrrrrr jjjj ttttt q
p aaa vvvv p