ffffff d bbbbbbb u eeeee ff oooooo sssssss zzzzzz zz oooooooo zz ppppp z oooooooo oooo ffff eeee zzzzzz bbb llllll vvvvv rrrr ss uuuuuu llllllll ddddddd qq m gg rrrrrrrr llllll llllllll ssss ffffff ttttttt zzzzz q t bbbbb gggggg f kkkkkkkk gggggggg jjjjjjjj e ggg rrr g vvvvvv pppppppp bbb ppppp ffffff
43
ffffff ll xxx o uuu ggggg x ffffff xxxxx nnnnnn uu ii uuuuuuu mmmm nnn fffff tt rrrrr aaaa ffffffff
d dd d j cccc
bbbbbbb bbbbbbb
u a jjjj dddd
eeeee eeeee
ff ttttt ssssss
oooooo oooooo
sssssss sssssss
zzzzzz ccccccc rrrrrr xxxxxxx
zz aaaaaa
oooooooo oooooooo lll
ppppp ppppp jjj cc
z hhh s iiiiiiii
oooo jjjjjj zzz
ffff ffff
eeee tttt eeee mm
bbb rr
llllll llllll b
vvvvv vvvvv k
rrrr lllllll iiiiiii
uuuuuu uuuuuu
llllllll wwww xxxx llllllll
ddddddd cccccc
qq qq
m eeeeee m
gg kkkk
rrrrrrrr vvv wwwww ooooo
ssss ssss gggg pppp
ttttttt ttttttt sssss
zzzzz zzzzz
q ee q wwwwww
t aaaaaaaa
bbbbb yy yyyyyyy qqq sss
gggggg ggggggg bbbbbb aaa qqqqqq
f tttttt
kkkkkkkk kkkkkkkk
gggggggg gggggggg hhhhhhh
jjjjjjjj hhhh
e e
ggg bbbbbbbb mmmmmmmm kkkkkk
g eeeeeee aa
vvvvvv vvvvvv
pppppppp pppppppp