199 24 10 151 197 28 158 139 99 85 104 45 80 159 35 159 194 64 102 113 1 108 57 11 114 59 21 88 77 105 1 113 25 190 152 190 196 82 199 24 10 151 197 28 158 139 181 146 181 139 158 28 197 151 197 28 158 71 153 25 113 102 97 31 157 115 171 125 109 161 197 103 81 16 145 16 145 37 124 119 156 74 156 119 124 37 145 130 120 130 145 16 182 133 182 103 177 7 29 7 177 41 157 115 157 41 177 103 182 35 159 68 159 194 64 102 52 183 62 94 55 164 55 94 147 197 103 67 34 98 8 70 134 70 19 27 2 71 158 28 197 172 149 87 183 62 15 62 183 62 94 55 83 124 37 145 107 36 47 46 176 189 96 164 55 94 147 197 151 10 24 199
60
24 24
10 10
28 28
99 99
85 85
45 45
80 80
35 35
64 64
1 1
57 20 54 57 61
11 11
59 59
21 73 21
88 88
77 51 77
25 25
152 69
82 82
146 26
71 71
97 97
31 31
115 78
109 40 33
81 81 92 43
16 16 89 30 48
37 37
119 4
156 0 65 66 5 75 76 14 17 86 42 49
74 58 74
120 32 84
133 91 12
177 23
7 7
29 90 29 39
41 41
68 68 22 63
52 52
62 62
94 94
55 18 3 55
164 44 60
67 67
34 34
98 98
8 8
70 70
134 53
19 19
27 27
2 2
87 87
15 15
83 83 38 79
36 36
47 13 47 50 56 93
46 6 72 46
189 95
96 9 96