SueJosephGarza PaulShaneSoldner JohnJoseJudd IolaElfriedaHemenway CrystalShermanVida AshleyWilliamClarke RonaldRobertHughes WilburnDavidMiller FranciscoFrancesHarr PamelaPageBullock LucyBennyHaag DonaldDoloresKelly NathanKevinCorathers MarianLuluDiaz OllieGeorgeSova LauraPhilipWinkler WilliamMichaelBeckha IraJimmyYang FranciscoFrancesHarr MaryLindaKirkland LillieKathleenCervan AlfredaKirstenMartin MelindaKennethAzar KennethShannonGardel SueCourtneyOsgood LillieKathleenCervan PhyllisJackWilson JamesGladysMccullar JohnDustinKenny PatriciaBernardBrock AnnaKyleChang CharlesKristineWhite LuisHelenHughes WilliamGeorgeWilliam CrystalShermanVida ChristinaDanaGrant LeroySandraLewis MariaChristopherCast DarnellAliciaPeters PaulEvanRichard RhondaAshlynMoore KarenErmaJensen JoseBerniceJohnston JamesJaredGonzalez BrianLuzArce RobertJefferyFish KennethShannonGardel KevinHaroldCyr BrianRolandAli NathanKevinCorathers JessicaJohnSpells HarryEarlGehl ElsieJosephPhelps SueJosephGarza ThomasAnnieRuiz SueJosephGarza
39
PaulShaneSoldner PaulShaneSoldner
JohnJoseJudd JohnJoseJudd
CrystalShermanVida CrystalShermanVida
AshleyWilliamClarke AshleyWilliamClarke
WilburnDavidMiller WilburnDavidMiller
FranciscoFrancesHarr FranciscoFrancesHarr
PamelaPageBullock PamelaPageBullock
LucyBennyHaag LucyBennyHaag
DonaldDoloresKelly DonaldDoloresKelly
NathanKevinCorathers NathanKevinCorathers
MarianLuluDiaz MarianLuluDiaz
OllieGeorgeSova OllieGeorgeSova
LauraPhilipWinkler LauraPhilipWinkler
IraJimmyYang IraJimmyYang
MaryLindaKirkland MaryLindaKirkland
LillieKathleenCervan LillieKathleenCervan
AlfredaKirstenMartin AlfredaKirstenMartin
MelindaKennethAzar MelindaKennethAzar
KennethShannonGardel KennethShannonGardel
SueCourtneyOsgood SueCourtneyOsgood
PhyllisJackWilson PhyllisJackWilson
JohnDustinKenny JohnDustinKenny
PatriciaBernardBrock PatriciaBernardBrock
AnnaKyleChang AnnaKyleChang
LuisHelenHughes LuisHelenHughes
WilliamGeorgeWilliam WilliamGeorgeWilliam
ChristinaDanaGrant ChristinaDanaGrant
LeroySandraLewis LeroySandraLewis
MariaChristopherCast MariaChristopherCast
DarnellAliciaPeters DarnellAliciaPeters
PaulEvanRichard PaulEvanRichard
KarenErmaJensen KarenErmaJensen
JamesJaredGonzalez JamesJaredGonzalez
BrianLuzArce BrianLuzArce
KevinHaroldCyr KevinHaroldCyr
BrianRolandAli BrianRolandAli
JessicaJohnSpells JessicaJohnSpells
ElsieJosephPhelps ElsieJosephPhelps
ThomasAnnieRuiz ThomasAnnieRuiz