SusanneJohnBerrios DouglasRobertFerkovi RonaldAlvinPrice ClaudiaDavidTaylor DougHelenHornbeck JayMaryHolling JuliaMollieHernandez DanielArthurVanderme MattieBarbaraEkstrom MonteMonicaLum LaquitaJohnBrunette RalphClydeMills FernandoLindaWatson StephanieAaronWalker AntonioGeraldBaker DouglasRobertFerkovi RubyLelandCollard HarryNeilFranklin JorgeHeatherSamuels JuliaLindaGordon DorothyDavidStromme MaryFrankieWomack DinahCatherineFaulkn MattieBarbaraEkstrom GarryDavidKingery SpencerCourtneyBroth DinahCatherineFaulkn JuanDebbieAllen SusanneJohnBerrios
21
DouglasRobertFerkovi DouglasRobertFerkovi
ClaudiaDavidTaylor ClaudiaDavidTaylor
DougHelenHornbeck DougHelenHornbeck
JuliaMollieHernandez JuliaMollieHernandez
MattieBarbaraEkstrom MattieBarbaraEkstrom
MonteMonicaLum MonteMonicaLum
LaquitaJohnBrunette LaquitaJohnBrunette
RalphClydeMills RalphClydeMills
FernandoLindaWatson FernandoLindaWatson
StephanieAaronWalker StephanieAaronWalker
AntonioGeraldBaker AntonioGeraldBaker
RubyLelandCollard RubyLelandCollard
HarryNeilFranklin HarryNeilFranklin
JorgeHeatherSamuels JorgeHeatherSamuels
JuliaLindaGordon JuliaLindaGordon
DorothyDavidStromme DorothyDavidStromme
MaryFrankieWomack MaryFrankieWomack
DinahCatherineFaulkn DinahCatherineFaulkn
GarryDavidKingery GarryDavidKingery
SpencerCourtneyBroth SpencerCourtneyBroth
JuanDebbieAllen JuanDebbieAllen