AlbertFredHaines JudeJanetHarcourt HowardKennethCollins AnnDeannaLarzazs KathleenSherryDay DeniseBrunoWilliam JudyPearlineKaminski StevenNeilNguyen HeidiMayJohnson RosaPatrickYankey MabelCharleneGarcia TravisMichelleMeller BernicePennyRiddick PerryJamesBennett JenniferGeorgeKarr ZacharyWarrenKarth JackieSharonScherrer GlendaAmandaFields MarkAngelaMccloud KathleenSherryDay EdwardErnestSinger MarciaWalterKirschma JoeJessicaShan BradleyDeborahSaball TommyAmandaMartin JoStephenMay ClaudeBobbyBaker MaryJamesDavila LawrenceBarryHadden EdwardDennisStewart AdrieneKathleenShea CynthiaConnieWright NormaGarryReyburn ElmerDemetriusLark SandraHarryStewart JoStephenMay JohnRichardSmith HaroldDavidLawhorn KevinCharlesEvans CherylMaryMorgan FrancisCarolHebb GeorgeHenryVillar WilliamDavidGray JohnBrendaFuller JudeJanetHarcourt JessicaChristopherHa JimmyFlorTasson JohnDarrellThomas LillianJuanAncona JeremyJamesChavez JannaDavidCarranza WilliamDanielleBell StormyOllieYork DebraJaneFitzgerald MichaelBillieRomriel EricJamesJuckett MaryLauriceWallace DeeAmandaBartley EricTammyScott MichaelMarkHolloway ManuelaJoseBailey RolandGregoryWatson MichaelMarkHolloway KimMickeyCohen BrettDominickSonnier MistyRobertKing DwainJoeFeldman BrendaLenaHarris JamesJordanZamora DianeElisePickett JamesJordanZamora IsaacGregGargano RickyJamesBrumfield RosaPatrickYankey GaryCharlesHudson PatJasonAaberg JosephAmandaMullen AndrewSadieBennett LynnKennethChavez CraigJohnLard JoannCharlieWilkinso DianeElisePickett StephenWilliamCoffma HaroldDavidLawhorn ThomasEssieEwing KellyJohnnaOles MarkDianeDuchon JamesJordanZamora EricTinaPerea DenaJewellDavis GeorgeWilliamJackson FerdinandLukeJackson PeterJosephBarbee NormaGarryReyburn KevinThomasHiggins CassandraJaniceGlove ChristopherJamesLuca MichaelElizabethWeav GeorgeWilliamJackson AnnDeannaLarzazs RobertJosephNine RobinStephenWebster DorisJeffreyBinger GlennaMichaelBorden StephenSheldonOrlean MarthaJackRobinson WadeSonnyMcbride FrancisCarolHebb RonaldEdnaArant DonaldYvonneWilliams WilliamDavidGray KathleenJoseClark AlbertFredHaines
78
AlbertFredHaines AlbertFredHaines
JudeJanetHarcourt JudeJanetHarcourt
HowardKennethCollins HowardKennethCollins
AnnDeannaLarzazs AnnDeannaLarzazs
KathleenSherryDay KathleenSherryDay
DeniseBrunoWilliam DeniseBrunoWilliam
JudyPearlineKaminski JudyPearlineKaminski
StevenNeilNguyen StevenNeilNguyen
HeidiMayJohnson HeidiMayJohnson
RosaPatrickYankey RosaPatrickYankey
TravisMichelleMeller TravisMichelleMeller
BernicePennyRiddick BernicePennyRiddick
PerryJamesBennett PerryJamesBennett
ZacharyWarrenKarth ZacharyWarrenKarth
JackieSharonScherrer JackieSharonScherrer
MarkAngelaMccloud MarkAngelaMccloud
EdwardErnestSinger EdwardErnestSinger
MarciaWalterKirschma MarciaWalterKirschma
BradleyDeborahSaball BradleyDeborahSaball
TommyAmandaMartin TommyAmandaMartin
JoStephenMay JoStephenMay
ClaudeBobbyBaker ClaudeBobbyBaker
MaryJamesDavila MaryJamesDavila
LawrenceBarryHadden LawrenceBarryHadden
EdwardDennisStewart EdwardDennisStewart
CynthiaConnieWright CynthiaConnieWright
ElmerDemetriusLark ElmerDemetriusLark
SandraHarryStewart SandraHarryStewart
JohnRichardSmith JohnRichardSmith
KevinCharlesEvans KevinCharlesEvans
CherylMaryMorgan CherylMaryMorgan
GeorgeHenryVillar GeorgeHenryVillar
WilliamDavidGray WilliamDavidGray
JohnBrendaFuller JohnBrendaFuller
JessicaChristopherHa JessicaChristopherHa
JimmyFlorTasson JimmyFlorTasson
LillianJuanAncona LillianJuanAncona
JeremyJamesChavez JeremyJamesChavez
JannaDavidCarranza JannaDavidCarranza
StormyOllieYork StormyOllieYork
DebraJaneFitzgerald DebraJaneFitzgerald
EricJamesJuckett EricJamesJuckett
DeeAmandaBartley DeeAmandaBartley
EricTammyScott EricTammyScott
MichaelMarkHolloway MichaelMarkHolloway
ManuelaJoseBailey ManuelaJoseBailey
RolandGregoryWatson RolandGregoryWatson
BrettDominickSonnier BrettDominickSonnier
MistyRobertKing MistyRobertKing
DwainJoeFeldman DwainJoeFeldman
JamesJordanZamora JamesJordanZamora
DianeElisePickett DianeElisePickett
IsaacGregGargano IsaacGregGargano
RickyJamesBrumfield RickyJamesBrumfield
GaryCharlesHudson GaryCharlesHudson
JosephAmandaMullen JosephAmandaMullen
LynnKennethChavez LynnKennethChavez
CraigJohnLard CraigJohnLard
JoannCharlieWilkinso JoannCharlieWilkinso
StephenWilliamCoffma StephenWilliamCoffma
ThomasEssieEwing ThomasEssieEwing
KellyJohnnaOles KellyJohnnaOles
MarkDianeDuchon MarkDianeDuchon
EricTinaPerea EricTinaPerea
DenaJewellDavis DenaJewellDavis
GeorgeWilliamJackson GeorgeWilliamJackson
FerdinandLukeJackson FerdinandLukeJackson
PeterJosephBarbee PeterJosephBarbee
KevinThomasHiggins KevinThomasHiggins
CassandraJaniceGlove CassandraJaniceGlove
MichaelElizabethWeav MichaelElizabethWeav
RobinStephenWebster RobinStephenWebster
DorisJeffreyBinger DorisJeffreyBinger
GlennaMichaelBorden GlennaMichaelBorden
MarthaJackRobinson MarthaJackRobinson
WadeSonnyMcbride WadeSonnyMcbride
RonaldEdnaArant RonaldEdnaArant
KathleenJoseClark KathleenJoseClark