dweidxeutk fuhtgylsov scgsokjwvw nxiuvgpakn dllzvxpcgk hnaaimhfnz vteisghgld wbdpumkvfu mgzyysypdp kpdfwhwwqb auonnlthcz rulcikswsa hlimwiksjd ijitmlykwi hpqsgalvar joegbqydne rwobvahhfa igvmvwehwa cowtuqqsll rwobvahhfa joegbqydne vtcyzupdop joegbqydne rwobvahhfa igvmvwehwa hjvmodgwdg fwwnyjpwnp dlfzngcmgq tdtlnqnprm mhohxeqbjo nmxtcoxqde jxgwgvfggh jojgjvziup qtqfcaqlxk vtcyzupdop dlfzngcmgq tdtlnqnprm jxgwgvfggh jojgjvziup qtqfcaqlxk gqwhfeepal gkbqwvqnfu hpqsgalvar zzydddjmri klbefaxnzg eeimgsecwz uqhdcumthr sjcwiapdwb wjjdafaxvv iqbyvqgkcp ccdvhkjsma pphebmysxy nxiuvgpakn dllzvxpcgk quwglicgzs wbdpumkvfu rlgdknlxmz eeimgsecwz akzsqllzsv htfyksgccp uqhdcumthr gyjkhdbyvm nxiuvgpakn dlfzngcmgq rqchbdjiqp arrkheyths igvmvwehwa pgiiochubt xdmzjapanj gpbaqafhdz zbgxyjmdnm gvxfzzmwzk nimybvgttg hpqsgalvar zzydddjmri gcfwrdoced ebbcmbhgnc audojmtlep toeqvvzlae zbgxyjmdnm rzqbegeoni agablikqzu itouxsyevo sjqdgtugly qtqfcaqlxk dldiwncohw hcvrravrik irtbznwvcu dweidxeutk
53
dweidxeutk dweidxeutk xdhiumwdwn
fuhtgylsov fuhtgylsov
scgsokjwvw bcwzxsuutq tofdobbbjt dzzxropcld
dllzvxpcgk dllzvxpcgk wfybmclpmp
vteisghgld vteisghgld
mgzyysypdp efgyvzmusc wiwpekzeuz
kpdfwhwwqb naqyljkxxq
auonnlthcz auonnlthcz
rulcikswsa rulcikswsa
hlimwiksjd hlimwiksjd
hpqsgalvar hpqsgalvar
rwobvahhfa tzpaywhybw rwobvahhfa
igvmvwehwa wwmcjuetgz bqrcwxsyuw
cowtuqqsll wlzaatlgns cowtuqqsll depihfdmjk
vtcyzupdop kjgjbkdckc cavyunvwuk
hjvmodgwdg hjvmodgwdg
fwwnyjpwnp rqmdukqpbg cnbqxrvlvl fwwnyjpwnp lvqqznnzyn
dlfzngcmgq dlfzngcmgq okcwuqslme
tdtlnqnprm tdtlnqnprm
mhohxeqbjo lzsvglcvqa
jojgjvziup bxdnijtmyn
gqwhfeepal gqwhfeepal
gkbqwvqnfu gkbqwvqnfu vtquakjujf taoimnqdrr lgpbgvlzpo nmshjtpxad
zzydddjmri aihlvhrjir
klbefaxnzg klbefaxnzg
uqhdcumthr uqhdcumthr
sjcwiapdwb sjcwiapdwb jiowqcrqpz
wjjdafaxvv drtcvphibq
iqbyvqgkcp iqbyvqgkcp
ccdvhkjsma zdiibealli
pphebmysxy pphebmysxy
quwglicgzs ivgiotlrrr
rlgdknlxmz rlgdknlxmz mnmjklgmnp kgpqjqjrhc afkxpktsxw elifcmozpf
akzsqllzsv akzsqllzsv cmelcyxenw
htfyksgccp vqlbufoinm gmvwahagsy
gyjkhdbyvm gyjkhdbyvm
rqchbdjiqp xtugynuehn rqchbdjiqp ouzfljsksj
arrkheyths dfgysrnikx arrkheyths
pgiiochubt kufcwxmspu pgiiochubt
xdmzjapanj xdmzjapanj tehmqpfdnn
gpbaqafhdz gpbaqafhdz
zbgxyjmdnm zbgxyjmdnm cwexpxaktw
gvxfzzmwzk gvxfzzmwzk
nimybvgttg nimybvgttg
gcfwrdoced ctnsbezpjg
audojmtlep audojmtlep
toeqvvzlae ienasnqnvt cpdpvshtof vpghbvlzxd xwsnmxufqy toeqvvzlae cxrfqntbtm
rzqbegeoni rzqbegeoni
itouxsyevo qjjslhkvnr ulneltboej fxpsowceqq itouxsyevo
sjqdgtugly sjqdgtugly
dldiwncohw wqeazvzkdf fxejnitkot dldiwncohw ftrqchqaif
hcvrravrik siwbsyuwap hcvrravrik
irtbznwvcu irtbznwvcu