qgyqjgwlbh ajjekwybql epsflirloq czgfnbovhq tjcamfqmxd wmeeitskjx djtmyhmwnn prctwnakif tvrzrioagg stxmhuffri tjcamfqmxd gdtsmzpvig ekdcatpuui cynraykzum hrbvyznkmd flqztijwpa mjgsrzyxra ekdcatpuui bnfhxmjqzg sngqmldfxu mrjqlvteat hqvifzhbmo yeuzdbmimy uipamkyzyc wegckoctcp qgyqjgwlbh
22
qgyqjgwlbh fnlmocuczk
ajjekwybql iznialmand bvwklxlwsa fwzkdpfinn hnnlwliezo ajjekwybql
epsflirloq gqulqjeire
czgfnbovhq czgfnbovhq
tjcamfqmxd xpcqolcpnf tjcamfqmxd ysndikwwgh
wmeeitskjx wmeeitskjx
djtmyhmwnn djtmyhmwnn
prctwnakif bzcpozsody sthbsdqlwm sgizgtdhhn culutarzsm uyirsvqblu sqlbmrxpwv ntlhpzyidk lgwqodunqt
tvrzrioagg cddppqxsmb fdbzjhgcmh qlieaqyzel tvrzrioagg
stxmhuffri stxmhuffri
gdtsmzpvig gdtsmzpvig
ekdcatpuui somaaudaxm
cynraykzum cynraykzum
hrbvyznkmd hrbvyznkmd atkqvymdax vvurcgizpo
flqztijwpa kgewtltijq hpbkyqcejb yfvfzingng aruweadnpf
mjgsrzyxra rzgfaqookt
bnfhxmjqzg feggaeevcb tdqzbpmftq bnfhxmjqzg
sngqmldfxu sngqmldfxu
mrjqlvteat hyficezvgi
hqvifzhbmo lpopityrof smlsmfgyxa hqvifzhbmo
yeuzdbmimy kmwsevkfov
wegckoctcp npffaineub wegckoctcp