Egsmith Barnton Sudwich Barnton Egsmith Burfield Shaftbridge Watchavon Alfchester Whittree Stainby Wenwold Sudtree Wychbourne Barnton Egsmith Barnton Shaftsted Egtree Stainbrough Sudtree Flitgrove Sudtree Wychbourne Barnton Egsmith Barnton Sudwich Pemlow Watchcombe Wenbeck Brackbrough Sudwell Brackbrough Stainby Wenwold Sudtree Flitgrove Chelmbeck Cookford Farnsmith Ashdown Edgey Shaftbage Cookford Chelmbeck Staplake Wychbeck Wywick Egsmith
24
Egsmith Waltditch
Barnton Barnton Ashbourne
Shaftbridge Shaftbridge Penborne
Alfchester Wenside Burbourne Alfchester
Stainby Stainby
Wenwold Wenwold
Sudtree Sudtree Leathermere
Wychbourne Egavon Wychnell Wychbourne
Egtree Chelmden Egtree
Stainbrough Nortley Stainbrough Wetwick
Flitgrove Flitgrove
Pemlow Pemlow
Wenbeck Wenbeck
Brackbrough Brackbrough
Sudwell Stapbeck
Chelmbeck Chelmbeck
Cookford Cookford
Farnsmith Wychsmith Farnsmith Chelmwang
Ashdown Ashdown
Edgey Edgey
Shaftbage Shaftbage
Staplake Staplake
Wychbeck Wychbeck
Wywick Wywick