Chelmbourne Shaftwich Melborne Sudworth Prestbrook Southstoke Barngrove Egborne Alfcastle Barnham Alddown Leatherlow Bracklow Sodside Kingsbrook Dartsted Edglow Egwood Southstoke Barngrove Hornley Stapwold Marlton Alfwell Staintree Elgrove Staflow Elgrove Staintree Elgrove Wenborough Prestey Enbage Flitham Shrivlow Barnden Rocktree Barnden Shrivlow Flitham Shrivlow Maidenden Shrivlow Stainhall Southbrough Stapmoor Stapthorne Clerethorne Kingssted Enbage Stainside Enbage Prestey Sudwich Enlow Cookton Egborne Alfcastle Whitavon Elside Alfby Leatherlow Casford Stainden Prestdon Barngrove Bracklow Barngrove Stapwell Chelmbourne
37
Shaftwich Shaftwich
Melborne Pemwold
Sudworth Wenwang Edgchester Sudworth Horncester
Southstoke Brainbridge
Egborne Egborne
Barnham Barnham
Leatherlow Leatherlow
Bracklow Pemwood Bracklow
Sodside Sodside
Dartsted Dartsted
Hornley Durditch Hornley
Marlton Marlton
Alfwell Aldhall Alfwell
Staintree Waltbrook Hurstworth Edgwich Staintree
Elgrove Elgrove
Staflow Bursted Cleredon Wyhead Staflow
Wenborough Wenborough
Prestey Prestey
Enbage Enbage
Flitham Flitham Kingsley
Shrivlow Shrivlow
Rocktree Rocktree Horndown Cookbridge Whitborough
Maidenden Hartbage
Stainhall Southmere Stainhall Shrivside
Stapmoor Stapmoor
Stapthorne Stapthorne
Clerethorne Barnside
Stainside Whitover Stainside
Sudwich Sudwich
Enlow Enlow
Cookton Cookton
Whitavon Egcastle Whitavon
Elside Wenden Elside
Alfby Leatherlake Alfby
Casford Casford
Prestdon Prestdon
Stapwell Stapwell