qtq hxo llr mnv qbe pug fgo bok orc ynq wfx idl qbq nhr viv tro yiz mln kvz qtq gac blo pxi qtq rcs ifc uoz krg udq tmc cer rxi lfh mmf lbs ayw xmz tmc udq xos lah qnn tvy iuz nfy omf kvz qtq xdz qtq xmz rwt ahv tmc aah rut cer jxq lbs opt cpw qjm bok orc pkx qof bpm bok spp mmf itg jxq lbs xmz qtq
45
qtq wju wuc qtq uxr cnv
hxo hxo ukh
llr uca
mnv mnv qbj
qbe qfc qbe
fgo bai fgo egz vub
bok lxt
orc nhk hpb orc
ynq ynq
idl brk idl ooc
qbq hxp
nhr wiq nhr slq
viv viv
tro tro tmd jta htv eqm mbx
yiz ili yiz
blo sfp zgs rju
pxi uwp
rcs pta pjx zgf
ifc plx fsl ifc npu
uoz uoz
krg kza krg
udq dkn pxs xax udq thz txk pwa
tmc tmc
rxi rxi hhe
lfh lfh
mmf vaf ase
lbs zbn
ayw wuf vsu
xmz wpq
xos xos
lah lah
qnn qnn
iuz iuz bsz
nfy tnl nfy
xdz xdz ahy jno thd
rwt rwt
ahv ahv
aah ooi rod
rut rut
cpw qlo qls cpw
qjm lnv gak qjm cjp
pkx vlt pkx ptq
bpm nkx cxu zqn gup
spp spp
itg itg