Soda Forest Ajax Visalia Fernwald Marin Shasta Addison Anne Altavista Bret Jones Bowditch Vistamont Eunice Solano Russell High Columbia Muir Cutter Sport Vicente Summit Mabel Jones Pardee Keeler Bristol Sojourner Jones Bowditch Vistamont Eunice Domingo Acacia Garber Colusa Menlo Bancroft Menlo Colusa Garber Halkin Garber Colusa Menlo Alvarado Haviland Jones Arcade Cowper Haste Bataan Bret Yolo Soda
31
Soda Browning
Forest Forest
Ajax Ajax
Marin Marin Heinz Greenwood Madera
Shasta Shasta
Addison Addison
Anne Anne Arch
Altavista Terrace
Bret Kenilworth Vermont Poppy Bret
Bowditch Bowditch Haskell Fresno
Eunice Lewiston Edith Eunice
Solano Allston
High High
Columbia Byron Columbia
Muir Muir
Cutter Cutter
Summit Summit
Mabel Poplar Spring Mabel Comstock
Pardee Pardee
Keeler Keeler
Bristol Hospital Bristol
Domingo Domingo
Colusa Fulton Colusa
Menlo Burnett Belrose Menlo
Bancroft Bancroft
Halkin Florida
Alvarado Overlook
Haviland Haviland
Haste Haste
Bataan Bataan
Yolo Martin