FD AR GO GB CS HP FR BU DR AP BI GR ED FX BK EX FN HM CF EI FD AN FG FE FD DZ CL GA FD GN ER EN CB CD FD AR CZ AR FD GN HM FY EZ FJ EZ CO DS GX EH FD
31
FD BG AF GK AG CU BO GP EE BT DE DF AU DP DI CG HH
GO GO
CS CS FI AV AT ES GD
HP GF HP CW ET BQ HF FM GC CI EW
FR FR GZ CT
BU AD DB BZ DK
AP EO
GR GR
ED DH
FX EY BM HR AJ AK FT
BK FS BK AX AM DQ
EX EX
FN FN
HM EG
CF CF
AN CA
FG DM DU
FE CK FU BV
DZ DC EJ FP EL DZ GQ BC BE
CL CL
GA AZ GA BN
GN CC GN BA
ER ER DN DA
EN FV EN
CB CB
CZ HD AW HB
FY FY
EZ EZ BF
FJ HC FJ
CO FO EK CO
GX HO GS GX EM