186 190 0 108 11 107 89 32 134 136 143 104 14 30 150 172 5 17 70 177 128 74 188 2 86 174 162 195 90 29 168 71 140 22 178 121 156 198 3 79 35 194 144 67 1 33 61 157 45 49 196 183 97 19 138 1 186
51
190 190
108 108
11 11
107 107
89 89
32 32
134 134
136 136
143 143
104 104
14 14
30 30
150 150
172 172
5 5
17 17
70 70
177 177
128 128
74 74
188 188
2 2
86 86
174 174
162 162
195 195
90 90
29 29
168 168
71 71
140 140
22 22
178 178
121 121
156 156
198 198
79 79
35 35
194 194
144 144
67 67
33 33
61 61
157 157
45 45
49 49
196 196
183 183
97 97
19 19
138 138