Wolney Horndleside Reddingringey Nortditch Sodditch Brombrough Hamwich Rotsted Wendlethorne Ketthorne Southcompmere Bromwich Stapseyden Sistanwick Boothingtree Edgfield Hannensworth Watchsmith Endlesthorne Boothingwick Rockdenport Hanbasside Bootherbersted Wendlerewick Dribbinglow Ribbendhead Toddlenell Blanavon Ennell Wolden Horslake Brackavon Wycombe Sundlecombe Chedcastle Basserchester Cannell Camsreborough Braindlemere Ellensbrough Eggermoor Cheddenwang Sudhead Wencester Windlesseywang Pendlesbascastle Endcastle Marlborne Pendlesford Whitborough Camhampton Elmerdown Skelling Chilworth Wolbourne Braddlesreport Farnsmerbeck Hammingreport Camsmere Burglesbrook Soddlesbasbourne Braddleswick Sismith Clereshot Worringcompgrove Alddlesenbage Horndlehampton Falrensavon Suddingney Toddleborne Kettenwell Sundlesborne Staindlemansavon Chilmermere Penswick Ketworth Ciringover Aldlow Cammertree Candleseyney Cammertree Aldlow Ciringover Aldlow Cammertree Candleseyney Elsmith Sudderbage Camsted Sirengrove Camsted Sudderbage Elsmith Candleseyney Cammertree Aldlow Ciringover Ketworth Penswick Chilmermere Staindlemansavon Sundlesborne Kettenwell Sundlesborne Staindlemansavon Chilmermere Penswick Ketworth Ciringover Aldlow Cammertree Candleseyney Elsmith Sudderbage Camsted Sirengrove Worglesmernell Sodham Durrenslow Flitcompwold Sunsseybrook Camtree Reddlesley Chippingchester Ribblesremoor Skellerbury Rothensden Wychringden Ensdown Chedwick Dribberbrough Melborne Dribberbrough Chedwick Ensdown Wychringden Rothensden Skellerbury Ribblesremoor Chippingchester Reddlesley Camtree Sunsseybrook Flitcompwold Durrenslow Sodham Worglesmernell Sirengrove Camsted Sudderbage Elsmith Candleseyney Cammertree Aldlow Ciringover Ketworth Penswick Chilmermere Staindlemansavon Sundlesborne Kettenwell Toddleborne Suddingney Falrensavon Horndlehampton Alddlesenbage Worringcompgrove Clereshot Sismith Braddleswick Soddlesbasbourne Burglesbrook Soddlesbasbourne Braddleswick Sismith Clereshot Worringcompgrove Alddlesenbage Horndlehampton Falrensavon Suddingney Toddleborne Kettenwell Sundlesborne Staindlemansavon Chilmermere Penswick Ketworth Ciringover Aldlow Cammertree Candleseyney Elsmith Sudderbage Camsted Sirengrove Worglesmernell Sodham Durrenslow Flitcompwold Sunsseybrook Camtree Reddlesley Chippingchester Ribblesremoor Skellerbury Rothensden Wychringden Ensdown Chedwick Dribberbrough Melborne Camling Sudderwick Camling Melborne Dribberbrough Chedwick Ensdown Wychringden Rothensden Skellerbury Ribblesremoor Chippingchester Reddlesley Camtree Sunsseybrook Flitcompwold Durrenslow Sodham Worglesmernell Sirengrove Camsted Sudderbage Elsmith Candleseyney Cammertree Aldlow Ciringover Ketworth Penswick Chilmermere Staindlemansavon Sundlesborne Kettenwell Toddleborne Suddingney Falrensavon Horndlehampton Alddlesenbage Worringcompgrove Clereshot Sismith Braddleswick Soddlesbasbourne Burglesbrook Camsmere Hammingreport Farnsmerbeck Braddlesreport Wolbourne Chilworth Skelling Elmerdown Camhampton Whitborough Pendlesford Marlborne Endcastle Pendlesbascastle Windlesseywang Wencester Sudhead Cheddenwang Eggermoor Ellensbrough Braindlemere Camsreborough Cannell Basserchester Chedcastle Sundlecombe Wycombe Brackavon Horslake Wolden Ennell Blanavon Toddlenell Ribbendhead Dribbinglow Wendlerewick Bootherbersted Hanbasside Rockdenport Boothingwick Endlesthorne Watchsmith Endlesthorne Boothingwick Rockdenport Hanbasside Bootherbersted Wendlerewick Dribbinglow Ribbendhead Toddlenell Blanavon Ennell Wolden Horslake Brackavon Wycombe Sundlecombe Chedcastle Basserchester Cannell Camsreborough Braindlemere Ellensbrough Eggermoor Cheddenwang Sudhead Wencester Windlesseywang Pendlesbascastle Endcastle Marlborne Pendlesford Whitborough Camhampton Elmerdown Skelling Chilworth Wolbourne Braddlesreport Farnsmerbeck Hammingreport Camsmere Burglesbrook Soddlesbasbourne Braddleswick Sismith Clereshot Worringcompgrove Alddlesenbage Horndlehampton Falrensavon Suddingney Toddleborne Kettenwell Sundlesborne Staindlemansavon Chilmermere Penswick Ketworth Ciringover Aldlow Cammertree Candleseyney Elsmith Sudderbage Camsted Sirengrove Worglesmernell Sodham Durrenslow Flitcompwold Sunsseybrook Camtree Reddlesley Chippingchester Ribblesremoor Skellerbury Rothensden Wychringden Ensdown Chedwick Dribberbrough Melborne Camling Sudderwick Shaftport Sudderwick Camling Melborne Dribberbrough Chedwick Ensdown Wychringden Rothensden Skellerbury Ribblesremoor Chippingchester Reddlesley Camtree Sunsseybrook Flitcompwold Durrenslow Sodham Worglesmernell Sirengrove Camsted Sudderbage Elsmith Candleseyney Cammertree Aldlow Ciringover Ketworth Penswick Chilmermere Staindlemansavon Sundlesborne Kettenwell Toddleborne Suddingney Falrensavon Horndlehampton Alddlesenbage Worringcompgrove Clereshot Sismith Braddleswick Soddlesbasbourne Burglesbrook Camsmere Hammingreport Farnsmerbeck Braddlesreport Wolbourne Chilworth Skelling Elmerdown Camhampton Whitborough Pendlesford Marlborne Endcastle Pendlesbascastle Windlesseywang Wencester Sudhead Cheddenwang Eggermoor Ellensbrough Braindlemere Camsreborough Cannell Basserchester Chedcastle Sundlecombe Wycombe Brackavon Horslake Wolden Ennell Blanavon Toddlenell Ribbendhead Dribbinglow Wendlerewick Bootherbersted Hanbasside Rockdenport Hanbasside Bootherbersted Wendlerewick Dribbinglow Ribbendhead Toddlenell Blanavon Ennell Wolden Horslake Brackavon Wycombe Sundlecombe Chedcastle Basserchester Cannell Camsreborough Braindlemere Ellensbrough Eggermoor Cheddenwang Sudhead Wencester Windlesseywang Pendlesbascastle Endcastle Marlborne Pendlesford Whitborough Camhampton Elmerdown Skelling Chilworth Wolbourne Braddlesreport Farnsmerbeck Hammingreport Camsmere Burglesbrook Soddlesbasbourne Braddleswick Sismith Clereshot Sismith Braddleswick Soddlesbasbourne Braddleswick Sismith Clereshot Worringcompgrove Alddlesenbage Horndlehampton Falrensavon Suddingney Toddleborne Kettenwell Sundlesborne Staindlemansavon Chilmermere Penswick Ketworth Ciringover Aldlow Cammertree Candleseyney Elsmith Sudderbage Camsted Sirengrove Worglesmernell Sodham Durrenslow Flitcompwold Sunsseybrook Camtree Reddlesley Chippingchester Reddlesley Camtree Sunsseybrook Flitcompwold Durrenslow Sodham Worglesmernell Sirengrove Camsted Sudderbage Elsmith Candleseyney Cammertree Aldlow Ciringover Ketworth Penswick Chilmermere Staindlemansavon Sundlesborne Kettenwell Toddleborne Suddingney Falrensavon Horndlehampton Falrensavon Suddingney Toddleborne Kettenwell Sundlesborne Staindlemansavon Chilmermere Penswick Ketworth Ciringover Aldlow Cammertree Candleseyney Elsmith Sudderbage Camsted Sirengrove Worglesmernell Sodham Durrenslow Flitcompwold Sunsseybrook Camtree Reddlesley Chippingchester Ribblesremoor Skellerbury Rothensden Wychringden Ensdown Chedwick Dribberbrough Melborne Camling Sudderwick Shaftport Falbaswood Shaftport Sudderwick Camling Melborne Dribberbrough Chedwick Ensdown Wychringden Rothensden Skellerbury Ribblesremoor Chippingchester Reddlesley Camtree Sunsseybrook Flitcompwold Durrenslow Sodham Worglesmernell Sirengrove Camsted Sudderbage Elsmith Candleseyney Cammertree Aldlow Ciringover Ketworth Penswick Chilmermere Staindlemansavon Sundlesborne Kettenwell Toddleborne Suddingney Falrensavon Horndlehampton Alddlesenbage Worringcompgrove Clereshot Sismith Braddleswick Soddlesbasbourne Burglesbrook Camsmere Hammingreport Farnsmerbeck Braddlesreport Wolbourne Chilworth Skelling Elmerdown Camhampton Whitborough Pendlesford Whitborough Camhampton Elmerdown Skelling Chilworth Wolbourne Braddlesreport Farnsmerbeck Hammingreport Camsmere Burglesbrook Soddlesbasbourne Braddleswick Sismith Clereshot Worringcompgrove Alddlesenbage Horndlehampton Falrensavon Suddingney Toddleborne Kettenwell Sundlesborne Staindlemansavon Chilmermere Penswick Ketworth Ciringover Aldlow Cammertree Aldlow Ciringover Ketworth Penswick Chilmermere Staindlemansavon Sundlesborne Kettenwell Toddleborne Suddingney Falrensavon Horndlehampton Alddlesenbage Worringcompgrove Clereshot Sismith Braddleswick Soddlesbasbourne Burglesbrook Camsmere Hammingreport Farnsmerbeck Braddlesreport Wolbourne Chilworth Wolbourne Braddlesreport Farnsmerbeck Hammingreport Camsmere Burglesbrook Soddlesbasbourne Braddleswick Sismith Clereshot Worringcompgrove Alddlesenbage Horndlehampton Falrensavon Suddingney Toddleborne Kettenwell Sundlesborne Staindlemansavon Chilmermere Penswick Ketworth Ciringover Aldlow Cammertree Candleseyney Elsmith Sudderbage Camsted Sirengrove Worglesmernell Sodham Durrenslow Flitcompwold Durrenslow Sodham Worglesmernell Sirengrove Camsted Sudderbage Elsmith Candleseyney Cammertree Aldlow Ciringover Ketworth Penswick Chilmermere Staindlemansavon Sundlesborne Staindlemansavon Chilmermere Penswick Ketworth Ciringover Aldlow Cammertree Candleseyney Elsmith Sudderbage Camsted Sirengrove Worglesmernell Sodham Durrenslow Flitcompwold Sunsseybrook Camtree Reddlesley Chippingchester Ribblesremoor Skellerbury Rothensden Wychringden Ensdown Chedwick Dribberbrough Melborne Camling Sudderwick Shaftport Falbaswood Siringbrook Skellingbaswold Skellingmansgrove Egwich Tippenside Wolvingborne Tippenside Egwich Skellingmansgrove Skellingbaswold Siringbrook Falbaswood Shaftport Sudderwick Camling Melborne Dribberbrough Chedwick Ensdown Wychringden Rothensden Skellerbury Ribblesremoor Chippingchester Reddlesley Camtree Sunsseybrook Flitcompwold Durrenslow Sodham Worglesmernell Sirengrove Camsted Sudderbage Elsmith Candleseyney Cammertree Aldlow Ciringover Ketworth Penswick Chilmermere Staindlemansavon Sundlesborne Kettenwell Toddleborne Suddingney Falrensavon Horndlehampton Alddlesenbage Worringcompgrove Clereshot Sismith Braddleswick Soddlesbasbourne Burglesbrook Camsmere Hammingreport Farnsmerbeck Braddlesreport Wolbourne Chilworth Skelling Elmerdown Camhampton Whitborough Pendlesford Marlborne Endcastle Pendlesbascastle Windlesseywang Wencester Sudhead Cheddenwang Eggermoor Ellensbrough Braindlemere Camsreborough Cannell Basserchester Chedcastle Sundlecombe Wycombe Brackavon Horslake Brackavon Wycombe Sundlecombe Chedcastle Basserchester Cannell Camsreborough Braindlemere Ellensbrough Eggermoor Cheddenwang Eggermoor Ellensbrough Braindlemere Camsreborough Cannell Basserchester Chedcastle Sundlecombe Wycombe Brackavon Horslake Wolden Ennell Blanavon Toddlenell Ribbendhead Dribbinglow Wendlerewick Bootherbersted Hanbasside Rockdenport Boothingwick Endlesthorne Watchsmith Hannensworth Watchsmith Endlesthorne Boothingwick Rockdenport Hanbasside Bootherbersted Wendlerewick Dribbinglow Ribbendhead Toddlenell Blanavon Ennell Wolden Horslake Brackavon Wycombe Sundlecombe Chedcastle Basserchester Chedcastle Sundlecombe Wycombe Brackavon Horslake Wolden Ennell Blanavon Toddlenell Ribbendhead Dribbinglow Wendlerewick Bootherbersted Hanbasside Rockdenport Boothingwick Endlesthorne Watchsmith Hannensworth Edgfield Boothingtree Sistanwick Stapseyden Bromwich Southcompmere Ketthorne Wendlethorne Rotsted Hamwich Rotsted Wendlethorne Ketthorne Southcompmere Bromwich Stapseyden Sistanwick Boothingtree Edgfield Hannensworth Watchsmith Endlesthorne Boothingwick Rockdenport Hanbasside Bootherbersted Wendlerewick Dribbinglow Ribbendhead Toddlenell Blanavon Ennell Wolden Horslake Brackavon Wycombe Sundlecombe Chedcastle Basserchester Cannell Camsreborough Braindlemere Ellensbrough Eggermoor Cheddenwang Sudhead Wencester Windlesseywang Pendlesbascastle Endcastle Marlborne Endcastle Pendlesbascastle Windlesseywang Wencester Sudhead Cheddenwang Eggermoor Ellensbrough Braindlemere Camsreborough Cannell Basserchester Chedcastle Sundlecombe Wycombe Brackavon Horslake Wolden Ennell Blanavon Toddlenell Ribbendhead Dribbinglow Wendlerewick Bootherbersted Hanbasside Rockdenport Boothingwick Endlesthorne Watchsmith Hannensworth Edgfield Boothingtree Sistanwick Stapseyden Bromwich Southcompmere Ketthorne Wendlethorne Rotsted Hamwich Brombrough Hamwich Rotsted Wendlethorne Ketthorne Southcompmere Bromwich Stapseyden Sistanwick Boothingtree Edgfield Hannensworth Watchsmith Endlesthorne Boothingwick Rockdenport Hanbasside Bootherbersted Wendlerewick Dribbinglow Ribbendhead Toddlenell Blanavon Ennell Wolden Horslake Brackavon Wycombe Sundlecombe Chedcastle Basserchester Cannell Camsreborough Braindlemere Ellensbrough Eggermoor Cheddenwang Sudhead Wencester Windlesseywang Pendlesbascastle Endcastle Marlborne Pendlesford Whitborough Camhampton Elmerdown Skelling Chilworth Wolbourne Braddlesreport Farnsmerbeck Hammingreport Camsmere Burglesbrook Soddlesbasbourne Braddleswick Sismith Clereshot Worringcompgrove Alddlesenbage Horndlehampton Falrensavon Suddingney Toddleborne Kettenwell Sundlesborne Staindlemansavon Sundlesborne Kettenwell Toddleborne Suddingney Falrensavon Horndlehampton Alddlesenbage Worringcompgrove Clereshot Sismith Braddleswick Soddlesbasbourne Burglesbrook Camsmere Hammingreport Farnsmerbeck Braddlesreport Wolbourne Chilworth Skelling Elmerdown Camhampton Whitborough Pendlesford Marlborne Endcastle Pendlesbascastle Windlesseywang Wencester Sudhead Cheddenwang Eggermoor Ellensbrough Braindlemere Camsreborough Cannell Basserchester Chedcastle Sundlecombe Wycombe Brackavon Horslake Wolden Ennell Blanavon Toddlenell Ribbendhead Dribbinglow Wendlerewick Bootherbersted Hanbasside Rockdenport Boothingwick Endlesthorne Watchsmith Hannensworth Edgfield Boothingtree Sistanwick Stapseyden Bromwich Stapseyden Sistanwick Boothingtree Edgfield Hannensworth Watchsmith Endlesthorne Boothingwick Rockdenport Hanbasside Bootherbersted Wendlerewick Dribbinglow Ribbendhead Toddlenell Blanavon Ennell Wolden Horslake Brackavon Wycombe Sundlecombe Chedcastle Basserchester Cannell Basserchester Chedcastle Sundlecombe Wycombe Brackavon Horslake Wolden Ennell Blanavon Toddlenell Ribbendhead Dribbinglow Wendlerewick Bootherbersted Hanbasside Rockdenport Boothingwick Endlesthorne Watchsmith Hannensworth Edgfield Boothingtree Sistanwick Stapseyden Bromwich Southcompmere Ketthorne Wendlethorne Rotsted Hamwich Brombrough Sodditch Nortditch Reddingringey Horndleside Wolney
55
Wolney Braindlemoor
Reddingringey Sodden
Brombrough Brombrough
Hamwich Hamwich
Wendlethorne Chipcester
Bromwich Bromwich
Stapseyden Stapseyden
Boothingtree Reddingbourne
Watchsmith Watchsmith
Endlesthorne Endlesthorne
Rockdenport Hampenlake
Wendlerewick Wendlerewick
Dribbinglow Dribbinglow
Blanavon Egmanston
Wolden Wolden
Horslake Horslake
Sundlecombe Meley
Basserchester Basserchester
Cannell Cannell
Braindlemere Endingey
Cheddenwang Cheddenwang
Sudhead Sudhead
Pendlesbascastle Cirercompsted
Marlborne Marlborne
Pendlesford Pendlesford
Camhampton Emthorne
Chilworth Chilworth
Wolbourne Wolbourne
Farnsmerbeck Marlringlake
Burglesbrook Burglesbrook
Soddlesbasbourne Soddlesbasbourne
Clereshot Hammermere
Alddlesenbage Alddlesenbage
Horndlehampton Horndlehampton
Toddleborne Hannerley
Sundlesborne Sundlesborne
Staindlemansavon Staindlemansavon
Penswick Tiphampton
Aldlow Aldlow
Cammertree Cammertree
Elsmith Suddendwell
Sirengrove Sirengrove
Worglesmernell Worglesmernell
Flitcompwold Bootbeck
Camtree Camtree
Reddlesley Reddlesley
Ribblesremoor Worrersted
Wychringden Wychringden
Ensdown Ensdown
Melborne Emsbrook
Sudderwick Sudderwick
Shaftport Shaftport
Siringbrook Leatherberlake
Skellingmansgrove Elringlow
Wolvingborne Chilhall