Cleresmith Whitby Bothensborough Sodmersmith Chedlake Ketterwold Milditch Wydon Edgney Whitseyborough Todderworth Warrerbage Durblechester Dribbasborne Hanworth Sunderbrough Chillerlow Eggerrensling Hannerworth Waltcombe Dribbinggrove Cheddlesport Pendton Elfield Warblesdown Wolvingrethorne Cammingbury Blanden Egwood Skelcastle Cannerrebeck Ciside Hartrenslow Enderavon Pemhampton Reddenwell Suddlebrough Pendingstoke Stainsdenwold Ashworth Cannenringwell Elmsbrook Chilcompcester Hanscombe Watchmanshead Chippenden Watchmanshead Hanscombe Chilcompcester Hanscombe Watchmanshead Chippenden Camsdenden Rockhead Bootworth Dribbingenborne Dribside Wendlemerford Dribside Dribbingenborne Bootworth Rockhead Camsdenden Chippenden Watchmanshead Hanscombe Chilcompcester Elmsbrook Cannenringwell Ashworth Stainsdenwold Pendingstoke Suddlebrough Reddenwell Pemhampton Enderavon Hartrenslow Ciside Cannerrebeck Skelcastle Egwood Blanden Cammingbury Wolvingrethorne Warblesdown Elfield Pendton Cheddlesport Dribbinggrove Waltcombe Hannerworth Eggerrensling Chillerlow Sunderbrough Hanworth Dribbasborne Durblechester Dribbasborne Hanworth Sunderbrough Chillerlow Eggerrensling Hannerworth Waltcombe Dribbinggrove Cheddlesport Pendton Elfield Warblesdown Wolvingrethorne Cammingbury Blanden Egwood Skelcastle Cannerrebeck Ciside Hartrenslow Enderavon Pemhampton Reddenwell Suddlebrough Pendingstoke Stainsdenwold Ashworth Cannenringwell Elmsbrook Cannenringwell Elmsbrook Chilcompcester Hanscombe Watchmanshead Chippenden Camsdenden Rockhead Bootworth Rockhead Camsdenden Chippenden Watchmanshead Hanscombe Chilcompcester Elmsbrook Cannenringwell Ashworth Stainsdenwold Pendingstoke Suddlebrough Reddenwell Pemhampton Enderavon Hartrenslow Ciside Cannerrebeck Skelcastle Egwood Blanden Cammingbury Wolvingrethorne Warblesdown Elfield Pendton Cheddlesport Dribbinggrove Waltcombe Hannerworth Eggerrensling Chillerlow Eggerrensling Hannerworth Waltcombe Dribbinggrove Cheddlesport Pendton Elfield Warblesdown Wolvingrethorne Cammingbury Blanden Egwood Skelcastle Cannerrebeck Ciside Hartrenslow Enderavon Pemhampton Reddenwell Suddlebrough Reddenwell Pemhampton Enderavon Hartrenslow Ciside Cannerrebeck Ciside Cannerrebeck Skelcastle Egwood Blanden Cammingbury Wolvingrethorne Warblesdown Elfield Pendton Cheddlesport Dribbinggrove Waltcombe Hannerworth Eggerrensling Chillerlow Sunderbrough Hanworth Dribbasborne Durblechester Warrerbage Todderworth Whitseyborough Edgney Wydon Milditch Ketterwold Milditch Wydon Edgney Whitseyborough Todderworth Warrerbage Durblechester Dribbasborne Hanworth Sunderbrough Chillerlow Eggerrensling Chillerlow Sunderbrough Hanworth Dribbasborne Durblechester Warrerbage Todderworth Whitseyborough Edgney Wydon Milditch Ketterwold Chedlake Sodmersmith Bothensborough Whitby Cleresmith
26
Cleresmith Warringwood
Bothensborough Chippingwood
Ketterwold Ketterwold
Milditch Milditch
Edgney Basfield
Warrerbage Warrerbage
Durblechester Durblechester
Hanworth Ellingey
Eggerrensling Eggerrensling
Hannerworth Hannerworth
Dribbinggrove Pendrenslake
Elfield Elfield
Warblesdown Warblesdown
Cammingbury Soddenreey
Skelcastle Skelcastle
Cannerrebeck Cannerrebeck
Hartrenslow Cammenenwich
Reddenwell Reddenwell
Suddlebrough Suddlebrough
Stainsdenwold Reddentree
Elmsbrook Elmsbrook
Chilcompcester Chilcompcester
Chippenden Shrivden
Rockhead Rockhead
Bootworth Bootworth
Wendlemerford Ribney Wetley