Warfield Horndlecompside Bastleseyham Dribbingworth Worhall Todtree Cannerthorne Tipwick Cannerthorne Soddlewick Falport Bothingney Hammerringey Chelmstanwell Ellingreham Suddlecombe Ashfield Hannenmanswick Cammerrensmoor Wyborne Chedberdon Suddleover Chedtree Burglebrough Elcompbridge Chiphead Shaftfield Dribbingworth Worhall Dribblewick Windling Millendon Ashfield Sundlerensford Worberbrook Stainbrough Fulbourne Stainbrough Ciditch Camwood Barndberbrough Worhall Barndberbrough Pendingbrook Ketsmith Hammenshead Cicombe Hammenshead Chilbury Warfield
35
Warfield Warfield
Bastleseyham Bastleseyham
Dribbingworth Dribbingworth Leatherbleside
Worhall Worhall
Todtree Todtree
Cannerthorne Chedderrenswich
Tipwick Ashborne Tipwick
Soddlewick Soddlewick
Falport Pendlewood Botherseyworth Falport
Bothingney Horstlescompstoke
Hammerringey Hammerringey
Chelmstanwell Chelmstanwell
Ellingreham Ellingreham
Suddlecombe Suddlecombe Chippingsted Basringney
Ashfield Ketport Ashfield
Hannenmanswick Hamsling Hannenmanswick
Cammerrensmoor Suddleborne Cammerrensmoor
Wyborne Wyborne Cambingstoke
Suddleover Suddleover
Chedtree Siringwang Chedtree
Burglebrough Elmansham Sudsmith Burglebrough
Chiphead Chiphead
Shaftfield Skelling
Dribblewick Skellingden
Windling Windling
Millendon Millendon
Worberbrook Worberbrook
Stainbrough Stainbrough
Fulbourne Southbasport
Ciditch Northall
Barndberbrough Barndberbrough
Pendingbrook Suddlecastle Pendingbrook
Ketsmith Whitchester
Cicombe Cicombe
Chilbury Brackcompwang Chilbury