Whitgrove Worberney Egwick Staplow Ketnell Sundcompney Ketnell Chelmdenmoor Southmere Rothead Ellerbridge Sodberling Bromstanham Sodberling Ellerbridge Worrenberwang Ketnell Toddenmoor Abgleham Sundlethorne Warblestancester Basbage Bursted Botbage Penddenchester Pemnell Rothingcombe Ribenwell Sundcompney Prestwick Stafavon Elside Wetsmith Warsmith Horstleover Basbage Warblestancester Ribberrenston Farnditch Ribberrenston Warblestancester Sundlethorne Fullensborne Blansbrook Casbrook Windleshead Wychcompwold Skellenshot Egbeck Cireport Horstleover Warsmith Skellingover Candleswick Endleshall Melwood Suddenmoor Egmerhampton Shaftwick Abcester Shaftwick Hurstdown Botshot Hurstdown Shaftwick Egmerhampton Aldtree Chedworth Sundendford Southmere Maidendstoke Stainbrough Maidendstoke Basbage Warblestancester Tippendham Emmerley Bastlebury Rothead Egbeck Skellenshot Wychcompwold Shaftborough Hannersmith Tippendham Warblestancester Basbage Southmere Chelmdenmoor Ketnell Chelmdenmoor Bursmith Sodberling Ellerbridge Ketchester Boothingmanstree Ribbenhall Hornsmercombe Ciringnell Penby Falderseythorne Durbrook Wychchester Waltbeck Wychchester Reddendeney Worford Stapbrough Reddingtree Eley Burlake Endleberey Sundlethorne Abgleham Siavon Horsnell Warsmith Falderbrough Warsmith Skellingover Stapbrook Chilsmith Rothead Hamscombe Worford Hampingworth Basditch Tipbeck Burglemere Southbury Burglemere Sirenshall Fulhampton Sirenshall Cannerthorne Waltbeck Wychchester Prestwick Sundcompney Dartden Cirerham Reddensden Melwood Endleshall Candleswick Skellingover Warsmith Horstleover Toddenmerbrough Endingnell Elwold Worford Hampingworth Marlbeck Faldenhall Marlbeck Sodberling Whitgrove
68
Whitgrove Whitgrove Dribblecombe
Staplow Staplow
Ketnell Ketnell
Chelmdenmoor Bothenton
Southmere Egsted Southmere
Rothead Bothenhall
Ellerbridge Ellerbridge Suddingover Wycastle Todhampton Bootwick
Sodberling Sodberling
Bromstanham Bromstanham Clereennell
Worrenberwang Worrenberwang
Toddenmoor Toddenmoor
Abgleham Abgleham
Sundlethorne Sundlethorne
Rothingcombe Milthorne Rothingcombe
Prestwick Prestwick
Elside Elside
Wetsmith Wetsmith
Horstleover Horstleover
Ribberrenston Ribberrenston
Farnditch Farnditch Abglewold
Blansbrook Blansbrook
Casbrook Casbrook
Wychcompwold Wychcompwold
Skellenshot Skellenshot Cihead
Cireport Leatherport
Skellingover Skellingover
Candleswick Candleswick
Melwood Melwood
Suddenmoor Suddenmoor Staincombe
Egmerhampton Egmerhampton
Abcester Abcester Sifield
Botshot Falworth
Chedworth Chedworth
Sundendford Botbeck Whitringlake Sundendford
Stainbrough Wendleringdown
Tippendham Tippendham
Emmerley Emmerley
Bastlebury Hamwold Bastlebury Rothendcombe
Shaftborough Shaftborough
Bursmith Bursmith
Ketchester Farndlesover Ketchester Watchlake Tippingbage
Boothingmanstree Boothingmanstree
Penby Penby
Falderseythorne Falderseythorne
Durbrook Sodport Durbrook
Wychchester Wychchester Siey
Waltbeck Waltbeck
Reddendeney Reddendeney Worhall
Worford Dribberham Worford Rotherlow
Stapbrough Stapbrough
Eley Eley
Endleberey Endleberey
Siavon Siavon
Horsnell Horsnell
Falderbrough Marlbrook
Stapbrook Wetwick
Hamscombe Skelberden Alfmere
Hampingworth Hampingworth
Basditch Redcombe Hampingcastle Basditch
Southbury Marlcester Nortwell Southbury
Sirenshall Hampingbascombe Sirenshall
Fulhampton Tipstoke
Cannerthorne Cannerthorne
Dartden Dartden
Cirerham Wolley
Endingnell Endingnell
Marlbeck Tippenbrook Enderbeck
Faldenhall Faldenhall Wethampton