0 1 2 3 4 5 6 7 8 9 10 25 40 54 53 68 52 36 50 65 80 81 82 66 67 69 70 85 86 87 103 104 89 59 58 43 28 12 11 10 9 8 7 6 5 4 3 2 1 0 15 30 45 60 75 76 77 78 79 80 79 78 77 76 75 90 106 122 107 91 75 60 45 30 15 0
34
0 0 63
3 18 3
4 34
5 35 20 5
7 7
8 23 8
10 10
25 25
40 40
68 68
52 52
36 51 36
50 50
80 80 111 110 95
82 98 83
70 70
85 115 100 85 116
87 88
103 103
104 119
58 73 55 71 56 41 57
28 28
12 13
15 15
30 30
45 31 45 46 47
75 75
76 76
78 78
79 109 93
90 90 105
106 120 121 106
122 122
91 108 124