0 75 54 185 162 150 22 26 180 178 14 83 60 109 127 191 134 128 152 111 149 35 164 77 182 92 183 1 129 1 170 6 153 110 132 63 175 3 99 85 11 157 120 116 32 0
38
0 49
75 75
54 98
185 18 27 185
150 69 17
22 64 22 31 48
26 176 179 196 166 39 151 26
180 197 199 12 78 81 58 106 180 186
178 193 178
14 4 14
83 83 133 36
60 104 125
109 65 173 89 42 109
191 137 25
134 134
128 128 168 184 156
152 130 10 20 100 121
111 51 79 126 111
149 149
35 117 87 119 9 138 95 159
164 24
77 77
182 96 182
92 108 102
183 139
129 146
170 194 28 163 103 170
6 6
153 38
110 67 44 47
63 74 91 63
175 175
99 99
85 160 145 19 85
157 70 155 157 50
120 120
116 116
32 32