location0 location47 location3 location43 location22 location37 location27 location65 location17 location63 location69 location16 location68 location45 location58 location25 location79 location31 location15 location5 location15 location82 location36 location89 location24 location20 location75 location30 location53 location85 location53 location30 location9 location61 location29 location14 location7 location87 location76 location18 location34 location28 location33 location84 location57 location84 location19 location22 location81 location32 location1 location65 location23 location65 location48 location0
34
location47 location47
location3 location3
location43 location26 location43 location6
location22 location22
location37 location37
location27 location27
location17 location17 location50
location16 location16
location45 location45
location25 location25
location31 location13 location31
location15 location15
location5 location5
location36 location10 location36
location24 location24 location4
location20 location20
location30 location30
location53 location40 location2 location35
location85 location49 location46
location9 location9 location12
location61 location44
location29 location29
location14 location14
location7 location7
location18 location18
location34 location34 location21 location39 location41 location42
location28 location28
location33 location33
location57 location8
location19 location19
location32 location32
location1 location1 location11
location23 location38 location23
location48 location48