location0 location13 location140 location89 location41 location186 location44 location63 location98 location9 location77 location154 location113 location36 location76 location48 location180 location133 location151 location93 location72 location67 location92 location18 location115 location17 location173 location52 location75 location141 location118 location159 location58 location12 location26 location43 location66 location178 location33 location56 location149 location99 location55 location129 location117 location12 location70 location183 location86 location53 location147 location16 location34 location126 location28 location174 location8 location181 location104 location7 location5 location32 location148 location165 location19 location90 location67 location76 location152 location60 location116 location39 location141 location131 location4 location175 location53 location142 location48 location183 location80 location136 location45 location30 location148 location157 location21 location95 location21 location70 location51 location76 location73 location0
68
location0 location57
location13 location13
location140 location85
location89 location89
location41 location41 location10
location186 location31
location44 location44 location22
location63 location63
location98 location98
location9 location9
location77 location77
location154 location65
location36 location36
location76 location76
location48 location48
location133 location97
location151 location88 location35 location96
location93 location93
location72 location72 location87
location67 location67
location92 location92
location18 location18
location17 location17
location52 location52
location75 location75
location141 location61
location118 location11 location94
location58 location58
location12 location12 location29
location26 location82 location71 location40 location26
location43 location43
location66 location78 location66 location62
location33 location33
location56 location56
location149 location42
location99 location99 location84
location55 location55
location129 location6
location117 location24 location64 location3 location15
location70 location70
location86 location86
location53 location53
location16 location16 location46
location34 location34
location28 location28
location174 location20
location8 location8
location7 location100 location7
location5 location83 location5
location32 location32
location148 location37
location165 location69
location19 location19
location90 location90
location152 location1 location79
location60 location23 location60 location54 location14
location39 location81 location68 location39
location4 location4
location175 location91
location142 location49
location80 location80
location45 location74 location45
location30 location50 location30
location157 location27 location47
location21 location59 location21
location95 location25 location38 location95
location51 location2 location51
location73 location73