SantaClarita Carrollton GardenGrove Victorville Shreveport Thornton Memphis Modesto Independence Scottsdale Irvine SantaRosa Newark Tulsa RanchoCucamonga McAllen Tempe Madison Davidson Milwaukee OklahomaCity Omaha SanDiego Chandler Akron Berkeley Stamford SanDiego Henderson Portland Torrance Hartford Allentown Stockton Carrollton SantaClarita
27
Carrollton Carrollton Concord
GardenGrove GardenGrove
Victorville Victorville
Shreveport Shreveport
Thornton Midland NewportNews Beaumont Huntsville
Memphis Yonkers
Independence SiouxFalls Independence
Scottsdale Scottsdale
Irvine Fayetteville
Newark Newark
Tulsa StPetersburg
RanchoCucamonga RanchoCucamonga
McAllen Surprise
Tempe Washington WestValleyCity
Madison Brownsville Orlando
Davidson Garland Worcester Alexandria Bellevue
Milwaukee Lafayette
OklahomaCity OklahomaCity LosAngeles
Omaha Omaha Ontario
SanDiego StLouis LexingtonFa Waco
Chandler Paterson
Stamford Stamford
Henderson Henderson
Portland Visalia Sunnyvale
Hartford Boston LongBeach LouisvilleJefferson Hartford
Allentown Pomona Allentown Wichita
Stockton Stockton Austin Indianapolis PembrokePines