Plano SantaClara Amarillo Cary Clyde LasVegas HuntingtonBeach AugustaRichmond Fullerton Tempe Irvine HuntingtonBeach Vancouver Atlanta Cleveland Atlanta KansasCity Jackson FortLauderdale Norfolk Reno LouisvilleJefferson Reno Norfolk FortLauderdale Jackson KansasCity Huntsville Seattle Glasses Stamford Glasses LosAngeles Torrance VirginiaBeach Albuquerque Hayward Miramar MorenoValley Tacoma WestValleyCity GardenGrove CedarRapids SanAntonio Davidson Teemo BoiseCity Frisco DesMoines AnnArbor Reno LouisvilleJefferson LexingtonFa Springfield FortCollins Allentown Killeen SanJose KansasCity Beaumont Abilene MorenoValley SantaClara Plano
41
Plano Rockford
SantaClara SantaClara Riverside Irving
Cary Cary OklahomaCity
LasVegas LasVegas
HuntingtonBeach Corona HuntingtonBeach NewOrleans Mobile Dallas Worcester Hartford
AugustaRichmond AugustaRichmond
Tempe SimiValley
Irvine LittleRock Miami Irvine Cincinnati Olathe Hampton
Vancouver Vancouver
Atlanta Atlanta Oxnard
Cleveland Denver
KansasCity Garland
FortLauderdale FortLauderdale
Norfolk Norfolk
LouisvilleJefferson Tulsa LouisvilleJefferson
Huntsville JerseyCity Lafayette Huntsville Pikachu
Seattle Lincoln
Glasses Escondido Hollywood Glasses
Stamford Stamford
LosAngeles Akron
Torrance Torrance Anaheim Lancaster Elizabeth
VirginiaBeach Omaha Ontario
Hayward Wichita OWO Hayward Waco
Miramar Charleston Montgomery Memphis Mesa
MorenoValley Sunnyvale MorenoValley Norman Pasadena
Tacoma SanFrancisco Warren
WestValleyCity Vallejo
GardenGrove GardenGrove
CedarRapids Salinas
SanAntonio CorpusChristi Houston SantaClarita SanAntonio Pomona NewHaven
Davidson Davidson
Teemo Fremont SanBernardino Knoxville Brownsville Greensboro Madison
BoiseCity Surprise
Frisco Mesquite Anchorage Thornton
AnnArbor StLouis AnnArbor
Springfield Denton Glendale Raleigh Chicago
FortCollins Tampa ThousandOaks GrandPrairie SantaRosa FortCollins Laredo McAllen Portland SiouxFalls
Allentown Allentown
Killeen Killeen
SanJose SanJose
Beaumont Beaumont