Waco OverlandPark KansasCity OverlandPark Newark Lincoln Detroit Lincoln ChulaVista SantaClara Irving SaltLakeCity Newark OverlandPark SterlingHeights Palmdale StPaul Victorville SanBernardino Stamford Cary Palmdale AthensClarkeCounty SanFrancisco AthensClarkeCounty OWO SterlingHeights OverlandPark Waco
19
Waco SanAntonio MorenoValley
OverlandPark AnnArbor
KansasCity Omaha
Newark Newark
Lincoln Lincoln
Detroit Detroit
ChulaVista ChulaVista
Irving Irving
SaltLakeCity Rochester SaltLakeCity
SterlingHeights SterlingHeights
Palmdale FortWayne Palmdale
StPaul StPaul
Victorville FortCollins
SanBernardino SanBernardino
Stamford Clarksville Stamford
Cary Cary
AthensClarkeCounty AthensClarkeCounty
SanFrancisco SanFrancisco Richmond
OWO OWO LexingtonFa