0 185 132 81 75 15 6 173 198 173 6 48 130 48 123 67 2 72 78 177 37 108 166 114 154 153 111 164 111 112 135 83 87 11 179 102 74 38 145 26 91 69 176 51 144 131 38 46 38 131 101 92 101 27 97 152 25 2 186 18 192 16 15 6 5 17 137 129 47 162 156 175 70 124 96 17 50 182 165 42 76 159 154 114 17 72 78 52 126 101 196 164 12 26 145 98 66 195 160 5 17 30 17 37 101 135 61 165 163 146 180 63 180 88 172 115 117 14 117 175 128 11 137 191 26 80 110 119 125 50 17 114 154 163 90 74 38 78 72 17 5 3 35 157 19 89 151 89 19 72 184 181 140 14 117 175 156 0
78
0 0
185 23
81 81
15 15
173 173
198 138
48 24 4
130 9 130 103
123 193 39 56 59 158
67 67
2 2
72 72
78 78
177 177
108 20
166 166
114 114
154 154
153 153
111 111
164 164
112 100
135 8
83 83
87 116 21 43 190
11 65 11
102 102
74 74 22
38 38
26 26 167
69 69
51 51
144 93
46 84
101 101
92 68
27 27
152 152
18 18
16 16
5 5
17 17 94
137 137
129 129
47 47
175 143
70 70
96 96
50 50
182 182
42 42
76 33
159 159
52 52 199
12 120
98 98
66 66
160 160
30 197
163 1
146 146
63 183
172 172 134
115 115
14 13 14
128 128 107 28 187
191 141
80 80
119 174
125 125
90 133 86
3 3
35 35
157 157
89 89
151 151 31
184 184
140 71