13 178 183 135 145 111 171 104 128 52 140 160 10 148 83 112 139 188 181 142 146 108 127 145 53 119 106 183 113 199 143 125 191 168 175 89 123 115 167 165 159 138 127 168 103 162 156 169 70 172 176 73 136 152 71 153 180 126 164 141 170 157 189 116 133 36 184 69 118 105 129 149 179 151 114 89 195 166 91 179 117 122 81 182 196 45 173 101 107 186 187 120 121 195 158 102 161 91 147 129 170 109 127 185 190 134 131 194 144 132 177 56 156 103 155 103 150 21 110 159 50 137 111 124 130 59 163 174 181 174 193 197 192 186 100 154 198 152 157 32 13
100
178 178
183 183
135 135
145 145
111 111
171 171
104 104
128 128
140 140
160 160
148 148
112 112
139 139
188 188
181 181
142 142
146 146
108 108
127 127
119 119
106 106
113 113
199 199
143 143
125 125
191 191
168 168
175 175
123 123
115 115
167 167
165 165
159 159
138 138
103 103
162 162
156 156
169 169
172 172
176 176
136 136
152 152
153 153
180 180
126 126
164 164
141 141
170 170
157 157
189 189
116 116
133 133
184 184
118 118
105 105
129 129
149 149
179 179
151 151
114 114
195 195
166 166
117 117
122 122
182 182
196 196
173 173
101 101
107 107
186 186
187 187
120 120
121 121
158 158
102 102
161 161
147 147
109 109
185 185
190 190
134 134
131 131
194 194
144 144
132 132
177 177
155 155
150 150
110 110
137 137
124 124
130 130
163 163
174 174
193 193
197 197
192 192
100 100
154 154
198 198