wNqlpYNsRbJEgiGpKxrU cmmlyhRSZpCVODfRPvaA CvZkdIYtdeDHtwufupie QyXpliHSeQOPIsurIcpa ANDviqMIuFwdcboQDprt pGEDfjoOOYfHsrRVgAyF gqsFUfkkQrlyYYdSXwmt nreoVgWrBhNXFZgTBlXO QjbdwbUnopENkiNyqirZ qoaNjvaRghiMQXaVEoQe syonLisTOSczosCwoILE CvZkdIYtdeDHtwufupie QyXpliHSeQOPIsurIcpa DpztIuGTRpGuLsdlODJw yRQdlZBUBAPypebnrlAH oKHxHZxgXgKSVZAEEVVZ IamFpWICdyBhLFRVaylm twwHXGyTBfZUDOGVnCzA FWnudSYFvYQJHehOpEKf twwHXGyTBfZUDOGVnCzA lIpVoDPUIfHCPpjswogJ lbWonvEbeplndKguSTkk wNqlpYNsRbJEgiGpKxrU lbWonvEbeplndKguSTkk shaRjZRSPDzVXmetmolj scpUkbcaYSAsHhSktebT EEeDJaHeajXXlwYcHTeJ MBJqOYmxhUYbldNVEdRy uUKZHvHmBrpBHjYWNaUL HeWrJOKsDjgdrcamgZLN kwPuYZgJgVVJfdBGUtPw FYfGkhtzhjqJHqxmUsVx efZntVbfQTvIUOiRNPSH shugRMnaHVqQSmKaNBgu efZntVbfQTvIUOiRNPSH EEeDJaHeajXXlwYcHTeJ oKHxHZxgXgKSVZAEEVVZ QeYNNLpZMBxyiFbZMPFY RQlEqfIvpsUfBSzSkvip cmmlyhRSZpCVODfRPvaA wNqlpYNsRbJEgiGpKxrU lbWonvEbeplndKguSTkk eOfnBeTgmYCNEnRUhlEK eCBFrcppbiLzdGQubocl ubMKewvRqrviLcycMHcN xlbpuxAjoVPJWPCWBEkJ gFUGYXSirCYiFTivWNah xlbpuxAjoVPJWPCWBEkJ IamFpWICdyBhLFRVaylm vIbIQYXZnmYrooTLYNtu wlySPverjehsBxldyigf oDgfEuAVpeOlkkTIMDLw iVjkcMenotYGMFEBTvoa CWozbDsqFUhTlbxWhCmh xlbpuxAjoVPJWPCWBEkJ TOntbQDzHvMkxiKuanmw gFUGYXSirCYiFTivWNah juzxSpUVuccJUMBOcJjO ANDviqMIuFwdcboQDprt jeqqhISPyRIhGBNohHEu ANDviqMIuFwdcboQDprt QyXpliHSeQOPIsurIcpa CvZkdIYtdeDHtwufupie UIlSMnVKIdNiXZNSiHsI oDgfEuAVpeOlkkTIMDLw iVjkcMenotYGMFEBTvoa ndaHivGVVtIUvLiyUWcm ZauPfhkpsGmhbvkhkltR FaWIqatYRYVcXfVhAFRN umZXKcxkweEplHZdotgU EEeDJaHeajXXlwYcHTeJ juzxSpUVuccJUMBOcJjO gFUGYXSirCYiFTivWNah RlHeRhvUOhGhZVGGJuED WoTuprXYItmuBoyNwAcV wNqlpYNsRbJEgiGpKxrU
45
CvZkdIYtdeDHtwufupie szyiMlKhtyOynWjcoMsm ZXihCBEQBTdisqSlEMsj CvZkdIYtdeDHtwufupie oHoxoLeyDYnKZDzgMtxI
QyXpliHSeQOPIsurIcpa QyXpliHSeQOPIsurIcpa
ANDviqMIuFwdcboQDprt YTwycpmzEWCqqTELtzXc ANDviqMIuFwdcboQDprt
pGEDfjoOOYfHsrRVgAyF DZEpVGVXkxHljziwItaS
gqsFUfkkQrlyYYdSXwmt xgBrJmdXVwtxgRuCBhMe
nreoVgWrBhNXFZgTBlXO nreoVgWrBhNXFZgTBlXO
QjbdwbUnopENkiNyqirZ QjbdwbUnopENkiNyqirZ
qoaNjvaRghiMQXaVEoQe ccdJRKiTXwIErdhSIxfh joWAhkfNqIEECnBeulGl VRpSthoDcomqMDsGoVql
syonLisTOSczosCwoILE syonLisTOSczosCwoILE aIuYyryCOUGVeCAqbqkg
DpztIuGTRpGuLsdlODJw lSJjEsqamUCgRZdCmdyI DpztIuGTRpGuLsdlODJw
yRQdlZBUBAPypebnrlAH NJZlnWyeJFrkOwoqHKtT
IamFpWICdyBhLFRVaylm kqcEdfKLaRzxOhAIzchh
FWnudSYFvYQJHehOpEKf FWnudSYFvYQJHehOpEKf fpoTaBKmVdlDCxFwCFoz
lIpVoDPUIfHCPpjswogJ nCedHqGgdWAicwyuYWpg cwgJAHVpCCTmuckJkncL WMWBpOSnHGywZjCgaYyY yscsUFTNNyaVMKBztBdV
lbWonvEbeplndKguSTkk igyeOiSdezmmXGTwMzLw lbWonvEbeplndKguSTkk svUOWvTJLneAqJGnExpc oZXYedlbtBLmkfoVmgta qfRRtdRbhYJBARMfPlZM NYdfLxXxFVvLEbDKzXWn
scpUkbcaYSAsHhSktebT kyApsCeFkLoLFCdkazaE bFmSeBrfNuxjYPUDCLYq jUSlIFtitQxyvVLJjiCc scpUkbcaYSAsHhSktebT JVONrXhhmtFWhFfDiOXW JvFxbsySBAiFiOUrzrBi
EEeDJaHeajXXlwYcHTeJ EEeDJaHeajXXlwYcHTeJ
MBJqOYmxhUYbldNVEdRy wvSJDoqoPGAkYgSuPFPw PZwTcKCPsEmpxetNZvef gDYKDrbERUXTnCayjBrC QePOUWiXcAUCoHETxuGS MBJqOYmxhUYbldNVEdRy hLaNXBYgTzgUhvjmqUTu NPSPGRTNRcKKVpsBRSwh CbGuHgZfQMmSOfHDFJnK NzDQJknJPDEkcwCHzzbF pzrGQEObzJGPnfATEYDc
uUKZHvHmBrpBHjYWNaUL ZwvojvRdUOYNJXIwAqgC XvUPApTFkqaSSizYsCIr wfEFdNDcColoskjTjcLm
HeWrJOKsDjgdrcamgZLN HeWrJOKsDjgdrcamgZLN aGPbLNWYAMujnfHCTCMo
kwPuYZgJgVVJfdBGUtPw kwPuYZgJgVVJfdBGUtPw GMxGouyyndiUBMqMdOoc
FYfGkhtzhjqJHqxmUsVx zHPSSEtFTQIbLYMdHqgP
efZntVbfQTvIUOiRNPSH efZntVbfQTvIUOiRNPSH UdSbtwxTqTJxOiUoxEqw
shugRMnaHVqQSmKaNBgu IvXQutSorlqOgnSVAIUd pMOSpTzPTPLXHLOQMjnt XPPBMlNyfVVeZGIzTCEW shugRMnaHVqQSmKaNBgu oKAKfpUUuLItChLyByFh edlAtPQdNXJQPCIzpkyX
QeYNNLpZMBxyiFbZMPFY QeYNNLpZMBxyiFbZMPFY
RQlEqfIvpsUfBSzSkvip EhDFVLWZueLOrdjEOzEQ
eOfnBeTgmYCNEnRUhlEK eOfnBeTgmYCNEnRUhlEK KcrnMnFDTrBKaUaGpdLY
eCBFrcppbiLzdGQubocl SitzoubgYFeTjmkLjVPz TEPaiCedHTXapLxoBXMp
ubMKewvRqrviLcycMHcN imEmCMbYEtZJJkwxkSDD ihxEqMQIIvyQmtrtMjeO
xlbpuxAjoVPJWPCWBEkJ xlbpuxAjoVPJWPCWBEkJ
gFUGYXSirCYiFTivWNah gcXUxTVUZWsOwtRNeDDa erZKLqpCZsYKDnOCaBGq NIJaJxCurulNUdZZMxFk ayQgUwyRuQVKeyFLPNbQ
vIbIQYXZnmYrooTLYNtu vIbIQYXZnmYrooTLYNtu
wlySPverjehsBxldyigf wlySPverjehsBxldyigf
oDgfEuAVpeOlkkTIMDLw mgNeYYUOPKpLeiVEFIXd ADVVlRLpnspleRTgeTdu
iVjkcMenotYGMFEBTvoa VIPPawblKbhOVWrmrWBx
CWozbDsqFUhTlbxWhCmh wuSVWJYvpiWaQAHXocSG cMYyKTXGNKnFzrpwnXUl
TOntbQDzHvMkxiKuanmw zNRhhVdMWUgTnnqmAfeY EmbDgEECbkHbfAfHCgwB
juzxSpUVuccJUMBOcJjO juzxSpUVuccJUMBOcJjO
jeqqhISPyRIhGBNohHEu vTbNxpVTEoFlSjvvVvfG
UIlSMnVKIdNiXZNSiHsI fgzJCwocQniGlXAZHJId bEfUXCTlwRBndElSbPGf eobSFtKBbBdcVrTOREdK UIlSMnVKIdNiXZNSiHsI
ZauPfhkpsGmhbvkhkltR ZauPfhkpsGmhbvkhkltR
FaWIqatYRYVcXfVhAFRN XtZHoAxqEyzvMChzPHpN
umZXKcxkweEplHZdotgU oLMkSrYLQRLHmPiuLCTC
RlHeRhvUOhGhZVGGJuED RlHeRhvUOhGhZVGGJuED jznspKyqlmxZtgfQUJVB eiLPqIroFfCGzqSAlzAp
WoTuprXYItmuBoyNwAcV NtyLZDOaSczVvOGdocUp