A0 A199 A190 A185 A180 A179 A175 A174 A165 A160 A155 A154 A150 A149 A140 A135 A130 A129 A125 A124 A125 A129 A130 A135 A140 A149 A150 A154 A155 A160 A165 A174 A175 A174 A175 A179 A180 A185 A190 A199 A190 A185 A180 A179 A175 A174 A165 A160 A155 A154 A150 A149 A140 A135 A130 A129 A125 A124 A115 A110 A105 A104 A100 A99 A90 A85 A80 A79 A75 A74 A75 A79 A80 A85 A90 A99 A90 A85 A80 A79 A75 A74 A65 A60 A55 A54 A50 A49 A40 A35 A30 A29 A25 A24 A15 A10 A5 A4 A0
48
A0 A2 A3
A199 A194 A195 A196 A197
A190 A193
A185 A186 A187
A180 A183
A179 A179 A181
A175 A177 A178
A174 A169 A170 A171 A172
A165 A168
A160 A161 A162
A155 A158
A154 A154 A156
A150 A152 A153
A149 A144 A145 A146 A147
A140 A143
A135 A136 A137
A130 A133
A129 A129 A131
A125 A128 A127
A124 A120 A121 A122 A119
A115 A118
A110 A111 A112
A105 A108
A104 A104 A106
A100 A102 A103
A99 A96 A97 A94 A95
A90 A93
A85 A86 A87
A80 A83
A79 A81 A79
A75 A77 A78
A74 A72 A69 A70 A71
A65 A68
A60 A61 A62
A55 A58
A54 A54 A56
A50 A52 A53
A49 A44 A45 A46 A47
A40 A43
A35 A36 A37
A30 A33
A29 A29 A31
A25 A27 A28
A24 A19 A20 A21 A22
A15 A18
A10 A11 A12
A5 A8
A4 A4 A6