0 31 54 39 54 51 67 3 84 28 14 161 8 98 176 33 23 44 60 7 10 59 43 77 0 58 198 72 53 19 192 79 113 18 2 32 81 48 145 15 100 49 41 67 41 9 87 80 16 73 90 6 91 190 97 74 55 96 37 48 92 75 176 30 52 56 11 36 80 178 21 35 68 82 136 86 19 53 76 38 70 93 46 95 45 94 44 184 78 50 47 43 65 13 66 1 5 43 69 27 38 57 171 26 12 185 62 102 29 101 85 4 20 17 81 95 99 34 22 71 40 42 24 83 89 88 23 25 64 61 63 0
100
31 31
54 54
39 39
51 51
67 67
3 3
84 84
28 28
14 14
8 8
98 98
33 33
23 23
44 44
60 60
7 7
10 10
59 59
43 43
77 77
58 58
72 72
53 53
19 19
79 79
18 18
2 2
32 32
81 81
48 48
15 15
100 100
49 49
41 41
9 9
87 87
80 80
16 16
73 73
90 90
6 6
91 91
97 97
74 74
55 55
96 96
37 37
92 92
75 75
30 30
52 52
56 56
11 11
36 36
21 21
35 35
68 68
82 82
86 86
76 76
38 38
70 70
93 93
46 46
95 95
45 45
94 94
78 78
50 50
47 47
65 65
13 13
66 66
1 1
5 5
69 69
27 27
57 57
26 26
12 12
62 62
29 29
85 85
4 4
20 20
17 17
99 99
34 34
22 22
71 71
40 40
42 42
24 24
83 83
89 89
88 88
25 25
64 64
61 61
63 63