Soda location18 location57 location16 location63 location94 location99 location4 location54 location14 location43 location8 location49 location97 location41 location7 location94 location30 location96 location21 location70 location12 location1 location45 location11 location74 location37 location82 location31 location13 location77 location2 location48 location88 location35 location85 location3 location26 location6 location46 location40 location51 location50 location87 Soda
36
location18 location25 location18
location57 location38
location16 location16 location29
location63 location34
location4 location4
location54 location28
location14 location5 location14
location43 location43
location8 location8
location49 location49
location97 location33 location39
location41 location41
location7 location7
location30 location30
location96 location44
location21 location19 location21
location12 location12
location1 location1
location45 location45
location11 location11
location74 location9
location37 location32 location15 location37 location23
location82 location17 location10
location31 location31
location13 location13
location2 location2 location36 location22
location48 location48
location35 location24 location35
location85 location20
location3 location3
location26 location26 location42
location6 location6
location46 location27 location46
location40 location40
location50 location50
location87 location47