Soda location53 location69 location36 location160 location115 location151 location42 location4 location81 location73 location70 location55 location13 location174 location58 location191 location59 location99 location9 location127 location93 location159 location7 location190 location12 location64 location86 location167 location63 location101 location193 location171 location72 location27 location20 location100 location14 location24 location28 location138 location23 location67 location65 location186 location92 location96 location89 location25 location46 location38 location37 location35 location17 location79 location91 location147 location116 location140 location84 location76 location175 location161 location10 location41 location53 Soda
60
location53 location2 location53
location69 location44 location69
location36 location36
location160 location21
location115 location74
location151 location40 location66
location42 location42 location11 location22
location4 location4
location81 location81 location57 location77 location45
location73 location73
location70 location19 location70
location55 location55
location13 location80 location13
location174 location61 location6 location95
location58 location58 location3
location59 location59
location99 location97 location99
location9 location9 location94
location127 location50
location93 location93
location159 location26
location7 location7
location190 location1
location12 location52 location12
location64 location64
location86 location86
location167 location29
location63 location83 location5 location63
location193 location88
location171 location33
location72 location72 location18 location47
location27 location27
location20 location20
location100 location100 location60 location68
location14 location48 location14
location24 location24 location15
location28 location98 location31 location28 location71
location23 location23
location67 location67
location65 location65
location186 location8
location92 location92
location96 location96
location89 location89 location54
location25 location56 location25 location85 location62
location46 location75 location46
location38 location38 location30
location37 location37
location35 location35
location17 location17 location82
location79 location87 location79
location91 location91
location147 location39
location140 location43
location84 location84
location76 location76 location78
location175 location32 location49
location161 location16 location90
location10 location34 location10 location51
location41 location41