Soda location35 location7 location10 location9 location20 location4 location2 location17 location29 location40 location13 location46 location23 location31 location33 location38 location6 location21 location43 location25 Soda
18
location7 location7
location10 location10 location11
location9 location9
location20 location20
location4 location4 location12 location22
location2 location2
location17 location17
location40 location16 location14
location13 location13
location46 location18
location23 location23
location31 location24
location33 location8 location1
location38 location5
location6 location6 location15
location21 location3 location21
location43 location19
location25 location25