Soda roshan alvin tamara lewke connor vilaythong sunny andrew patagonia djajadi ian ruhi kevin rob ritter ashley sarina rosen juliann davis caroline amanda krishnan aidan winifred woolf garbers jarrett yip grace shen shah danyal chloe annie walsh massachusetts daniel berit meghan castro singhal garcia sriram lo noor rabie eshaan golden martinez Soda
50
roshan roshan
alvin alvin
tamara tamara
lewke lewke
connor connor
vilaythong vilaythong
sunny sunny
andrew andrew
patagonia patagonia
djajadi djajadi
ian ian
ruhi ruhi
kevin kevin
rob rob
ritter ritter
ashley ashley
sarina sarina
rosen rosen
juliann juliann
davis davis
caroline caroline
amanda amanda
krishnan krishnan
aidan aidan
winifred winifred
woolf woolf
garbers garbers
jarrett jarrett
yip yip
grace grace
shen shen
shah shah
danyal danyal
chloe chloe
annie annie
walsh walsh
massachusetts massachusetts
daniel daniel
berit berit
meghan meghan
castro castro
singhal singhal
garcia garcia
sriram sriram
lo lo
noor noor
rabie rabie
eshaan eshaan
golden golden
martinez martinez