Soda rob maya subbaraj vilaythong krista chase mack wong scott ellen soman winifred chloe andrew zhou massachusetts nichole ohio kaur emily olivia lindsey yip grace shah parham ishaan tyler aanika barth li caroline adhikiari melissa hari vikram ravi ahluwalia rouzbahani george sophia liang charles danyal zhifei weaver krishnan chung evan berit angelis mittal sunny saurav jacob gobears alvin doshi franco logan srivastava brett devesh ani srinivasan kevin king lebron umar du gregory chen sun lewke patagonia annie amanda erika greg ashley maniku ruhi bears zou xin hanlon oscar celine cal william connor djajadi singorahardjo singhal wu ritter wyatt daniel kanika eshaan Soda
100
rob rob
maya maya
subbaraj subbaraj
vilaythong vilaythong
krista krista
chase chase
mack mack
wong wong
scott scott
ellen ellen
soman soman
winifred winifred
chloe chloe
andrew andrew
zhou zhou
massachusetts massachusetts
nichole nichole
ohio ohio
kaur kaur
emily emily
olivia olivia
lindsey lindsey
yip yip
grace grace
shah shah
parham parham
ishaan ishaan
tyler tyler
aanika aanika
barth barth
li li
caroline caroline
adhikiari adhikiari
melissa melissa
hari hari
vikram vikram
ravi ravi
ahluwalia ahluwalia
rouzbahani rouzbahani
george george
sophia sophia
liang liang
charles charles
danyal danyal
zhifei zhifei
weaver weaver
krishnan krishnan
chung chung
evan evan
berit berit
angelis angelis
mittal mittal
sunny sunny
saurav saurav
jacob jacob
gobears gobears
alvin alvin
doshi doshi
franco franco
logan logan
srivastava srivastava
brett brett
devesh devesh
ani ani
srinivasan srinivasan
kevin kevin
king king
lebron lebron
umar umar
du du
gregory gregory
chen chen
sun sun
lewke lewke
patagonia patagonia
annie annie
amanda amanda
erika erika
greg greg
ashley ashley
maniku maniku
ruhi ruhi
bears bears
zou zou
xin xin
hanlon hanlon
oscar oscar
celine celine
cal cal
william william
connor connor
djajadi djajadi
singorahardjo singorahardjo
singhal singhal
wu wu
ritter ritter
wyatt wyatt
daniel daniel
kanika kanika
eshaan eshaan