Jingzhou Ghugus Veenendaal Srinagar Kheri Carmichael elCampello NiagaraFalls Chittaranjan SanJosedeOcoa Ketrzyn Ouarzazat KrasnoyeSelo Tabatinga CoonRapids Malnate RioFormoso Malnate Kheri Ermelo Shumen LaPossession Surkhpur Wittenau TanahMerah LondonderryCountyBor Rembangan Colachel Ibri Chambly Khabarovsk Crespo Carmichael Kabarnet Sanaa Sarzedo AbualMatamir Colachel Carouge Ronse Dukuhturi MelitodiNapoli Veenendaal Ghugus Jingzhou
32
Ghugus Ghugus Manduria
Veenendaal Shizunaifurukawacho Veenendaal
Srinagar Entroncamento Srinagar
Kheri Kheri
Carmichael Carmichael
elCampello elCampello
Chittaranjan Chittaranjan
SanJosedeOcoa SanJosedeOcoa
Ketrzyn Ketrzyn
Ouarzazat Ouarzazat
KrasnoyeSelo Kirovsk
Tabatinga Tabatinga
CoonRapids CoonRapids Sagalo
Malnate Lysva Jeypore Malnate
RioFormoso AzZuwaytinah RioFormoso
Ermelo Ermelo
Shumen Shumen
Surkhpur Bejucal
TanahMerah TanahMerah
LondonderryCountyBor LondonderryCountyBor FortLauderdale
Rembangan Tottori Rembangan Thamaga
Colachel Colachel Shively
Ibri Ibri
Khabarovsk Khabarovsk Chegem
Crespo Crespo Rangae
Kabarnet BurgbeiMagdeburg Kabarnet
Sanaa Sanaa JabalosSaraj
Sarzedo Sarzedo
AbualMatamir SaintMichael
Carouge Carouge Depok
Ronse Ronse Radnor
MelitodiNapoli BeneBeraq Gangtok