LesLilas Nahorkatiya Hangu Daokou NorthAurora Protaras Mandan Pezinok Alnavar MonteAlegre AlBajur Licata Wachtberg Geiro CapimGrosso GongdanglegiKulon Sobue Tansen Khulm Lloydminster GuaMusang Skelmersdale Licata SenaMadureira Oyonnax SenadorPompeu Tansen Shimofurano Prostejov Skelmersdale Nahorkatiya Kotka PortoVelho Mondlo AinBessem Belalcazar Pezinok Bourgoin Malpe Itororo Biskra SouthSaintPaul Ibirataia Balachor Tias Escada Shobara Korsakov Manacapuru Chelles Shurugwi HaciendaLaCalera Protaras Bourgoin Marchena Purnia Osan Nagar FetestiGara Embu WestIslip Mauban Escada SouthSaintPaul Gunzenhausen Osan Nagar Fuxin Ipil Winnipeg Kambove Garbsen Ortaca Morwa Braila Prostejov Johnston Nangi NahiyatashShinafiyah Gorgan Shimofurano UlanBator BlueIsland ChalcodeDiazCovarrub Rivas Garbsen Marchena ElCentro Turek Tangzhai Khulm Lloydminster SpanishTown Banting Arang Akcaabat Mauban Akcaabat Acarau NorthAurora Shchekino Itororo Magdeburg Kambove Aringay Sobue Cachan Ibirataia Hirosaki Gastonia LesLilas
69
Nahorkatiya TagbilaranCity
Hangu Hangu
Daokou Daokou Sosnovka
NorthAurora Aracuai
Mandan Butuan
Pezinok Pezinok
Alnavar Wangon
MonteAlegre MonteAlegre
Licata Battambang
Wachtberg Rhondda
Geiro Zhaodong
CapimGrosso CapimGrosso
GongdanglegiKulon VillaPauladeSarmient PriegodeCordoba Bury
Sobue Sobue
Khulm Khulm
Lloydminster Lloydminster
GuaMusang GuaMusang
Skelmersdale Langenhorn FortWorth Skelmersdale Tabou
SenaMadureira SenaMadureira
SenadorPompeu SenadorPompeu
Shimofurano Shimofurano Arzamas
Prostejov Prostejov
Kotka Kotka
PortoVelho PortoVelho
Mondlo AinArnat
AinBessem AinBessem
Belalcazar Oerlinghausen Belalcazar
Bourgoin EastLongmeadow Gowurdak Mocoa
Malpe Yafo Shieli
Itororo Itororo
Biskra Izhevsk
SouthSaintPaul Angleton Kemise SouthSaintPaul
Ibirataia Ibirataia
Tias SantanadoLivramento
Escada Escada
Shobara MadinatHamad
Korsakov Korsakov
Manacapuru Manacapuru
Shurugwi Shurugwi
HaciendaLaCalera HaciendaLaCalera KotRadhaKishan
Purnia Anjarah
Nagar Nagar
FetestiGara FetestiGara
Embu Embu
WestIslip WestIslip
Gunzenhausen NoblePark SanJuandelaMaguana Gunzenhausen
Fuxin Sorada Baramula Fuxin Ontinyent Acireale
Winnipeg Vaniyambadi
Kambove Kambove Mabopane
Garbsen Garbsen
Ortaca Ortaca
Morwa Morwa
Braila Braila
Johnston Wenchi Johnston Kairouan
NahiyatashShinafiyah NahiyatashShinafiyah
Gorgan Gorgan
UlanBator Vyazniki
BlueIsland BlueIsland MineralnyeVody
ChalcodeDiazCovarrub ChalcodeDiazCovarrub
Rivas Twante Rivas
ElCentro Pozzuoli Haripur
Turek Turek Andrychow
SpanishTown SpanishTown Kineshma
Akcaabat Akcaabat
Acarau Acarau
Shchekino Shchekino Espiye
Magdeburg Haora SaintCyrlEcole
Aringay Kaifeng AshtonunderLyne
Hirosaki Hirosaki