lyenDXSN wKxe hU zR86cxoBR1iHZrBRq hpRsyMlXH1H cHKeh1 llx2p s6JxFNKQ FGQD6P 2FvJIR5cRPGGLqP 8LlDxR2Epx2J o3refHnx4qioqHztqMYE JyObTOXbOI 7h2PJW8oD2ihKQrfQ6 JyObTOXbOI nWkakNi6Qt9d4g SO tQCCGXS3bmOeuRG b4e4 YjVTJewvHTIGLa S8DQEZtWlk6ka46PO 4VjCZBepqzXh5AWCnHpa udWCYo yhhlTVr0wSq5W zI NgQY7 u5jKUWj2LjAYIRn8hhl m NgQY7 D5kg Mu cs0 6yeW7sat9rvd ktk7W excLR25Y6DhCWxI mMU5Ux7Gh9w SB3y6f6tUh 6DVIvuGfPs2BU Nro8QqD7 wKxe lyenDXSN
27
hU hU
zR86cxoBR1iHZrBRq BR
hpRsyMlXH1H vJxAK1LaHyuu4yFNeul
cHKeh1 GPeb MBLHuIgjJIXs
llx2p llx2p lt1a5E0H
s6JxFNKQ M1PxrOPSNUVpc
FGQD6P jvdVvQ
2FvJIR5cRPGGLqP VNvsbB7eWJcAK0fU zzYmU5YFhvp1
o3refHnx4qioqHztqMYE o3refHnx4qioqHztqMYE
JyObTOXbOI cYPTdnJWL
7h2PJW8oD2ihKQrfQ6 ImSpax
nWkakNi6Qt9d4g nWkakNi6Qt9d4g
SO frNA534JEvY4f
tQCCGXS3bmOeuRG wcmx8dhmsO
b4e4 HwQeXpOEZHQ3s 2AR73oQdnbYqnDCGMFS Plmj0j K0A9bbVLm9atwTf
YjVTJewvHTIGLa A67f
S8DQEZtWlk6ka46PO l hVfqebryM4wN f hjCFXN9kbqn0UCNsZ nqeGwct G50hiUpVStHCMrd
udWCYo 61 vAIBd1Ae
zI 7Q zI
u5jKUWj2LjAYIRn8hhl L
m CmV
D5kg KtvQaJqCJTRpXM8ZI
Mu Mu
cs0 wBJRoqVxn1t
6yeW7sat9rvd 6yeW7sat9rvd
mMU5Ux7Gh9w akZmiQ7tmX
6DVIvuGfPs2BU 6DVIvuGfPs2BU