0 6 126 160 174 2 67 56 20 35 58 2 55 175 182 144 62 41 7 76 105 96 12 71 17 171 7 51 85 84 1 65 1 60 37 102 7 42 121 32 2 159 97 151 6 125 1 166 52 11 148 10 39 2 162 173 172 2 78 48 190 30 4 57 81 77 146 13 185 114 3 5 191 132 187 12 116 72 176 110 119 5 19 195 23 188 104 9 3 168 3 103 53 12 134 6 113 6 26 1 88 66 70 1 93 83 1 68 107 2 8 196 14 43 1 115 169 59 7 25 64 163 5 40 2 100 22 1 109 183 12 24 86 38 21 0
100
0 0
6 6
126 126
160 160
174 174
67 67
56 56
20 20
35 35
58 58
55 55
175 175
182 182
144 144
62 62
41 41
76 76
105 105
96 96
71 71
171 171
51 51
85 85
84 84
65 65
60 60
37 37
102 102
42 42
121 121
32 32
159 159
97 97
151 151
125 125
166 166
52 52
148 148
10 10
39 39
162 162
173 173
172 172
78 78
48 48
190 190
30 30
57 57
81 81
77 77
146 146
185 185
114 114
3 3
5 5
191 191
132 132
187 187
116 116
72 72
176 176
110 110
119 119
19 19
195 195
23 23
188 188
104 104
168 168
103 103
53 53
134 134
113 113
26 26
88 88
66 66
70 70
93 93
83 83
68 68
107 107
8 8
196 196
14 14
43 43
115 115
169 169
59 59
25 25
64 64
163 163
40 40
100 100
22 22
109 109
183 183
24 24
86 86
38 38
21 21