2 189 37 142 127 4 72 149 1 147 13 154 133 111 42 97 135 113 195 146 132 10 196 10 132 146 195 113 94 160 43 97 33 101 123 175 178 101 123 7 146 195 113 103 42 58 42 103 187 77 65 140 168 158 98 158 31 9 29 169 181 77 65 14 35 27 199 16 11 88 105 109 88 63 35 27 131 139 57 75 110 175 38 103 42 47 64 44 69 135 97 145 133 154 155 154 133 137 28 13 147 1 166 1 147 13 154 185 154 26 191 82 42 103 61 126 59 109 88 169 174 187 103 85 21 83 41 15 95 39 146 132 146 195 113 103 42 58 177 193 28 13 147 1 51 78 159 154 133 137 28 13 38 34 119 73 49 68 16 11 88 36 110 61 145 167 163 97 33 55 181 169 9 2
78
189 189
37 37
142 143
127 127
72 81 125
149 149
1 1
147 147
13 13
154 129
133 133
111 111
97 97
135 135
113 113
195 195 71
196 171
43 43
33 33
101 101
123 123 87
175 175
7 99 151 7
103 103
58 89
187 187
77 77 23
65 65
140 91
98 153
31 93 31
9 9 179
29 161 29
169 169
181 181
35 35
27 27
199 199
11 11
105 105
109 109
63 63
131 17 131
139 139
57 57
75 75
110 115 183
38 117
47 107 47
69 69
145 145
155 155 5
137 137
166 121 45 53
185 25 3 173 185
26 165
191 191
61 61
59 59
85 85
21 157 21 79
83 83
41 41 197
15 15
95 95
39 39
177 177
193 193
51 51
159 159
34 67
119 119
73 73
49 49
36 141
167 167
163 163
55 19 55