S 3M 3Af 3Ab 3Af 3Ag 3Af 3M S 4M 4Ba 4Bf 4M S 4M 4Af 4Ab 4Af 4M S 2M 2Bf 2Ba 2M S 1M 1Af 1Ag 1Af 1M S 2M 2Af 2Ag 2Af 2Ab 2Af 2M S 4M 4Af 4Ag 4Af 4M S 1M 1Af 1Ab 1Af 1M S 3M 3Ba 3Bf 3M S 1M 1Ba 1Bf 1M S
20
3M 3Dd 3De 3Ee 3Eh 3Ei 3Ek 3Fe 3Aa 3Ca 3Cb 3Cc 3Cd
3Ab 3Ae 3Ab 3Ac 3Ad
3Ag 3Ag 3Ah 3Ai 3Aj
4M 4Aa 4Ca 4Cb 4Cc 4Cd 4Dd 4De 4Ee 4Eh 4Ei 4Ek 4Fe
4Ba 4Bb
4Bf 4Bi 4Bj 4Bf
4Ab 4Ad 4Ae 4Ab 4Ac
2M 2Aa 2Ca 2Cb 2Cc 2Cd 2Dd 2De 2Ee 2Eh 2Ei 2Ek 2Fe
2Bf 2Bf 2Bi 2Bj
2Ba 2Bb
1M 1Aa 1Ca 1Cb 1Cc 1Cd 1Dd 1De 1Ee 1Eh 1Ei 1Ek 1Fe
1Ag 1Ag 1Ah 1Ai 1Aj
2Ag 2Ag 2Ah 2Ai 2Aj
2Ab 2Ab 2Ac 2Ad 2Ae
4Ag 4Ag 4Ah 4Ai 4Aj
1Ab 1Ab 1Ac 1Ad 1Ae
3Ba 3Bb
3Bf 3Bj 3Bf 3Bi
1Ba 1Bb
1Bf 1Bf 1Bi 1Bj