0 198 197 196 191 192 186 181 176 171 166 167 161 162 156 151 146 141 136 131 126 128 127 121 116 111 112 111 116 121 127 126 128 127 121 116 111 112 106 101 96 91 92 86 87 81 76 71 66 61 56 58 57 51 46 41 42 41 46 51 57 56 58 57 51 46 41 42 36 37 31 32 26 21 16 11 6 1 0
50
191 193 195
192 192
186 187 189
181 183 184 185
176 179 180
171 173
166 169 170
161 164 165
162 162 163
156 159
151 152 153 155
146 149
141 142 143 144 145
136 137 138 139 140
131 135
126 129 130
128 128
127 127
121 122
116 118
111 113 114
112 112
106 107 108 109
101 102 103 104 105
96 97 98 99 100
91 94 95
92 93
86 90
87 87
81 82 83 84
76 78 79 80
71 72 73 74 75
66 68 70
61 64 65 62 63
56 59 60
58 58
51 52 53
46 48 47
41 44
42 42
36 39
37 38
31 34 35
32 32 33
26 27 29 30
21 22 24 25
16 17 19
11 12 13 14
6 7
1 3