BY5DUgv6 UQ4QaUHy Rn4zxmTr bMSvK9eQ UQ4QaUHy m0ciW6Mx UQ4QaUHy Rn4zxmTr Af1jBIly 2mQchaeu B0wYReom 6GJHoNdy mXjWiYol o1w8sSXK vVYZOPt6 kkvcm3Qd c9Hgvc9w q1vN3eei FPDwKJIj Ym8LPSnY 8KVhuJvd OpfVa1HT 0zB29H2A R4zDiMu3 ucMA0iSv Y93BYexY yYTqCbSD 7CrB3pCm tDh0gTYH xTHVuNZl yqX5KOVJ KuVHgP1J Pi99fmGL KJQpAqYk FSF4Na2U w3Radp7c ayFODfwg S9dNuWxm rGjz0gOd AMieum8U GVK6CciB NL9qZEp0 iT0t8noc HXMHfRTC 9IHe97Yy 87yhsuRE 9IHe97Yy HXMHfRTC iT0t8noc S9dNuWxm ayFODfwg w3Radp7c FSF4Na2U KJQpAqYk Pi99fmGL KuVHgP1J yqX5KOVJ xTHVuNZl tDh0gTYH 7CrB3pCm yYTqCbSD Y93BYexY ucMA0iSv R4zDiMu3 0zB29H2A OpfVa1HT 8KVhuJvd Ym8LPSnY FPDwKJIj q1vN3eei c9Hgvc9w kkvcm3Qd vVYZOPt6 o1w8sSXK mXjWiYol UfRMeyI7 6nj6dyOK K3J88UDV 1aJdK4y9 xULc5Xg4 6GJHoNdy B0wYReom 2mQchaeu Af1jBIly Rn4zxmTr bMSvK9eQ UQ4QaUHy rZiSDNtK T9nDSMXa PvtbjzW6 ytwiYcJl EnviW6dj LiP4S7ZQ 2zGyaLBR VfL5OK8y aqFtjHzO gd207oOq hc6YxxqG zSMh8yQJ QfsaQspW xvUBVRdA UQ4QaUHy BY5DUgv6
34
UQ4QaUHy H2BV5cDz
Af1jBIly Af1jBIly
2mQchaeu 2mQchaeu
B0wYReom B0wYReom
6GJHoNdy sR6JAufL 8e8OWOIi
mXjWiYol mXjWiYol
o1w8sSXK o1w8sSXK
c9Hgvc9w c9Hgvc9w
q1vN3eei q1vN3eei
FPDwKJIj FPDwKJIj
OpfVa1HT OpfVa1HT
0zB29H2A 0zB29H2A
R4zDiMu3 R4zDiMu3
ucMA0iSv ucMA0iSv
tDh0gTYH tDh0gTYH
xTHVuNZl xTHVuNZl
yqX5KOVJ yqX5KOVJ
ayFODfwg ayFODfwg
S9dNuWxm S9dNuWxm
rGjz0gOd rGjz0gOd
AMieum8U AMieum8U
NL9qZEp0 NL9qZEp0
iT0t8noc UmgiH1K9 iT0t8noc
9IHe97Yy 9IHe97Yy
87yhsuRE 8ni5D4t7 7IV7YjRX HEJxX3gA g5YhtPSt WlxPulQd JMul31yq
UfRMeyI7 UfRMeyI7 gbolqDJc
6nj6dyOK 6nj6dyOK
K3J88UDV K3J88UDV
1aJdK4y9 1aJdK4y9
xULc5Xg4 xULc5Xg4
rZiSDNtK lvlSObqb PagRRYIg rZiSDNtK Rv8rDvqp nKZTEeUl CrvusN6e aPSEsY2w 8tOszPqV 1cr6aFpX
gd207oOq gd207oOq
hc6YxxqG hc6YxxqG
xvUBVRdA QeSUIsQ1