ZtfcEeD9 6MPulFAv nFqouQp3 rbWYBihd NBKhkccj oqraQ3aF yWlzbESz CIF8DWXL BkhTgoaJ W7b2i2pG PMzcqvQL IdGLl1to WvzZeqnS 04vrMVdi c6ZWTltk L5pBwvut FGbFUcoj P0hOEoLv svPb07cv y7NjqOqM CBKWpDQv gX4kBNm4 JqKGA9ul AmaYXBsi NpH6Hpsr jKNn1ZQ1 WPOgjVLu jKNn1ZQ1 NpH6Hpsr AmaYXBsi JqKGA9ul m9MRh7a0 91Uq51QB 7czjmzr9 n7cwD1GE SG64DwCC n7cwD1GE VDai7XkI Pz0LLMil VDai7XkI tCAdUY4B iJuLSUhp WOCLylig ZmF2u9Cy mrK2EXuk ca785uLx EB4WBsTV aACN5TTZ h4MzKYRp iF2sCG7R B65DnegI xzWL2Pp8 IZjIq9He RjDUex61 lqKnzPvP ZS8CQaI7 EEVF7P1A R2FCohpD wd6UNY9N 12RjOKOH 62Mn9lau o4xf7nVd BOlNhFGU gKOyNQPh aWGQETjI mlHu9OVg EAWv9kfQ wZJN4OBT kMauNR5Y wZJN4OBT 12RjOKOH wd6UNY9N R2FCohpD EEVF7P1A ZS8CQaI7 lqKnzPvP RjDUex61 IZjIq9He xzWL2Pp8 B65DnegI iF2sCG7R h4MzKYRp aACN5TTZ VDai7XkI YXHt7Frx 7Xy44hse mSd4Nw6v 9FVeC0va ciNFdHxl b850DFfF u2ZI4Bp6 KcGXxWyr 0MyIUMFM n0riP8Jl w0QWGw2L xI4hMIxA v654W2Kr O5yBujnu WvzZeqnS IdGLl1to PMzcqvQL W7b2i2pG BkhTgoaJ CIF8DWXL yWlzbESz oqraQ3aF NBKhkccj rbWYBihd nFqouQp3 6MPulFAv ZtfcEeD9 lwKMUcFL lWuh5cH8 uEOMgmS6 7VEdC8Bn KZzTlcqA KbQF6Z1I VgwgAKMz FqE4GP0Y Wznv2rRv tKnzhLx5 pDb2VAD0 SqpsWXRw NvpMZWSs HTyyntxa NvpMZWSs SqpsWXRw pDb2VAD0 tKnzhLx5 Wznv2rRv FqE4GP0Y VgwgAKMz KbQF6Z1I KZzTlcqA 7VEdC8Bn uEOMgmS6 lWuh5cH8 lwKMUcFL ZtfcEeD9 6MPulFAv nFqouQp3 rbWYBihd NBKhkccj oqraQ3aF yWlzbESz CIF8DWXL BkhTgoaJ W7b2i2pG PMzcqvQL IdGLl1to WvzZeqnS VDai7XkI Pz0LLMil hBRDGWam 9OV097CE jc6bXCnq uMuBYvMK SdpsKJEm P0hOEoLv svPb07cv y7NjqOqM CBKWpDQv gX4kBNm4 JqKGA9ul d5gzYuse LvdUl8D5 J2tz5Jy2 8Rfeklr1 eFJgi8X6 sFR9mcaG uYGlfCi2 1FIjcsO2 ntaFp6yn VqqukjeY qtXV58SN eF0ueRyu dB8nWjnw 1gtWVzKV xkCjqYXa 6dJ0UicP xkCjqYXa 1gtWVzKV dB8nWjnw eF0ueRyu qtXV58SN VqqukjeY ntaFp6yn 1FIjcsO2 uYGlfCi2 sFR9mcaG eFJgi8X6 8Rfeklr1 J2tz5Jy2 LvdUl8D5 d5gzYuse 97y3ut3B RGBDWX4o 8LVjFaQv ijk5cHsH 1dr1nBQ7 EJI0xPm2 sAdwIwgI OEs82oEQ NgGjr3Ik Rd2M5nw8 OJgw7XgR LDk8elYd 0JU2DOJU fURWpj00 itC9pvuP CczWZLd1 tHTE6eug n7VUygaC 2KepLMXB APMxsbBa d4U8kEOb 3MYamZSb cZyhnB0I 0PR6ikBf xRPgtW5C kTn5Wdms 80BwLCcj poaWnZDO FGbFUcoj MwmVLu2P xZQyzblz DA7bDRCs 6hjWynHN wusYsf5E U7cZo0h2 Zy3im4wi 9FVeC0va ciNFdHxl b850DFfF u2ZI4Bp6 KcGXxWyr 0MyIUMFM n0riP8Jl w0QWGw2L xI4hMIxA v654W2Kr O5yBujnu WvzZeqnS IdGLl1to WvzZeqnS O5yBujnu v654W2Kr NSdaWdL7 SG64DwCC n7cwD1GE 7czjmzr9 91Uq51QB qnVestAH NgGjr3Ik OEs82oEQ sAdwIwgI AmaYXBsi JqKGA9ul gX4kBNm4 CBKWpDQv y7NjqOqM svPb07cv P0hOEoLv SdpsKJEm VDai7XkI YXHt7Frx 7Xy44hse mSd4Nw6v 9FVeC0va ciNFdHxl b850DFfF u2ZI4Bp6 KcGXxWyr 0MyIUMFM n0riP8Jl w0QWGw2L xI4hMIxA v654W2Kr O5yBujnu WvzZeqnS IdGLl1to PMzcqvQL W7b2i2pG BkhTgoaJ CIF8DWXL yWlzbESz oqraQ3aF NBKhkccj rbWYBihd nFqouQp3 6MPulFAv ZtfcEeD9 lwKMUcFL ZtfcEeD9
79
ZtfcEeD9 ZtfcEeD9
nFqouQp3 nFqouQp3
rbWYBihd rbWYBihd
CIF8DWXL CIF8DWXL
W7b2i2pG W7b2i2pG
PMzcqvQL PMzcqvQL
IdGLl1to IdGLl1to
04vrMVdi 04vrMVdi
FGbFUcoj FGbFUcoj
svPb07cv svPb07cv
y7NjqOqM y7NjqOqM
CBKWpDQv CBKWpDQv
gX4kBNm4 gX4kBNm4
AmaYXBsi AmaYXBsi
NpH6Hpsr NpH6Hpsr
jKNn1ZQ1 jKNn1ZQ1
WPOgjVLu 7P5zi9hu Tb8W969R yRH0nOtz bJ22zvWV
m9MRh7a0 JfDq1Cs2
91Uq51QB 91Uq51QB
SG64DwCC SG64DwCC
Pz0LLMil Pz0LLMil
tCAdUY4B tCAdUY4B
WOCLylig WOCLylig
mrK2EXuk mrK2EXuk
ca785uLx ca785uLx
EB4WBsTV EB4WBsTV
B65DnegI B65DnegI
xzWL2Pp8 xzWL2Pp8
RjDUex61 RjDUex61
lqKnzPvP lqKnzPvP
ZS8CQaI7 ZS8CQaI7
62Mn9lau 62Mn9lau
o4xf7nVd o4xf7nVd
BOlNhFGU BOlNhFGU
gKOyNQPh gKOyNQPh
aWGQETjI aWGQETjI
mlHu9OVg mlHu9OVg
EAWv9kfQ EAWv9kfQ
wZJN4OBT wZJN4OBT
kMauNR5Y zvH4AKmS 43ehQX6O kMauNR5Y miUcr0K7 CxnbNU8s 8avKqSxh YWqBlkAs
7Xy44hse 7Xy44hse
mSd4Nw6v mSd4Nw6v
ciNFdHxl ciNFdHxl
0MyIUMFM 0MyIUMFM
w0QWGw2L w0QWGw2L
O5yBujnu O5yBujnu
lWuh5cH8 lWuh5cH8
KZzTlcqA KZzTlcqA
VgwgAKMz VgwgAKMz
FqE4GP0Y FqE4GP0Y
Wznv2rRv Wznv2rRv
HTyyntxa Fj27Gybu aDGqWHym HTyyntxa TNblhkGK yptfWPBC
hBRDGWam hBRDGWam
uMuBYvMK uMuBYvMK
d5gzYuse d5gzYuse
LvdUl8D5 LvdUl8D5
J2tz5Jy2 J2tz5Jy2
8Rfeklr1 8Rfeklr1
eFJgi8X6 eFJgi8X6
sFR9mcaG sFR9mcaG
ntaFp6yn ntaFp6yn
eF0ueRyu eF0ueRyu
dB8nWjnw RleTQaHw
1gtWVzKV aSd01nMZ zpLQ0R0G 1gtWVzKV
6dJ0UicP CGddIqkC
8LVjFaQv 8LVjFaQv
ijk5cHsH ijk5cHsH
1dr1nBQ7 1dr1nBQ7
Rd2M5nw8 X4DALK1Z Rd2M5nw8
OJgw7XgR OJgw7XgR
2KepLMXB 2KepLMXB
3MYamZSb 3MYamZSb
xRPgtW5C xRPgtW5C
kTn5Wdms kTn5Wdms
poaWnZDO poaWnZDO
wusYsf5E wusYsf5E
U7cZo0h2 U7cZo0h2
NSdaWdL7 NSdaWdL7 Q7hUKAHQ dzvtjag1
qnVestAH fa3ra0T7 qnVestAH PLFYaVF6 FdbcCrtB