yqRn7pcv TMAXVAcF fstmfCC0 fMhFZEQj o5fxSomz rJm7nPd7 mB6fiF0u rKjRBwvM hcJG54h4 lRFv66dO uzY67sfN hcJG54h4 dYz0v5Rl RKTqv0lO zcy1X765 ne5PzSYX mpBvpan0 yqRn7pcv i4M5A6hw fsgAjhrq i4M5A6hw hC2ZPbzA Wvomb2LC 2XMfF8YA uzY67sfN 6XOrbPEm dYz0v5Rl hcJG54h4 2XMfF8YA cbK8BQiu Tv0Ngo2a qGX9syVq 4bzLzw2O mpBvpan0 yqRn7pcv
20
yqRn7pcv yqRn7pcv
TMAXVAcF 7xyYvlir
fMhFZEQj LQU5lyru
o5fxSomz o5fxSomz mmiVeCrf
rJm7nPd7 rJm7nPd7
mB6fiF0u 5Zo9R33z mB6fiF0u
rKjRBwvM rKjRBwvM
hcJG54h4 hcJG54h4
lRFv66dO lRFv66dO
uzY67sfN uzY67sfN
RKTqv0lO xaYYL0Xr RKTqv0lO
zcy1X765 zcy1X765 XlaUIvCb
ne5PzSYX ne5PzSYX
i4M5A6hw i4M5A6hw
fsgAjhrq 1JmiRMy2 fsgAjhrq
hC2ZPbzA hC2ZPbzA
Wvomb2LC Wvomb2LC
2XMfF8YA 2XMfF8YA
6XOrbPEm 6XOrbPEm
Tv0Ngo2a Tv0Ngo2a