74 1 38 41 31 12 30 35 180 36 5 34 28 60 37 64 117 26 53 14 21 8 45 42 120 16 18 2 184 58 0 39 4 23 46 10 6 51 27 17 63 3 62 20 57 48 56 40 22 9 59 65 166 61 11 15 20 32 170 54 52 162 24 25 49 55 29 47 4 50 19 43 174 44 114 7 33 13 9 74
66
1 1
38 38
41 41
31 31
12 12
30 30
35 35
36 36
5 5
34 34
28 28
60 60
37 37
64 64
26 26
53 53
14 14
21 21
8 8
45 45
42 42
16 16
18 18
2 2
58 58
0 0
39 39
4 4
23 23
46 46
10 10
6 6
51 51
27 27
17 17
63 63
3 3
62 62
20 20
57 57
48 48
56 56
40 40
22 22
9 9
59 59
65 65
61 61
11 11
15 15
32 32
54 54
52 52
24 24
25 25
49 49
55 55
29 29
47 47
50 50
19 19
43 43
44 44
7 7
33 33
13 13