93 18 62 70 49 65 66 11 137 95 36 9 145 23 86 106 40 91 47 78 159 29 53 89 37 169 8 27 102 77 165 117 161 12 64 56 76 16 108 170 56 59 31 139 152 13 93
38
18 138 46 80 18 157
62 62
70 70 174 146
49 49
65 65 98
66 66
11 99 136 14 87
137 137
95 79 61 95
36 131 36 38 109
145 111
86 1 115 86 119
40 40
91 91 110
47 154 47
78 72
159 122 51
53 177 53
89 168
169 169 155 20
8 172 124 101
27 129 74 27
102 130 102 75
77 77 143
165 43 165
117 117
161 81 2 161 125 73 141
12 19
64 64 140
56 34 147 56 121
76 24 4 76
16 26 39 176 90
108 108
170 170 171
59 82 84 151 63
31 163 116 52
152 57 67
13 105