Dannemora Hamburg Franklin Highfalls Hicksville Herkimer Freeport Highland Firthcliffe Earlville Hartsdale DeRuyter Hamburg Flower Hancock Freeville Farnham Florida Farmingville Highland Freeport Fonda Fleischmanns Hamburg DeRuyter Frankfort DeRuyter Hamburg Odessa Depauville Ghent Downey Wantagh Delmar Herricks Delmar Wantagh Gardiner Fulton Fairport Granville Deer Florida Deer Delanson Dansville Deferiet Germantown Dexter Hewlett Fairview Mills Fishkill Galeville Delevan Harrison Friendship Gardiner Hannibal Odessa Frewsburg Dunkirk Noyack Deferiet Germantown Dexter Hermon Franklinville Gowanda Fredonia Harbor Fayetteville Herkimer Nyack Fulton Dexter DeRuyter Hamburg Dannemora
39
Dannemora Fire
Franklin Forest Fishers Franklin
Freeport Freeport Fair
Firthcliffe Firthcliffe
Earlville Earlville
DeRuyter DeRuyter
Flower Flower
Freeville Freeville
Farnham Farnham
Florida Florida
Farmingville Farmingville
Fonda Fonda
Fleischmanns Fleischmanns
Frankfort Frankfort Flanders
Depauville Depauville
Ghent Ghent
Delmar Delmar
Herricks Deposit
Gardiner Gasport Falconer Gardiner
Fulton Fulton
Fairport Geneva Depew Fairport
Granville Forestville
Deer Deer
Delanson Delanson
Dansville Dansville
Deferiet Deferiet
Germantown Germantown
Dexter Fairmount Dexter
Fairview Fairview
Mills Fabius
Fishkill Davis Fishkill
Galeville Galeville
Delevan Delevan
Friendship Friendship
Frewsburg Frewsburg Delhi
Dunkirk Dunkirk
Franklinville Franklinville
Fredonia Fredonia
Fayetteville Fayetteville