Acton Compton Bowles Buttonwillow Boronda Davis Aromas Bootjack Florin Alturas Dinuba Colusa Adelanto Clayton Alhambra Brawley Eureka Caribou Folsom Biggs Folsom Emeryville Atwater Escondido Albany Bayview Colfax Bradley Cromberg Colusa Cromberg Cobb Cromberg Calexico Blairsden Atherton Blairsden Calexico Anderson Cerritos Bell Alpaugh Escalon Calipatria Crockett Campbell Coachella Calabasas Dixon Broadmoor Cerritos Anderson Calexico Anderson Ceres Avalon Ceres Bloomington Carson Fallbrook Artesia Diablo Dublin Diablo Fortuna Avenal Fortuna Columbia Carpinteria Farmersville Covelo Cartago Bluewater Cerritos Aptos Bystrom Buttonwillow Bowles Compton Farmington Fallbrook Bonita Carrick Alameda Berkeley Armona Danville Blythe Arbuckle Biola Brentwood Diablo Artesia Fallbrook Biggs Byron Fellows Burney Chino Bootjack Cutler Bonsall Fortuna Diablo Brentwood Biola Arbuckle Cartago Covelo Coalinga Forestville August Cotati Bodfish Cartago Covelo Farmersville Auburn Berkeley Armona Fullerton Duarte Fullerton Adelanto Colusa Coronado Boron Cotati August Clio Arcadia Belvedere Bonita Belvedere Arcadia Belmont Brisbane Anaheim Calistoga Belvedere Arcadia Clio Claremont Encinitas Carlsbad Alpaugh Escalon Clyde Boronda Buttonwillow Corona Auberry Cupertino Bloomington Friant Bolinas Friant Encinitas Canyondam Bakersfield Copperopolis Beaumont Calabasas Beaumont Copperopolis Cloverdale Altadena Cloverdale Ducor Bayview Ducor Burlingame Alhambra Ashland Alhambra Cambria Cayucos Cambria Alhambra Brawley Columbia Brawley Alhambra Burlingame Ducor Cerritos Aptos Corona Buttonwillow Bowles Compton Acton
82
Bowles Bowles
Buttonwillow Buttonwillow
Boronda Beckwourth Boronda
Davis Calimesa
Aromas Aromas
Bootjack Bootjack
Alturas Alturas
Adelanto Adelanto
Clayton Arcata
Alhambra Alhambra Belden
Brawley Brawley
Caribou Caribou
Folsom Antioch
Biggs Biggs
Atwater Atwater
Albany Albany
Bayview Bayview
Bradley Caruthers Bradley
Cobb Capitola Barstow
Calexico Calexico
Blairsden Blairsden
Atherton Atherton
Anderson Anderson
Cerritos Cerritos
Bell Bell
Alpaugh Alpaugh
Calipatria Calipatria
Crockett Cabazon
Campbell Campbell
Coachella Amesti
Calabasas Calabasas
Broadmoor Broadmoor
Ceres Ceres
Avalon Avalon Alamo Banning
Bloomington Bloomington
Carson Azusa Brea Bishop Carson
Artesia Artesia
Dublin Arnold
Fortuna Calwa
Avenal Avenal Benicia
Columbia Alpine
Carpinteria Carpinteria
Cartago Cartago
Bluewater Bluewater
Aptos Aptos
Bystrom Bystrom
Bonita Bonita
Carrick Carrick
Alameda Alameda
Berkeley Berkeley
Armona Armona
Blythe Blythe
Arbuckle Arbuckle
Biola Biola
Brentwood Brentwood
Byron Byron
Fellows Bradbury
Burney Burney
Bonsall Atascadero Bonsall Angwin
August Castroville August
Bodfish Bodfish
Auburn Auburn
Fullerton Avery
Duarte Carmichael
Boron Boron
Arcadia Arcadia Camarillo Burbank
Belvedere Belvedere
Belmont Belmont
Brisbane Brisbane
Anaheim Anaheim
Calistoga Calistoga
Carlsbad Carlsbad Bellflower
Auberry Auberry
Bolinas Bolinas
Canyondam Canyondam
Bakersfield Bakersfield
Beaumont Beaumont
Altadena Altadena
Burlingame Burlingame
Ashland Ashland
Cambria Almanor Cambria
Cayucos Arvin Cayucos