Acadia Tortugas Bend Gunnison Basin Badlands Shenandoah Isle Teton Gateway Glacier Brycecanyon Isle Guadalupe Sequoia Arches Olympic Crater Badlands Clark Cuyahoga Clark Shenandoah Haleakala Teddy Denali Katmai Everglades Caverns Rocky Biscayne Acadia
21
Acadia Capitol
Tortugas Tortugas
Bend Bend
Gunnison Gunnison
Basin Basin
Badlands Badlands
Isle Isle
Teton Teton
Gateway Gateway
Glacier Glacier
Brycecanyon Brycecanyon
Guadalupe Guadalupe
Arches Arches
Crater Crater
Clark Canyonlands
Cuyahoga Indiana Channel Cuyahoga Smoky
Haleakala Haleakala
Denali Denali
Everglades Everglades Congaree
Caverns Caverns
Biscayne Biscayne