6 195 188 181 174 167 160 153 146 139 132 125 118 111 104 97 95 97 104 111 118 125 132 139 146 153 160 167 174 181 179 181 188 187 188 181 174 167 160 153 146 139 138 139 132 139 146 153 160 167 174 181 188 195 6 13 20 27 34 41 48 55 54 55 62 69 76 83 90 97 104 111 118 125 132 139 146 153 160 167 165 167 174 181 188 195 6
34
6 1 2 6
195 194 189 190
188 182 186
181 177 181
174 169 172 174
167 166
160 160 154 155
153 148 149 150
146 145 140 142
139 133 134
132 128 129 126
125 120 122 124
118 112 115 116
111 105 106 110
104 100 101 103
97 96 94
95 91
179 179
187 184
138 136
13 10 11 12
20 17 18 19
27 22 25 27
34 32 30 31
41 38 39 41
48 43 44 47
55 50 53
54 51
62 60 61 62
69 64 65 69
76 74 75 76
83 80 83 77
90 87 88 90
165 161 165