0 10 70 81 113 112 93 97 127 146 136 135 134 135 99 86 85 82 141 171 172 175 117 29 28 48 47 109 127 125 62 63 164 165 50 0
31
10 11 20 30
70 80 90
81 91
113 123 143
112 112 132 111
93 94
97 107 77 87
127 137 147 157 167
146 156
136 126
135 135
134 104 114 124
99 89
86 56 66 76
85 75 84 85 95 105
82 82 92
141 161 150 151
171 171 180
172 192 193 162 172 173
175 175 185 186 196
29 19
28 8 17 27 28
48 58
47 47 57
109 168 138 139 178 148 149 119 188 158 159
125 115
62 51 52 62 31
63 3 4 6 12 13 15 22 24 26 33 35 36 43 45 46 54 55 63 64 73
164 184 174
165 155
50 40