Greenhouse AndersenAud Greenhouse NorthField Greenhouse nrl Greenhouse BerkeleyWest Greenhouse maxwell Greenhouse BotanGarden Greenhouse McConeHall Greenhouse ObservHill Greenhouse BarrowsHall Greenhouse BARTStation Greenhouse BarkerHall Greenhouse moffit Greenhouse BirgeHall Greenhouse BerkeleyMuseum Greenhouse BechtelEngineering Greenhouse AlumniHouse Greenhouse mlk Greenhouse memorialpool Greenhouse MathSciencesRes Greenhouse ImagingCenter Greenhouse MinorHall Greenhouse McEnerneyHall Greenhouse BoaltHall Greenhouse BancroftLibrary Greenhouse MulfordHall Greenhouse MorrisonHall Greenhouse OBrienHall Greenhouse BanwayBldg Greenhouse BlackwellHall Greenhouse ArchsEngineers Greenhouse NorthGateHall Greenhouse MorganHall Greenhouse MosesHall Greenhouse StarrLibrary Greenhouse MinorHallAdd Greenhouse BlumHall Greenhouse BarrowLane Greenhouse McLaughlin Greenhouse NAnimalFacil Greenhouse AnthonyHall Greenhouse
40
AndersenAud AndersenAud
NorthField NorthField
nrl nrl
BerkeleyWest BerkeleyWest
maxwell maxwell
BotanGarden BotanGarden
McConeHall McConeHall
ObservHill ObservHill
BarrowsHall BarrowsHall
BARTStation BARTStation
BarkerHall BarkerHall
moffit moffit
BirgeHall BirgeHall
BerkeleyMuseum BerkeleyMuseum
BechtelEngineering BechtelEngineering
AlumniHouse AlumniHouse
mlk mlk
memorialpool memorialpool
MathSciencesRes MathSciencesRes
ImagingCenter ImagingCenter
MinorHall MinorHall
McEnerneyHall McEnerneyHall
BoaltHall BoaltHall
BancroftLibrary BancroftLibrary
MulfordHall MulfordHall
MorrisonHall MorrisonHall
OBrienHall OBrienHall
BanwayBldg BanwayBldg
BlackwellHall BlackwellHall
ArchsEngineers ArchsEngineers
NorthGateHall NorthGateHall
MorganHall MorganHall
MosesHall MosesHall
StarrLibrary StarrLibrary
MinorHallAdd MinorHallAdd
BlumHall BlumHall
BarrowLane BarrowLane
McLaughlin McLaughlin
NAnimalFacil NAnimalFacil
AnthonyHall AnthonyHall