Greenhouse EtcheverryHall Greenhouse ClassGate Greenhouse StarrLibrary Greenhouse EyeCenter Greenhouse BirgeHall Greenhouse GianniniHall Greenhouse DonnerLab Greenhouse BlackwellHall Greenhouse FoundersRock Greenhouse CaliforniaStadium Greenhouse DoeLibrary Greenhouse DurhamTheatre Greenhouse EnergyBuilding Greenhouse CyclotronRd Greenhouse DurantHall Greenhouse FacultyGlade Greenhouse DwinelleHall Greenhouse CoryHall Greenhouse ClassFountain Greenhouse CNMAT Greenhouse FoxCottage Greenhouse unit3 Greenhouse ClarkCampus Greenhouse EshlemanHall Greenhouse EastGate Greenhouse BerkeleyMuseum Greenhouse EvansHall Greenhouse ChouHall Greenhouse BoaltHall Greenhouse EvansDiamond Greenhouse CaliforniaHall Greenhouse GayleyRd Greenhouse CheitHall Greenhouse BotanGarden Greenhouse ImagingCenter Greenhouse ChavezCenter Greenhouse BlumHall Greenhouse DwinelleAnnex Greenhouse HertzHall Greenhouse Cafe3 Greenhouse BerkeleyWest Greenhouse CalvinLaboratory Greenhouse FacultyClub Greenhouse GeneticsPlantBldg Greenhouse DavisHall Greenhouse CareerCenter Greenhouse FrankWay Greenhouse EdwardsStadium Greenhouse ChanAuditorium Greenhouse CampbellHall Greenhouse
50
EtcheverryHall EtcheverryHall
ClassGate ClassGate
StarrLibrary StarrLibrary
EyeCenter EyeCenter
BirgeHall BirgeHall
GianniniHall GianniniHall
DonnerLab DonnerLab
BlackwellHall BlackwellHall
FoundersRock FoundersRock
CaliforniaStadium CaliforniaStadium
DoeLibrary DoeLibrary
DurhamTheatre DurhamTheatre
EnergyBuilding EnergyBuilding
CyclotronRd CyclotronRd
DurantHall DurantHall
FacultyGlade FacultyGlade
DwinelleHall DwinelleHall
CoryHall CoryHall
ClassFountain ClassFountain
CNMAT CNMAT
FoxCottage FoxCottage
unit3 unit3
ClarkCampus ClarkCampus
EshlemanHall EshlemanHall
EastGate EastGate
BerkeleyMuseum BerkeleyMuseum
EvansHall EvansHall
ChouHall ChouHall
BoaltHall BoaltHall
EvansDiamond EvansDiamond
CaliforniaHall CaliforniaHall
GayleyRd GayleyRd
CheitHall CheitHall
BotanGarden BotanGarden
ImagingCenter ImagingCenter
ChavezCenter ChavezCenter
BlumHall BlumHall
DwinelleAnnex DwinelleAnnex
HertzHall HertzHall
Cafe3 Cafe3
BerkeleyWest BerkeleyWest
CalvinLaboratory CalvinLaboratory
FacultyClub FacultyClub
GeneticsPlantBldg GeneticsPlantBldg
DavisHall DavisHall
CareerCenter CareerCenter
FrankWay FrankWay
EdwardsStadium EdwardsStadium
ChanAuditorium ChanAuditorium
CampbellHall CampbellHall