Loc2 Loc89 Loc42 Loc18 Loc39 Loc47 Loc97 Loc14 Loc39 Loc55 Loc23 Loc21 Loc7 Loc0 Loc7 Loc21 Loc81 Loc96 Loc87 Loc39 Loc83 Loc34 Loc95 Loc24 Loc61 Loc74 Loc42 Loc41 Loc2 Loc36 Loc2
21
Loc2 Loc82
Loc18 Loc32 Loc3 Loc4 Loc10 Loc45 Loc53
Loc39 Loc1 Loc60 Loc28 Loc46
Loc97 Loc90
Loc14 Loc14
Loc55 Loc22 Loc71
Loc23 Loc8 Loc64
Loc21 Loc73 Loc77
Loc7 Loc7
Loc0 Loc0 Loc48
Loc81 Loc52
Loc96 Loc40 Loc67 Loc54
Loc87 Loc66 Loc6 Loc9 Loc11 Loc19
Loc83 Loc35 Loc86 Loc91 Loc75 Loc15
Loc34 Loc17 Loc34
Loc95 Loc58 Loc26 Loc92
Loc24 Loc24
Loc61 Loc16 Loc80
Loc74 Loc74
Loc41 Loc41
Loc36 Loc27 Loc56 Loc43 Loc13