Loc1 Loc72 Loc199 Loc120 Loc8 Loc150 Loc44 Loc86 Loc92 Loc194 Loc65 Loc139 Loc182 Loc36 Loc1 Loc64 Loc109 Loc155 Loc51 Loc155 Loc47 Loc176 Loc138 Loc23 Loc70 Loc182 Loc120 Loc8 Loc93 Loc99 Loc131 Loc18 Loc2 Loc62 Loc165 Loc0 Loc70 Loc182 Loc187 Loc76 Loc2 Loc101 Loc21 Loc174 Loc22 Loc43 Loc167 Loc29 Loc153 Loc126 Loc133 Loc4 Loc150 Loc93 Loc99 Loc1 Loc142 Loc1
39
Loc1 Loc192 Loc67 Loc100 Loc38 Loc103 Loc137 Loc107 Loc13 Loc143 Loc16 Loc30
Loc72 Loc46
Loc199 Loc14
Loc8 Loc8
Loc44 Loc129 Loc132 Loc197 Loc75 Loc140 Loc44 Loc50 Loc20 Loc85 Loc149
Loc86 Loc27 Loc147
Loc92 Loc111
Loc194 Loc128 Loc91 Loc94
Loc65 Loc65 Loc160
Loc182 Loc182
Loc36 Loc151 Loc123 Loc74 Loc59 Loc77
Loc64 Loc5 Loc71 Loc9 Loc15 Loc144 Loc17 Loc154 Loc37 Loc172 Loc54 Loc57 Loc189
Loc109 Loc109
Loc155 Loc61
Loc51 Loc51
Loc47 Loc83 Loc31 Loc163 Loc168
Loc176 Loc176
Loc138 Loc190
Loc23 Loc23 Loc95
Loc70 Loc32 Loc124
Loc93 Loc118
Loc99 Loc99
Loc131 Loc7
Loc18 Loc18
Loc62 Loc170 Loc62
Loc165 Loc177 Loc19 Loc180 Loc195 Loc106 Loc188 Loc110
Loc0 Loc0
Loc76 Loc76
Loc101 Loc97 Loc101 Loc175 Loc25
Loc21 Loc33
Loc174 Loc6 Loc145 Loc60 Loc159
Loc22 Loc3 Loc53 Loc183
Loc43 Loc96 Loc122
Loc167 Loc167
Loc153 Loc153
Loc126 Loc11 Loc141
Loc133 Loc133
Loc4 Loc171
Loc142 Loc52 Loc39