pace voice financial respect enhance thumb output circulation deposit honor deposit paper mystery chair brake mature skeleton understand figure banana king guarantee dialogue prison solve tolerate cigarette tablet gallon guarantee dialogue guarantee due seize due joint shiver headline mature buffet exclusive class disclose injury shy title sunrise certain page demand joint dip discriminate lake title shy market miserable environment approval throne quality straighten romantic dialogue tool glasses judicial class audience respect bitter physics pace
39
voice voice
financial financial
enhance dough linger enhance
thumb thumb
output output
circulation circulation
deposit swear
honor honor
paper paper
mystery enter mystery
brake brake
figure figure
king king
guarantee guarantee
dialogue likely
prison prison
tolerate vegetarian winner tolerate
cigarette cigarette
tablet tablet
seize seize
headline headline
buffet buffet
exclusive exclusive
class class
injury injury
shy shy nationalist
title title
sunrise sunrise
page page imposter
demand pain demand
dip dip
lake lake
approval other
throne throne
quality quality
romantic legislation sign
tool tool
glasses glasses autonomy
bitter rob bitter