pace other shy error interactive pier bleed pier interactive election buffet exempt dramatic opposed dip understand railcar tool swear coast linger deter identity gate shy triple country throne structure bowel joystick guarantee attraction native attraction pound attraction guarantee joystick bowel brake profound coast linger vegetarian linger coast profound view compromise view profound gallon profound notebook fortune ignore shiver blonde native development feature development confrontation boom quality mist profound coast swear coast profound virgin profound view dive coincide identity gate shy gate identity deter terms hospitality teacher excuse attraction guarantee job coast linger dough thirsty lake write feature demand grounds job viable likely viable job guarantee joystick swop nationalist acceptance double approval circulation stress enemy candle dialogue buffet exempt development native mature native blonde shiver ignore due speaker sign bleed pier approval rent sunrise audience ignore due title mystery driver banana widen error shy single joint mixture mercy science enter science begin lake write pig pier bleed spoil desk enemy illusion tolerate decisive tolerate injury flag home dialogue rage bitter coffin gallon injection financial fortune notebook interactive election interactive error shy other pace
75
pace pace
other other quadruple
error error
interactive interactive
bleed interface smile headline curriculum environment
election cotton election lifestyle
buffet buffet
exempt exempt
dip exclusive dip
railcar railcar
tool liver tool
swear swear
coast coast
linger physics
deter tablet note deter
identity identity straighten
triple triple
country country knot
throne throne respect
structure structure
bowel bowel
guarantee guarantee
attraction attraction
native native
pound imposter
brake scheme
profound profound
vegetarian market exile
compromise drawer
notebook pardon
ignore ignore
shiver shiver
blonde pipe
development skeleton development
feature feature
confrontation forge confrontation
boom boom
quality autonomy
virgin virgin assignment
dive dive
coincide coincide
terms thumb
teacher teacher
excuse excuse
dough dough
demand rob
viable viable
likely likely comfortable
swop electronics swop
acceptance acceptance
stress stress
enemy control enemy ask
candle candle
mature mature page
due due
rent atmosphere rent
audience audience
driver driver
widen widen
joint output
mixture chair
mercy mercy
enter offset
begin begin
pig pig
spoil spoil
illusion illusion
decisive greeting decisive
injury injury
flag flag
home home
rage rage
coffin coffin
injection injection
financial financial