HAZtD F7CZj RN9nS 3NU9e aWuHk p3gJd 9cp56 0F8yg 9cp56 sU69u RWE9G 0FMEI tgL8p DmTRc gNinx GrnJ7 rmW0U GrnJ7 iIQll Vg6Sz iPRoT Vg6Sz iIQll GrnJ7 rmW0U SfSL1 RkCLD E6pda e7SjH o2JtM Jbr8u Q8lcd 6sv9O HAKlt 0moVI SxklZ Xqwfz jyRQW Tp7uZ cC0Rg p3gJd 15wtn 69WZh 15wtn p3gJd mJExt iqOI4 UqGfS kPB79 6gp0A HAZtD
34
HAZtD wnnBN
F7CZj z82fM J0OP0 iKwe0 Cg1yP
RN9nS RN9nS
3NU9e GxQg8 ED9em Lusir 5h4rt
aWuHk lJnz7 1gvq4 aWuHk
p3gJd uPUO1 AwFdf kNG2j WVEjT rH3nx p3gJd v7hOX cpzS8 DaieK acHTt fExZu
0F8yg 0F8yg zcuSA
sU69u 5EAEu
RWE9G 2GCiD
0FMEI R6NzB iHR3J EgumV fWz4T TzGS5
DmTRc DmTRc 4jcrD
gNinx gNinx
GrnJ7 v9joy UbqWX iaaYU
rmW0U CHx6u bMhFI HOuAL lF8gH 9tf0w
iIQll p4kTx iIQll
Vg6Sz Vg6Sz
iPRoT 8Qx0C
RkCLD xKTIz
E6pda E6pda
e7SjH DuU0x BIY9X 2LhKB
Jbr8u H1xt8
Q8lcd Q8lcd
HAKlt Pk19A HAKlt
0moVI 6owsT iimZq 0moVI
SxklZ BaYb3 1VA1I VESmp OWqP4 SxklZ Zok18
Xqwfz fiXIW pLg86 URrao 7kY28 IOpdQ
Tp7uZ Zxvdf u60s4
cC0Rg gpbSj cC0Rg
15wtn ox9Gx
69WZh cu5FB wedr3 SEkfX zrVPv 4AhmX aegld Agb0E jesVt mdIe6 69WZh VG4na eVDVP Ia6ul
mJExt TlJnt O8CwF
iqOI4 iqOI4
UqGfS NqBQW Ssao4 X2hjX bW6Ms UqGfS vfAR8
kPB79 4Tt2a 4PXv9