1 45 185 114 60 55 199 165 64 68 130 128 91 175 4 174 92 131 23 127 31 196 49 11 110 12 57 12 170 91 125 56 162 73 3 158 103 54 46 54 138 49 86 156 108 140 84 54 159 32 90 55 186 124 12 5 142 1 134 105 19 15 97 89 18 26 66 71 104 18 27 194 182 170 95 42 161 102 88 52 176 51 39 136 53 151 190 82 140 137 115 87 163 152 129 113 36 115 153 43 14 44 156 80 116 166 98 151 101 66 83 193 166 78 143 121 36 7 27 147 55 96 180 42 33 99 32 132 28 66 26 58 88 52 135 13 152 43 152 67 93 125 157 119 82 1
78
185 185
60 60
199 199
64 64
130 130
128 128
91 91
175 175
174 174
92 92
23 23
127 127
31 31
49 49
110 110
12 12
57 57
56 56
162 162
3 3
103 103
46 46
138 138
86 86
156 156
108 108
140 140
84 84
159 159
90 90
186 186
142 142
105 105
15 15
89 89
18 18
26 26
66 66
71 71
194 194
182 182
95 95
42 42
161 161
88 88
52 52
176 176
51 51
136 136
53 53
190 190
82 82
137 137
115 115
163 163
152 152
129 129
36 36
153 153
43 43
14 14
116 116
98 98
101 101
83 83
193 193
78 78
121 121
7 7
147 147
96 96
99 99
132 132
58 58
13 13
93 93
157 157
119 119