Abbey Jordin Lana Beatrice Nora Kimberly Lilah Alexia Marely Yoselin Helen Avni Rebecca Lilia Ashleigh Mckinley Matilda Kayley Riley Elaine Kiera Dana Jamiya Ayanna Vivian Karma Lana Mira Kristina Tanya Shannon Tara Presley Alia Rayna Dana Eden Harley Ruth Liberty Carlee Marisol Maeve Lisa Haven Christine Sophia Liberty Lillie Emilie Isabella Abbey
40
Jordin Jordin
Lana Lana
Beatrice Beatrice
Nora Nora
Kimberly Kimberly
Alexia Alexia
Yoselin Yoselin
Helen Helen
Avni Avni
Rebecca Rebecca
Lilia Lilia
Mckinley Mckinley
Matilda Matilda
Kayley Kayley
Riley Riley
Kiera Kiera
Dana Dana
Jamiya Jamiya
Ayanna Ayanna
Vivian Vivian
Karma Karma
Mira Mira
Kristina Kristina
Tanya Tanya
Shannon Shannon
Tara Tara
Presley Presley
Rayna Rayna
Eden Eden
Harley Harley
Ruth Ruth
Liberty Liberty
Carlee Carlee
Marisol Marisol
Maeve Maeve
Lisa Lisa
Haven Haven
Sophia Sophia
Lillie Lillie
Isabella Isabella