Abbey Rylee Briana Kayden Alia Mira Camille Alexia Sophie Emilie Kristin Mireya Lacey Dana Kira Matilda Abbey Jasmin Kaydence Riley Kaley Aubree Ainsley Mckinley Jazmyn Alexus Imani Abril Bryanna Adyson Janiya Carolina Ashley Abbey Zion Ariel Chasity Jaelynn Zara June Carly Emma Shyanne Elianna Lindsay Ainsley Baylee Gillian Adyson Arielle Carleigh Kristina Tara Claire Kimberly Aryana Cecilia Juliette Crystal Aniya Jasmin Christine Mckayla Jillian Melina Ariel Jimena Camilla Brooklyn Charlie Taniyah Ashleigh Iyana Carlie Laylah Mya Adyson Alia Lainey Lilyana Maggie Natalee Kenzie Alexus Alivia Neveah Jamiya Noelle Gillian Lilia Avni Keyla Madilynn Alexia Kiley Ciara Jaden Sophia Gabriella Carleigh Nia Jazmin Kiana Leila Parker Avni Dayami Ingrid Carlee Haven Zaria Sharon Cloe Lucille Alisha Myah Jade Diana Denisse Abbey
90
Abbey Abbey
Rylee Rylee
Kayden Kayden
Alia Alia
Mira Mira
Alexia Alexia
Sophie Sophie
Emilie Emilie
Kristin Kristin
Mireya Mireya
Lacey Lacey
Dana Dana
Kira Kira
Matilda Matilda
Jasmin Jasmin
Kaydence Kaydence
Riley Riley
Kaley Kaley
Aubree Aubree
Mckinley Mckinley
Jazmyn Jazmyn
Alexus Alexus
Imani Imani
Bryanna Bryanna
Janiya Janiya
Ashley Ashley
Zion Zion
Ariel Ariel
Chasity Chasity
Zara Zara
Carly Carly
Emma Emma
Shyanne Shyanne
Elianna Elianna
Lindsay Lindsay
Baylee Baylee
Gillian Gillian
Arielle Arielle
Carleigh Carleigh
Kristina Kristina
Tara Tara
Claire Claire
Kimberly Kimberly
Aryana Aryana
Juliette Juliette
Aniya Aniya
Christine Christine
Mckayla Mckayla
Jillian Jillian
Melina Melina
Jimena Jimena
Camilla Camilla
Brooklyn Brooklyn
Taniyah Taniyah
Iyana Iyana
Carlie Carlie
Laylah Laylah
Mya Mya
Lainey Lainey
Lilyana Lilyana
Maggie Maggie
Natalee Natalee
Kenzie Kenzie
Alivia Alivia
Neveah Neveah
Jamiya Jamiya
Noelle Noelle
Lilia Lilia
Avni Avni
Keyla Keyla
Madilynn Madilynn
Kiley Kiley
Ciara Ciara
Jaden Jaden
Sophia Sophia
Nia Nia
Kiana Kiana
Leila Leila
Parker Parker
Dayami Dayami
Ingrid Ingrid
Carlee Carlee
Haven Haven
Zaria Zaria
Sharon Sharon
Lucille Lucille
Myah Myah
Jade Jade
Diana Diana
Denisse Denisse