Taozhuang Chharra Somma Rangia New Memmingen Strathfield Bhit Carnot Bhit Same Kallio Tupelo Woodbridge Rutherglen CroixdesBouquets Vernon Severodvinsk Vernon Rosedale Southsea Tuxtla Boo Maliana Artur Alatyr Bhit Taozhuang
22
Taozhuang Taozhuang
Chharra Besuki Azrou Ilesa Ramla Esperanza Sicklerville
Somma Somma Oulmes Middle
New New
Memmingen Memmingen
Strathfield Fort Strathfield Waverly
Bhit Longgang Durazno Camayenne
Carnot Udumalaippettai
Kallio Kallio
Tupelo Tupelo
Woodbridge Aytos Nonsan Villa Cibinong Rafiganj
Rutherglen Gauting Ulu Rutherglen
CroixdesBouquets Jinotepe
Vernon Caravaca
Severodvinsk Severodvinsk
Rosedale Rosedale Jackson
Southsea Sarandi Freetown Calauan Bang
Tuxtla Wesseling
Boo Bourbonnais Donggongon Esmeraldas Boo
Maliana Gudermes Uran Pottstown Jingzhou
Artur Hechingen Artur
Alatyr Alatyr