Ilesa Milledgeville Memmingen Sheoganj Valletta Zeist Sorsogon Valday Jagna Viewpark Oschatz Shagamu Perth Oberhausen Minas Rhosllanerchrugog Milagro Foshan Sirsi Taebaek PortVila Aistala Bon Milledgeville Ada Great Bensheim Sishui American Hermsdorf Chacabuco Belper New Minas Onex MitryMory Brunswick Portogruaro Aurora Liberia PointeClaire Belper Skalica Ventimiglia Landshut Bensheim Campobasso Bensheim Oulmes Bensheim Barracas Bensheim Zaozhuang Belper Paredes Malden Zeist UlanUde Zeist Stupino Krymsk Tiruppuvanam MitryMory Polohy MitryMory Bogovinje Portogruaro Sillanwali Oschatz Bavly Oschatz Yingkou Aistala Villaquilambre Aistala Rutland Minas Mouscron MitryMory Meizhou Minas Gariadhar Minas Alfenas Aleshtar Rafaela Azrou Aistala Tharu Bensheim Lille Patnos Puducherry Aistala DehiwalaMount Perth Dahlem Minas Palafrugell Aistala Copperas MitryMory Marburg Stuttgart Milledgeville Puerto Bensheim Kyzylorda Bensheim Ramla Zeist WaltonontheNaze Barras Sceaux Perth Brzeg Bensheim Bobigny Belper Guli MitryMory Lodwar Perth Tak Sheoganj Valletta Itacoatiara Valletta Zeist Niort Perth Clermont Perth Foshan Toledo Krymsk An Krymsk Ada Great Tyoply Great Krymsk GernikaLumo LonsleSaunier Belper Resplendor Bensheim Bang Bensheim Jashpurnagar Malden Claremont Malden Alexandria Mexborough Foshan Aklera Davis Talipparamba Marburg Palm Houthalen Tupiza Calauan Magomeni MitryMory Ponta Perth Tupelo Uran Shaowu Sheoganj Jiangyan Perth Ilesa
100
Ilesa Ilesa
Milledgeville Milledgeville
Memmingen Memmingen
Valletta Valletta
Sorsogon Sorsogon
Valday Valday
Jagna Jagna
Viewpark Viewpark
Shagamu Shagamu
Perth Perth
Oberhausen Oberhausen
Rhosllanerchrugog Rhosllanerchrugog
Milagro Milagro
Foshan Foshan
Sirsi Sirsi
PortVila PortVila
Bon Bon
Ada Ada
Great Great
Bensheim Bensheim
Sishui Sishui
American American
Hermsdorf Hermsdorf
Chacabuco Chacabuco
New New
Onex Onex
MitryMory MitryMory
Brunswick Brunswick
Aurora Aurora
PointeClaire PointeClaire
Skalica Skalica
Ventimiglia Ventimiglia
Landshut Landshut
Campobasso Campobasso
Oulmes Oulmes
Barracas Barracas
Zaozhuang Zaozhuang
Paredes Paredes
Malden Malden
UlanUde UlanUde
Stupino Stupino
Tiruppuvanam Tiruppuvanam
Polohy Polohy
Bogovinje Bogovinje
Sillanwali Sillanwali
Bavly Bavly
Yingkou Yingkou
Villaquilambre Villaquilambre
Rutland Rutland
Mouscron Mouscron
Meizhou Meizhou
Gariadhar Gariadhar
Alfenas Alfenas
Aleshtar Aleshtar
Azrou Azrou
Tharu Tharu
Lille Lille
Puducherry Puducherry
DehiwalaMount DehiwalaMount
Dahlem Dahlem
Palafrugell Palafrugell
Copperas Copperas
Marburg Marburg
Stuttgart Stuttgart
Puerto Puerto
Kyzylorda Kyzylorda
Ramla Ramla
WaltonontheNaze WaltonontheNaze
Sceaux Sceaux
Brzeg Brzeg
Bobigny Bobigny
Guli Guli
Lodwar Lodwar
Tak Tak
Itacoatiara Itacoatiara
Niort Niort
Clermont Clermont
Toledo Toledo
An An
Tyoply Tyoply
GernikaLumo GernikaLumo
LonsleSaunier LonsleSaunier
Resplendor Resplendor
Bang Bang
Jashpurnagar Jashpurnagar
Claremont Claremont
Alexandria Alexandria
Mexborough Mexborough
Aklera Aklera
Davis Davis
Talipparamba Talipparamba
Palm Palm
Tupiza Tupiza
Calauan Calauan
Magomeni Magomeni
Ponta Ponta
Tupelo Tupelo
Uran Uran
Shaowu Shaowu
Jiangyan Jiangyan