108 30 108 171 108 38 107 157 15 161 110 50 76 107 101 146 78 6 48 160 30 55 132 154 103 154 82 10 162 44 62 128 97 123 136 103 26 35 188 45 127 82 189 94 196 137 196 84 83 140 83 41 159 117 191 134 108
40
108 32 66 69 133 46 63
30 121
171 138
38 38 190 31
107 107
157 157
15 15
161 77
110 1 75 110
50 179 150
76 109
101 49 101 54 7 170
146 146
78 78
6 129 68 85 23 95
48 48 34
160 39
55 64 37 143
132 144 81
82 71 82
10 17 67 120 61 126
44 44 13 36 79
128 128
97 151
123 167 184 187
136 136
26 5 26
35 35 14
188 153 19 188 174
45 96 45 53 57
189 73 11 177 56 186
196 92
137 137 197
84 84
83 65 83
140 130 43 140
159 176 99 148 182
117 142 114 117 24
191 100 181 118 28
134 134