1 59 1 23 66 56 3 4 10 16 90 124 60 64 1 11 36 134 1 40 1 95 48 6 14 1 119 1 101 142 4 106 77 114 137 3 100 3 88 3 113 3 28 132 94 107 72 38 1 62 1 86 120 26 1 98 24 110 54 71 1 83 1 52 1 143 96 50 1 44 46 4 82 68 126 53 1 131 1 47 1 125 1 35 1 140 42 92 3 5 108 32 3 76 84 18 5 138 5 22 12 118 8 102 128 1 122 1 29 58 116 78 5 30 2 34 4 130 80 3 20 70 112 144 41 3 65 3 17 1 74 1 104 3 136 3 89 1
96
59 59
23 23
66 66
56 56
4 4
10 10
16 16
90 90
124 124
60 60
64 64
11 11
36 36
134 134
40 40
95 95
48 48
6 6
14 14
119 119
101 101
142 142
106 106
77 77
114 114
137 137
100 100
88 88
113 113
28 28
132 132
94 94
107 107
72 72
38 38
62 62
86 86
120 120
26 26
98 98
24 24
110 110
54 54
71 71
83 83
52 52
143 143
96 96
50 50
44 44
46 46
82 82
68 68
126 126
53 53
131 131
47 47
125 125
35 35
140 140
42 42
92 92
5 5
108 108
32 32
76 76
84 84
18 18
138 138
22 22
12 12
118 118
8 8
102 102
128 128
122 122
29 29
58 58
116 116
78 78
30 30
2 2
34 34
130 130
80 80
20 20
70 70
112 112
144 144
41 41
65 65
17 17
74 74
104 104
136 136
89 89