create breakin loud merit maze community scrap dose berry concern magnitude fuss pupil prove appear steward celebration hide absorption minimize contract creation battery integrated pride predict integrated feign crew perception nationalism accessible top basketball deter transmission cancel magnitude ballot farewell company childish knit bracket exotic minimize skip formation linear vote pastel nationalism line colon mechanism suffer direct deck dialect think belief knit adult community tin dialect create
50
breakin breakin
merit merit
maze maze
community community
scrap scrap
dose dose
concern concern
magnitude magnitude
fuss fuss
pupil pupil
prove prove
appear appear
steward steward
celebration celebration
hide hide
absorption absorption
minimize minimize
contract contract
creation creation
battery battery
pride pride
predict predict
feign feign
crew crew
perception perception
nationalism nationalism
accessible accessible
top top
basketball basketball
transmission transmission
cancel cancel
ballot ballot
farewell farewell
company company
childish childish
bracket bracket
exotic exotic
skip skip
linear linear
pastel pastel
line line
colon colon
mechanism mechanism
suffer suffer
direct direct
deck deck
think think
belief belief
adult adult
tin tin