pride vote company crew shelter national farewell dramatic trick mechanism prove nationalism basketball gift inappropriate present thank dilemma fuss pawn dose absorption glide magnitude line community dilemma craftsman plug top tribe plug scrap snap merit car cancel contract domestic inhibition hide loud accessible element exotic valid scheme tin rabbit thread colon fortune whole battery bracket understanding mind knit formation suffer understanding ballot breakin crackpot work whole pastel perception trance think wrong nationalism deck denial childish pastel salmon hide magnetic feign partnership belief mosaic huge wrong lobby understanding offensive feign transmission deter contract transaction traction mechanism predict leash skip scrap berry valid desk preoccupation makeup pupil appear cancel create steward desk dialect pupil equinox bring sacrifice integrated concern seller linear creation homosexual dedicate thank maze science minimize east clear celebration adult merit direct feign pride
100
pride pride
vote vote
company company
crew crew
shelter shelter
farewell farewell
dramatic dramatic
mechanism mechanism
prove prove
nationalism nationalism
basketball basketball
gift gift
present present
thank thank
dilemma dilemma
fuss fuss
dose dose
absorption absorption
glide glide
magnitude magnitude
line line
community community
craftsman craftsman
top top
tribe tribe
scrap scrap
snap snap
merit merit
car car
cancel cancel
contract contract
domestic domestic
inhibition inhibition
hide hide
loud loud
accessible accessible
exotic exotic
valid valid
tin tin
rabbit rabbit
thread thread
colon colon
fortune fortune
whole whole
battery battery
bracket bracket
mind mind
knit knit
formation formation
suffer suffer
ballot ballot
breakin breakin
work work
pastel pastel
perception perception
trance trance
think think
wrong wrong
deck deck
denial denial
childish childish
salmon salmon
magnetic magnetic
feign feign
partnership partnership
belief belief
mosaic mosaic
huge huge
lobby lobby
offensive offensive
transmission transmission
deter deter
transaction transaction
traction traction
predict predict
leash leash
skip skip
berry berry
desk desk
makeup makeup
pupil pupil
appear appear
create create
steward steward
dialect dialect
equinox equinox
bring bring
integrated integrated
concern concern
seller seller
linear linear
creation creation
homosexual homosexual
dedicate dedicate
maze maze
minimize minimize
east east
celebration celebration
adult adult
direct direct