steward hide company perception think basketball deck belief farewell exotic pastel minimize scrap tin perception company hide concern childish top fuss skip deck adult community childish ballot crew creation appear linear battery steward
25
hide hide
company company
perception perception
think think
basketball basketball
deck deck
belief belief
farewell farewell
exotic exotic
pastel pastel
minimize minimize
scrap scrap
tin tin
concern concern
childish childish
top top
skip skip
adult adult
community community
ballot ballot
crew crew
creation creation
appear appear
linear linear
battery battery