location4 location163 location165 location119 location54 location29 location49 location5 location34 location58 location139 location87 location30 location43 location82 location176 location192 location100 location26 location91 location134 location190 location36 location45 location180 location38 location10 location59 location39 location102 location25 location170 location82 location176 location192 location100 location26 location91 location134 location190 location36 location105 location195 location191 location62 location45 location180 location38 location10 location59 location39 location100 location26 location91 location10 location59 location39 location102 location25 location170 location70 location168 location160 location51 location157 location58 location139 location87 location30 location43 location82 location176 location192 location100 location26 location91 location134 location190 location36 location105 location195 location178 location197 location191 location62 location45 location180 location38 location10 location59 location39 location102 location25 location170 location70 location168 location160 location51 location157 location144 location14 location3 location49 location5 location34 location58 location139 location87 location30 location43 location82 location176 location192 location100 location26 location91 location134 location190 location180 location38 location10 location59 location39 location102 location25 location170 location70 location43 location82 location176 location192 location100 location26 location59 location39 location102 location25 location170 location70 location168 location160 location51 location157 location144 location34 location58 location139 location87 location30 location43 location82 location176 location192 location100 location26 location91 location134 location190 location36 location105 location62 location45 location180 location38 location10 location59 location39 location102 location25 location170 location70 location168 location160 location51 location157 location144 location14 location3 location42 location46 location183 location196 location4 location138 location179 location125 location147 location19 location4 location163 location165 location196 location165 location119 location183 location196 location4 location138 location179 location125 location112 location174 location147 location19 location179 location125 location112 location89 location161 location174 location147 location19 location4
48
location4 location37 location6 location72 location141 location113 location83 location20 location23 location159
location163 location163 location40 location57 location92
location165 location140 location165
location119 location116 location119
location54 location54
location29 location29
location49 location49 location33
location5 location64 location5
location139 location2 location99 location189
location87 location128 location136
location43 location120 location43
location82 location101 location110
location176 location16 location177 location68
location192 location192
location100 location0 location100
location26 location132
location134 location146 location181 location135
location190 location190
location45 location41 location124
location180 location115 location186
location38 location11
location102 location102
location25 location148 location25 location31
location170 location170 location15
location105 location56 location185 location156
location195 location169 location71
location191 location18 location24 location191
location62 location62
location70 location70
location168 location168 location143
location160 location160 location108
location51 location51
location157 location152 location157
location178 location171 location84
location197 location1
location144 location144 location133
location14 location14
location3 location129
location46 location193
location183 location80 location183
location196 location21 location74 location107
location138 location48 location60
location125 location117 location155 location125
location147 location147
location19 location19 location55 location93 location158 location63
location112 location122
location174 location188
location89 location96 location50 location127