location12 location16 location11 location47 location35 location28 location32 location2 location29 location47 location29 location1 location12 location34 location33 location10 location38 location37 location17 location42 location44 location45 location40 location3 location12
18
location12 location22
location11 location11
location47 location47
location35 location35
location28 location25 location5 location30
location32 location24 location32
location2 location2 location15
location29 location29
location1 location1
location34 location34
location10 location8 location10
location38 location38
location37 location37
location17 location17
location42 location42 location4 location39
location45 location45
location40 location40
location3 location3