1 22 24 22 1 26 27 28 29 31 29 28 27 26 1 72 1 160 1 110 1 56 1 2 3 5 2 1 168 1 64 1 68 1 76 77 76 1 72 74 73 72 1 100 101 102 103 105 102 101 100 1 76 77 78 79 81 79 78 77 76 1 18 1 106 1 126 127 126 1 176 177 178 179 181 179 178 177 176 1 172 1 22 1 14 1 6 1 10 1 172 174 172 1 150 151 152 153 155 152 151 150 1 126 127 128 129 131 129 128 127 126 1 164 1 50 51 52 53 55 52 51 50 1 122 124 122 1 118 1 60 1 156 1 26 27 26 1 150 151 152 151 150 1 2 1 114 1
40
22 23
24 25 24
28 28
31 30
160 161 162 163
110 113 111 112
56 57 58 59
3 3 4
5 5
168 169 170 171
64 65 66 67
68 69 70 71
74 74 75
73 73
103 103 104
105 105
78 78
81 80
18 19 20 21
106 107 108 109
178 178
181 180
172 173
14 17 15 16
6 9 7 8
10 11 12 13
174 174 175
153 153 154
155 155
128 128
131 130
164 165 166 167
53 53 54
55 55
122 123
124 124 125
118 121 119 120
60 61 62 63
156 157 158 159
114 115 116 117