3a 23a 93a 76a 43a 32a 104a 1a 5a 8a 5a 1a 104a 71a 101a 67a 60a 78a 60a 19a 44a 24a 44a 18a 78a 36a 90a 66a 36a 14a 60a 19a 39a 67a 65a 77a 63a 0a 51a 72a 61a 6a 37a 83a 103a 52a 68a 27a 34a 13a 2a 42a 20a 90a 69a 77a 41a 59a 76a 5a 73a 8a 102a 23a 3a
34
23a 64a 23a 57a 28a
93a 93a
43a 43a
32a 32a
1a 1a 62a
5a 5a
8a 4a
71a 71a
101a 30a
67a 67a 58a
60a 60a
44a 35a 44a
24a 88a 21a 87a 15a
66a 66a
14a 14a
39a 39a 25a
65a 65a
77a 77a
63a 22a
0a 0a
51a 51a 53a 9a
72a 80a 72a
61a 40a 61a
6a 96a 49a 98a 6a 75a 92a 29a 79a
37a 84a 37a
83a 83a
52a 52a
34a 34a
13a 99a 31a
2a 16a 38a 7a
42a 42a
41a 41a
59a 48a
73a 56a 73a 47a