loc0 loc12 loc82 loc84 loc51 loc70 loc75 loc86 loc15 loc80 loc12 loc14 loc18 loc64 loc18 loc0 loc74 loc27 loc58 loc9 loc14 loc12 loc87 loc44 loc90 loc4 loc6 loc48 loc20 loc21 loc30 loc46 loc24 loc34 loc36 loc66 loc0
26
loc0 loc0 loc62 loc2 loc38
loc12 loc12
loc82 loc82
loc84 loc84 loc8 loc42 loc88
loc51 loc40 loc76
loc70 loc70
loc86 loc86
loc15 loc96
loc80 loc80
loc14 loc14
loc18 loc18 loc52
loc64 loc64 loc54 loc72 loc94
loc74 loc74 loc28 loc98
loc58 loc16 loc58 loc92
loc44 loc44
loc90 loc90
loc4 loc4 loc60
loc6 loc6
loc48 loc32 loc10 loc48 loc50
loc20 loc20
loc30 loc30
loc46 loc46
loc24 loc24 loc56
loc34 loc34 loc22 loc26 loc78
loc36 loc36 loc68
loc66 loc66