loc0 loc11 loc66 loc33 loc14 loc18 loc64 loc84 loc70 loc42 loc26 loc78 loc22 loc189 loc146 loc189 loc78 loc84 loc166 loc168 loc88 loc114 loc30 loc182 loc90 loc68 loc12 loc120 loc155 loc120 loc33 loc14 loc189 loc78 loc84 loc70 loc123 loc190 loc174 loc44 loc198 loc4 loc144 loc103 loc174 loc152 loc42 loc188 loc147 loc136 loc117 loc122 loc12 loc19 loc150 loc82 loc78 loc22 loc189 loc178 loc159 loc80 loc108 loc66 loc116 loc27 loc58 loc99 loc16 loc111 loc28 loc63 loc124 loc132 loc19 loc150 loc82 loc78 loc84 loc70 loc168 loc130 loc168 loc42 loc26 loc78 loc22 loc189 loc146 loc132 loc19 loc186 loc183 loc160 loc87 loc170 loc162 loc180 loc174 loc44 loc198 loc160 loc174 loc24 loc190 loc174 loc44 loc198 loc20 loc126 loc60 loc28 loc0 loc11 loc120 loc33 loc146 loc102 loc41 loc144 loc10 loc105 loc106 loc126 loc32 loc90 loc68 loc102 loc178 loc141 loc52 loc159 loc184 loc15 loc140 loc15 loc80 loc171 loc132 loc98 loc0
68
loc0 loc0
loc66 loc66
loc14 loc14
loc18 loc192 loc18 loc100 loc172
loc64 loc64 loc86 loc142 loc94
loc84 loc84
loc70 loc70
loc42 loc42
loc26 loc26
loc78 loc78
loc22 loc22
loc146 loc146
loc166 loc166
loc168 loc168 loc118
loc88 loc88
loc114 loc114
loc30 loc30
loc182 loc164 loc182 loc6
loc90 loc90 loc134
loc68 loc68
loc12 loc12
loc120 loc120
loc155 loc156
loc123 loc40 loc110
loc190 loc190
loc174 loc56 loc174
loc44 loc44
loc198 loc198
loc4 loc4
loc144 loc144
loc152 loc138 loc152
loc188 loc188
loc147 loc8 loc176
loc136 loc136
loc117 loc194 loc154 loc158
loc122 loc122
loc150 loc150
loc82 loc82
loc178 loc178
loc80 loc80
loc108 loc108
loc116 loc116
loc58 loc58
loc99 loc92
loc16 loc16
loc28 loc28
loc124 loc124
loc132 loc2 loc132 loc38 loc74 loc62
loc130 loc130 loc76
loc186 loc186 loc34
loc160 loc160
loc170 loc104 loc170
loc162 loc162
loc180 loc180
loc24 loc24 loc46
loc20 loc20
loc126 loc126
loc60 loc60
loc102 loc36 loc102 loc196
loc10 loc48 loc10
loc105 loc50 loc148
loc106 loc128 loc106
loc32 loc32
loc52 loc52
loc184 loc184
loc15 loc112
loc140 loc72 loc140 loc96 loc54
loc98 loc98