0 1 2 3 13 23 12 3 2 11 22 32 42 52 63 72 82 92 102 112 122 132 143 152 163 172 163 153 144 145 155 166 176 187 197 188 178 168 158 149 139 129 118 108 97 87 77 68 67 66 76 87 97 107 117 128 138 148 147 136 126 125 114 104 103 102 92 93 94 105 115 126 136 146 145 146 156 147 136 127 116 107 96 87 76 66 65 74 73 72 82 92 102 112 122 132 143 152 163 173 174 165 154 144 134 125 114 105 114 124 134 144 153 152 151 141 131 132 122 111 101 90 80 81 82 71 61 51 42 31 22 12 3 4 5 6 7 16 27 26 15 14 13 12 11 21 30 41 50 60 70 80 90 100 110 101 90 80 81 82 71 61 51 42 31 22 12 11 22 32 42 52 63 72 82 81 90 100 110 120 130 140 150 161 171 170 160 150 141 131 132 122 111 101 90 80 81 82 71 61 51 42 41 51 62 72 83 93 104 114 125 135 146 156 167 177 187 197 196 186 175 165 164 153 143 133 123 112 103 92 82 71 61 51 42 31 22 32 42 52 63 73 84 93 84 85 95 106 115 126 136 146 156 147 136 127 116 107 96 87 88 87 76 66 65 74 73 72 82 92 102 112 122 112 113 124 134 135 136 137 138 137 136 146 135 134 133 143 152 153 143 133 132 122 111 101 90 80 81 82 72 62 51 52 63 64 74 75 76 87 97 98 109 99 89 78 77 67 56 46 45 34 33 23 12 2 1 0
88
2 2
13 24
12 12
22 22
32 43
42 42
72 72
82 82
102 102
122 122
132 132
152 152
172 183
153 153
155 155
166 166
176 176
187 187
188 188 198
178 178 189 199
158 158
149 149
139 139
129 129
118 118
108 108
87 87
77 77
68 68
67 67
76 76
107 107
147 147
125 125
114 114
104 104
103 103
94 94
105 105
146 146
127 127
116 116
96 96 86
73 73
173 184
165 165
154 154
151 151
111 111
101 101
80 80
81 81
71 71
61 61
51 51
31 31
4 4
5 5
7 17 18 39 8 9 29
16 16
27 48 37
26 26
15 15
21 20 21
70 70
120 120
130 130
140 140
150 150
161 161
171 182
170 181
160 160
83 83
167 167
196 196
186 186
175 175
164 164
133 133
123 123
95 95
64 64 53
98 98
99 99
89 89
45 45
33 33