0 78 83 88 34 40 31 16 5 3 8 17 75 15 42 77 82 47 69 36 20 51 79 80 58 50 27 55 7 68 61 98 38 76 52 67 95 6 48 86 21 72 22 87 71 41 39 46 35 28 10 9 63 65 92 64 60 93 97 54 96 4 25 24 13 23 66 84 49 94 57 91 43 2 11 33 53 74 45 19 99 73 44 89 62 12 32 18 85 30 70 26 90 14 56 29 59 81 37 1 0
100
0 0
78 78
83 83
88 88
34 34
40 40
31 31
16 16
5 5
3 3
8 8
17 17
75 75
15 15
42 42
77 77
82 82
47 47
69 69
36 36
20 20
51 51
79 79
80 80
58 58
50 50
27 27
55 55
7 7
68 68
61 61
98 98
38 38
76 76
52 52
67 67
95 95
6 6
48 48
86 86
21 21
72 72
22 22
87 87
71 71
41 41
39 39
46 46
35 35
28 28
10 10
9 9
63 63
65 65
92 92
64 64
60 60
93 93
97 97
54 54
96 96
4 4
25 25
24 24
13 13
23 23
66 66
84 84
49 49
94 94
57 57
91 91
43 43
2 2
11 11
33 33
53 53
74 74
45 45
19 19
99 99
73 73
44 44
89 89
62 62
12 12
32 32
18 18
85 85
30 30
70 70
26 26
90 90
14 14
56 56
29 29
59 59
81 81
37 37
1 1