start b16 b10 b9 b10 b16 b17 b18 b19 b18 b23 b18 b17 b16 start e14 e17 e18 e1 start f14 f9 f14 start c6 c7 c24 c23 c30 c29 c27 c32 c27 c29 c30 c23 c21 c20 c11 c12 c9 c8 c3 start h1 h11 h1 start
20
start d1 d4 d5 a1 a2 a3 a4 a5 e20 e21 h17 h18 h22 h24 h26 g1 g2 g3 g4 g5 g6 g7 g8 g9 g10 g11 g12 g13 g14 g15 g16 g17 g18 g19 g20 g21 g22 g23 g24 g25 f11 f12
b10 b3 b4 b5 b6
b9 b2 b1
b19 b15 b24 b25
b23 b26
e14 e22 e23 e24
e18 e25
e1 e19
f14 f13 f14 f15 f16 f17
f9 f18 f19 f20
c6 c5
c23 c23
c27 c26 c27
c32 c31 c33
c21 c21
c20 c17
c12 c10 c13 c15
c3 c1
h1 h9
h11 h13