BU GO AD ED HJ BP BQ BR BQ FL EM DF EM CE CZ BH DM DK EO FU AW CA CO BS BC BR GC EK AK CK BN AR EY AK DL BR AH EQ AR CQ CF AE EL AE AQ DB GY GF DE EX DE FB EG AO CR AJ GZ GI AE EL BE CB AP BE GM CE GN DD HA ET CT DL FN FF DR AS EF GK AC FT BR HO CM AT DP DQ CJ DJ GR FT CN HH GX AT GM CC GT CV CA CY AA DU FF BU FF BT EP FC EX GP EA EV HH GX ES FR HN CX DV FF BU
74
BU BU
GO GO
AD CI CS
HJ HJ
BQ BQ
FL FL
DF BK
CZ CZ
BH BH FD BM BF
DM DM
DK DK
EO EO
FU FU
CA HF CA
CO CO
BS AV
BC AF
EK EK
CK CK
BN BN
AR AR
EY EY
DL DL
AH BY GS FI
EQ EQ
CQ CQ
AE AE
EL EL
AQ AQ
GY CW GY
GF DS BA
DE FW DE FY
FB FB
EG HC EG CD
AO DX
CR CR
AJ ER
BE BE
CB BZ AN
AP AP
GM GM
GN GN
DD DD
HA HA
ET ET
CT CT
FN BW HG FN
FF FF
DR DR
EF HM HP
GK GA AX GK EH
FT GE
HO GQ
CM CM
AT AT
DP EN DP
DQ DQ
DJ DJ
CN DT
HH HH
GT GT
CV CV
CY CY DI
AA BG
DU DU GH
BT FG FP
EP EC FS
FC DZ
GP GP
EV EV
ES ES
FR FR
CX CX
DV AY DV