Qatar Macedonia Qatar France Andorra DemofChina Sweden Mongolia Burundi Albania Madagascar CostaRica Egypt Uzbekistan Guyana Nicaragua Lebanon Fiji Angola America Qatar Australia CzechRepublic Tuvalu SierraLeone Tunisia Senegal Mali Morocco Netherlands Haiti SanMarino UnitedKingdom SaintLucia Estonia Belgium Qatar Belarus Qatar Singapore Danzig Kyrgyzstan Armenia UAE Montenegro Uruguay Liberia Malta GuineaBissau Tanzania RussianFederation VaticanCity Georgia Kosovo Gabon Azerbaijan Mongolia Tajikistan Mozambique Peru Qatar
50
Macedonia Macedonia
France France
Andorra Andorra
DemofChina DemofChina
Sweden Sweden
Mongolia Mongolia
Burundi Burundi
Albania Albania
CostaRica CostaRica
Egypt Egypt
Uzbekistan Uzbekistan
Guyana Guyana
Nicaragua Nicaragua
Lebanon Lebanon
Angola Angola
America America
Australia Australia
CzechRepublic CzechRepublic
Tuvalu Tuvalu
SierraLeone SierraLeone
Tunisia Tunisia
Senegal Senegal
Mali Mali
Morocco Morocco
Netherlands Netherlands
Haiti Haiti
SanMarino SanMarino
UnitedKingdom UnitedKingdom
SaintLucia SaintLucia
Estonia Estonia
Belgium Belgium
Belarus Belarus
Singapore Singapore
Danzig Danzig
Kyrgyzstan Kyrgyzstan
Armenia Armenia
UAE UAE
Montenegro Montenegro
Liberia Liberia
Malta Malta
GuineaBissau GuineaBissau
Tanzania Tanzania
RussianFederation RussianFederation
VaticanCity VaticanCity
Georgia Georgia
Kosovo Kosovo
Gabon Gabon
Tajikistan Tajikistan
Mozambique Mozambique
Peru Peru