Albania Argentina Japan Latvia Dominica MountAthos Suriname Lithuania Albania Greece Iceland Fiji Pakistan Jamaica Thailand Kosovo SaudiArabia Albania Brazil Kazakhstan Liechtenstein Portugal America SaintKitts Danzig Burkina TheGambia Philippines Belarus Rwanda Djibouti Maldives Andorra Niger Qatar CapeVerde Mauritania Germany Albania MountAthos Mali VaticanCity Newfoundland Vanuatu Eritrea Burkina Rome Armenia Algeria Armenia Romania Gabon Albania Chile Slovenia Netherlands NewZealand Finland Paraguay UnitedKingdom France Bhutan Burkina EquatorGuinea IvoryCoast Latvia Grenada Yemen PapuaNewGuinea Haiti RussianFederation Paraguay Laos SriLanka Guatemala Uzbekistan Serbia Burma Netherlands Tunisia Jordan UAE BosHerzegovina Comoros Australia Nepal Panama Italy CentralAfricanRep SierraLeone Albania NorthKorea Malawi Norway Luxembourg Cambodia Cyprus Canada Mongolia Canada Venezuela Canada Seychelles Albania SaoTomPrincipe SolomonIslands Ethiopia Comoros Poland Estonia Bahamas Uruguay Mauritius Ukraine Tanzania Bulgaria Paraguay DemofChina Cuba Israel Vietnam Peru Lesotho Switzerland SaintLucia Ethiopia Malaysia Hungary Uruguay Kiribati Togo Albania
100
Argentina Argentina
Japan Japan
Latvia Latvia
Dominica Dominica
MountAthos MountAthos
Suriname Suriname
Lithuania Lithuania
Greece Greece
Fiji Fiji
Pakistan Pakistan
Jamaica Jamaica
Thailand Thailand
Kosovo Kosovo
SaudiArabia SaudiArabia
Brazil Brazil
Kazakhstan Kazakhstan
Liechtenstein Liechtenstein
Portugal Portugal
America America
SaintKitts SaintKitts
Danzig Danzig
Burkina Burkina
TheGambia TheGambia
Philippines Philippines
Belarus Belarus
Rwanda Rwanda
Djibouti Djibouti
Maldives Maldives
Andorra Andorra
Niger Niger
Qatar Qatar
CapeVerde CapeVerde
Mauritania Mauritania
Germany Germany
Mali Mali
VaticanCity VaticanCity
Newfoundland Newfoundland
Vanuatu Vanuatu
Eritrea Eritrea
Rome Rome
Algeria Algeria
Romania Romania
Gabon Gabon
Chile Chile
Slovenia Slovenia
NewZealand NewZealand
Finland Finland
Paraguay Paraguay
UnitedKingdom UnitedKingdom
France France
Bhutan Bhutan
EquatorGuinea EquatorGuinea
IvoryCoast IvoryCoast
Grenada Grenada
Yemen Yemen
PapuaNewGuinea PapuaNewGuinea
RussianFederation RussianFederation
Laos Laos
SriLanka SriLanka
Guatemala Guatemala
Serbia Serbia
Burma Burma
Tunisia Tunisia
UAE UAE
BosHerzegovina BosHerzegovina
Comoros Comoros
Australia Australia
Nepal Nepal
Panama Panama
Italy Italy
CentralAfricanRep CentralAfricanRep
SierraLeone SierraLeone
NorthKorea NorthKorea
Norway Norway
Luxembourg Luxembourg
Cambodia Cambodia
Cyprus Cyprus
Mongolia Mongolia
Venezuela Venezuela
Seychelles Seychelles
SaoTomPrincipe SaoTomPrincipe
SolomonIslands SolomonIslands
Ethiopia Ethiopia
Poland Poland
Estonia Estonia
Bahamas Bahamas
Mauritius Mauritius
Ukraine Ukraine
Tanzania Tanzania
Bulgaria Bulgaria
Cuba Cuba
Israel Israel
Peru Peru
Lesotho Lesotho
Switzerland Switzerland
SaintLucia SaintLucia
Malaysia Malaysia
Hungary Hungary
Kiribati Kiribati
Togo Togo