Zo0umr3KFWOZJQPm M9il2j2XBWeGdURv LjKfvPnu1IVb9d8E qKKAwpkuJY9E8dpl R43sDxzHzrO5kncN 1r13Qnmq9ixI97Qj uN0YmlR4YKMmyTVh FzSHaHADmN7Zbhbr gqX9V4QU6KrO7JGI LUoJ0iRCc71uZfNX Uw31N0oW965MP4qr YHVvi99ucaU9tYgf nkKMB647tDItOdTX 2v7uFoKD90sPVOTA ngcwhTcmwXuonGlk quCqGzaCZ5rVk9Gn U5CEflgpFptgqHUL TbM88DujEo9BSxqT 6La4alyyQSzgrmmj 0rKC7Chib5iDGjTC SLuZYQ4lYwLMQuMp 0BNdm9hpaqd4q3Tx uRc2j178KRm3sVAY pKGVzMiXVo3v1oQu uRc2j178KRm3sVAY PDtM7hU3L1QjW9eR EotYPttMvJbBfyaO 2yhNJ9fcTz8hRVDj CvZWFxoaMZYhwHYj kWAnmn2xV4T8moWO 8pFqGmxaOhvFeBf4 5TjXpBJuIWCWGZis uuhviI1p7F0sChqp asqla05DvWvndrgH xlWntBwCLfHgHam8 qQzEeIfIOpoI9qKk rvadWwbDVrEOdUmt OMjRZA0G6vbBxKd5 J5iqQt6wukvg6KLY qeVT6FbNKHRizFU8 J5iqQt6wukvg6KLY qeVT6FbNKHRizFU8 ZsdU4FLz0FoJAHOC e9DWnoEu0mxMb9VK K5TJWlCDC2GiIJEC 9dVIdmIqrww8IL0A eRAtRmExinGYKjYs LI7uFZ34s97AeNpk jVrty3u6KGOjBg80 W4POX5YqpnnI3x1U 1yeDQmwUGYi8LEVC 0Pfip4BXzoRzyFv2 3PEg9lFbqEimkqjc 0Pfip4BXzoRzyFv2 1yeDQmwUGYi8LEVC LdwRPFzBNqStC5X8 W4POX5YqpnnI3x1U 8pFqGmxaOhvFeBf4 5TjXpBJuIWCWGZis QSabhET5tNnXgX60 uuhviI1p7F0sChqp Gypke7sesv6WDuj9 jVrty3u6KGOjBg80 W4POX5YqpnnI3x1U 2hsCdf5s2NPqItPy 2yhNJ9fcTz8hRVDj EotYPttMvJbBfyaO PDtM7hU3L1QjW9eR fg0WyZdFGAAZWRqK EuY7nNg1nWHDnCBx 0BNdm9hpaqd4q3Tx 1ByTcIJH8XabOIWu 0rKC7Chib5iDGjTC 6La4alyyQSzgrmmj TbM88DujEo9BSxqT quCqGzaCZ5rVk9Gn ngcwhTcmwXuonGlk 27KMNaF72cTW0PDA nkKMB647tDItOdTX YpZJ50mXHPeALpEr LUoJ0iRCc71uZfNX 3th5kfdmmYoxH6sF 1r13Qnmq9ixI97Qj 6Gt5ffOE5tOJA8A7 8vLm5GS8pptr9y8t kmMzOIvorXbmvHXw pi9Gjwqb8nw39ALT Of6XUqufA1wxpnuj TEBcdk0AQd6dKevH LjKfvPnu1IVb9d8E M9il2j2XBWeGdURv Zo0umr3KFWOZJQPm
32
uRc2j178KRm3sVAY uRc2j178KRm3sVAY
PDtM7hU3L1QjW9eR Dg4uIWuVD7Xd3FfI PDtM7hU3L1QjW9eR
EotYPttMvJbBfyaO EotYPttMvJbBfyaO
2yhNJ9fcTz8hRVDj 2yhNJ9fcTz8hRVDj
CvZWFxoaMZYhwHYj HqZKcXPbTIsIN6eT drsNw5E8nXGgcxxE CvZWFxoaMZYhwHYj
kWAnmn2xV4T8moWO kWAnmn2xV4T8moWO
8pFqGmxaOhvFeBf4 8pFqGmxaOhvFeBf4
5TjXpBJuIWCWGZis 5TjXpBJuIWCWGZis
uuhviI1p7F0sChqp 1bDI0W7o3Pb2zYhB uuhviI1p7F0sChqp
asqla05DvWvndrgH asqla05DvWvndrgH
xlWntBwCLfHgHam8 xlWntBwCLfHgHam8
qQzEeIfIOpoI9qKk tZ46uZudk7AfSXt1 qQzEeIfIOpoI9qKk
rvadWwbDVrEOdUmt rvadWwbDVrEOdUmt
OMjRZA0G6vbBxKd5 HAZt9xslXTTIQrh6 bpy0VAq3GZuO2R8U ziJdi0Y4mj4TIJZ9 RnvIh4TOetAfG82E OMjRZA0G6vbBxKd5
J5iqQt6wukvg6KLY WVwd9ExLXa3zphJn 9pH9xdreYrmVM1JI J5iqQt6wukvg6KLY
qeVT6FbNKHRizFU8 qeVT6FbNKHRizFU8 9L0zlmq9jRh6nd1I
ZsdU4FLz0FoJAHOC ZsdU4FLz0FoJAHOC KHBd51v9Lk79JoNu
e9DWnoEu0mxMb9VK e9DWnoEu0mxMb9VK
K5TJWlCDC2GiIJEC K5TJWlCDC2GiIJEC
9dVIdmIqrww8IL0A 9dVIdmIqrww8IL0A z6aHWvfWV1YcOU3s
eRAtRmExinGYKjYs eRAtRmExinGYKjYs fBCH5yXHMW5jQJjk
LI7uFZ34s97AeNpk LI7uFZ34s97AeNpk
jVrty3u6KGOjBg80 jVrty3u6KGOjBg80
W4POX5YqpnnI3x1U Byr8ftz6Pn4uac3K W4POX5YqpnnI3x1U
1yeDQmwUGYi8LEVC 1yeDQmwUGYi8LEVC
0Pfip4BXzoRzyFv2 0Pfip4BXzoRzyFv2
3PEg9lFbqEimkqjc 3SYpu8y7n2lFaEgA 3PEg9lFbqEimkqjc
LdwRPFzBNqStC5X8 LdwRPFzBNqStC5X8
QSabhET5tNnXgX60 QSabhET5tNnXgX60
Gypke7sesv6WDuj9 Gypke7sesv6WDuj9
2hsCdf5s2NPqItPy 2hsCdf5s2NPqItPy PmJZCdR41rbLgXgi
fg0WyZdFGAAZWRqK fg0WyZdFGAAZWRqK