Zjo93yXsdcDV6Oit TlojxXhc2qYoWZfd hUodt8EH9XJmymZc 5gVgbSJalKNpCPGR mxfBTsbr179d38Xl e9vcyjNNidNUI5lw csYok6RDEEUhtSFo 10BaRDIVtibSNqCT L25OgxwPsOzFiHDa w2eQINfJGzFmJVSa aS5gP3tBqF72MHBj SXePDE8VmWVNc3gI AzbeVJsoSmTMPZLM xoNuVQFyUNw60SHt mp9G8QwevnO2Hxc1 jL8h52rHOflXCXG0 ja6XsDQlFAUw1yfc W3Q2QtUAtGMzTlOK lWi5N9iGPSdFbw4x At29Qn6ybXGjj4BZ HzeL7kqwHpJiFrZV ZpYXkDvB4yWlBwtb YwKbp1yTO34FUrbo tE0AXQQBQImVJ6nW ODpK9gk17jDT3Sp2 ksuRDz3lVhXKZaYK PNqsQWIcQ5cFHA0e HTIVnzfE1Yii5xog yZq8BYkssUcfIKn0 oheo0bgdJ9E5AaZ3 ZetpQpaBiR0HxxTA 7rCQ85ozq5ueBf3n sbSIdAF67MT22Zr9 DtNMJrqE8gQwtB9A gbLSiDepCxsLEFEh P86w2YmfZZMrKQDs CXs92joGuF2B74ma 7umkRD4mdERwQl2t 3nUfHHB7quaxw3FP wPFBAldpZF3WcEqd dtyOV6qcOqKFtIlH Zo0umr3KFWOZJQPm M9il2j2XBWeGdURv ZASkL5Mxwr8cbBFG TEBcdk0AQd6dKevH Of6XUqufA1wxpnuj m8Rn3gh3HBuT9R8d qKKAwpkuJY9E8dpl 8ae7BICLTSRkgPWv MxcmtGZ6qJUnGaxB StSocpbFeWB0czP8 1Eq6CyZRaHXkARva YpZJ50mXHPeALpEr nkKMB647tDItOdTX 2v7uFoKD90sPVOTA ngcwhTcmwXuonGlk quCqGzaCZ5rVk9Gn U5CEflgpFptgqHUL EuY7nNg1nWHDnCBx pKGVzMiXVo3v1oQu fg0WyZdFGAAZWRqK uRc2j178KRm3sVAY PDtM7hU3L1QjW9eR Dg4uIWuVD7Xd3FfI EotYPttMvJbBfyaO PmJZCdR41rbLgXgi 2yhNJ9fcTz8hRVDj 2hsCdf5s2NPqItPy LdwRPFzBNqStC5X8 K5TJWlCDC2GiIJEC xlWntBwCLfHgHam8 QSabhET5tNnXgX60 1bDI0W7o3Pb2zYhB uuhviI1p7F0sChqp eRAtRmExinGYKjYs Gypke7sesv6WDuj9 W4POX5YqpnnI3x1U LdwRPFzBNqStC5X8 1yeDQmwUGYi8LEVC 3SYpu8y7n2lFaEgA drsNw5E8nXGgcxxE EotYPttMvJbBfyaO fg0WyZdFGAAZWRqK 6La4alyyQSzgrmmj TbM88DujEo9BSxqT 27KMNaF72cTW0PDA AvHIDL41dbfeNksW LsIlvCjQu9Xqre9U 1Eq6CyZRaHXkARva nPVdEshNZOOx6qGx StSocpbFeWB0czP8 MxcmtGZ6qJUnGaxB gqX9V4QU6KrO7JGI kmMzOIvorXbmvHXw qKKAwpkuJY9E8dpl pi9Gjwqb8nw39ALT TEBcdk0AQd6dKevH M9il2j2XBWeGdURv dtyOV6qcOqKFtIlH 3nUfHHB7quaxw3FP IXSaZ3tByNZthkqV P5s4K3vn5D6QckKy CXs92joGuF2B74ma gbLSiDepCxsLEFEh Qekd7ffZxAXDfLzq DtNMJrqE8gQwtB9A sbSIdAF67MT22Zr9 oheo0bgdJ9E5AaZ3 yZq8BYkssUcfIKn0 HTIVnzfE1Yii5xog PNqsQWIcQ5cFHA0e ksuRDz3lVhXKZaYK At29Qn6ybXGjj4BZ lWi5N9iGPSdFbw4x W3Q2QtUAtGMzTlOK ja6XsDQlFAUw1yfc jL8h52rHOflXCXG0 mp9G8QwevnO2Hxc1 xoNuVQFyUNw60SHt FpgNaPpArWgevKg6 jBnrdVZITnwrbrWj AzbeVJsoSmTMPZLM aS5gP3tBqF72MHBj w2eQINfJGzFmJVSa L25OgxwPsOzFiHDa cKUQBLkhJ2YTpTZk B5jkVyVn3f7O2An6 XxpoDiTW03kVmIFK VognV1ysFxsfM1T3 mxfBTsbr179d38Xl 5gVgbSJalKNpCPGR hUodt8EH9XJmymZc TlojxXhc2qYoWZfd Zjo93yXsdcDV6Oit
48
Zo0umr3KFWOZJQPm Zo0umr3KFWOZJQPm
M9il2j2XBWeGdURv Plb766RuoiNfkOGW dBEYMpdveobbOa64 LjKfvPnu1IVb9d8E M9il2j2XBWeGdURv
ZASkL5Mxwr8cbBFG ZASkL5Mxwr8cbBFG
TEBcdk0AQd6dKevH TEBcdk0AQd6dKevH
Of6XUqufA1wxpnuj Of6XUqufA1wxpnuj
m8Rn3gh3HBuT9R8d m8Rn3gh3HBuT9R8d
qKKAwpkuJY9E8dpl qKKAwpkuJY9E8dpl
8ae7BICLTSRkgPWv yILnNjtdKS6kD3NP 3th5kfdmmYoxH6sF 8ae7BICLTSRkgPWv FzSHaHADmN7Zbhbr uN0YmlR4YKMmyTVh 1r13Qnmq9ixI97Qj
MxcmtGZ6qJUnGaxB MxcmtGZ6qJUnGaxB
StSocpbFeWB0czP8 StSocpbFeWB0czP8
1Eq6CyZRaHXkARva 1Eq6CyZRaHXkARva Uw31N0oW965MP4qr
YpZJ50mXHPeALpEr u7i0C02E9nMoZ6Ab YpZJ50mXHPeALpEr
nkKMB647tDItOdTX LZyPcj0slZv1Vk6U nkKMB647tDItOdTX YHVvi99ucaU9tYgf xLhGn69fZWxkF2ME
2v7uFoKD90sPVOTA 2v7uFoKD90sPVOTA
ngcwhTcmwXuonGlk ngcwhTcmwXuonGlk
quCqGzaCZ5rVk9Gn quCqGzaCZ5rVk9Gn
U5CEflgpFptgqHUL U5CEflgpFptgqHUL
EuY7nNg1nWHDnCBx EuY7nNg1nWHDnCBx 0BNdm9hpaqd4q3Tx 1ByTcIJH8XabOIWu
pKGVzMiXVo3v1oQu pKGVzMiXVo3v1oQu
fg0WyZdFGAAZWRqK fg0WyZdFGAAZWRqK
uRc2j178KRm3sVAY uRc2j178KRm3sVAY
PDtM7hU3L1QjW9eR PDtM7hU3L1QjW9eR
Dg4uIWuVD7Xd3FfI Dg4uIWuVD7Xd3FfI
EotYPttMvJbBfyaO EotYPttMvJbBfyaO
PmJZCdR41rbLgXgi PmJZCdR41rbLgXgi
2yhNJ9fcTz8hRVDj 2yhNJ9fcTz8hRVDj
2hsCdf5s2NPqItPy 2hsCdf5s2NPqItPy HqZKcXPbTIsIN6eT
LdwRPFzBNqStC5X8 Byr8ftz6Pn4uac3K LdwRPFzBNqStC5X8 kWAnmn2xV4T8moWO
K5TJWlCDC2GiIJEC K5TJWlCDC2GiIJEC
xlWntBwCLfHgHam8 HAZt9xslXTTIQrh6 bpy0VAq3GZuO2R8U ziJdi0Y4mj4TIJZ9 RnvIh4TOetAfG82E OMjRZA0G6vbBxKd5 WVwd9ExLXa3zphJn 9pH9xdreYrmVM1JI J5iqQt6wukvg6KLY rvadWwbDVrEOdUmt qeVT6FbNKHRizFU8 9L0zlmq9jRh6nd1I tZ46uZudk7AfSXt1 qQzEeIfIOpoI9qKk ZsdU4FLz0FoJAHOC e9DWnoEu0mxMb9VK KHBd51v9Lk79JoNu xlWntBwCLfHgHam8
QSabhET5tNnXgX60 asqla05DvWvndrgH QSabhET5tNnXgX60
1bDI0W7o3Pb2zYhB 1bDI0W7o3Pb2zYhB
uuhviI1p7F0sChqp 9dVIdmIqrww8IL0A z6aHWvfWV1YcOU3s uuhviI1p7F0sChqp
eRAtRmExinGYKjYs eRAtRmExinGYKjYs fBCH5yXHMW5jQJjk LI7uFZ34s97AeNpk 5TjXpBJuIWCWGZis
Gypke7sesv6WDuj9 8pFqGmxaOhvFeBf4 Gypke7sesv6WDuj9
W4POX5YqpnnI3x1U jVrty3u6KGOjBg80 W4POX5YqpnnI3x1U
1yeDQmwUGYi8LEVC 1yeDQmwUGYi8LEVC 0Pfip4BXzoRzyFv2 3PEg9lFbqEimkqjc
3SYpu8y7n2lFaEgA 3SYpu8y7n2lFaEgA
drsNw5E8nXGgcxxE drsNw5E8nXGgcxxE CvZWFxoaMZYhwHYj
6La4alyyQSzgrmmj SLuZYQ4lYwLMQuMp 6La4alyyQSzgrmmj
TbM88DujEo9BSxqT 0rKC7Chib5iDGjTC TbM88DujEo9BSxqT
27KMNaF72cTW0PDA 27KMNaF72cTW0PDA
AvHIDL41dbfeNksW AvHIDL41dbfeNksW
LsIlvCjQu9Xqre9U LsIlvCjQu9Xqre9U
nPVdEshNZOOx6qGx nPVdEshNZOOx6qGx
gqX9V4QU6KrO7JGI 6GsK7I0daq8OZxaS LUoJ0iRCc71uZfNX gqX9V4QU6KrO7JGI
kmMzOIvorXbmvHXw 6Gt5ffOE5tOJA8A7 8vLm5GS8pptr9y8t kmMzOIvorXbmvHXw R43sDxzHzrO5kncN
pi9Gjwqb8nw39ALT pi9Gjwqb8nw39ALT