l0 h12 l15 h14 h39 l21 h48 l33 l39 h49 h5 h44 h25 h39 l13 h47 l32 h13 h12 h49 l23 l0 h18 h14 h43 h40 l13 l26 l5 l12 l5 h15 h38 h34 h13 l0 l38 l39 l6 h20 l15 h24 h40 l13 l36 l13 l8 h44 h5 h3 h7 l46 h32 h28 l42 h6 l1 h4 h0 l0
35
h12 h12
h14 h14
h39 h39
h48 h48
l39 h2
h49 h49
h5 h5
h44 h44
h25 h25
h47 h47 h33
l32 h36
h13 h13
h18 h31 h18
h43 h17 h43 h37
h40 h40
l26 h26
l12 h16
h15 h15
h38 h38
h34 h34
l38 h1
l6 h19
h20 h22 h30 h20 h21
h24 h24
l36 h46 h41 h35
h3 h8 h3
h7 h7 h10
l46 h9
h32 h23 h32 h27 h29
h28 h28
l42 h11
h6 h6 h42
l1 h45
h4 h4
h0 h0