l0 l36 h55 h96 h10 l76 l62 h16 l53 l46 l67 l80 l62 l7 l14 l25 l11 h42 h87 l63 l20 l4 l88 l63 h87 h99 h88 h42 l45 h42 h87 l63 l20 l63 h87 h99 l64 h82 h7 h80 h17 h80 h23 l3 l64 l32 l9 h86 l48 h54 h67 h54 l17 l34 l39 h98 l60 h93 h75 l33 l89 l99 h94 l10 l50 l96 l48 l30 l23 l44 l0
44
l0 h0 h1 h2 h3 h83 h89 h74
l36 h38 h72 h66
h55 h55
h96 h96 h20
h10 h52 h10
l76 h12 h13
l62 h43
h16 h15 h16
l46 h62 h63 h26 h27
l80 h97
l7 h85
l14 h71
l25 h44 h45 h76 h51
h42 h42
h87 h87
l20 h41 h37
l4 h8
l88 h95 h36 h40 h9
h99 h99
h88 h65 h88
l45 h70 h14
l64 h53 h18 h4 h5
h82 h60 h61 h82
h7 h29 h7
h80 h28 h80 h50
h17 h17
h23 h77 h22 h23
l3 h6 h84 h25 h58
l32 h11
l9 h19
h86 h64 h86
l48 h81 h59
h54 h54
h67 h39 h73 h90 h67
l17 h34 h35
l34 h78 h31 h48 h49 h69
l39 h30 h33 h68
h98 h79 h32 h98
h93 h93 h57
h75 h75
h94 h94 h56
l10 h21
l23 h92 h46 h47 h24
l44 h91