vBhpoFdJZxyttIlfaf7D qM7lEl3z2COceXw7x0EC DybFcuyeWxt51LawzVvs 9B0w6Ahn3NsugfNn6veD WwLzOfqcc3FIzub2jh8R MiPSEwVMn3bbGh4tbRTf qkrT0EYt8AHuefFD25g1 EHYUZOt1fTtm7KJue8on XYk0VV4ujV55qqS8YiHV NAqhSs9OpS9XtIaJtTCD J00g7hlLLSWTXvTYK9v2 n2Cqtp5v2DuwGX7LhuzE fp9JaV5iTp8QxXwwkR68 jTdja1e2hUhydiExPlJM iki3BohF22ET0rMPxXQ5 7PoxePhwnlLvMilKVpER 535WuquKiicRqEyzCI3d RRlYwTFLYqL48JIMSAmC NAqhSs9OpS9XtIaJtTCD 6PPTzNGrNxrgfdvm8cwZ 6koX1rNvAwrB84m39eQv nB1RHSnvjX4nG0Tch5En InZnvPu8h9zAoLCNj2in R7crXexksQ4TN5zY2ck3 lNXOSirtCXW7TPygvsll cs6LkMYfySGYUzb8VLcc 2LthmnS3Cdd5FBfY5GQ9 rMd1TXBMCuFfO59jF1Tq oFNlFPub6zLirsQwo0fu mv3tFPDoT2NlrLp24T9l vLwJebpyApE3MPksc9OW uUumBfQJDh6S0d06Kb78 W1jWYYdH0atiKtbaVDRT XWHR07Y6kfSBbEuD62PN fHfopcx4v3MKBN0TMn7s 9B0w6Ahn3NsugfNn6veD tUVqKo1E6AibIE6zShkv XBxLd5K0m0Gtk5fTL45q zs7X4IJgeJEM8iqAbvF3 eKaPpzrMwOPxNzeoOSFH RpMJGAvULIBCQ0RI369s 17OoKHzumyPaqfjSSc7S 8Le4AI986fwHZXPoOMK1 WN0Nl06Zx9w6LYUHMZam XX8iZd9Mw56dkKCstFAC d6xeP6xeDJ3O2jY8D4pB 37APL8dpwT5Ds5AIG0t4 R6ZzYYWqarkWldqbKDab rkMvLqMMN5Aq3onq5XeZ 4ilNvg3IkxoJuvkwqYsS ohy3S5QXymEhh63dMBQE JEGgKJfdY8owvwdYhKMk 8mLI4Cl8exxeLw5eLCvi wHEcyeduhdH7p3Lr1PtC vBhpoFdJZxyttIlfaf7D
50
qM7lEl3z2COceXw7x0EC qM7lEl3z2COceXw7x0EC
DybFcuyeWxt51LawzVvs DybFcuyeWxt51LawzVvs
9B0w6Ahn3NsugfNn6veD 9B0w6Ahn3NsugfNn6veD
WwLzOfqcc3FIzub2jh8R WwLzOfqcc3FIzub2jh8R
MiPSEwVMn3bbGh4tbRTf MiPSEwVMn3bbGh4tbRTf
qkrT0EYt8AHuefFD25g1 qkrT0EYt8AHuefFD25g1
EHYUZOt1fTtm7KJue8on EHYUZOt1fTtm7KJue8on
XYk0VV4ujV55qqS8YiHV XYk0VV4ujV55qqS8YiHV
NAqhSs9OpS9XtIaJtTCD NAqhSs9OpS9XtIaJtTCD
J00g7hlLLSWTXvTYK9v2 J00g7hlLLSWTXvTYK9v2
n2Cqtp5v2DuwGX7LhuzE n2Cqtp5v2DuwGX7LhuzE
fp9JaV5iTp8QxXwwkR68 fp9JaV5iTp8QxXwwkR68
jTdja1e2hUhydiExPlJM jTdja1e2hUhydiExPlJM
iki3BohF22ET0rMPxXQ5 iki3BohF22ET0rMPxXQ5
7PoxePhwnlLvMilKVpER 7PoxePhwnlLvMilKVpER
535WuquKiicRqEyzCI3d 535WuquKiicRqEyzCI3d
RRlYwTFLYqL48JIMSAmC RRlYwTFLYqL48JIMSAmC
6PPTzNGrNxrgfdvm8cwZ 6PPTzNGrNxrgfdvm8cwZ
6koX1rNvAwrB84m39eQv 6koX1rNvAwrB84m39eQv
nB1RHSnvjX4nG0Tch5En nB1RHSnvjX4nG0Tch5En
InZnvPu8h9zAoLCNj2in InZnvPu8h9zAoLCNj2in
R7crXexksQ4TN5zY2ck3 R7crXexksQ4TN5zY2ck3
cs6LkMYfySGYUzb8VLcc cs6LkMYfySGYUzb8VLcc
2LthmnS3Cdd5FBfY5GQ9 2LthmnS3Cdd5FBfY5GQ9
rMd1TXBMCuFfO59jF1Tq rMd1TXBMCuFfO59jF1Tq
oFNlFPub6zLirsQwo0fu oFNlFPub6zLirsQwo0fu
mv3tFPDoT2NlrLp24T9l mv3tFPDoT2NlrLp24T9l
vLwJebpyApE3MPksc9OW vLwJebpyApE3MPksc9OW
uUumBfQJDh6S0d06Kb78 uUumBfQJDh6S0d06Kb78
W1jWYYdH0atiKtbaVDRT W1jWYYdH0atiKtbaVDRT
XWHR07Y6kfSBbEuD62PN XWHR07Y6kfSBbEuD62PN
fHfopcx4v3MKBN0TMn7s fHfopcx4v3MKBN0TMn7s
tUVqKo1E6AibIE6zShkv tUVqKo1E6AibIE6zShkv
XBxLd5K0m0Gtk5fTL45q XBxLd5K0m0Gtk5fTL45q
zs7X4IJgeJEM8iqAbvF3 zs7X4IJgeJEM8iqAbvF3
eKaPpzrMwOPxNzeoOSFH eKaPpzrMwOPxNzeoOSFH
RpMJGAvULIBCQ0RI369s RpMJGAvULIBCQ0RI369s
17OoKHzumyPaqfjSSc7S 17OoKHzumyPaqfjSSc7S
8Le4AI986fwHZXPoOMK1 8Le4AI986fwHZXPoOMK1
WN0Nl06Zx9w6LYUHMZam WN0Nl06Zx9w6LYUHMZam
XX8iZd9Mw56dkKCstFAC XX8iZd9Mw56dkKCstFAC
d6xeP6xeDJ3O2jY8D4pB d6xeP6xeDJ3O2jY8D4pB
37APL8dpwT5Ds5AIG0t4 37APL8dpwT5Ds5AIG0t4
R6ZzYYWqarkWldqbKDab R6ZzYYWqarkWldqbKDab
rkMvLqMMN5Aq3onq5XeZ rkMvLqMMN5Aq3onq5XeZ
4ilNvg3IkxoJuvkwqYsS 4ilNvg3IkxoJuvkwqYsS
ohy3S5QXymEhh63dMBQE ohy3S5QXymEhh63dMBQE
JEGgKJfdY8owvwdYhKMk JEGgKJfdY8owvwdYhKMk
8mLI4Cl8exxeLw5eLCvi 8mLI4Cl8exxeLw5eLCvi
wHEcyeduhdH7p3Lr1PtC wHEcyeduhdH7p3Lr1PtC