Mf966TmCJF9l0PTKetVd wtlCpdxHbUUmSY7DnD2u pST2UibVvaFs7NnElOiM TkZ4LHIfwKap48xdp8m2 ydEppVwK15UN0USyP00U VaRx19QfIOvUT5pZyulj IwnN6xRahpjWnxZTYR2F R87rV3jFUvYuE0RN4Z4a Q4jkxyPtGKis0eXik3Gg NtZncVsU7O40k1BXousH wyZ3Q4gHyaxpdYdezyjU Crbc9OlCoJ9dTIJXXsjb KCy3uvDFe4h3kwRgxFiX 3Yod5nNtIcKNmTtNQ3xH a6uUA0TEdnZwD1b73O9r OyOgefgJfgx6VwEfudZn HhITLZSwERe6osGRUBXt fsCdklolnC3ndvzFtyM3 S0PhmGw8tyUPzxvRSE5R bLojQFXmB5k6r0zKTWYe QZIvvAQe1weWyQjLrGi1 czjPVxJvSz9DoMc0Y7Vv Ic20PkDM6xxefUTvJEIQ WQlZty1AKP9gLfjz0EYW OGxA8YvD4WfIxOfmtWm4 bBJ5TDHtVrSIxXmQJ63J b2icxuMf1zEyF7ImMEzE 4CVQrsejmjPmVL7elf2w mczsYYfo4mGnUa8T6O4K rzYdrZxXnbXlOjFVWVaR JfzkldRR1w0Y52KBg47D HKK5Jm9eHd0V7gvBWuw9 WZxeHszJ2ShfYgJs53YV byF5FvS6RJUrgCsP3o6T aH2XDl7CjGFhEP3bbYjH acwLCbshqBQuYbTzAPRI dOWv4G57nxm9UArCvQlq 2bMCdMiNzTpm8a2kNe9G 1crXui4lUlMG7IuTFiXo CHHJQHxp9VQGraviPBS2 jZUUy27kZ3z2uIv0PGPy VqBuOSJBVqxMG4rldwQn YrtjNlKZcZnAXu7owFPA u4VGAkqq00Jhej3knMJI CxdADQl1Lh5mGQMAravk 1aGCWVuyE8DRxIV204ZW RrBlUMzlEzdRa5S1pyiF iRg3oRlKsAtLuOm5tUrC trOoQ3enuOI8GUJqwAMC 4mdSIFCsq2HySOzm2H4M ul7ierPjffkmvfh4Ylme Ad4iMaOuAofXNjJzNKWl TBEGhhvsdStRJh2Eqkyf 56ePYTmTGzdOHfvnLEPd mGfIqoDGGajPXw9RvY8S 5ebtvAsyAh8vEmm1Z3wm Y5ZKsuPbCDUQp5LjPNey JfWSVxbK8iOEPzK7FV9x ZDA7k1XMUYTsnmCfuUtR tH0lbMmdJDVlC4Pr7uAb BLgd9OLqnPIJY5LCIxDK 1wZce3qjltyIzzlL1Zfw GfTqQpqjWivAFXbCN2BL Hpniux0SkkA6CliHWNDc aU4DeG46NC8vRU6N0ahg AjMqEYKq0eELwsiEhQNE eA2uctxdjBuXDZUrmUHy 7ArLVA3N0doHBQAlCDtl Xucw5TdPOzp0SQGWHjkE JWE9kJZ3fUSBbRtkVScl N1nCqBhBKMK7yfEHWDsK Yw0z9L8p6xIk7hgYCgVd W1IcDWCQWwTCriXsjtm4 QMmklR1fA1rnjMsU1WMc sSdPSXUotKahf03SRnBn ZPAxEbVjKWTr0cDqLbA0 5ebtvAsyAh8vEmm1Z3wm cAkwFDH7tSQkP40ewGcD BCVfaQnOCgLubJ23r8nF KKiBHd9DTQAd6AZYxlK3 e2usEAoRX2qu6mneHOxg 4mRiy2s23Ljl4N4CqEav Ejmw9YVfbgpcODCHCJUP wNmo9den9k6ySqzO7o0M kGhQ3uDjcFA7MLP7UF4W UvtGaTsTes8Gs4gE8ya3 jAzyDyaN1mD5Ei1RjCiO zDq8bGYKiSYw3c53IWfw BcvYB1mubFuRTbgMUsXg kVdbGuYm0jD2q8vsLFHY XfWllIgv9lA6ZwGuKvLt SQhK0n9L9aixdJxvdeKd NvfSRypj4POoHWC3jDz3 7c4FoaFf1TJetsLZUEok flliQzyn5hSC8yLOMyYJ km12BN3CByUGmRV2tX7b lrLgTYF7nIsDkEYlxuHz 0O3lDJvzYSiuZNzHimQX y3cL4LyhfEAlU1Jj1Xj6 GzkbHop7cJv0CvjQalTE N7mkTpLI9Mgh0txBOflw CLNCAWQgYnzuvt7RChAf TmdW4dU59umpgT9XX8G3 pxBA1Tii62WPeRWcccVp PLyQF48YPXs4LxxIxWHM p6bp9pYgtaGo4Q50DQAM Mf966TmCJF9l0PTKetVd
100
wtlCpdxHbUUmSY7DnD2u wtlCpdxHbUUmSY7DnD2u
TkZ4LHIfwKap48xdp8m2 TkZ4LHIfwKap48xdp8m2
ydEppVwK15UN0USyP00U ydEppVwK15UN0USyP00U
VaRx19QfIOvUT5pZyulj VaRx19QfIOvUT5pZyulj
IwnN6xRahpjWnxZTYR2F IwnN6xRahpjWnxZTYR2F
R87rV3jFUvYuE0RN4Z4a R87rV3jFUvYuE0RN4Z4a
Q4jkxyPtGKis0eXik3Gg Q4jkxyPtGKis0eXik3Gg
NtZncVsU7O40k1BXousH NtZncVsU7O40k1BXousH
wyZ3Q4gHyaxpdYdezyjU wyZ3Q4gHyaxpdYdezyjU
Crbc9OlCoJ9dTIJXXsjb Crbc9OlCoJ9dTIJXXsjb
KCy3uvDFe4h3kwRgxFiX KCy3uvDFe4h3kwRgxFiX
3Yod5nNtIcKNmTtNQ3xH 3Yod5nNtIcKNmTtNQ3xH
a6uUA0TEdnZwD1b73O9r a6uUA0TEdnZwD1b73O9r
OyOgefgJfgx6VwEfudZn OyOgefgJfgx6VwEfudZn
HhITLZSwERe6osGRUBXt HhITLZSwERe6osGRUBXt
fsCdklolnC3ndvzFtyM3 fsCdklolnC3ndvzFtyM3
S0PhmGw8tyUPzxvRSE5R S0PhmGw8tyUPzxvRSE5R
bLojQFXmB5k6r0zKTWYe bLojQFXmB5k6r0zKTWYe
QZIvvAQe1weWyQjLrGi1 QZIvvAQe1weWyQjLrGi1
czjPVxJvSz9DoMc0Y7Vv czjPVxJvSz9DoMc0Y7Vv
Ic20PkDM6xxefUTvJEIQ Ic20PkDM6xxefUTvJEIQ
WQlZty1AKP9gLfjz0EYW WQlZty1AKP9gLfjz0EYW
OGxA8YvD4WfIxOfmtWm4 OGxA8YvD4WfIxOfmtWm4
bBJ5TDHtVrSIxXmQJ63J bBJ5TDHtVrSIxXmQJ63J
b2icxuMf1zEyF7ImMEzE b2icxuMf1zEyF7ImMEzE
4CVQrsejmjPmVL7elf2w 4CVQrsejmjPmVL7elf2w
rzYdrZxXnbXlOjFVWVaR rzYdrZxXnbXlOjFVWVaR
JfzkldRR1w0Y52KBg47D JfzkldRR1w0Y52KBg47D
HKK5Jm9eHd0V7gvBWuw9 HKK5Jm9eHd0V7gvBWuw9
WZxeHszJ2ShfYgJs53YV WZxeHszJ2ShfYgJs53YV
byF5FvS6RJUrgCsP3o6T byF5FvS6RJUrgCsP3o6T
aH2XDl7CjGFhEP3bbYjH aH2XDl7CjGFhEP3bbYjH
acwLCbshqBQuYbTzAPRI acwLCbshqBQuYbTzAPRI
dOWv4G57nxm9UArCvQlq dOWv4G57nxm9UArCvQlq
2bMCdMiNzTpm8a2kNe9G 2bMCdMiNzTpm8a2kNe9G
1crXui4lUlMG7IuTFiXo 1crXui4lUlMG7IuTFiXo
CHHJQHxp9VQGraviPBS2 CHHJQHxp9VQGraviPBS2
jZUUy27kZ3z2uIv0PGPy jZUUy27kZ3z2uIv0PGPy
VqBuOSJBVqxMG4rldwQn VqBuOSJBVqxMG4rldwQn
YrtjNlKZcZnAXu7owFPA YrtjNlKZcZnAXu7owFPA
u4VGAkqq00Jhej3knMJI u4VGAkqq00Jhej3knMJI
CxdADQl1Lh5mGQMAravk CxdADQl1Lh5mGQMAravk
1aGCWVuyE8DRxIV204ZW 1aGCWVuyE8DRxIV204ZW
RrBlUMzlEzdRa5S1pyiF RrBlUMzlEzdRa5S1pyiF
iRg3oRlKsAtLuOm5tUrC iRg3oRlKsAtLuOm5tUrC
trOoQ3enuOI8GUJqwAMC trOoQ3enuOI8GUJqwAMC
4mdSIFCsq2HySOzm2H4M 4mdSIFCsq2HySOzm2H4M
ul7ierPjffkmvfh4Ylme ul7ierPjffkmvfh4Ylme
Ad4iMaOuAofXNjJzNKWl Ad4iMaOuAofXNjJzNKWl
TBEGhhvsdStRJh2Eqkyf TBEGhhvsdStRJh2Eqkyf
56ePYTmTGzdOHfvnLEPd 56ePYTmTGzdOHfvnLEPd
mGfIqoDGGajPXw9RvY8S mGfIqoDGGajPXw9RvY8S
5ebtvAsyAh8vEmm1Z3wm 5ebtvAsyAh8vEmm1Z3wm
Y5ZKsuPbCDUQp5LjPNey Y5ZKsuPbCDUQp5LjPNey
JfWSVxbK8iOEPzK7FV9x JfWSVxbK8iOEPzK7FV9x
ZDA7k1XMUYTsnmCfuUtR ZDA7k1XMUYTsnmCfuUtR
tH0lbMmdJDVlC4Pr7uAb tH0lbMmdJDVlC4Pr7uAb
BLgd9OLqnPIJY5LCIxDK BLgd9OLqnPIJY5LCIxDK
1wZce3qjltyIzzlL1Zfw 1wZce3qjltyIzzlL1Zfw
GfTqQpqjWivAFXbCN2BL GfTqQpqjWivAFXbCN2BL
Hpniux0SkkA6CliHWNDc Hpniux0SkkA6CliHWNDc
aU4DeG46NC8vRU6N0ahg aU4DeG46NC8vRU6N0ahg
AjMqEYKq0eELwsiEhQNE AjMqEYKq0eELwsiEhQNE
eA2uctxdjBuXDZUrmUHy eA2uctxdjBuXDZUrmUHy
7ArLVA3N0doHBQAlCDtl 7ArLVA3N0doHBQAlCDtl
Xucw5TdPOzp0SQGWHjkE Xucw5TdPOzp0SQGWHjkE
JWE9kJZ3fUSBbRtkVScl JWE9kJZ3fUSBbRtkVScl
Yw0z9L8p6xIk7hgYCgVd Yw0z9L8p6xIk7hgYCgVd
W1IcDWCQWwTCriXsjtm4 W1IcDWCQWwTCriXsjtm4
QMmklR1fA1rnjMsU1WMc QMmklR1fA1rnjMsU1WMc
sSdPSXUotKahf03SRnBn sSdPSXUotKahf03SRnBn
ZPAxEbVjKWTr0cDqLbA0 ZPAxEbVjKWTr0cDqLbA0
cAkwFDH7tSQkP40ewGcD cAkwFDH7tSQkP40ewGcD
BCVfaQnOCgLubJ23r8nF BCVfaQnOCgLubJ23r8nF
KKiBHd9DTQAd6AZYxlK3 KKiBHd9DTQAd6AZYxlK3
e2usEAoRX2qu6mneHOxg e2usEAoRX2qu6mneHOxg
4mRiy2s23Ljl4N4CqEav 4mRiy2s23Ljl4N4CqEav
wNmo9den9k6ySqzO7o0M wNmo9den9k6ySqzO7o0M
kGhQ3uDjcFA7MLP7UF4W kGhQ3uDjcFA7MLP7UF4W
UvtGaTsTes8Gs4gE8ya3 UvtGaTsTes8Gs4gE8ya3
jAzyDyaN1mD5Ei1RjCiO jAzyDyaN1mD5Ei1RjCiO
zDq8bGYKiSYw3c53IWfw zDq8bGYKiSYw3c53IWfw
BcvYB1mubFuRTbgMUsXg BcvYB1mubFuRTbgMUsXg
kVdbGuYm0jD2q8vsLFHY kVdbGuYm0jD2q8vsLFHY
XfWllIgv9lA6ZwGuKvLt XfWllIgv9lA6ZwGuKvLt
SQhK0n9L9aixdJxvdeKd SQhK0n9L9aixdJxvdeKd
NvfSRypj4POoHWC3jDz3 NvfSRypj4POoHWC3jDz3
7c4FoaFf1TJetsLZUEok 7c4FoaFf1TJetsLZUEok
flliQzyn5hSC8yLOMyYJ flliQzyn5hSC8yLOMyYJ
km12BN3CByUGmRV2tX7b km12BN3CByUGmRV2tX7b
lrLgTYF7nIsDkEYlxuHz lrLgTYF7nIsDkEYlxuHz
0O3lDJvzYSiuZNzHimQX 0O3lDJvzYSiuZNzHimQX
y3cL4LyhfEAlU1Jj1Xj6 y3cL4LyhfEAlU1Jj1Xj6
GzkbHop7cJv0CvjQalTE GzkbHop7cJv0CvjQalTE
N7mkTpLI9Mgh0txBOflw N7mkTpLI9Mgh0txBOflw
CLNCAWQgYnzuvt7RChAf CLNCAWQgYnzuvt7RChAf
TmdW4dU59umpgT9XX8G3 TmdW4dU59umpgT9XX8G3
pxBA1Tii62WPeRWcccVp pxBA1Tii62WPeRWcccVp
PLyQF48YPXs4LxxIxWHM PLyQF48YPXs4LxxIxWHM
p6bp9pYgtaGo4Q50DQAM p6bp9pYgtaGo4Q50DQAM