0EzLvznzqSsDTCbR5WWQ 75EgdJC8MacBE2zKZlon HET4yE4ksHFmFRytJhfu I7VRK3VugXxRlgxCe54Q LtVuPtXkki7L0rCf1ysG tnUjNl6cWuoaXQEfxH4p 4ZMxz7AKccmgx6JK5gZn 3iRTkaf7suaV2i91D7AI TWpWLT2JICvczaB6q8Bo oFJmSdI9Mubs3awqWY5w hk9ECfFhibg7bmIlco5h wrf0xNKoLGLKfuhe6hpI idUlMWK1ZaKWh4awCdHY YRtAAkfi0YIaAv0XqGni LTgssryHh3BZe1w1IMJd LS3fS52ozGva9KBtcfZZ IVZaGmLbfT5MQpxXO2DP N0EmviMgt156P2Bd7oet lEZ0YMvUzTvQYxlTiMir pWBi6tyyRZpOm0dbsZfH lEZ0YMvUzTvQYxlTiMir j7jI3vJM5SWQs3N9YWK4 K5LnOJV1Zh18kgMnZsVe vgcAaadTbDs3lU9Z1t49 cZGUbNgsLGnuZE3Ot20K m5Au4RgVgXhOUKbKSdGW b69ITlIgTtPRUIpmSw5o 0EzLvznzqSsDTCbR5WWQ
25
75EgdJC8MacBE2zKZlon 75EgdJC8MacBE2zKZlon
HET4yE4ksHFmFRytJhfu HET4yE4ksHFmFRytJhfu
I7VRK3VugXxRlgxCe54Q I7VRK3VugXxRlgxCe54Q
LtVuPtXkki7L0rCf1ysG LtVuPtXkki7L0rCf1ysG
tnUjNl6cWuoaXQEfxH4p tnUjNl6cWuoaXQEfxH4p
4ZMxz7AKccmgx6JK5gZn 4ZMxz7AKccmgx6JK5gZn
3iRTkaf7suaV2i91D7AI 3iRTkaf7suaV2i91D7AI
TWpWLT2JICvczaB6q8Bo TWpWLT2JICvczaB6q8Bo
oFJmSdI9Mubs3awqWY5w oFJmSdI9Mubs3awqWY5w
hk9ECfFhibg7bmIlco5h hk9ECfFhibg7bmIlco5h
wrf0xNKoLGLKfuhe6hpI wrf0xNKoLGLKfuhe6hpI
idUlMWK1ZaKWh4awCdHY idUlMWK1ZaKWh4awCdHY
YRtAAkfi0YIaAv0XqGni YRtAAkfi0YIaAv0XqGni
LTgssryHh3BZe1w1IMJd LTgssryHh3BZe1w1IMJd
LS3fS52ozGva9KBtcfZZ LS3fS52ozGva9KBtcfZZ
IVZaGmLbfT5MQpxXO2DP IVZaGmLbfT5MQpxXO2DP
N0EmviMgt156P2Bd7oet N0EmviMgt156P2Bd7oet
lEZ0YMvUzTvQYxlTiMir lEZ0YMvUzTvQYxlTiMir
pWBi6tyyRZpOm0dbsZfH pWBi6tyyRZpOm0dbsZfH
j7jI3vJM5SWQs3N9YWK4 j7jI3vJM5SWQs3N9YWK4
K5LnOJV1Zh18kgMnZsVe K5LnOJV1Zh18kgMnZsVe
vgcAaadTbDs3lU9Z1t49 vgcAaadTbDs3lU9Z1t49
cZGUbNgsLGnuZE3Ot20K cZGUbNgsLGnuZE3Ot20K
m5Au4RgVgXhOUKbKSdGW m5Au4RgVgXhOUKbKSdGW
b69ITlIgTtPRUIpmSw5o b69ITlIgTtPRUIpmSw5o