L0 L62 L63 L4 L90 L9 L68 L75 L84 L10 L41 L79 L19 L82 L0 L74 L18 L38 L33 L84 L72 L22 L23 L24 L32 L50 L58 L16 L14 L69 L48 L85 L57 L13 L12 L68 L67 L68 L78 L28 L96 L54 L53 L46 L34 L61 L0
31
L62 L62
L4 L31
L68 L80 L1 L68 L73
L75 L75 L15
L84 L88 L84 L86
L10 L10
L41 L41 L29
L79 L79
L19 L19
L82 L20
L74 L74 L51
L38 L6
L33 L33
L72 L72
L22 L92 L93 L22
L23 L23
L24 L24
L32 L32
L50 L50
L58 L21
L16 L42 L43
L14 L14
L69 L69
L48 L48 L8 L77 L7
L85 L85 L39
L12 L12
L67 L83
L28 L81 L28
L54 L54
L46 L2 L60 L45 L46
L61 L97