L0 L75 L14 L75 L76 L102 L118 L163 L182 L57 L182 L94 L139 L74 L38 L124 L172 L107 L30 L63 L157 L89 L49 L48 L156 L196 L91 L12 L4 L31 L82 L177 L15 L24 L106 L53 L84 L85 L19 L152 L144 L193 L55 L118 L103 L150 L199 L69 L136 L162 L166 L20 L122 L168 L81 L55 L163 L50 L90 L127 L54 L182 L18 L145 L81 L168 L64 L99 L28 L186 L79 L11 L169 L58 L125 L10 L165 L101 L111 L46 L197 L119 L197 L44 L36 L142 L175 L182 L18 L195 L126 L36 L23 L183 L139 L74 L66 L27 L64 L130 L148 L158 L78 L168 L0
70
L0 L73 L116 L33
L75 L75
L14 L149 L104 L13 L14
L76 L61
L102 L102
L118 L118
L163 L163 L132
L182 L41
L57 L57
L94 L94
L139 L112 L139
L74 L74 L109
L38 L138 L38 L39
L107 L107
L30 L30
L63 L62
L157 L157
L49 L49
L48 L48 L1
L196 L196
L91 L29
L12 L12
L4 L3
L31 L31
L82 L82
L177 L177
L24 L24 L96
L106 L106
L53 L53
L84 L147 L84
L152 L152
L144 L144 L65
L55 L55
L103 L2 L95
L199 L52 L199
L69 L192 L69
L136 L178 L141
L166 L68 L110
L20 L20 L77
L122 L121 L123
L168 L168
L81 L81
L50 L50
L90 L98
L127 L127
L54 L54
L18 L97 L18
L145 L145 L194
L64 L64 L59 L7
L99 L8
L28 L135
L79 L176 L153
L58 L58
L125 L125
L10 L10
L165 L165
L101 L80
L111 L113
L46 L46
L197 L197
L119 L119
L142 L142
L175 L175
L126 L160
L23 L26 L164 L23
L66 L188
L27 L27
L130 L130 L143
L158 L47
L78 L146 L60