point0 point64 point65 point79 point86 point85 point84 point91 point81 point90 point87 point61 point49 point50 point48 point39 point38 point36 point69 point66 point68 point70 point67 point36 point9 point7 point15 point14 point22 point32 point24 point27 point47 point42 point44 point48 point50 point55 point32 point54 point56 point76 point77 point81 point75 point51 point19 point48 point50 point49 point0
28
point64 point64
point65 point65 point71
point85 point85
point84 point84
point91 point92
point90 point93
point61 point58 point60 point61
point50 point50
point48 point48
point39 point35
point68 point68
point70 point70
point67 point72
point9 point4 point5 point8 point9 point12
point7 point6 point7
point14 point14
point22 point22
point24 point24
point27 point25 point26 point27 point28
point47 point47
point42 point42
point44 point44 point45
point55 point53 point55
point56 point56
point76 point76
point77 point77
point75 point75
point19 point19