point0 point20 point15 point5 point11 point50 point0 point70 point68 point67 point73 point131 point135 point139 point140 point120 point35 point29 point35 point37 point41 point90 point88 point76 point83 point122 point157 point144 point162 point163 point160 point171 point168 point189 point179 point141 point133 point96 point138 point83 point72 point73 point78 point125 point130 point178 point171 point126 point190 point123 point107 point102 point112 point102 point112 point110 point79 point182 point89 point87 point95 point92 point94 point88 point36 point34 point31 point33 point25 point30 point73 point78 point84 point119 point169 point171 point160 point163 point155 point115 point111 point58 point51 point6 point51 point50 point49 point59 point49 point50 point0
58
point0 point69 point54
point20 point18 point3 point21
point15 point13 point15
point5 point5
point11 point1 point10 point11
point50 point52 point55
point67 point67 point109
point73 point73
point131 point131
point135 point135
point139 point139
point140 point134
point120 point120
point29 point16 point17 point29
point37 point39 point42 point43
point41 point38 point40 point41
point76 point75 point76
point83 point83
point122 point122
point157 point157
point144 point144 point148 point149 point151 point152 point153
point162 point162 point158
point163 point163
point160 point160
point171 point172
point189 point183
point179 point179
point141 point132 point180
point96 point85
point138 point138
point72 point72
point78 point78
point178 point177
point126 point126
point190 point184 point185
point123 point123 point124
point107 point100 point103
point102 point108 point102
point112 point112
point110 point110
point79 point79
point182 point187
point89 point89 point91
point87 point87
point92 point86
point94 point94
point34 point34 point27
point31 point31
point33 point33
point30 point30
point119 point119
point155 point155
point115 point115
point111 point113 point111
point51 point51
point6 point6
point49 point49
point59 point56