55 129 148 18 175 70 10 23 10 112 127 67 44 9 64 27 164 152 119 1 103 172 38 29 106 55 57 20 100 180 85 90 179 90 179 21 186 59 30 76 28 178 135 98 28 178 40 77 69 157 153 184 163 58 147 112 21 186 68 92 177 161 11 168 128 93 70 184 163 147 26 174 66 88 86 17 131 151 55 91 33 68 117 190 159 30 126 124 32 41 187 99 79 182 84 45 55
63
129 61
148 148
175 109 175
23 133
112 181
127 54
67 67
44 8
9 9
64 116
27 170 27 160
152 152
119 119
1 114
103 134
172 172
29 29 158
106 106 63 48
57 57
20 20 149
100 171
85 85
90 90 146 56
179 179 122 62
21 115
186 186
59 59
30 30
76 76
178 53
135 113 13 135 15
40 97 40 42
77 77
69 107
153 153 78
184 184
163 163
58 166 58 140
68 137 111
92 16
177 177 162 173
11 11
168 168
128 81
26 26
66 66 43
88 88
86 188 86 80
17 17 36 118
131 131 185
151 151
91 91
33 33 83
117 189 71
159 159
126 126
124 105
32 49 150 32
41 41
99 74
182 101 182
84 12
45 45