x182 x187 x127 x75 x169 x109 x116 x89 x131 x89 x177 x144 x80 x160 x187 x127 x145 x137 x64 x5 x21 x141 x90 x141 x67 x45 x176 x189 x182
22
x182 x11 x182
x187 x3 x18 x86
x127 x14 x15 x20 x27 x49 x56 x58 x79 x83 x98 x127
x75 x194
x169 x30 x55 x61 x72 x94 x99 x100 x104 x139 x147 x159 x161 x184 x185
x109 x163 x109
x116 x87 x116
x89 x19 x71
x131 x25
x177 x53 x102 x155 x177 x192 x198
x144 x179 x84
x80 x80 x133 x6 x31
x160 x8
x145 x32 x82 x183 x186 x59
x137 x42 x69 x92 x125 x137
x64 x4 x7 x46 x48 x64 x77 x88 x106 x156 x166
x5 x172
x21 x17 x21 x76 x113 x114 x118 x143 x164
x141 x138 x43 x141
x90 x2 x10 x26 x50 x66 x74 x95 x107 x128 x136 x146 x153
x45 x151 x23 x45 x119
x189 x189